This file has automatically been generated.
Thu Nov  9 12:32:14 2017
Michel Bierlaire, EPFL

biogeme 2.6a [Mon Apr 24 10:18:58 BST 2017]
Michel Bierlaire, EPFL

Warning: [12:32:14]bioMain.cc:108  pythonbiogeme Base_model_PMSM optimaDataset_12.dat
[12:32:14]bioParameters.cc:399  Parameter documentation generated: pythonparam.html
[12:32:14]bioModelParser.cc:109  Base_model_PMSM.py exists
 Read sample file: optimaDataset_12.dat
 Processing the sample file: optimaDataset_12.dat [00:00]
 Nbr of cores reported by the system: 2
 Nbr of cores used by biogeme: 1
 Init. log-likelihood: -1834.69 [00:00]
     gmax Iter   radius        f(x)     Status       rhok nFree
 +5.02e+00    1 1.00e+00 +1.8346940e+03 ****OutTrReg +1.00e+00 4  ++ P
 +4.64e+00    2 2.00e+00 +1.2560628e+03 ****Converg  +1.12e+00 4  ++ P
 +1.49e+00    3 4.00e+00 +1.2071559e+03 ****Converg  +1.11e+00 4  ++ P
 +3.26e-01    4 8.00e+00 +1.1950154e+03 ****Converg  +9.62e-01 4  ++ P
 +6.62e-02    5 1.60e+01 +1.1906419e+03 ****Converg  +1.05e+00 4  ++ P
 +3.08e-02    6 3.20e+01 +1.1863302e+03 ****Converg  +1.00e+00 4  ++ P
 +1.25e-03    7 6.40e+01 +1.1863090e+03 ****Converg  +1.00e+00 4  ++ P
 +9.83e-06    8 1.28e+02 +1.1862964e+03 ****Converg  +1.00e+00 4  ++ P
 Convergence reached...
 Run time interval: [12:32:14,12:32:14]
 Run time: 00:00
 Estimated parameters: 
ASC_PT = 0

Time = -0.00853863

Cost = 0.0319452

ASC_PM  = 0.948992

ASC_SM = -1.99864


 File Base_model_PMSM_param.py created
 --------------------------------------------------------
 Directory: /Users/harold/Documents/GitHub/ModellingOfHumanBehaviour/Project/Harold_models
 The following files have been generated
 --------------------------------------------------------
 Debug files
 --------------------------------------------------------
      headers.py: List of headers of the data file (biogeme use only)
      __bin_optimaDataset_12.dat: Data file in a binary format
 --------------------------------------------------------
 Useful files
 --------------------------------------------------------
      __biogeme.log: Log of all outputs
      pythonparam.html: Documentation of the parameters
      __parametersUsed.py: Values of the parameters actually used
      Base_model_PMSM.tex: Results in LaTeX format
 --------------------------------------------------------
 Important files
 --------------------------------------------------------
      Base_model_PMSM_param.py: Results in Python format (to copy/paste for simulation)
      Base_model_PMSM.html: Results in HTML format
