This file has automatically been generated.
Thu Nov  9 12:25:28 2017
Michel Bierlaire, EPFL

biogeme 2.6a [Mon Apr 24 10:18:58 BST 2017]
Michel Bierlaire, EPFL

Warning: [12:25:28]bioMain.cc:108  pythonbiogeme Base_model_full optimaDataset_12.dat
[12:25:28]bioParameters.cc:399  Parameter documentation generated: pythonparam.html
[12:25:28]bioModelParser.cc:109  Base_model_full.py exists
 Read sample file: optimaDataset_12.dat
 Processing the sample file: optimaDataset_12.dat [00:00]
 Nbr of cores reported by the system: 2
 Nbr of cores used by biogeme: 1
 Init. log-likelihood: -1880.82 [00:00]
     gmax Iter   radius        f(x)     Status       rhok nFree
 +4.59e+00    1 1.00e+00 +1.8808242e+03 ****OutTrReg +1.00e+00 4  ++ P
 +4.59e+00    2 2.00e+00 +1.3529744e+03 ****Converg  +9.92e-01 4  ++ P
 +4.13e-01    3 4.00e+00 +1.3462802e+03 ****Converg  +1.06e+00 4  ++ P
 +3.06e-01    4 8.00e+00 +1.3234020e+03 ****Converg  +9.60e-01 4  ++ P
 +4.65e-02    5 1.60e+01 +1.3066068e+03 ****Converg  +1.02e+00 4  ++ P
 +2.68e-02    6 3.20e+01 +1.3052328e+03 ****Converg  +1.01e+00 4  ++ P
 +1.98e-03    7 6.40e+01 +1.3051921e+03 ****Converg  +9.98e-01 4  ++ P
 +7.57e-05    8 1.28e+02 +1.3051753e+03 ****Converg  +1.00e+00 4  ++ P
 Convergence reached...
 Run time interval: [12:25:28,12:25:29]
 Run time: 00:01
 Estimated parameters: 
ASC_PT = 0

Time = -0.00885153

Cost = 0.0324317

ASC_PM  = 0.81229

ASC_SM = -1.85598


 File Base_model_full_param.py created
 --------------------------------------------------------
 Directory: /Users/harold/Documents/GitHub/ModellingOfHumanBehaviour/Project/Harold_models
 The following files have been generated
 --------------------------------------------------------
 Debug files
 --------------------------------------------------------
      headers.py: List of headers of the data file (biogeme use only)
      __bin_optimaDataset_12.dat: Data file in a binary format
 --------------------------------------------------------
 Useful files
 --------------------------------------------------------
      __biogeme.log: Log of all outputs
      pythonparam.html: Documentation of the parameters
      __parametersUsed.py: Values of the parameters actually used
      Base_model_full.tex: Results in LaTeX format
 --------------------------------------------------------
 Important files
 --------------------------------------------------------
      Base_model_full_param.py: Results in Python format (to copy/paste for simulation)
      Base_model_full.html: Results in HTML format
