This file has automatically been generated.
Thu Nov  9 21:14:58 2017
Michel Bierlaire, EPFL

biogeme 2.6a [Mon Apr 24 10:19:20 BST 2017]
Michel Bierlaire, EPFL

Warning: [21:14:58]bioMain.cc:108  pythonbiogeme Model3 ../data.dat
[21:14:58]bioParameters.cc:399  Parameter documentation generated: pythonparam.html
[21:14:58]bioModelParser.cc:109  Model3.py exists
 Read sample file: ../data.dat
 Processing the sample file: ../data.dat [00:00]
 Nbr of cores reported by the system: 4
 Nbr of cores used by biogeme: 2
 Init. log-likelihood: -1380.54 [00:00]
     gmax Iter   radius        f(x)     Status       rhok nFree
 +7.24e+00    1 1.00e+00 +1.3805366e+03 ****Converg  +1.11e+00 19  ++ P
 +4.24e+00    2 2.00e+00 +1.0129248e+03 ****Converg  +1.25e+00 19  ++ P
 +1.38e+00    3 4.00e+00 +9.1959280e+02 ****Converg  +1.21e+00 19  ++ P
 +4.51e-01    4 8.00e+00 +8.7150738e+02 ****Converg  +1.36e+00 19  ++ P
 +2.41e-01    5 1.60e+01 +8.4808536e+02 ****Converg  +1.32e+00 19  ++ P
 +2.16e-01    6 3.20e+01 +8.2707333e+02 ****Converg  +1.20e+00 19  ++ P
 +1.68e-01    7 6.40e+01 +8.1681019e+02 ****Converg  +1.09e+00 19  ++ P
 +3.40e-02    8 1.28e+02 +8.1495678e+02 ****Converg  +1.05e+00 19  ++ P
 +2.00e-02    9 2.56e+02 +8.1270135e+02 ****Converg  +9.96e-01 19  ++ P
 +1.44e-03   10 5.12e+02 +8.1250159e+02 ****Converg  +1.01e+00 19  ++ P
 +6.10e-04   11 1.02e+03 +8.1242440e+02 ****Converg  +1.00e+00 19  ++ P
 +4.25e-05   12 2.05e+03 +8.1242418e+02 ****Converg  +1.00e+00 19  ++ P
 Convergence reached...
 Run time interval: [21:14:59,21:15:00]
 Run time: 00:01
 Estimated parameters: 
ASC_PT = 0

Beta_time_PT = 0.00915327

Beta_time_PT_walk = -0.0325237

Beta_Cost = -0.0759791

Beta_Age1 = 0.0570478

Beta_Age2 = -0.0102873

Beta_Age3 = 0.00157186

Beta_urb = 0.673723

Beta_TripWork = 0.349722

Beta_TripLeisure = -0.282636

ASC_PM  = 0.469475

Beta_time_PM = -0.0190094

Beta_rural = -0.960377

Beta_roman = 1.14569

Beta_german = 0.21971

ASC_SM = 1.44944

Beta_Distance = -0.712484

Beta_Age1_walk = -1.40397

Beta_Age2_walk = -0.00199755

Beta_Age3_walk = -0.00960892


 File Model3_param.py created
 --------------------------------------------------------
 Directory: /Users/tomtom/GoogleDrive/EPFL/Master/MA3/Modelling Behaviour/Project/Models/MyModels/Model3_socio_ec
 The following files have been generated
 --------------------------------------------------------
 Debug files
 --------------------------------------------------------
      headers.py: List of headers of the data file (biogeme use only)
      __bin_data.dat: Data file in a binary format
 --------------------------------------------------------
 Useful files
 --------------------------------------------------------
      __biogeme.log: Log of all outputs
      pythonparam.html: Documentation of the parameters
      __parametersUsed.py: Values of the parameters actually used
      Model3.tex: Results in LaTeX format
 --------------------------------------------------------
 Important files
 --------------------------------------------------------
      Model3_param.py: Results in Python format (to copy/paste for simulation)
      Model3.html: Results in HTML format
