This file has automatically been generated.
Thu Nov  9 21:14:08 2017
Michel Bierlaire, EPFL

biogeme 2.6a [Mon Apr 24 10:19:20 BST 2017]
Michel Bierlaire, EPFL

Warning: [21:14:08]bioMain.cc:108  pythonbiogeme Model1 ../data.dat
[21:14:08]bioParameters.cc:399  Parameter documentation generated: pythonparam.html
[21:14:08]bioModelParser.cc:109  Model1.py exists
 Read sample file: ../data.dat
 Processing the sample file: ../data.dat [00:00]
 Nbr of cores reported by the system: 4
 Nbr of cores used by biogeme: 2
 Init. log-likelihood: -1380.54 [00:00]
     gmax Iter   radius        f(x)     Status       rhok nFree
 +7.24e+00    1 1.00e+00 +1.3805366e+03 ****Converg  +1.12e+00 5  ++ P
 +5.28e+00    2 2.00e+00 +1.2335104e+03 ****Converg  +1.03e+00 5  ++ P
 +2.76e-01    3 4.00e+00 +1.0870064e+03 ****Converg  +1.03e+00 5  ++ P
 +7.61e-03    4 8.00e+00 +1.0854521e+03 ****Converg  +9.97e-01 5  ++ P
 +2.60e-02    5 1.60e+01 +1.0845881e+03 ****Converg  +1.00e+00 5  ++ P
 +9.01e-04    6 3.20e+01 +1.0845879e+03 ****Converg  +1.00e+00 5  ++ P
 +9.31e-06    7 6.40e+01 +1.0845878e+03 ****Converg  +1.00e+00 5  ++ P
 Convergence reached...
 Run time interval: [21:14:09,21:14:09]
 Run time: 00:00
 Estimated parameters: 
ASC_PT = 0

Beta_time_PT = -0.0103235

Beta_Cost = 0.0289582

ASC_PM  = 0.892357

Beta_time_PM = -0.0127623

ASC_SM = -0.938926


 File Model1_param.py created
 --------------------------------------------------------
 Directory: /Users/tomtom/GoogleDrive/EPFL/Master/MA3/Modelling Behaviour/Project/Models/MyModels/Model1_altern_Speci
 The following files have been generated
 --------------------------------------------------------
 Debug files
 --------------------------------------------------------
      headers.py: List of headers of the data file (biogeme use only)
      __bin_data.dat: Data file in a binary format
 --------------------------------------------------------
 Useful files
 --------------------------------------------------------
      __biogeme.log: Log of all outputs
      pythonparam.html: Documentation of the parameters
      __parametersUsed.py: Values of the parameters actually used
      Model1.tex: Results in LaTeX format
 --------------------------------------------------------
 Important files
 --------------------------------------------------------
      Model1_param.py: Results in Python format (to copy/paste for simulation)
      Model1.html: Results in HTML format
