This file has automatically been generated.
Sun Nov 12 10:04:42 2017
Michel Bierlaire, EPFL

biogeme 2.6a [Mon Apr 24 10:19:20 BST 2017]
Michel Bierlaire, EPFL

Warning: [10:04:42]bioMain.cc:108  pythonbiogeme Model5_simulation_PT_sales ../data.dat
[10:04:42]bioParameters.cc:399  Parameter documentation generated: pythonparam.html
[10:04:42]bioModelParser.cc:109  Model5_simulation_PT_sales.py exists
[10:04:42]bioModelParser.cc:2098  Build dictionary
[10:04:42]bioModelParser.cc:2135  Done
 Read sample in binary format from __bin_data.dat *****
 Processing the sample file: __bin_data.dat [00:00]
 Nbr of cores reported by the system: 4
 Nbr of cores used by biogeme: 2
Warning:  Only one thread is used for simulation.
 [200/2039] Est. term. time: Sun Nov 12 10:04:42 2017 (in 00:00)
 [400/2039] Est. term. time: Sun Nov 12 10:04:42 2017 (in 00:00)
 [600/2039] Est. term. time: Sun Nov 12 10:04:42 2017 (in 00:00)
 [800/2039] Est. term. time: Sun Nov 12 10:04:42 2017 (in 00:00)
 [1000/2039] Est. term. time: Sun Nov 12 10:04:44 2017 (in 00:01)
 [1200/2039] Est. term. time: Sun Nov 12 10:04:43 2017 (in 00:00)
 [1400/2039] Est. term. time: Sun Nov 12 10:04:43 2017 (in 00:00)
 [1600/2039] Est. term. time: Sun Nov 12 10:04:43 2017 (in 00:00)
 [1800/2039] Est. term. time: Sun Nov 12 10:04:43 2017 (in 00:00)
 [2000/2039] Est. term. time: Sun Nov 12 10:04:43 2017 (in 00:00)
 --------------------------------------------------------
 Directory: /Users/tomtom/GoogleDrive/EPFL/Master/MA3/Modelling Behaviour/Project/Models/MyModels/Simulation
 The following files have been generated
 --------------------------------------------------------
 Debug files
 --------------------------------------------------------
      headers.py: List of headers of the data file (biogeme use only)
 --------------------------------------------------------
 Useful files
 --------------------------------------------------------
      __biogeme.log: Log of all outputs
      pythonparam.html: Documentation of the parameters
      __parametersUsed.py: Values of the parameters actually used
 --------------------------------------------------------
 Important files
 --------------------------------------------------------
      Model5_simulation_PT_sales.html: Results in HTML format
