Iter 0

Size = 20
Data size = 210
[ 397.167 21988.1 0 21322.7 32.1161 103128 29095.3 346.694 14264.1 198.083 136.333 184.194 34.6944 -326.833 -14640.3 -327.472 -12162.2 -73.1389 -95.3056 -1555.07 ;
21988.1 2.56558e+06 44799.3 1.70525e+06 3286.94 1.00384e+07 3.24047e+06 22076.2 799993 11186.4 7016.11 9344.61 2978.83 -19868.2 -1.655e+06 -21831 -746153 -6946.56 -5497.56 -193421 ;
0 44799.3 0 0 0 0 0 0 0 0 0 0 0 0 0 0 0 0 0 0 ;
21322.7 1.70525e+06 0 1.80902e+06 16590 8.15944e+06 2.1335e+06 19297.1 772364 10888.4 6254.86 9066.58 1835.97 -18618.9 -1.11625e+06 -18804.2 -698153 -6930.14 -5778.75 -129157 ;
32.1161 3286.94 0 16590 761919 761919 0 8252.34 8252.34 -37.1422 156.238 18.6969 -698.951 -93.6506 26729.3 -6276.13 -6276.13 -85.7683 -21.3975 8564.36 ;
103128 1.00384e+07 0 8.15944e+06 761919 1.58444e+08 0 8252.34 4.94206e+06 55727.2 29726.8 40182.9 -8700.51 -84766.5 -4.72897e+06 -6276.13 -4.00788e+06 -31957.8 -30866.4 -1.32429e+06 ;
29095.3 3.24047e+06 0 2.1335e+06 0 0 8.57547e+07 0 0 11055.4 1184.71 26646.2 -2236.15 -17923 -1.44169e+06 0 0 -8172.23 -6267.29 -1.08428e+06 ;
346.694 22076.2 0 19297.1 8252.34 8252.34 0 7844.25 7844.25 155.75 186 88.2778 84.5556 -327.472 -16480.6 -7262.25 -7262.25 -70.1944 -111.222 43.8611 ;
14264.1 799993 0 772364 8252.34 4.94206e+06 0 7844.25 688481 7448.75 5577.5 5610.56 1269.83 -12162.2 -551453 -7262.25 -583665 -2763.22 -3491.25 -38820.7 ;
198.083 11186.4 0 10888.4 -37.1422 55727.2 11055.4 155.75 7448.75 198.083 74.5833 88.6111 17.9444 -166.167 -7475.25 -154.75 -6404.5 -35.9444 -27.7222 -712.842 ;
136.333 7016.11 0 6254.86 156.238 29726.8 1184.71 186 5577.5 74.5833 136.333 0 16.5556 -116.667 -4900.58 -173 -4842.75 -6.83333 -30.0278 -381.217 ;
184.194 9344.61 0 9066.58 18.6969 40182.9 26646.2 88.2778 5610.56 88.6111 0 184.194 12.6944 -143.222 -6008.72 -85.3889 -4603.53 -26.5833 -44.6944 -832.629 ;
34.6944 2978.83 0 1835.97 -698.951 -8700.51 -2236.15 84.5556 1269.83 17.9444 16.5556 12.6944 34.6944 -31.9722 -2382.19 -79.7778 -1190.17 -5.94444 -6.69444 -250.244 ;
-326.833 -19868.2 0 -18618.9 -93.6506 -84766.5 -17923 -327.472 -12162.2 -166.167 -116.667 -143.222 -31.9722 391.167 16057.1 337.694 14116.6 80.0278 116.861 -1300.72 ;
-14640.3 -1.655e+06 0 -1.11625e+06 26729.3 -4.72897e+06 -1.44169e+06 -16480.6 -551453 -7475.25 -4900.58 -6008.72 -2382.19 16057.1 1.51578e+06 16455.5 589241 5514.67 4294.83 -131435 ;
-327.472 -21831 0 -18804.2 -6276.13 -6276.13 0 -7262.25 -7262.25 -154.75 -173 -85.3889 -79.7778 337.694 16455.5 7682.25 7682.25 71.6389 115.444 77.6111 ;
-12162.2 -746153 0 -698153 -6276.13 -4.00788e+06 0 -7262.25 -583665 -6404.5 -4842.75 -4603.53 -1190.17 14116.6 589241 7682.25 681627 2939.44 4133.25 -34843.1 ;
-73.1389 -6946.56 0 -6930.14 -85.7683 -31957.8 -8172.23 -70.1944 -2763.22 -35.9444 -6.83333 -26.5833 -5.94444 80.0278 5514.67 71.6389 2939.44 80.0278 25.8056 -335.289 ;
-95.3056 -5497.56 0 -5778.75 -21.3975 -30866.4 -6267.29 -111.222 -3491.25 -27.7222 -30.0278 -44.6944 -6.69444 116.861 4294.83 115.444 4133.25 25.8056 116.861 -410.518 ;
-1555.07 -193421 0 -129157 8564.36 -1.32429e+06 -1.08428e+06 43.8611 -38820.7 -712.842 -381.217 -832.629 -250.244 -1300.72 -131435 77.6111 -34843.1 -335.289 -410.518 359003 ;
]
+++++++++++++
Iter 1

Size = 20
Data size = 210
[ 297.305 16117 442.41 14392.1 26.6639 53024.9 18914.7 288.641 9869.45 147.102 104.816 141.247 29.6325 -256.71 -11479.1 -273.975 -8962.24 -49.4914 -72.1433 -554.841 ;
16117 1.77547e+06 55418.9 1.12435e+06 12448.1 5.16005e+06 1.97879e+06 17027 556056 8062.4 5415.8 6968.48 2413.44 -15186.9 -1.26295e+06 -16837.4 -539692 -4757.83 -4033.47 -37813.4 ;
442.41 55418.9 1810.11 33080.6 676.706 159373 64867 456.554 15380.7 220.766 142.378 191.4 71.1091 -420.865 -39790.4 -453.036 -15007.9 -144.6 -109.614 -1070.83 ;
14392.1 1.12435e+06 33080.6 1.054e+06 7263.11 3.60892e+06 1.2235e+06 14591.7 481369 7344.15 4481.69 6311.24 1538.8 -13115.6 -801151 -14303.7 -455480 -4340.14 -3831.52 -31928.1 ;
26.6639 12448.1 676.706 7263.11 397729 397729 0 7853.86 7853.86 -122.393 118.289 -62.9706 -393.018 -43.2937 -10748.3 -6101.95 -6101.95 -111.233 -95.6825 3001.13 ;
53024.9 5.16005e+06 159373 3.60892e+06 397729 7.47164e+07 0 7853.86 2.47534e+06 29127.7 16026.9 22279.6 -8048.97 -45860.2 -2.53747e+06 -6101.95 -2.11951e+06 -14584 -16429.9 -246889 ;
18914.7 1.97879e+06 64867 1.2235e+06 0 0 3.69095e+07 0 0 7986.6 1106.12 16962.5 -1832.89 -13181 -1.20053e+06 0 0 -3851.61 -4779.95 -208559 ;
288.641 17027 456.554 14591.7 7853.86 7853.86 0 6555.68 6555.68 135.286 161.185 70.9725 71.018 -273.975 -12076.4 -6107.99 -6107.99 -50.3452 -90.3128 -1.04792 ;
9869.45 556056 15380.7 481369 7853.86 2.47534e+06 0 6555.68 468960 5130.04 4090.34 3850.54 1078.61 -8962.24 -410758 -6107.99 -425205 -1738.47 -2468.75 -10221.6 ;
147.102 8062.4 220.766 7344.15 -122.393 29127.7 7986.6 135.286 5130.04 147.102 56.6307 67.1785 15.4175 -129.136 -5720.21 -134.967 -4662.59 -24.1511 -20.909 -267.587 ;
104.816 5415.8 142.378 4481.69 118.289 16026.9 1106.12 161.185 4090.34 56.6307 104.816 0 14.326 -94.1577 -3962.16 -149.737 -3764.89 -4.69815 -23.9112 -147.618 ;
141.247 6968.48 191.4 6311.24 -62.9706 22279.6 16962.5 70.9725 3850.54 67.1785 0 141.247 10.6634 -115.848 -4881.04 -69.4468 -3412.27 -18.9561 -34.91 -302.342 ;
29.6325 2413.44 71.1091 1538.8 -393.018 -8048.97 -1832.89 71.018 1078.61 15.4175 14.326 10.6634 29.6325 -28.4474 -2072.74 -67.4499 -1046.93 -5.51902 -5.94239 -48.6288 ;
-256.71 -15186.9 -420.865 -13115.6 -43.2937 -45860.2 -13181 -273.975 -8962.24 -129.136 -94.1577 -115.848 -28.4474 334.403 12718.7 289.953 11470.6 57.8446 99.3173 -969.472 ;
-11479.1 -1.26295e+06 -39790.4 -801151 -10748.3 -2.53747e+06 -1.20053e+06 -12076.4 -410758 -5720.21 -3962.16 -4881.04 -2072.74 12718.7 1.16765e+06 12168.3 445943 3966.54 3362.33 -46032.1 ;
-273.975 -16837.4 -453.036 -14303.7 -6101.95 -6101.95 0 -6107.99 -6107.99 -134.967 -149.737 -69.4468 -67.4499 289.953 12168.3 6637.09 6637.09 52.3059 97.1725 -40.4334 ;
-8962.24 -539692 -15007.9 -455480 -6101.95 -2.11951e+06 0 -6107.99 -425205 -4662.59 -3764.89 -3412.27 -1046.93 11470.6 445943 6637.09 550187 1943.59 3322.24 -27380.5 ;
-49.4914 -4757.83 -144.6 -4340.14 -111.233 -14584 -3851.61 -50.3452 -1738.47 -24.1511 -4.69815 -18.9561 -5.51902 57.8446 3966.54 52.3059 1943.59 57.8446 17.7309 -252.227 ;
-72.1433 -4033.47 -109.614 -3831.52 -95.6825 -16429.9 -4779.95 -90.3128 -2468.75 -20.909 -23.9112 -34.91 -5.94239 99.3173 3362.33 97.1725 3322.24 17.7309 99.3173 -366.947 ;
-554.841 -37813.4 -1070.83 -31928.1 3001.13 -246889 -208559 -1.04792 -10221.6 -267.587 -147.618 -302.342 -48.6288 -969.472 -46032.1 -40.4334 -27380.5 -252.227 -366.947 76777.3 ;
]
+++++++++++++
Iter 2

Size = 20
Data size = 210
[ 265.096 13170.6 734.064 11512.7 256.634 37923.1 13626.4 266.211 8860.46 131.189 98.1414 125.834 25.5993 -233.501 -9520.28 -250.171 -8140.26 -38.0391 -62.7289 -266.661 ;
13170.6 1.28637e+06 90564.7 835690 66816.1 3.62239e+06 1.21511e+06 15325.8 456792 6587.33 4783.15 5602.79 1678.51 -12643.4 -929468 -15061.7 -448024 -3494.4 -3210.65 -9907.58 ;
734.064 90564.7 6036.15 50199.3 5468.6 233638 79565.4 860.937 25724.2 366.194 257.346 309.82 96.9199 -711.273 -59168.1 -849.467 -25367.1 -218.445 -177.648 -495.555 ;
11512.7 835690 50199.3 749735 29006.7 2.20868e+06 745799 12667.9 386744 5889.6 3913.82 5023.19 1241.66 -10717.8 -608843 -12338.7 -369980 -3063.48 -2919.26 -10310.4 ;
256.634 66816.1 5468.6 29006.7 351751 351751 0 11995.4 11995.4 -83.8706 185.747 -40.1148 -223.467 -236.861 -60508.5 -10488.7 -10488.7 -214.692 -131.036 444.225 ;
37923.1 3.62239e+06 233638 2.20868e+06 351751 4.16948e+07 0 11995.4 1.7817e+06 20303.3 11791.9 16529.7 -5402.79 -33864 -2.09198e+06 -10488.7 -1.58209e+06 -8782.17 -11569.3 -63631.8 ;
13626.4 1.21511e+06 79565.4 745799 0 0 2.07683e+07 0 0 5707.16 1003.19 12081.5 -1155.74 -9835.65 -783798 0 0 -2007.34 -3659.27 -62003.3 ;
266.211 15325.8 860.937 12667.9 11995.4 11995.4 0 6079.88 6079.88 122.994 150.021 62.5697 58.5312 -250.171 -10785.2 -5648.63 -5648.63 -46.8829 -85.1649 -62.313 ;
8860.46 456792 25724.2 386744 11995.4 1.7817e+06 0 6079.88 423568 4595.08 3842.26 3487.92 940.746 -8140.26 -342075 -5648.63 -388819 -1317.96 -2113.19 -4728 ;
131.189 6587.33 366.194 5889.6 -83.8706 20303.3 5707.16 122.994 4595.08 131.189 52.5678 60.334 13.7766 -117.286 -4782.37 -121.846 -4222.52 -18.5336 -17.97 -119.726 ;
98.1414 4783.15 257.346 3913.82 185.747 11791.9 1003.19 150.021 3842.26 52.5678 98.1414 0 12.8211 -89.7446 -3543.09 -137.957 -3586.55 -3.88055 -21.7911 -67.2102 ;
125.834 5602.79 309.82 5023.19 -40.1148 16529.7 12081.5 62.5697 3487.92 60.334 0 125.834 9.40788 -105.641 -3972.91 -59.7735 -3122.84 -14.5504 -30.543 -165.188 ;
25.5993 1678.51 96.9199 1241.66 -223.467 -5402.79 -1155.74 58.5312 940.746 13.7766 12.8211 9.40788 25.5993 -24.8621 -1447.75 -54.8338 -919.671 -4.44552 -4.98379 -9.86815 ;
-233.501 -12643.4 -711.273 -10717.8 -236.861 -33864 -9835.65 -250.171 -8140.26 -117.286 -89.7446 -105.641 -24.8621 302.551 10376.2 264.86 10267.1 44.7655 87.2828 -593.787 ;
-9520.28 -929468 -59168.1 -608843 -60508.5 -2.09198e+06 -783798 -10785.2 -342075 -4782.37 -3543.09 -3972.91 -1447.75 10376.2 831147 10872.7 363709 2893 2639.98 -17121.4 ;
-250.171 -15061.7 -849.467 -12338.7 -10488.7 -10488.7 0 -5648.63 -5648.63 -121.846 -137.957 -59.7735 -54.8338 264.86 10872.7 6118.03 6118.03 47.7486 91.1664 -58.7435 ;
-8140.26 -448024 -25367.1 -369980 -10488.7 -1.58209e+06 0 -5648.63 -388819 -4222.52 -3586.55 -3122.84 -919.671 10267.1 363709 6118.03 493329 1464.24 2858.6 -14626.8 ;
-38.0391 -3494.4 -218.445 -3063.48 -214.692 -8782.17 -2007.34 -46.8829 -1317.96 -18.5336 -3.88055 -14.5504 -4.44552 44.7655 2893 47.7486 1464.24 44.7655 12.6293 -127.183 ;
-62.7289 -3210.65 -177.648 -2919.26 -131.036 -11569.3 -3659.27 -85.1649 -2113.19 -17.97 -21.7911 -30.543 -4.98379 87.2828 2639.98 91.1664 2858.6 12.6293 87.2828 -244.904 ;
-266.661 -9907.58 -495.555 -10310.4 444.225 -63631.8 -62003.3 -62.313 -4728 -119.726 -67.2102 -165.188 -9.86815 -593.787 -17121.4 -58.7435 -14626.8 -127.183 -244.904 19724.3 ;
]
+++++++++++++
Iter 3

Size = 20
Data size = 210
[ 246.67 11144.4 685.866 9767.37 320.731 30310.6 11175.6 236.779 8376.23 121.489 93.6036 118.096 23.3264 -221.365 -8254.63 -218.15 -7739.69 -30.58 -58.3049 -143.899 ;
11144.4 1.00073e+06 76215.9 647584 48566.4 2.56398e+06 934532 12221 387091 5549.32 4235.02 4814.63 1376.77 -10842.3 -737567 -11930.2 -381479 -2610.89 -2689.83 -3186.1 ;
685.866 76215.9 5636.83 43027.8 4179.23 183191 68352.9 748.115 24046.3 341.454 252.881 294.675 87.6131 -672.487 -51982.9 -734.416 -23816.8 -181.362 -164.067 -154.759 ;
9767.37 647584 43027.8 570664 23915.1 1.49742e+06 561532 10841.7 333166 4992.93 3520.33 4307.09 1099.93 -9230.94 -485323 -10428.2 -320016 -2254.78 -2442 -4049.29 ;
320.731 48566.4 4179.23 23915.1 241251 241251 0 12428.2 12428.2 -20.6346 256.48 8.57091 -127.976 -287.538 -42757.4 -11246.1 -11246.1 -162.127 -162.604 -87.6875 ;
30310.6 2.56398e+06 183191 1.49742e+06 241251 2.78053e+07 0 12428.2 1.44268e+06 15515.7 9875.15 13839.7 -4259.24 -27600.3 -1.64087e+06 -11246.1 -1.31142e+06 -5370.77 -9159.7 -20304.7 ;
11175.6 934532 68352.9 561532 0 0 1.66162e+07 0 0 4427.62 918.662 9853.24 -1158.47 -8714.28 -636620 0 0 -1529.63 -3612.62 -26135 ;
236.779 12221 748.115 10841.7 12428.2 12428.2 0 5439.27 5439.27 106.064 135.065 53.8921 45.6507 -218.15 -8437.29 -4996.38 -4996.38 -42.7331 -79.4574 -82.8667 ;
8376.23 387091 24046.3 333166 12428.2 1.44268e+06 0 5439.27 403471 4307.37 3699.58 3362.74 855.256 -7739.69 -295650 -4996.38 -372799 -1059.77 -1957.46 -2904.71 ;
121.489 5549.32 341.454 4992.93 -20.6346 15515.7 4427.62 106.064 4307.37 121.489 49.2863 56.8092 12.7897 -110.292 -4163.91 -103.614 -3978.21 -14.9985 -16.5221 -60.2056 ;
93.6036 4235.02 252.881 3520.33 256.48 9875.15 918.662 135.065 3699.58 49.2863 93.6036 0 11.5832 -86.672 -3200.76 -121.881 -3479.68 -3.37451 -21.0314 -35.8408 ;
118.096 4814.63 294.675 4307.09 8.57091 13839.7 9853.24 53.8921 3362.74 56.8092 0 118.096 8.87581 -102.039 -3503.34 -48.9175 -3029.22 -12.0053 -28.6311 -94.5719 ;
23.3264 1376.77 87.6131 1099.93 -127.976 -4259.24 -1158.47 45.6507 855.256 12.7897 11.5832 8.87581 23.3264 -22.726 -1195.45 -41.176 -834.889 -3.91084 -4.38156 -3.05674 ;
-221.365 -10842.3 -672.487 -9230.94 -287.538 -27600.3 -8714.28 -218.15 -7739.69 -110.292 -86.672 -102.039 -22.726 277.311 8781.8 228.533 9427.49 34.9992 77.7597 -334.927 ;
-8254.63 -737567 -51982.9 -485323 -42757.4 -1.64087e+06 -636620 -8437.29 -295650 -4163.91 -3200.76 -3503.34 -1195.45 8781.8 650003 8489.82 308382 2164.75 2164.54 -6238.65 ;
-218.15 -11930.2 -734.416 -10428.2 -11246.1 -11246.1 0 -4996.38 -4996.38 -103.614 -121.881 -48.9175 -41.176 228.533 8489.82 5333.97 5333.97 42.6561 83.9224 -41.3351 ;
-7739.69 -381479 -23816.8 -320016 -11246.1 -1.31142e+06 0 -4996.38 -372799 -3978.21 -3479.68 -3029.22 -834.889 9427.49 308382 5333.97 454734 1159.4 2554.52 -7807.3 ;
-30.58 -2610.89 -181.362 -2254.78 -162.127 -5370.77 -1529.63 -42.7331 -1059.77 -14.9985 -3.37451 -12.0053 -3.91084 34.9992 2164.75 42.6561 1159.4 34.9992 8.97221 -48.1641 ;
-58.3049 -2689.83 -164.067 -2442 -162.604 -9159.7 -3612.62 -79.4574 -1957.46 -16.5221 -21.0314 -28.6311 -4.38156 77.7597 2164.54 83.9224 2554.52 8.97221 77.7597 -136.825 ;
-143.899 -3186.1 -154.759 -4049.29 -87.6875 -20304.7 -26135 -82.8667 -2904.71 -60.2056 -35.8408 -94.5719 -3.05674 -334.927 -6238.65 -41.3351 -7807.3 -48.1641 -136.825 5964 ;
]
+++++++++++++
Iter 4

Size = 20
Data size = 210
[ 231.853 10014.3 388.762 8977.82 330.152 27487.8 9938.3 203.231 7801.65 114.098 88.9839 111.376 22.3512 -210.272 -7734.27 -184.923 -7170.08 -27.6131 -54.1689 -90.5352 ;
10014.3 855967 40612.6 566374 28244.5 2.19702e+06 739153 9575.67 348991 5051.51 3904.41 4358.29 1303.13 -9831.96 -652129 -9320.96 -344529 -2245.92 -2355.21 -1304.85 ;
388.762 40612.6 1940.08 23749.9 1374.55 99100 33711.4 361.459 13713.6 197.227 147.634 168.65 52.9261 -384.036 -28946.2 -354.151 -13602.6 -98.5828 -90.2947 -35.1848 ;
8977.82 566374 23749.9 511058 16450.4 1.30938e+06 469854 9645.23 305065 4615.63 3312.66 3977.37 1058.01 -8564.1 -443540 -9215.3 -292895 -1996.61 -2193 -2171.15 ;
330.152 28244.5 1374.55 16450.4 166353 166353 0 12191.1 12191.1 19.4691 282.643 30.5792 -73.1833 -295.795 -24670.5 -11293.5 -11293.5 -117.417 -168.256 -131.755 ;
27487.8 2.19702e+06 99100 1.30938e+06 166353 2.56249e+07 0 12191.1 1.30528e+06 14382.7 9142.83 12746.5 -4153.71 -25080 -1.55289e+06 -11293.5 -1.18876e+06 -4586.27 -8093.65 -12313.2 ;
9938.3 739153 33711.4 469854 0 0 1.40032e+07 0 0 3814.16 898.009 8702.45 -1122.23 -8479.69 -562304 0 0 -1438.52 -3754.24 -9559.33 ;
203.231 9575.67 361.459 9645.23 12191.1 12191.1 0 4717.14 4717.14 88.019 116.568 47.0825 33.8761 -184.923 -6488.78 -4310.73 -4310.73 -39.1592 -70.5246 -74.762 ;
7801.65 348991 13713.6 305065 12191.1 1.30528e+06 0 4717.14 375941 4030.37 3506.88 3120.78 829.964 -7170.08 -276367 -4310.73 -345290 -944.748 -1762.44 -2394.07 ;
114.098 5051.51 197.227 4615.63 19.4691 14382.7 3814.16 88.019 4030.37 114.098 46.7305 53.4658 12.2246 -104.2 -3982.06 -85.3544 -3698.1 -13.8239 -15.5133 -38.2581 ;
88.9839 3904.41 147.634 3312.66 282.643 9142.83 898.009 116.568 3506.88 46.7305 88.9839 0 11.233 -82.7318 -3057.07 -103.597 -3287.56 -3.10494 -19.9184 -24.5713 ;
111.376 4358.29 168.65 3977.37 30.5792 12746.5 8702.45 47.0825 3120.78 53.4658 0 111.376 8.50307 -98.1738 -3325.54 -41.7766 -2789.7 -11.339 -26.7669 -57.0965 ;
22.3512 1303.13 52.9261 1058.01 -73.1833 -4153.71 -1122.23 33.8761 829.964 12.2246 11.233 8.50307 22.3512 -21.7881 -1143.82 -29.599 -810.067 -3.74444 -4.03028 -1.84942 ;
-210.272 -9831.96 -384.036 -8564.1 -295.795 -25080 -8479.69 -184.923 -7170.08 -104.2 -82.7318 -98.1738 -21.7881 261.884 8086.8 192.014 8967.26 30.806 71.4163 -210.907 ;
-7734.27 -652129 -28946.2 -443540 -24670.5 -1.55289e+06 -562304 -6488.78 -276367 -3982.06 -3057.07 -3325.54 -1143.82 8086.8 573950 6534.82 287282 1894.62 1894.61 -2456.4 ;
-184.923 -9320.96 -354.151 -9215.3 -11293.5 -11293.5 0 -4310.73 -4310.73 -85.3544 -103.597 -41.7766 -29.599 192.014 6534.82 4529.21 4529.21 38.8107 74.0293 -36.0156 ;
-7170.08 -344529 -13602.6 -292895 -11293.5 -1.18876e+06 0 -4310.73 -345290 -3698.1 -3287.56 -2789.7 -810.067 8967.26 287282 4529.21 433325 1038.55 2377.18 -6394.61 ;
-27.6131 -2245.92 -98.5828 -1996.61 -117.417 -4586.27 -1438.52 -39.1592 -944.748 -13.8239 -3.10494 -11.339 -3.74444 30.806 1894.62 38.8107 1038.55 30.806 7.08458 -16.2002 ;
-54.1689 -2355.21 -90.2947 -2193 -168.256 -8093.65 -3754.24 -70.5246 -1762.44 -15.5133 -19.9184 -26.7669 -4.03028 71.4163 1894.61 74.0293 2377.18 7.08458 71.4163 -79.6783 ;
-90.5352 -1304.85 -35.1848 -2171.15 -131.755 -12313.2 -9559.33 -74.762 -2394.07 -38.2581 -24.5713 -57.0965 -1.84942 -210.907 -2456.4 -36.0156 -6394.61 -16.2002 -79.6783 2191.14 ;
]
+++++++++++++
Iter 5

Size = 20
Data size = 210
[ 231.049 9295.81 335.61 9045.93 276.34 27042.5 9660.51 204.919 7714.01 113.455 89.5004 109.908 22.481 -213.53 -7821.71 -194.001 -7132.71 -27.9899 -54.6307 -54.6071 ;
9295.81 723766 31469.5 525301 18304.8 1.98557e+06 647473 8889 322968 4687.04 3652.88 4021.75 1210.9 -9195.62 -602669 -8777.52 -319881 -2079.77 -2176.56 -562.797 ;
335.61 31469.5 1405.86 20492.5 790.907 83447.3 27416.7 309.662 11809.7 170.301 128.423 144.979 45.8293 -333.301 -24924.3 -306.828 -11738.8 -84.9337 -77.3334 -13.1522 ;
9045.93 525301 20492.5 519990 10990 1.30585e+06 452702 9635.9 305873 4646.86 3365.52 3960.76 1063.76 -8734.04 -448616 -9409.64 -295424 -2039.88 -2219.23 -1213.52 ;
276.34 18304.8 790.907 10990 148904 148904 0 11102.6 11102.6 5.77114 269.751 14.6038 -78.448 -254.767 -18146.9 -10581.4 -10581.4 -86.12 -169.278 -77.4862 ;
27042.5 1.98557e+06 83447.3 1.30585e+06 148904 2.51147e+07 0 11102.6 1.28275e+06 14115.1 9173.86 12293.9 -4140.26 -25015.3 -1.55916e+06 -10581.4 -1.18404e+06 -4597.04 -7849.74 -8200.31 ;
9660.51 647473 27416.7 452702 0 0 1.31469e+07 0 0 3700.34 885.616 8433.27 -1115.77 -8844.63 -556527 0 0 -1532.3 -3834.15 -3336.67 ;
204.919 8889 309.662 9635.9 11102.6 11102.6 0 4759.95 4759.95 90.7583 117.831 47.0688 34.9042 -194.001 -6561.69 -4526.18 -4526.18 -38.3788 -73.7729 -36.3208 ;
7714.01 322968 11809.7 305873 11102.6 1.28275e+06 0 4759.95 371011 3972.64 3518.67 3023.18 834.923 -7132.71 -277717 -4526.18 -342527 -951.01 -1741.28 -1783.46 ;
113.455 4687.04 170.301 4646.86 5.77114 14115.1 3700.34 90.7583 3972.64 113.455 47.0719 52.5418 12.2898 -105.025 -4011.45 -89.7253 -3663.01 -13.9524 -15.5878 -23.9098 ;
89.5004 3652.88 128.423 3365.52 269.751 9173.86 885.616 117.831 3518.67 47.0719 89.5004 0 11.3146 -84.1779 -3101.44 -109.064 -3310.53 -3.12603 -20.2889 -16.5643 ;
109.908 4021.75 144.979 3960.76 14.6038 12293.9 8433.27 47.0688 3023.18 52.5418 0 109.908 8.53216 -99.6221 -3359.04 -44.8513 -2724.95 -11.4367 -26.7309 -31.9062 ;
22.481 1210.9 45.8293 1063.76 -78.448 -4140.26 -1115.77 34.9042 834.923 12.2898 11.3146 8.53216 22.481 -22.0105 -1145.71 -32.3142 -817.574 -3.73626 -4.10899 -1.23744 ;
-213.53 -9195.62 -333.301 -8734.04 -254.767 -25015.3 -8844.63 -194.001 -7132.71 -105.025 -84.1779 -99.6221 -22.0105 257.976 8053.92 197.682 8860.57 30.5608 68.9188 -134.774 ;
-7821.71 -602669 -24924.3 -448616 -18146.9 -1.55916e+06 -556527 -6561.69 -277717 -4011.45 -3101.44 -3359.04 -1145.71 8053.92 574834 6589.59 286517 1893.13 1853.09 -1122.06 ;
-194.001 -8777.52 -306.828 -9409.64 -10581.4 -10581.4 0 -4526.18 -4526.18 -89.7253 -109.064 -44.8513 -32.3142 197.682 6589.59 4643.48 4643.48 38.0517 75.3246 -21.287 ;
-7132.71 -319881 -11738.8 -295424 -10581.4 -1.18404e+06 0 -4526.18 -342527 -3663.01 -3310.53 -2724.95 -817.574 8860.57 286517 4643.48 427973 1039.51 2308.9 -5028.82 ;
-27.9899 -2079.77 -84.9337 -2039.88 -86.12 -4597.04 -1532.3 -38.3788 -951.01 -13.9524 -3.12603 -11.4367 -3.73626 30.5608 1893.13 38.0517 1039.51 30.5608 6.81857 -7.56068 ;
-54.6307 -2176.56 -77.3334 -2219.23 -169.278 -7849.74 -3834.15 -73.7729 -1741.28 -15.5878 -20.2889 -26.7309 -4.10899 68.9188 1853.09 75.3246 2308.9 6.81857 68.9188 -49.944 ;
-54.6071 -562.797 -13.1522 -1213.52 -77.4862 -8200.31 -3336.67 -36.3208 -1783.46 -23.9098 -16.5643 -31.9062 -1.23744 -134.774 -1122.06 -21.287 -5028.82 -7.56068 -49.944 963.904 ;
]
+++++++++++++
Iter 12

Size = 20
Data size = 210
[ 200.289 3411.58 339.33 7648.66 35.6946 16515.1 8166.88 218.999 6722.17 96.9886 88.7291 83.7951 25.6455 -188.221 -7528.39 -217.53 -6291.87 -23.5321 -40.8719 -31.9506 ;
3411.58 91455 2208.78 172895 -1304.07 356843 281299 3976.85 115286 1635.46 1512.28 1345.96 602.347 -3381.64 -226716 -3972.77 -114261 -640.488 -705.748 -155.977 ;
339.33 2208.78 205.54 18691.6 -234.566 38700.9 38278.9 374.57 11484.1 162.246 145.792 135.109 65.6834 -337.238 -26863.4 -374.406 -11406.9 -72.6704 -69.8531 -9.71976 ;
7648.66 172895 18691.6 418774 -2765.35 611726 414566 9142.87 259814 3849 3296.58 2888.57 1258.3 -7445.33 -421549 -9128.19 -252536 -1632.52 -1584.68 -672.578 ;
35.6946 -1304.07 -234.566 -2765.35 114084 114084 0 5331.68 5331.68 -76.4017 190.924 -58.4711 -160.849 -34.5544 3845.11 -5232.98 -5232.98 2.99806 -111.845 0.620713 ;
16515.1 356843 38700.9 611726 114084 1.9331e+07 0 5331.68 798436 8034.14 7331.41 6028.22 -5621.98 -15026.8 -646558 -5232.98 -724784 -1433.98 -3879.39 -5314.73 ;
8166.88 281299 38278.9 414566 0 0 1.65995e+07 0 0 2534.04 842.871 6984.64 -1936.39 -7669.58 -865684 0 0 -2031.29 -2949.59 -1549.61 ;
218.999 3976.85 374.57 9142.87 5331.68 5331.68 0 4963.53 4963.53 104.837 126.682 49.0679 50.0227 -217.53 -7369.58 -4926.27 -4926.27 -32.4991 -75.0554 -2.25965 ;
6722.17 115286 11484.1 259814 5331.68 798436 0 4963.53 323079 3382.61 3510.88 2189.47 931.667 -6291.87 -257092 -4926.27 -301588 -786.7 -1316.44 -1166.35 ;
96.9886 1635.46 162.246 3849 -76.4017 8034.14 2534.04 104.837 3382.61 96.9886 46.6868 38.5946 13.4712 -90.7901 -3551.66 -104.971 -3135.54 -10.6073 -10.5882 -14.9546 ;
88.7291 1512.28 145.792 3296.58 190.924 7331.41 842.871 126.682 3510.88 46.6868 88.7291 0 12.5187 -84.3348 -3169.77 -125.067 -3321.38 -3.2809 -18.7404 -11.5418 ;
83.7951 1345.96 135.109 2888.57 -58.4711 6028.22 6984.64 49.0679 2189.47 38.5946 0 83.7951 9.72107 -77.6189 -3050.81 -49.1133 -2007.35 -8.46645 -16.6299 -16.5369 ;
25.6455 602.347 65.6834 1258.3 -160.849 -5621.98 -1936.39 50.0227 931.667 13.4712 12.5187 9.72107 25.6455 -25.288 -1566.48 -49.701 -917.148 -4.43691 -4.79471 -0.778954 ;
-188.221 -3381.64 -337.238 -7445.33 -34.5544 -15026.8 -7669.58 -217.53 -6291.87 -90.7901 -84.3348 -77.6189 -25.288 228.834 7706.11 216.473 7920.26 25.9468 52.3508 -101.62 ;
-7528.39 -226716 -26863.4 -421549 3845.11 -646558 -865684 -7369.58 -257092 -3551.66 -3169.77 -3050.81 -1566.48 7706.11 696927 7366.35 264350 1790.54 1671.36 -717.562 ;
-217.53 -3972.77 -374.406 -9128.19 -5232.98 -5232.98 0 -4926.27 -4926.27 -104.971 -125.067 -49.1133 -49.701 216.473 7366.35 4940.24 4940.24 32.1508 75.0448 1.82176 ;
-6291.87 -114261 -11406.9 -252536 -5232.98 -724784 0 -4926.27 -301588 -3135.54 -3321.38 -2007.35 -917.148 7920.26 264350 4940.24 382492 872.329 1794.93 -4072.7 ;
-23.5321 -640.488 -72.6704 -1632.52 2.99806 -1433.98 -2031.29 -32.4991 -786.7 -10.6073 -3.2809 -8.46645 -4.43691 25.9468 1790.54 32.1508 872.329 25.9468 5.16775 -5.76544 ;
-40.8719 -705.748 -69.8531 -1584.68 -111.845 -3879.39 -2949.59 -75.0554 -1316.44 -10.5882 -18.7404 -16.6299 -4.79471 52.3508 1671.36 75.0448 1794.93 5.16775 52.3508 -32.0908 ;
-31.9506 -155.977 -9.71976 -672.578 0.620713 -5314.73 -1549.61 -2.25965 -1166.35 -14.9546 -11.5418 -16.5369 -0.778954 -101.62 -717.562 1.82176 -4072.7 -5.76544 -32.0908 573.083 ;
]
+++++++++++++
Iter 13

Size = 20
Data size = 210
[ 233.742 4086.65 442.409 9750.07 273.248 32728.5 9837.97 221.452 8022.79 116.048 99.2199 98.9483 23.1283 -220.975 -8582.4 -220.145 -7565.74 -32.3146 -49.8094 -33.8055 ;
4086.65 107506 13917 225446 8380.93 898873 272423 4135.55 143550 2072.8 1711.68 1631 486.076 -4053.9 -246398 -4131.77 -142432 -893.134 -871.367 -166.435 ;
442.409 13917 1800.39 26467.9 1143.16 113095 35685.5 432.844 15697.5 226.805 179.688 176.83 55.1998 -439.921 -30910.6 -432.676 -15606.7 -110.166 -93.1353 -11.393 ;
9750.07 225446 26467.9 592159 16968.9 1.76529e+06 524716 10310.2 340184 5103.9 3919.4 3740.67 1105.37 -9528.44 -515225 -10296.7 -332223 -2455.81 -2084.29 -720.425 ;
273.248 8380.93 1143.16 16968.9 187911 187911 0 11212.8 11212.8 1.0356 277.307 -10.5419 -102.652 -272.781 -27039.6 -11122.3 -11122.3 -109.542 -155.738 2.31066 ;
32728.5 898873 113095 1.76529e+06 187911 3.23219e+07 0 11212.8 1.5616e+06 17875.8 13576.4 11622.7 -4084.36 -31158.8 -1.99787e+06 -11122.3 -1.48417e+06 -6790.81 -7571.77 -5527.09 ;
9837.97 272423 35685.5 524716 0 0 1.67836e+07 0 0 3830.24 981.954 8345.91 -1296.82 -9324.52 -707510 0 0 -1950.52 -3432.18 -1615.73 ;
221.452 4135.55 432.844 10310.2 11212.8 11212.8 0 5094.38 5094.38 102.098 123.375 53.5549 39.5816 -220.145 -7635.67 -5059.1 -5059.1 -40.5903 -81.1862 -2.02898 ;
8022.79 143550 15697.5 340184 11212.8 1.5616e+06 0 5094.38 386673 4164.58 3966.94 2719.86 848.94 -7565.74 -308291 -5059.1 -363866 -1130.55 -1635.33 -1227.07 ;
116.048 2072.8 226.805 5103.9 1.0356 17875.8 3830.24 102.098 4164.58 116.048 53.1123 47.1575 12.7078 -109.537 -4420.37 -102.242 -3905.41 -16.0221 -13.7029 -15.6103 ;
99.2199 1711.68 179.688 3919.4 277.307 13576.4 981.954 123.375 3966.94 53.1123 99.2199 0 11.095 -94.5902 -3473.92 -121.914 -3766.59 -3.86587 -21.351 -12.3082 ;
98.9483 1631 176.83 3740.67 -10.5419 11622.7 8345.91 53.5549 2719.86 47.1575 0 98.9483 9.19476 -92.3821 -3476.19 -53.6026 -2525.02 -11.7116 -20.8019 -17.5743 ;
23.1283 486.076 55.1998 1105.37 -102.652 -4084.36 -1296.82 39.5816 848.94 12.7078 11.095 9.19476 23.1283 -22.7478 -1190.6 -39.2636 -833.473 -3.89437 -4.59159 -0.82151 ;
-220.975 -4053.9 -439.921 -9528.44 -272.781 -31158.8 -9324.52 -220.145 -7565.74 -109.537 -94.5902 -92.3821 -22.7478 260.493 8754.07 219.042 9145.7 34.6688 61.0098 -98.0246 ;
-8582.4 -246398 -30910.6 -515225 -27039.6 -1.99787e+06 -707510 -7635.67 -308291 -4420.37 -3473.92 -3476.19 -1190.6 8754.07 672503 7632.17 315258 2248.91 1839.77 -691.968 ;
-220.145 -4131.77 -432.676 -10296.7 -11122.3 -11122.3 0 -5059.1 -5059.1 -102.242 -121.914 -53.6026 -39.2636 219.042 7632.17 5071.02 5071.02 40.2482 81.1748 2.04441 ;
-7565.74 -142432 -15606.7 -332223 -11122.3 -1.48417e+06 0 -5059.1 -363866 -3905.41 -3766.59 -2525.02 -833.473 9145.7 315258 5071.02 442358 1213.39 2100.57 -3906.54 ;
-32.3146 -893.134 -110.166 -2455.81 -109.542 -6790.81 -1950.52 -40.5903 -1130.55 -16.0221 -3.86587 -11.7116 -3.89437 34.6688 2248.91 40.2482 1213.39 34.6688 6.72359 -5.6698 ;
-49.8094 -871.367 -93.1353 -2084.29 -155.738 -7571.77 -3432.18 -81.1862 -1635.33 -13.7029 -21.351 -20.8019 -4.59159 61.0098 1839.77 81.1748 2100.57 6.72359 61.0098 -31.2564 ;
-33.8055 -166.435 -11.393 -720.425 2.31066 -5527.09 -1615.73 -2.02898 -1227.07 -15.6103 -12.3082 -17.5743 -0.82151 -98.0246 -691.968 2.04441 -3906.54 -5.6698 -31.2564 562.153 ;
]
+++++++++++++
Iter 14

Size = 20
Data size = 210
[ 218.992 3786.04 458.366 8891.95 267.918 28276.5 9859.02 202.998 7420.19 108.155 93.643 93.3348 21.7725 -207.138 -7900.67 -201.649 -7004.6 -28.8571 -45.9813 -31.693 ;
3786.04 98048.6 13814.2 203616 6707.73 772368 273901 3706.86 131393 1911.26 1602.64 1527.19 446.699 -3755.53 -222659 -3702.78 -130378 -789.255 -794.545 -157.787 ;
458.366 13814.2 2009.02 26753.2 931.242 109227 40115.2 430.752 16082.4 234.185 188.466 185.342 56.4018 -455.766 -31154.3 -430.535 -15989.3 -108.978 -94.937 -12.1244 ;
8891.95 203616 26753.2 525132 12471.6 1.45495e+06 532789 9388.29 305962 4643.73 3628.74 3452.47 1030.15 -8691.18 -463418 -9372.86 -298905 -2143 -1860.78 -667.343 ;
267.918 6707.73 931.242 12471.6 146792 146792 0 10787.8 10787.8 10.9911 282.573 -1.94763 -73.8992 -267.399 -18875.2 -10697.7 -10697.7 -81.8848 -161.432 1.98796 ;
28276.5 772368 109227 1.45495e+06 146792 2.68641e+07 0 10787.8 1.34542e+06 15099.9 11891.7 10166.4 -3676.83 -26828.3 -1.7423e+06 -10697.7 -1.27391e+06 -5362.62 -6429.04 -5149.39 ;
9859.02 273901 40115.2 532789 0 0 1.76332e+07 0 0 3891.98 982.999 8390.73 -1202.74 -9348.54 -692249 0 0 -1719.13 -3393.01 -1620.62 ;
202.998 3706.86 430.752 9388.29 10787.8 10787.8 0 4693.73 4693.73 91.9827 113.713 49.3872 33.2753 -201.649 -6635.33 -4658.03 -4658.03 -37.4699 -77.6387 -2.22852 ;
7420.19 131393 16082.4 305962 10787.8 1.34542e+06 0 4693.73 357487 3834.16 3725.25 2505.04 800.623 -7004.6 -281344 -4658.03 -336761 -995.482 -1483.59 -1128.35 ;
108.155 1911.26 234.185 4643.73 10.9911 15099.9 3891.98 91.9827 3834.16 108.155 49.7143 44.2998 12.0205 -102.116 -4071.01 -92.1034 -3596.53 -14.3179 -12.587 -14.6123 ;
93.643 1602.64 188.466 3628.74 282.573 11891.7 982.999 113.713 3725.25 49.7143 93.643 0 10.4668 -89.3643 -3241.01 -112.247 -3541.89 -3.55087 -19.9876 -11.3771 ;
93.3348 1527.19 185.342 3452.47 -1.94763 10166.4 8390.73 49.3872 2505.04 44.2998 0 93.3348 8.72421 -87.2135 -3232.47 -49.4029 -2329.39 -10.6926 -19.286 -16.5779 ;
21.7725 446.699 56.4018 1030.15 -73.8992 -3676.83 -1202.74 33.2753 800.623 12.0205 10.4668 8.72421 21.7725 -21.431 -1080.57 -32.9474 -786.768 -3.64922 -4.2665 -0.744109 ;
-207.138 -3755.53 -455.766 -8691.18 -267.399 -26828.3 -9348.54 -201.649 -7004.6 -102.116 -89.3643 -87.2135 -21.431 247.111 8073.78 200.494 8599.66 31.2716 57.1296 -98.6529 ;
-7900.67 -222659 -31154.3 -463418 -18875.2 -1.7423e+06 -692249 -6635.33 -281344 -4071.01 -3241.01 -3232.47 -1080.57 8073.78 599268 6631.65 288342 1982.28 1668.75 -696.573 ;
-201.649 -3702.78 -430.535 -9372.86 -10697.7 -10697.7 0 -4658.03 -4658.03 -92.1034 -112.247 -49.4029 -32.9474 200.494 6631.65 4669.91 4669.91 37.1199 77.6333 2.14081 ;
-7004.6 -130378 -15989.3 -298905 -10697.7 -1.27391e+06 0 -4658.03 -336761 -3596.53 -3541.89 -2329.39 -786.768 8599.66 288342 4669.91 415986 1080.54 1944.55 -3913.68 ;
-28.8571 -789.255 -108.978 -2143 -81.8848 -5362.62 -1719.13 -37.4699 -995.482 -14.3179 -3.55087 -10.6926 -3.64922 31.2716 1982.28 37.1199 1080.54 31.2716 5.84295 -5.80794 ;
-45.9813 -794.545 -94.937 -1860.78 -161.432 -6429.04 -3393.01 -77.6387 -1483.59 -12.587 -19.9876 -19.286 -4.2665 57.1296 1668.75 77.6333 1944.55 5.84295 57.1296 -31.0451 ;
-31.693 -157.787 -12.1244 -667.343 1.98796 -5149.39 -1620.62 -2.22852 -1128.35 -14.6123 -11.3771 -16.5779 -0.744109 -98.6529 -696.573 2.14081 -3913.68 -5.80794 -31.0451 557.355 ;
]
+++++++++++++
Iter 19

Size = 20
Data size = 210
[ 208.497 2544.44 588.124 8175.12 223.34 23194.3 9291 198.133 6935.29 101.235 89.0794 90.4335 22.5695 -198.172 -7731.79 -197.332 -6578.51 -26.0299 -43.4014 -25.8414 ;
2544.44 43122.8 9226.22 127087 2750.87 404592 171436 2550.69 86645.3 1244.5 1094.44 1039.77 334.861 -2524.83 -148442 -2548.93 -85995.6 -477.357 -537.904 -96.6646 ;
588.124 9226.22 2421.52 31848.4 549.092 107915 49023.6 561.911 20251 290.221 247.228 239.581 82.4321 -584.429 -40281 -561.799 -20114.3 -126.695 -123.663 -14.5268 ;
8175.12 127087 31848.4 456943 7129.9 1.05029e+06 456341 8818.75 276548 4185.97 3385.98 3217.31 1094.07 -8004.96 -437451 -8812.27 -270695 -1845.01 -1699 -526.01 ;
223.34 2750.87 549.092 7129.9 113455 113455 0 9739.26 9739.26 8.19372 279.035 -0.823853 -77.5748 -223.853 -7075.15 -9678.51 -9678.51 -44.5038 -166.14 3.48027 ;
23194.3 404592 107915 1.05029e+06 113455 2.36151e+07 0 9739.26 1.10534e+06 11677.4 9813.84 8673.18 -4396.17 -21909.8 -1.32097e+06 -9678.51 -1.04191e+06 -3561.03 -5336 -4283.71 ;
9291 171436 49023.6 456341 0 0 1.52834e+07 0 0 3428.72 946.494 7925.87 -1334.87 -8845 -742473 0 0 -1827.49 -3469.1 -1237.67 ;
198.133 2550.69 561.911 8818.75 9739.26 9739.26 0 4586.27 4586.27 89.4545 112.973 46.6627 32.8538 -197.332 -6338.33 -4562.68 -4562.68 -35.2795 -77.5656 -0.971699 ;
6935.29 86645.3 20251 276548 9739.26 1.10534e+06 0 4586.27 333371 3507.84 3528.63 2342.93 830.738 -6578.51 -271447 -4562.68 -315623 -874.155 -1370.3 -921.699 ;
101.235 1244.5 290.221 4185.97 8.19372 11677.4 3428.72 89.4545 3507.84 101.235 46.6671 42.0936 12.2565 -96.0169 -3820.98 -89.5905 -3304.13 -12.3897 -11.5384 -11.7782 ;
89.0794 1094.44 247.228 3385.98 279.035 9813.84 946.494 112.973 3528.63 46.6671 89.0794 0 10.8707 -85.4207 -3182.47 -112.004 -3370.75 -3.32607 -19.0154 -9.37732 ;
90.4335 1039.77 239.581 3217.31 -0.823853 8673.18 7925.87 46.6627 2342.93 42.0936 0 90.4335 8.88012 -84.9828 -3184.11 -46.7353 -2189.82 -9.79698 -18.4515 -13.5651 ;
22.5695 334.861 82.4321 1094.07 -77.5748 -4396.17 -1334.87 32.8538 830.738 12.2565 10.8707 8.88012 22.5695 -22.2574 -1228.45 -32.6477 -818.067 -3.98071 -4.26763 -0.634385 ;
-198.172 -2524.83 -584.429 -8004.96 -223.853 -21909.8 -8845 -197.332 -6578.51 -96.0169 -85.4207 -84.9828 -22.2574 236.975 7888.32 196.098 8159.78 28.4618 53.953 -88.3138 ;
-7731.79 -148442 -40281 -437451 -7075.15 -1.32097e+06 -742473 -6338.33 -271447 -3820.98 -3182.47 -3184.11 -1228.45 7888.32 650519 6334.6 278047 1910.68 1699.77 -578.555 ;
-197.332 -2548.93 -561.799 -8812.27 -9678.51 -9678.51 0 -4562.68 -4562.68 -89.5905 -112.004 -46.7353 -32.6477 196.098 6334.6 4569.4 4569.4 34.933 77.5407 2.33621 ;
-6578.51 -85995.6 -20114.3 -270695 -9678.51 -1.04191e+06 0 -4562.68 -315623 -3304.13 -3370.75 -2189.82 -818.067 8159.78 278047 4569.4 394264 961.579 1816.13 -3644.36 ;
-26.0299 -477.357 -126.695 -1845.01 -44.5038 -3561.03 -1827.49 -35.2795 -874.155 -12.3897 -3.32607 -9.79698 -3.98071 28.4618 1910.68 34.933 961.579 28.4618 5.46813 -5.47636 ;
-43.4014 -537.904 -123.663 -1699 -166.14 -5336 -3469.1 -77.5656 -1370.3 -11.5384 -19.0154 -18.4515 -4.26763 53.953 1699.77 77.5407 1816.13 5.46813 53.953 -27.1879 ;
-25.8414 -96.6646 -14.5268 -526.01 3.48027 -4283.71 -1237.67 -0.971699 -921.699 -11.7782 -9.37732 -13.5651 -0.634385 -88.3138 -578.555 2.33621 -3644.36 -5.47636 -27.1879 448.227 ;
]
+++++++++++++
Iter 20

Size = 20
Data size = 210
[ 219.585 2682.77 622.689 8862.04 262.525 28468.3 10135.2 194.698 7376.64 107.739 92.326 95.7539 21.526 -208.927 -7997.69 -193.934 -7005.94 -28.7847 -46.423 -26.5875 ;
2682.77 45118.8 11760.5 137925 3639.51 513069 180203 2511 92439.5 1338.87 1130.23 1105.04 307.048 -2662.47 -150453 -2509.32 -91765 -525.435 -572.412 -99.1511 ;
622.689 11760.5 3169.29 34694.6 815.662 138636 50099 557.657 21724.7 314.975 256.236 255.567 74.7441 -618.837 -40584.1 -557.554 -21582.1 -139.651 -131.508 -15.0301 ;
8862.04 137925 34694.6 512887 9765.4 1.41739e+06 519752 8968.81 302861 4606.86 3579.88 3515.74 1032.91 -8684.56 -463062 -8962.91 -296717 -2099.67 -1859.98 -543.355 ;
262.525 3639.51 815.662 9765.4 122419 122419 0 10739.7 10739.7 23.6807 288.37 8.75086 -64.673 -263.173 -11079.3 -10680 -10680 -64.6888 -171.049 3.79772 ;
28468.3 513069 138636 1.41739e+06 122419 2.74898e+07 0 10739.7 1.35429e+06 15033.4 11825.7 10592.4 -3822.05 -27153.3 -1.7204e+06 -10680 -1.28939e+06 -5238.38 -6520.86 -4352.15 ;
10135.2 180203 50099 519752 0 0 1.67512e+07 0 0 3942.43 998.154 8642.43 -1159.24 -9683.93 -707113 0 0 -1822.08 -3609.59 -1256.76 ;
194.698 2511 557.657 8968.81 10739.7 10739.7 0 4534.52 4534.52 87.3104 110.2 47.1334 29.9565 -193.934 -6195.74 -4511.34 -4511.34 -36.3807 -77.1282 -0.908033 ;
7376.64 92439.5 21724.7 302861 10739.7 1.35429e+06 0 4534.52 355198 3781.86 3674.26 2535.29 796.452 -7005.94 -284745 -4511.34 -336751 -986.723 -1480.42 -949.955 ;
107.739 1338.87 314.975 4606.86 23.6807 15033.4 3942.43 87.3104 3781.86 107.739 48.7371 45.1426 11.865 -102.352 -4081.18 -87.4523 -3570.99 -14.1703 -12.638 -12.086 ;
92.326 1130.23 256.236 3579.88 288.37 11825.7 998.154 110.2 3674.26 48.7371 92.326 0 10.2811 -88.5499 -3243.58 -109.26 -3510.83 -3.48983 -19.8825 -9.68065 ;
95.7539 1105.04 255.567 3515.74 8.75086 10592.4 8642.43 47.1334 2535.29 45.1426 0 95.7539 8.6354 -90.1257 -3317.12 -47.2116 -2375.49 -10.8585 -19.9187 -13.9792 ;
21.526 307.048 74.7441 1032.91 -64.673 -3822.05 -1159.24 29.9565 796.452 11.865 10.2811 8.6354 21.526 -21.2012 -1095.27 -29.7551 -783.256 -3.73169 -4.21974 -0.655759 ;
-208.927 -2662.47 -618.837 -8684.56 -263.173 -27153.3 -9683.93 -193.934 -7005.94 -102.352 -88.5499 -90.1257 -21.2012 247.266 8151.94 192.699 8566.61 31.1917 56.8718 -86.9894 ;
-7997.69 -150453 -40584.1 -463062 -11079.3 -1.7204e+06 -707113 -6195.74 -284745 -4081.18 -3243.58 -3317.12 -1095.27 8151.94 627273 6191.98 291235 2013.13 1717.51 -569.772 ;
-193.934 -2509.32 -557.554 -8962.91 -10680 -10680 0 -4511.34 -4511.34 -87.4523 -109.26 -47.2116 -29.7551 192.699 6191.98 4517.7 4517.7 36.0362 77.1033 2.35731 ;
-7005.94 -91765 -21582.1 -296717 -10680 -1.28939e+06 0 -4511.34 -336751 -3570.99 -3510.83 -2375.49 -783.256 8566.61 291235 4517.7 414360 1073.03 1921.42 -3582.97 ;
-28.7847 -525.435 -139.651 -2099.67 -64.6888 -5238.38 -1822.08 -36.3807 -986.723 -14.1703 -3.48983 -10.8585 -3.73169 31.1917 2013.13 36.0362 1073.03 31.1917 5.89341 -5.43574 ;
-46.423 -572.412 -131.508 -1859.98 -171.049 -6520.86 -3609.59 -77.1282 -1480.42 -12.638 -19.8825 -19.9187 -4.21974 56.8718 1717.51 77.1033 1921.42 5.89341 56.8718 -26.9201 ;
-26.5875 -99.1511 -15.0301 -543.355 3.79772 -4352.15 -1256.76 -0.908033 -949.955 -12.086 -9.68065 -13.9792 -0.655759 -86.9894 -569.772 2.35731 -3582.97 -5.43574 -26.9201 444.762 ;
]
+++++++++++++
Iter 21

Size = 20
Data size = 210
[ 217.604 1451.06 418.066 8897.32 287.608 29636.2 10620.6 190.234 7353.06 106.461 90.8692 95.0235 21.1871 -207.016 -7959.56 -190.246 -6993.7 -29.6903 -43.6827 -29.6556 ;
1451.06 12059.7 3713.17 71767.2 2278.21 263235 93476.4 1376.88 49859.2 719.579 615.081 601.297 159.272 -1437.79 -73888.8 -1376.87 -49469.9 -268.148 -294.513 -79.8284 ;
418.066 3713.17 1184 22143.7 656.412 86390 31318.1 380.165 14579.4 212.497 173.659 171.665 47.8473 -412.43 -24300.3 -380.306 -14368 -87.3158 -83.2038 -17.6783 ;
8897.32 71767.2 22143.7 523172 11670 1.52269e+06 580904 8953.89 305980 4621.1 3536.71 3543.8 1020.15 -8712.9 -465226 -8959.29 -299676 -2190.82 -1758.97 -621.885 ;
287.608 2278.21 656.412 11670 127415 127415 0 11160.7 11160.7 30.5474 290.543 17.2306 -54.071 -290.603 -14029.1 -11132.1 -11132.1 -76.3901 -175.554 9.89695 ;
29636.2 263235 86390 1.52269e+06 127415 2.9071e+07 0 11160.7 1.41194e+06 15767.6 11994.6 11228.4 -3606.93 -28262.7 -1.83264e+06 -11132.1 -1.34426e+06 -6003.96 -6201.79 -4920.17 ;
10620.6 93476.4 31318.1 580904 0 0 1.95477e+07 0 0 4192.18 984.277 9093.08 -1128.35 -10117.5 -754405 0 0 -2037.81 -3495.52 -1591.72 ;
190.234 1376.88 380.165 8953.89 11160.7 11160.7 0 4429.5 4429.5 85.3016 108.053 46.2002 25.401 -190.246 -6139.48 -4419.61 -4419.61 -36.9084 -76.6292 0.678822 ;
7353.06 49859.2 14579.4 305980 11160.7 1.41194e+06 0 4429.5 354741 3773.37 3619.15 2557.43 789.927 -6993.7 -284160 -4419.61 -336814 -1020.29 -1402.44 -1033.07 ;
106.461 719.579 212.497 4621.1 30.5474 15767.6 4192.18 85.3016 3773.37 106.461 48.0517 44.5741 11.8031 -101.279 -4093.15 -85.4923 -3573.26 -14.5881 -11.6595 -13.4114 ;
90.8692 615.081 173.659 3536.71 290.543 11994.6 984.277 108.053 3619.15 48.0517 90.8692 0 10.0894 -87.1629 -3225.03 -107.818 -3462.91 -3.52425 -18.7373 -10.3979 ;
95.0235 601.297 171.665 3543.8 17.2306 11228.4 9093.08 46.2002 2557.43 44.5741 0 95.0235 8.60652 -89.3443 -3316.93 -46.3417 -2399.75 -11.2225 -18.654 -15.9787 ;
21.1871 159.272 47.8473 1020.15 -54.071 -3606.93 -1128.35 25.401 789.927 11.8031 10.0894 8.60652 21.1871 -20.8291 -1053.38 -25.3355 -775.21 -3.49925 -4.17327 -0.734013 ;
-207.016 -1437.79 -412.43 -8712.9 -290.603 -28262.7 -10117.5 -190.246 -6993.7 -101.279 -87.1629 -89.3443 -20.8291 247.106 8128.08 188.572 8593.41 32.2622 53.9706 -95.3625 ;
-7959.56 -73888.8 -24300.3 -465226 -14029.1 -1.83264e+06 -754405 -6139.48 -284160 -4093.15 -3225.03 -3316.93 -1053.38 8128.08 606433 6132.91 290989 2002.53 1625.46 -662.195 ;
-190.246 -1376.87 -380.306 -8959.29 -11132.1 -11132.1 0 -4419.61 -4419.61 -85.4923 -107.818 -46.3417 -25.3355 188.572 6132.91 4423.23 4423.23 36.5247 76.5487 4.27946 ;
-6993.7 -49469.9 -14368 -299676 -11132.1 -1.34426e+06 0 -4419.61 -336814 -3573.26 -3462.91 -2399.75 -775.21 8593.41 290989 4423.23 416286 1109.74 1827.3 -3786.01 ;
-29.6903 -268.148 -87.3158 -2190.82 -76.3901 -6003.96 -2037.81 -36.9084 -1020.29 -14.5881 -3.52425 -11.2225 -3.49925 32.2622 2002.53 36.5247 1109.74 32.2622 5.77732 -6.16375 ;
-43.6827 -294.513 -83.2038 -1758.97 -175.554 -6201.79 -3495.52 -76.6292 -1402.44 -11.6595 -18.7373 -18.654 -4.17327 53.9706 1625.46 76.5487 1827.3 5.77732 53.9706 -27.5699 ;
-29.6556 -79.8284 -17.6783 -621.885 9.89695 -4920.17 -1591.72 0.678822 -1033.07 -13.4114 -10.3979 -15.9787 -0.734013 -95.3625 -662.195 4.27946 -3786.01 -6.16375 -27.5699 525.988 ;
]
+++++++++++++
Iter 22

Size = 20
Data size = 210
[ 214.941 1466.99 600.561 8648.63 288.924 28597 10369 179.813 7237.34 104.501 89.5713 94.7912 20.6003 -205.223 -7857.57 -179.84 -6914.06 -28.4304 -44.0202 -27.1687 ;
1466.99 12375.8 5432.82 71062.6 2228.77 257791 92172.8 1321.23 50313.2 722.346 619.774 614.402 158.548 -1453.25 -74622.9 -1321.32 -49901.2 -262.82 -304.393 -75.739 ;
600.561 5432.82 2466.26 31243.5 868.846 120350 44031.9 520.364 20894.7 302.179 249.332 248.843 68.161 -593.495 -35169.6 -520.556 -20633.9 -122.288 -122.742 -22.9368 ;
8648.63 71062.6 31243.5 494293 10791.7 1.3914e+06 532159 8453.19 296384 4468.26 3463.02 3470.3 1005.54 -8480.69 -451374 -8458.4 -290769 -2051.07 -1737.62 -564.104 ;
288.924 2228.77 868.846 10791.7 111876 111876 0 11180.7 11180.7 41.106 292.614 24.8111 -45.9337 -291.916 -10333.5 -11154.7 -11154.7 -70.2992 -182.49 9.46695 ;
28597 257791 120350 1.3914e+06 111876 2.77108e+07 0 11180.7 1.36384e+06 14926.8 11710 10985.7 -3666.27 -27320.8 -1.70991e+06 -11154.7 -1.30098e+06 -5290.04 -6161.13 -4489.41 ;
10369 92172.8 44031.9 532159 0 0 1.76321e+07 0 0 3978.41 994.893 8863.57 -1097.54 -9885.87 -738148 0 0 -1934.09 -3632.52 -1486.37 ;
179.813 1321.23 520.364 8453.19 11180.7 11180.7 0 4216.72 4216.72 79.4205 103.097 43.255 22.72 -179.84 -5695.29 -4207.73 -4207.73 -35.4856 -75.0573 0.669219 ;
7237.34 50313.2 20894.7 296384 11180.7 1.36384e+06 0 4216.72 349209 3684.11 3573.08 2531.71 769.297 -6914.06 -280342 -4207.73 -333095 -973.488 -1405 -931.537 ;
104.501 722.346 302.179 4468.26 41.106 14926.8 3978.41 79.4205 3684.11 104.501 47.0244 44.2049 11.4732 -99.8344 -4000.78 -79.5911 -3505.74 -13.8565 -11.699 -12.0925 ;
89.5713 619.774 249.332 3463.02 292.614 11710 994.893 103.097 3573.08 47.0244 89.5713 0 9.77391 -86.1856 -3176.34 -102.896 -3431.33 -3.40703 -18.8781 -9.50482 ;
94.7912 614.402 248.843 3470.3 24.8111 10985.7 8863.57 43.255 2531.71 44.2049 0 94.7912 8.35097 -89.502 -3291.98 -43.3823 -2388.45 -10.821 -18.9718 -14.7924 ;
20.6003 158.548 68.161 1005.54 -45.9337 -3666.27 -1097.54 22.72 769.297 11.4732 9.77391 8.35097 20.6003 -20.2754 -1048.06 -22.6592 -755.968 -3.54847 -4.04588 -0.649918 ;
-205.223 -1453.25 -593.495 -8480.69 -291.916 -27320.8 -9885.87 -179.84 -6914.06 -99.8344 -86.1856 -89.502 -20.2754 244.682 8018.02 178.182 8490.96 31.0385 53.9096 -90.3481 ;
-7857.57 -74622.9 -35169.6 -451374 -10333.5 -1.70991e+06 -738148 -5695.29 -280342 -4000.78 -3176.34 -3291.98 -1048.06 8018.02 615124 5689.08 286886 1961.69 1646.5 -610.613 ;
-179.84 -1321.32 -520.556 -8458.4 -11154.7 -11154.7 0 -4207.73 -4207.73 -79.5911 -102.896 -43.3823 -22.6592 178.182 5689.08 4211.08 4211.08 35.0931 74.9844 4.06134 ;
-6914.06 -49901.2 -20633.9 -290769 -11154.7 -1.30098e+06 0 -4207.73 -333095 -3505.74 -3431.33 -2388.45 -755.968 8490.96 286886 4211.08 411418 1064.65 1812.59 -3599.98 ;
-28.4304 -262.82 -122.288 -2051.07 -70.2992 -5290.04 -1934.09 -35.4856 -973.488 -13.8565 -3.40703 -10.821 -3.54847 31.0385 1961.69 35.0931 1064.65 31.0385 5.63451 -6.11284 ;
-44.0202 -304.393 -122.742 -1737.62 -182.49 -6161.13 -3632.52 -75.0573 -1405 -11.699 -18.8781 -18.9718 -4.04588 53.9096 1646.5 74.9844 1812.59 5.63451 53.9096 -25.8193 ;
-27.1687 -75.739 -22.9368 -564.104 9.46695 -4489.41 -1486.37 0.669219 -931.537 -12.0925 -9.50482 -14.7924 -0.649918 -90.3481 -610.613 4.06134 -3599.98 -6.11284 -25.8193 481.146 ;
]
+++++++++++++
Iter 23

Size = 20
Data size = 210
[ 215.074 1455.52 599.541 8670.65 270.831 28371.6 10364.9 191.362 7218.75 104.545 89.6716 94.6286 20.8514 -205.38 -7889.5 -191.388 -6895.96 -28.5857 -43.9656 -27.2608 ;
1455.52 12136.5 5299.1 70495.3 2125.26 253076 91054.2 1391.2 49788.3 716.539 615.148 607.985 158.547 -1441.75 -74087.3 -1391.3 -49370.4 -261.293 -301.389 -75.7042 ;
599.541 5299.1 2417.03 31183.7 863.206 118926 43770.8 551.769 20804.4 301.47 249.007 247.718 68.5107 -592.416 -35142.2 -551.969 -20540.7 -122.308 -122.333 -23.1137 ;
8670.65 70495.3 31183.7 496064 11333.3 1.38656e+06 532054 8755.2 296388 4476.84 3469.37 3469.49 1014.96 -8502.28 -453680 -8760.7 -290748 -2065.44 -1739.27 -567.554 ;
270.831 2125.26 863.206 11333.3 122888 122888 0 10847 10847 30.1995 284.042 17.8667 -61.1059 -273.797 -11765.3 -10820.8 -10820.8 -72.8699 -173.581 9.42792 ;
28371.6 253076 118926 1.38656e+06 122888 2.75313e+07 0 10847 1.3526e+06 14766.5 11607.6 10852.8 -3688.76 -27084.5 -1.70497e+06 -10820.8 -1.28919e+06 -5288.97 -6067.9 -4553.44 ;
10364.9 91054.2 43770.8 532054 0 0 1.74044e+07 0 0 3968.2 996.413 8852.97 -1088.63 -9885.5 -742970 0 0 -1955.27 -3628.73 -1465.13 ;
191.362 1391.2 551.769 8755.2 10847 10847 0 4460.43 4460.43 86.0996 108.808 45.72 27.4445 -191.388 -6141.02 -4451.43 -4451.43 -36.6047 -76.6532 0.6949 ;
7218.75 49788.3 20804.4 296388 10847 1.3526e+06 0 4460.43 347839 3672.29 3568.1 2515.45 775.693 -6895.96 -280812 -4451.43 -331752 -976.013 -1398.03 -940.405 ;
104.545 716.539 301.47 4476.84 30.1995 14766.5 3968.2 86.0996 3672.29 104.545 47.1121 44.1061 11.6197 -99.9034 -4010.81 -86.2738 -3494.74 -13.8611 -11.6732 -12.1482 ;
89.6716 615.148 249.007 3469.37 284.042 11607.6 996.413 108.808 3568.1 47.1121 89.6716 0 9.89304 -86.2853 -3188.85 -108.6 -3426.29 -3.40963 -18.8537 -9.56981 ;
94.6286 607.985 247.718 3469.49 17.8667 10852.8 8852.97 45.72 2515.45 44.1061 0 94.6286 8.42981 -89.3581 -3295.65 -45.8514 -2372.48 -10.825 -18.9147 -14.8031 ;
20.8514 158.547 68.5107 1014.96 -61.1059 -3688.76 -1088.63 27.4445 775.693 11.6197 9.89304 8.42981 20.8514 -20.5225 -1056.75 -27.3838 -762.191 -3.54688 -4.11735 -0.66041 ;
-205.38 -1441.75 -592.416 -8502.28 -273.797 -27084.5 -9885.5 -191.388 -6895.96 -99.9034 -86.2853 -89.3581 -20.5225 245.244 8052.09 189.743 8494.7 31.2066 54.0163 -91.5949 ;
-7889.5 -74087.3 -35142.2 -453680 -11765.3 -1.70497e+06 -742970 -6141.02 -280812 -4010.81 -3188.85 -3295.65 -1056.75 8052.09 620177 6134.89 287482 1976.58 1653.87 -618.788 ;
-191.388 -1391.3 -551.969 -8760.7 -10820.8 -10820.8 0 -4451.43 -4451.43 -86.2738 -108.6 -45.8514 -27.3838 189.743 6134.89 4454.83 4454.83 36.2129 76.5796 4.00844 ;
-6895.96 -49370.4 -20540.7 -290748 -10820.8 -1.28919e+06 0 -4451.43 -331752 -3494.74 -3426.29 -2372.48 -762.191 8494.7 287482 4454.83 411186 1067.78 1814.2 -3673.66 ;
-28.5857 -261.293 -122.308 -2065.44 -72.8699 -5288.97 -1955.27 -36.6047 -976.013 -13.8611 -3.40963 -10.825 -3.54688 31.2066 1976.58 36.2129 1067.78 31.2066 5.68379 -6.14213 ;
-43.9656 -301.389 -122.333 -1739.27 -173.581 -6067.9 -3628.73 -76.6532 -1398.03 -11.6732 -18.8537 -18.9147 -4.11735 54.0163 1653.87 76.5796 1814.2 5.68379 54.0163 -26.2443 ;
-27.2608 -75.7042 -23.1137 -567.554 9.42792 -4553.44 -1465.13 0.6949 -940.405 -12.1482 -9.56981 -14.8031 -0.66041 -91.5949 -618.788 4.00844 -3673.66 -6.14213 -26.2443 486.824 ;
]
+++++++++++++
Iter 24

Size = 20
Data size = 210
[ 193.491 771.034 473.759 7820.1 266.873 26270.1 10550.8 184.812 6507.69 92.662 81.7886 85.1726 18.8812 -186.374 -7474.2 -185.256 -6293.24 -26.533 -38.1988 -22.0248 ;
771.034 3385.1 1267.49 34897.2 1150.4 123527 49785.5 774.862 26290.2 375.04 329.029 326.073 78.7573 -758.911 -36824.2 -775.676 -25919.6 -128.838 -153.353 -48.3162 ;
473.759 1267.49 6024.75 23139 694.263 86035.6 35679.4 471.328 16347.2 234.012 200.86 196.63 51.2191 -468.076 -26239.3 -471.681 -16153.8 -90.1019 -94.1974 -20.1703 ;
7820.1 34897.2 23139 444671 9808.44 1.2544e+06 567491 8266.67 269425 4005.65 3134.44 3154.28 963.861 -7685.8 -427297 -8277.12 -265222 -1910.71 -1524.15 -457.115 ;
266.873 1150.4 694.263 9808.44 109493 109493 0 10306.3 10306.3 28.308 291.534 21.7363 -39.9145 -271.509 -9142.26 -10301.7 -10301.7 -52.5122 -178.801 13.5464 ;
26270.1 123527 86035.6 1.2544e+06 109493 2.7712e+07 0 10306.3 1.25971e+06 13410.5 10689.8 10286.4 -3304.15 -25130.9 -1.61383e+06 -10301.7 -1.20415e+06 -5110.39 -5268.65 -3981.47 ;
10550.8 49785.5 35679.4 567491 0 0 2.14899e+07 0 0 3936.84 929.669 9159.9 -1010.98 -10085.6 -867627 0 0 -2444.35 -3587.67 -1481.43 ;
184.812 774.862 471.328 8266.67 10306.3 10306.3 0 4277.67 4277.67 82.8988 106.784 42.1931 17.9868 -185.256 -5997.39 -4277.22 -4277.22 -36.1436 -73.9203 1.49557 ;
6507.69 26290.2 16347.2 269425 10306.3 1.25971e+06 0 4277.67 313839 3272.44 3244.68 2285.81 710.032 -6293.24 -265945 -4277.22 -303221 -906.465 -1228.86 -696.81 ;
92.662 375.04 234.012 4005.65 28.308 13410.5 3936.84 82.8988 3272.44 92.662 42.6433 38.8921 10.7944 -89.7003 -3749.08 -83.0338 -3164.18 -12.6304 -10.1171 -9.30846 ;
81.7886 329.029 200.86 3134.44 291.534 10689.8 929.669 106.784 3244.68 42.6433 81.7886 0 8.7615 -79.1764 -3015.62 -107.034 -3145.76 -3.14159 -16.7968 -8.07925 ;
85.1726 326.073 196.63 3154.28 21.7363 10286.4 9159.9 42.1931 2285.81 38.8921 0 85.1726 7.72423 -81.1789 -3149.22 -42.2978 -2186.09 -10.2334 -16.2502 -11.9665 ;
18.8812 78.7573 51.2191 963.861 -39.9145 -3304.15 -1010.98 17.9868 710.032 10.7944 8.7615 7.72423 18.8812 -18.4421 -969.948 -17.9868 -692.211 -3.14361 -4.00341 -0.744708 ;
-186.374 -758.911 -468.076 -7685.8 -271.509 -25130.9 -10085.6 -185.256 -6293.24 -89.7003 -79.1764 -81.1789 -18.4421 228.228 7637.6 182.941 7914.67 29.4198 48.0749 -91.2313 ;
-7474.2 -36824.2 -26239.3 -427297 -9142.26 -1.61383e+06 -867627 -5997.39 -265945 -3749.08 -3015.62 -3149.22 -969.948 7637.6 626532 5987.59 272369 1897.71 1567.31 -594.169 ;
-185.256 -775.676 -471.681 -8277.12 -10301.7 -10301.7 0 -4277.22 -4277.22 -83.0338 -107.034 -42.2978 -17.9868 182.941 5987.59 4279.53 4279.53 35.6823 73.7829 6.4596 ;
-6293.24 -25919.6 -16153.8 -265222 -10301.7 -1.20415e+06 0 -4277.22 -303221 -3164.18 -3145.76 -2186.09 -692.211 7914.67 272369 4279.53 383585 1005.71 1623.75 -3475.23 ;
-26.533 -128.838 -90.1019 -1910.71 -52.5122 -5110.39 -2444.35 -36.1436 -906.465 -12.6304 -3.14159 -10.2334 -3.14361 29.4198 1897.71 35.6823 1005.71 29.4198 5.42046 -6.74198 ;
-38.1988 -153.353 -94.1974 -1524.15 -178.801 -5268.65 -3587.67 -73.9203 -1228.86 -10.1171 -16.7968 -16.2502 -4.00341 48.0749 1567.31 73.7829 1623.75 5.42046 48.0749 -24.3732 ;
-22.0248 -48.3162 -20.1703 -457.115 13.5464 -3981.47 -1481.43 1.49557 -696.81 -9.30846 -8.07925 -11.9665 -0.744708 -91.2313 -594.169 6.4596 -3475.23 -6.74198 -24.3732 444.196 ;
]
+++++++++++++
Iter 25

Size = 20
Data size = 210
[ 208.93 873.47 551.064 8760.13 313.567 31802.7 11938.6 183.412 7080.83 100.953 86.6852 92.2221 17.5336 -201.585 -7990.97 -183.886 -6859.9 -30.3511 -42.5189 -22.0513 ;
873.47 4065.24 2332.36 41231.4 1429.13 159439 59908.8 810.301 29997.8 429.267 364.85 370.41 75.2079 -861.364 -41509.9 -811.171 -29636.7 -155.481 -178.993 -48.6203 ;
551.064 2332.36 3794.05 27908.1 883.209 113946 43853 502.548 19168.5 276.205 227.911 229.58 49.6471 -543.618 -30073.3 -502.993 -18907.1 -110.922 -112.419 -22.3775 ;
8760.13 41231.4 27908.1 519636 11630.5 1.63885e+06 677449 8677.29 303092 4528.29 3412.95 3543.91 888.578 -8619.59 -469493 -8688.78 -298729 -2260.78 -1765.81 -460.995 ;
313.567 1429.13 883.209 11630.5 118008 118008 0 11692.2 11692.2 48.1127 310.895 32.6659 -29.8941 -318.359 -11054.7 -11687.4 -11687.4 -68.9466 -194.222 13.8724 ;
31802.7 159439 113946 1.63885e+06 118008 3.19928e+07 0 11692.2 1.52193e+06 16741.7 12713.1 12255.4 -2832.41 -30655.4 -1.97941e+06 -11687.4 -1.46622e+06 -6988.07 -6435.86 -3910.53 ;
11938.6 59908.8 43853 677449 0 0 2.41868e+07 0 0 4707.66 987.458 10374.2 -875.673 -11466.4 -948036 0 0 -2879.12 -3846.03 -1490.8 ;
183.412 810.301 502.548 8677.29 11692.2 11692.2 0 4281.72 4281.72 80.9529 105.255 43.9324 14.6234 -183.886 -5960.37 -4281.24 -4281.24 -37.7221 -76.3402 1.57651 ;
7080.83 29997.8 19168.5 303092 11692.2 1.52193e+06 0 4281.72 341934 3597.15 3456 2509.47 664.513 -6859.9 -286019 -4281.24 -331013 -1048.53 -1377.98 -686.556 ;
100.953 429.267 276.205 4528.29 48.1127 16741.7 4707.66 80.9529 3597.15 100.953 45.5937 42.5323 10.0601 -97.8841 -4065.27 -81.101 -3485.52 -14.6915 -11.3766 -9.26031 ;
86.6852 364.85 227.911 3412.95 310.895 12713.1 987.458 105.255 3456 45.5937 86.6852 0 8.07957 -84.0005 -3161.43 -105.52 -3354.1 -3.40195 -18.0623 -8.13079 ;
92.2221 370.41 229.58 3543.91 32.6659 12255.4 10374.2 43.9324 2509.47 42.5323 0 92.2221 7.2451 -88.0908 -3377.14 -44.0496 -2406.83 -11.5631 -18.3249 -12.045 ;
17.5336 75.2079 49.6471 888.578 -29.8941 -2832.41 -875.673 14.6234 664.513 10.0601 8.07957 7.2451 17.5336 -17.0829 -857.843 -14.6234 -646.273 -2.83534 -4.02236 -0.751048 ;
-201.585 -861.364 -543.618 -8619.59 -318.359 -30655.4 -11466.4 -183.886 -6859.9 -97.8841 -84.0005 -88.0908 -17.0829 242.01 8145.2 181.631 8421.13 33.1874 51.9058 -85.8213 ;
-7990.97 -41509.9 -30073.3 -469493 -11054.7 -1.97941e+06 -948036 -5960.37 -286019 -4065.27 -3161.43 -3377.14 -857.843 8145.2 648923 5950.98 292053 2094.93 1681.21 -550.795 ;
-183.886 -811.171 -502.993 -8688.78 -11687.4 -11687.4 0 -4281.24 -4281.24 -81.101 -105.52 -44.0496 -14.6234 181.631 5950.98 4283.49 4283.49 37.2647 76.2083 6.19638 ;
-6859.9 -29636.7 -18907.1 -298729 -11687.4 -1.46622e+06 0 -4281.24 -331013 -3485.52 -3354.1 -2406.83 -646.273 8421.13 292053 4283.49 408383 1145.96 1750.56 -3245.1 ;
-30.3511 -155.481 -110.922 -2260.78 -68.9466 -6988.07 -2879.12 -37.7221 -1048.53 -14.6915 -3.40195 -11.5631 -2.83534 33.1874 2094.93 37.2647 1145.96 33.1874 6.3242 -6.55404 ;
-42.5189 -178.993 -112.419 -1765.81 -194.222 -6435.86 -3846.03 -76.3402 -1377.98 -11.3766 -18.0623 -18.3249 -4.02236 51.9058 1681.21 76.2083 1750.56 6.3242 51.9058 -22.807 ;
-22.0513 -48.6203 -22.3775 -460.995 13.8724 -3910.53 -1490.8 1.57651 -686.556 -9.26031 -8.13079 -12.045 -0.751048 -85.8213 -550.795 6.19638 -3245.1 -6.55404 -22.807 414.945 ;
]
+++++++++++++
Iter 26

Size = 20
Data size = 210
[ 204.804 923.431 600.291 8461.12 313.316 30864.1 11473.4 180.301 6935.93 98.9196 85.2924 90.5535 17.1978 -197.227 -7781.64 -180.764 -6702.28 -28.9948 -41.5337 -23.0492 ;
923.431 4697.2 2985.35 43312.4 1554.41 169421 62796.4 859.721 31732.6 453.391 387.3 391.908 79.6494 -911.146 -44201.6 -860.581 -31361.4 -162.433 -188.969 -52.9799 ;
600.291 2985.35 2889.54 30140.1 989.932 124740 47257.5 545.296 20914.4 301.208 248.924 250.643 54.1744 -591.301 -32903.8 -545.796 -20590.2 -119.283 -122.233 -26.1411 ;
8461.12 43312.4 30140.1 492609 12326.5 1.5563e+06 634924 8421.27 292959 4373.18 3327.8 3427.32 872.51 -8318.52 -451809 -8432.29 -288427 -2127.96 -1693.29 -479.983 ;
313.316 1554.41 989.932 12326.5 115182 115182 0 11575.2 11575.2 51.7066 306.83 35.8495 -29.696 -318.024 -11363.8 -11570.4 -11570.4 -71.849 -193.101 13.6826 ;
30864.1 169421 124740 1.5563e+06 115182 3.08424e+07 0 11575.2 1.47738e+06 16222.4 12447.6 12013.7 -2766.29 -29683.1 -1.91873e+06 -11570.4 -1.41974e+06 -6539.51 -6300.03 -4110.16 ;
11473.4 62796.4 47257.5 634924 0 0 2.2662e+07 0 0 4512.75 982.828 9952.34 -840.068 -11006.7 -891235 0 0 -2609.32 -3755.05 -1468.6 ;
180.301 859.721 545.296 8421.27 11575.2 11575.2 0 4212.05 4212.05 79.433 103.581 42.7604 14.7755 -180.764 -5823.44 -4211.58 -4211.58 -37.1194 -75.3863 1.55551 ;
6935.93 31732.6 20914.4 292959 11575.2 1.47738e+06 0 4212.05 334958 3522.16 3401.32 2460.43 650.647 -6702.28 -278935 -4211.58 -323380 -1002.48 -1343.33 -741.228 ;
98.9196 453.391 301.208 4373.18 51.7066 16222.4 4512.75 79.433 3522.16 98.9196 44.7802 41.7693 9.90744 -95.6982 -3964.41 -79.58 -3403.28 -14.0436 -11.1782 -9.79216 ;
85.2924 387.3 248.924 3327.8 306.83 12447.6 982.828 103.581 3401.32 44.7802 85.2924 0 7.93765 -82.5204 -3097.3 -103.838 -3294.48 -3.28915 -17.7987 -8.48492 ;
90.5535 391.908 250.643 3427.32 35.8495 12013.7 9952.34 42.7604 2460.43 41.7693 0 90.5535 7.09153 -86.3161 -3293.5 -42.8772 -2351.78 -11.1101 -17.8855 -12.5261 ;
17.1978 79.6494 54.1744 872.51 -29.696 -2766.29 -840.068 14.7755 650.647 9.90744 7.93765 7.09153 17.1978 -16.7421 -835.13 -14.7755 -632.145 -2.80754 -3.92929 -0.773948 ;
-197.227 -911.146 -591.301 -8318.52 -318.024 -29683.1 -11006.7 -180.764 -6702.28 -95.6982 -82.5204 -86.3161 -16.7421 238.903 7944.65 178.496 8322.36 31.8552 51.5444 -91.0764 ;
-7781.64 -44201.6 -32903.8 -451809 -11363.8 -1.91873e+06 -891235 -5823.44 -278935 -3964.41 -3097.3 -3293.5 -835.13 7944.65 626460 5813.99 285390 2007.1 1638.59 -591.406 ;
-180.764 -860.581 -545.796 -8432.29 -11570.4 -11570.4 0 -4211.58 -4211.58 -79.58 -103.838 -42.8772 -14.7755 178.496 5813.99 4213.85 4213.85 36.6635 75.2538 6.23281 ;
-6702.28 -31361.4 -20590.2 -288427 -11570.4 -1.41974e+06 0 -4211.58 -323380 -3403.28 -3294.48 -2351.78 -632.145 8322.36 285390 4213.85 403684 1100.8 1745.95 -3498.42 ;
-28.9948 -162.433 -119.283 -2127.96 -71.849 -6539.51 -2609.32 -37.1194 -1002.48 -14.0436 -3.28915 -11.1101 -2.80754 31.8552 2007.1 36.6635 1100.8 31.8552 6.00698 -6.69905 ;
-41.5337 -188.969 -122.233 -1693.29 -193.101 -6300.03 -3755.05 -75.3863 -1343.33 -11.1782 -17.7987 -17.8855 -3.92929 51.5444 1638.59 75.2538 1745.95 6.00698 51.5444 -24.7368 ;
-23.0492 -52.9799 -26.1411 -479.983 13.6826 -4110.16 -1468.6 1.55551 -741.228 -9.79216 -8.48492 -12.5261 -0.773948 -91.0764 -591.406 6.23281 -3498.42 -6.69905 -24.7368 446.177 ;
]
+++++++++++++
Iter 27

Size = 20
Data size = 210
[ 204.458 1001.57 667.072 8398 301.552 30711.5 11440.7 181.613 6912.98 98.8291 85.1289 90.5108 17.0418 -196.944 -7748.51 -182.078 -6682.42 -28.6721 -41.6127 -22.4076 ;
1001.57 5602.76 3809.62 47127.3 1632.24 186081 69195.3 940.24 34393.8 491.913 419.732 425.079 85.7633 -989.577 -48568.6 -941.119 -34040.9 -177.031 -206.151 -53.3227 ;
667.072 3809.62 3113.38 33639.2 1063.39 140800 53650.6 608.919 23231.9 334.696 276.057 278.793 59.6522 -657.918 -37125 -609.445 -22904.6 -133.465 -136.673 -26.8128 ;
8398 47127.3 33639.2 485326 12041.1 1.53357e+06 627622 8351.47 290283 4341.96 3310.61 3403.06 864.933 -8259.07 -448267 -8362.41 -285909 -2092.22 -1684.61 -462.924 ;
301.552 1632.24 1063.39 12041.1 114889 114889 0 11323.7 11323.7 46.9819 301.874 32.6017 -32.6563 -306.224 -11185.4 -11319 -11319 -69.5588 -188.899 13.5095 ;
30711.5 186081 140800 1.53357e+06 114889 3.05949e+07 0 11323.7 1.46983e+06 16113.2 12449 11960.8 -2746.49 -29570.1 -1.89979e+06 -11319 -1.41412e+06 -6406.74 -6350.16 -3922.95 ;
11440.7 69195.3 53650.6 627622 0 0 2.21028e+07 0 0 4516.16 988.573 9919.21 -808.255 -10979.3 -888425 0 0 -2545.75 -3783.5 -1435.55 ;
181.613 940.24 608.919 8351.47 11323.7 11323.7 0 4240.99 4240.99 80.365 104.378 42.6315 16.1144 -182.078 -5859.61 -4240.52 -4240.52 -36.9196 -74.9805 1.55129 ;
6912.98 34393.8 23231.9 290283 11323.7 1.46983e+06 0 4240.99 333726 3510.81 3394.41 2451.05 644.513 -6682.42 -277581 -4240.52 -322308 -990.973 -1342.22 -712.94 ;
98.8291 491.913 334.696 4341.96 46.9819 16113.2 4516.16 80.365 3510.81 98.8291 44.7065 41.7772 9.83722 -95.5892 -3946.52 -80.5156 -3391.94 -13.8796 -11.2446 -9.54075 ;
85.1289 419.732 276.057 3310.61 301.874 12449 988.573 104.378 3394.41 44.7065 85.1289 0 7.87369 -82.3917 -3082.78 -104.633 -3288.75 -3.25618 -17.832 -8.23421 ;
90.5108 425.079 278.793 3403.06 32.6017 11960.8 9919.21 42.6315 2451.05 41.7772 0 90.5108 6.99785 -86.3189 -3279.58 -42.7523 -2344.91 -10.9877 -17.9655 -12.1816 ;
17.0418 85.7633 59.6522 864.933 -32.6563 -2746.49 -808.255 16.1144 644.513 9.83722 7.87369 6.99785 17.0418 -16.6035 -824.798 -16.1144 -626.738 -2.80228 -3.92203 -0.742075 ;
-196.944 -989.577 -657.918 -8259.07 -306.224 -29570.1 -10979.3 -182.078 -6682.42 -95.5892 -82.3917 -86.3189 -16.6035 238.081 7907.7 179.824 8279.61 31.5093 51.3927 -88.8582 ;
-7748.51 -48568.6 -37125 -448267 -11185.4 -1.89979e+06 -888425 -5859.61 -277581 -3946.52 -3082.78 -3279.58 -824.798 7907.7 625599 5850.29 283873 1994.42 1640.46 -572.206 ;
-182.078 -941.119 -609.445 -8362.41 -11319 -11319 0 -4240.52 -4240.52 -80.5156 -104.633 -42.7523 -16.1144 179.824 5850.29 4242.77 4242.77 36.4675 74.8507 6.14026 ;
-6682.42 -34040.9 -22904.6 -285909 -11319 -1.41412e+06 0 -4240.52 -322308 -3391.94 -3288.75 -2344.91 -626.738 8279.61 283873 4242.77 401471 1088.72 1734.37 -3403.5 ;
-28.6721 -177.031 -133.465 -2092.22 -69.5588 -6406.74 -2545.75 -36.9196 -990.973 -13.8796 -3.25618 -10.9877 -2.80228 31.5093 1994.42 36.4675 1088.72 31.5093 5.95125 -6.60354 ;
-41.6127 -206.151 -136.673 -1684.61 -188.899 -6350.16 -3783.5 -74.9805 -1342.22 -11.2446 -17.832 -17.9655 -3.92203 51.3927 1640.46 74.8507 1734.37 5.95125 51.3927 -23.9518 ;
-22.4076 -53.3227 -26.8128 -462.924 13.5095 -3922.95 -1435.55 1.55129 -712.94 -9.54075 -8.23421 -12.1816 -0.742075 -88.8582 -572.206 6.14026 -3403.5 -6.60354 -23.9518 430.857 ;
]
+++++++++++++
Iter 28

Size = 20
Data size = 210
[ 203.51 1004.51 664.447 8346.87 309.335 30457.5 11366.9 177.505 6883.55 98.3214 84.8363 90.0916 17.0383 -196.022 -7717.41 -177.966 -6653.88 -28.4627 -41.3718 -22.2492 ;
1004.51 5672.05 3819.61 47250.8 1678.48 186179 69416 926.796 34507.1 493.018 421.513 426.326 86.5948 -992.648 -48843.2 -927.668 -34159.6 -177.359 -206.583 -53.0115 ;
664.447 3819.61 3071.86 33493.6 1077.08 139873 53480 595.797 23149.6 333.196 275.288 277.753 59.8633 -655.35 -37081.9 -596.316 -22824.3 -132.792 -136.017 -26.5224 ;
8346.87 47250.8 33493.6 481833 11920.8 1.51502e+06 622126 8250.58 288578 4314.15 3296.21 3383.18 865.734 -8208.87 -446065 -8261.42 -284238 -2074.54 -1672.79 -458.832 ;
309.335 1678.48 1077.08 11920.8 111336 111336 0 11466.3 11466.3 51.2269 305.807 34.6593 -28.5793 -313.99 -10822 -11461.6 -11461.6 -69.2762 -192.766 13.432 ;
30457.5 186179 139873 1.51502e+06 111336 3.04069e+07 0 11466.3 1.45759e+06 15959.7 12366.1 11860.5 -2765.98 -29323.3 -1.88219e+06 -11461.6 -1.40224e+06 -6317.08 -6300.25 -3888.74 ;
11366.9 69416 53480 622126 0 0 2.1996e+07 0 0 4475.76 985.342 9854.81 -816.703 -10906.6 -885173 0 0 -2524.55 -3768.69 -1431.24 ;
177.505 926.796 595.797 8250.58 11466.3 11466.3 0 4153.11 4153.11 77.9056 102.369 41.8116 14.6184 -177.966 -5708.9 -4152.64 -4152.64 -36.4435 -74.7776 1.53773 ;
6883.55 34507.1 23149.6 288578 11466.3 1.45759e+06 0 4153.11 332416 3494.4 3384.5 2439.29 645.452 -6653.88 -276550 -4152.64 -321042 -983.83 -1334.89 -706.818 ;
98.3214 493.018 333.196 4314.15 51.2269 15959.7 4475.76 77.9056 3494.4 98.3214 44.5141 41.5558 9.82945 -95.0851 -3927.92 -78.0553 -3375.68 -13.795 -11.1699 -9.47741 ;
84.8363 421.513 275.288 3296.21 305.807 12366.1 985.342 102.369 3384.5 44.5141 84.8363 0 7.86915 -82.1077 -3073.27 -102.623 -3279.15 -3.24643 -17.7774 -8.17928 ;
90.0916 426.326 277.753 3383.18 34.6593 11860.5 9854.81 41.8116 2439.29 41.5558 0 90.0916 7.00527 -85.9184 -3268.18 -41.9316 -2333.8 -10.9303 -17.8407 -12.087 ;
17.0383 86.5948 59.8633 865.734 -28.5793 -2765.98 -816.703 14.6184 645.452 9.82945 7.86915 7.00527 17.0383 -16.6028 -828.413 -14.6184 -627.791 -2.82176 -3.90838 -0.737032 ;
-196.022 -992.648 -655.35 -8208.87 -313.99 -29323.3 -10906.6 -177.966 -6653.88 -95.0851 -82.1077 -85.9184 -16.6028 237.065 7875.97 175.712 8246.47 31.2963 51.1047 -88.4881 ;
-7717.41 -48843.2 -37081.9 -446065 -10822 -1.88219e+06 -885173 -5708.9 -276550 -3927.92 -3073.27 -3268.18 -828.413 7875.97 624411 5699.59 282812 1983.87 1633.86 -569.212 ;
-177.966 -927.668 -596.316 -8261.42 -11461.6 -11461.6 0 -4152.64 -4152.64 -78.0553 -102.623 -41.9316 -14.6184 175.712 5699.59 4154.89 4154.89 35.9916 74.6482 6.13878 ;
-6653.88 -34159.6 -22824.3 -284238 -11461.6 -1.40224e+06 0 -4152.64 -321042 -3375.68 -3279.15 -2333.8 -627.791 8246.47 282812 4154.89 399974 1081.46 1724.83 -3385.04 ;
-28.4627 -177.359 -132.792 -2074.54 -69.2762 -6317.08 -2524.55 -36.4435 -983.83 -13.795 -3.24643 -10.9303 -2.82176 31.2963 1983.87 35.9916 1081.46 31.2963 5.89681 -6.58647 ;
-41.3718 -206.583 -136.017 -1672.79 -192.766 -6300.25 -3768.69 -74.7776 -1334.89 -11.1699 -17.7774 -17.8407 -3.90838 51.1047 1633.86 74.6482 1724.83 5.89681 51.1047 -23.7984 ;
-22.2492 -53.0115 -26.5224 -458.832 13.432 -3888.74 -1431.24 1.53773 -706.818 -9.47741 -8.17928 -12.087 -0.737032 -88.4881 -569.212 6.13878 -3385.04 -6.58647 -23.7984 428.172 ;
]
+++++++++++++
Iter 29

Size = 20
Data size = 210
[ 203.583 1065.67 672.809 8386.04 300.196 30444.6 11368.7 181.128 6907.09 98.9529 86.1751 90.0794 17.4313 -196.216 -7769.52 -181.686 -6685.85 -28.2549 -41.5389 -20.9628 ;
1065.67 6423.06 4176.86 50603.9 1702.16 199115 74618.2 997.961 36660.8 525.916 452.701 452.488 94.0213 -1054.4 -52600.1 -999.247 -36358.7 -188.505 -219.581 -50.1032 ;
672.809 4176.86 3075.53 34284.1 1029.08 143131 55170.5 610.846 23468 338.744 281.961 281.772 61.9465 -664.317 -38180.6 -611.531 -23173.8 -134.889 -137.951 -24.1487 ;
8386.04 50603.9 34284.1 486781 11046.5 1.51959e+06 629113 8401.49 290271 4363.32 3371.8 3412.87 879.347 -8251.91 -450728 -8414.64 -286198 -2067.43 -1685.81 -426.47 ;
300.196 1702.16 1029.08 11046.5 111489 111489 0 11248.4 11248.4 49.1912 308.67 31.43 -31.1887 -305.473 -10168.7 -11243.1 -11243.1 -60.984 -188.467 18.7662 ;
30444.6 199115 143131 1.51959e+06 111489 3.04865e+07 0 11248.4 1.45779e+06 16078.6 12775 11850.2 -2843.85 -29387.8 -1.89428e+06 -11243.1 -1.40627e+06 -6198.84 -6350.3 -3377.35 ;
11368.7 74618.2 55170.5 629113 0 0 2.22194e+07 0 0 4524.21 992.211 9879.53 -847.794 -10924.5 -891807 0 0 -2519.47 -3774.68 -1314.32 ;
181.128 997.961 610.846 8401.49 11248.4 11248.4 0 4220.25 4220.25 79.7217 103.581 42.8189 16.0442 -181.686 -5807.49 -4219.69 -4219.69 -36.7227 -75.1331 2.30963 ;
6907.09 36660.8 23468 290271 11248.4 1.45779e+06 0 4220.25 333623 3526.7 3447.52 2444.57 658.858 -6685.85 -278616 -4219.69 -322692 -976.078 -1342.45 -620.14 ;
98.9529 525.916 338.744 4363.32 49.1912 16078.6 4524.21 79.7217 3526.7 98.9529 45.4484 41.748 10.0033 -95.6852 -3965.53 -79.9279 -3410.4 -13.7636 -11.3452 -8.98238 ;
86.1751 452.701 281.961 3371.8 308.67 12775 992.211 103.581 3447.52 45.4484 86.1751 0 7.94359 -83.3896 -3118.53 -103.906 -3342.98 -3.3269 -18.212 -8.14455 ;
90.0794 452.488 281.772 3412.87 31.43 11850.2 9879.53 42.8189 2444.57 41.748 0 90.0794 7.17368 -86.0208 -3299.01 -42.9842 -2344.7 -11.1284 -17.9075 -11.1849 ;
17.4313 94.0213 61.9465 879.347 -31.1887 -2843.85 -847.794 16.0442 658.858 10.0033 7.94359 7.17368 17.4313 -16.999 -847.392 -16.0442 -641.374 -2.89167 -3.97149 -0.713871 ;
-196.216 -1054.4 -664.317 -8251.91 -305.473 -29387.8 -10924.5 -181.686 -6685.85 -95.6852 -83.3896 -86.0208 -16.999 236.558 7922.71 179.258 8229.48 30.9245 51.3843 -85.3246 ;
-7769.52 -52600.1 -38180.6 -450728 -10168.7 -1.89428e+06 -891807 -5807.49 -278616 -3965.53 -3118.53 -3299.01 -847.392 7922.71 631732 5794.66 284467 1991.52 1642.87 -535.633 ;
-181.686 -999.247 -611.531 -8414.64 -11243.1 -11243.1 0 -4219.69 -4219.69 -79.9279 -103.906 -42.9842 -16.0442 179.258 5794.66 4222.12 4222.12 36.3831 74.8838 8.32676 ;
-6685.85 -36358.7 -23173.8 -286198 -11243.1 -1.40627e+06 0 -4219.69 -322692 -3410.4 -3342.98 -2344.7 -641.374 8229.48 284467 4222.12 399075 1072.23 1727.68 -3133.95 ;
-28.2549 -188.505 -134.889 -2067.43 -60.984 -6198.84 -2519.47 -36.7227 -976.078 -13.7636 -3.3269 -11.1284 -2.89167 30.9245 1991.52 36.3831 1072.23 30.9245 5.85331 -6.1626 ;
-41.5389 -219.581 -137.951 -1685.81 -188.467 -6350.3 -3774.68 -75.1331 -1342.45 -11.3452 -18.212 -17.9075 -3.97149 51.3843 1642.87 74.8838 1727.68 5.85331 51.3843 -23.3671 ;
-20.9628 -50.1032 -24.1487 -426.47 18.7662 -3377.35 -1314.32 2.30963 -620.14 -8.98238 -8.14455 -11.1849 -0.713871 -85.3246 -535.633 8.32676 -3133.95 -6.1626 -23.3671 398.036 ;
]
+++++++++++++
Iter 30

Size = 20
Data size = 210
[ 203.479 1088.06 691.105 8377.78 300.352 30457.4 11382.2 180.883 6900.59 98.9592 86.0534 90.0916 17.3582 -196.187 -7766.03 -181.428 -6681.28 -28.2482 -41.4467 -20.4663 ;
1088.06 6714.46 4428.22 51742.9 1740.15 204276 76635.8 1017.31 37431.5 537.322 461.688 462.146 95.6045 -1076.95 -53887.7 -1018.57 -37132.9 -193.129 -223.976 -49.0442 ;
691.105 4428.22 3250.96 35297.2 1058.62 147931 57125.1 626.441 24104.1 348.03 289.219 289.59 63.3256 -682.797 -39395.1 -627.11 -23816.6 -139.163 -141.648 -23.6205 ;
8377.78 51742.9 35297.2 485936 11103.1 1.51911e+06 629577 8382.91 289870 4361.77 3366.51 3410.81 875.639 -8245.64 -450431 -8395.76 -285861 -2065.65 -1680.57 -414.869 ;
300.352 1740.15 1058.62 11103.1 111429 111429 0 11256.6 11256.6 49.4924 308.415 31.7314 -31.2095 -305.538 -10201.7 -11251.4 -11251.4 -61.3289 -188.368 18.0544 ;
30457.4 204276 147931 1.51911e+06 111429 3.04747e+07 0 11256.6 1.45829e+06 16092 12772.4 11859.5 -2831.69 -29415.1 -1.89403e+06 -11251.4 -1.40747e+06 -6209.21 -6342.04 -3299.69 ;
11382.2 76635.8 57125.1 629577 0 0 2.21608e+07 0 0 4538.21 992.158 9891.34 -837.942 -10945.3 -893195 0 0 -2515.22 -3776.88 -1272.2 ;
180.883 1017.31 626.441 8382.91 11256.6 11256.6 0 4215.85 4215.85 79.5997 103.467 42.7489 16.1042 -181.428 -5798.43 -4215.31 -4215.31 -36.6724 -75.0825 2.21567 ;
6900.59 37431.5 24104.1 289870 11256.6 1.45829e+06 0 4215.85 333307 3525.04 3442.79 2442.75 656.285 -6681.28 -278479 -4215.31 -322472 -976.124 -1338.35 -606.937 ;
98.9592 537.322 348.03 4361.77 49.4924 16092 4538.21 79.5997 3525.04 98.9592 45.3947 41.7845 9.9599 -95.7147 -3964.5 -79.8011 -3409.28 -13.7701 -11.3298 -8.78168 ;
86.0534 461.688 289.219 3366.51 308.415 12772.4 992.158 103.467 3442.79 45.3947 86.0534 0 7.91614 -83.2989 -3114.35 -103.786 -3339.04 -3.32171 -18.1647 -7.97024 ;
90.0916 462.146 289.59 3410.81 31.7314 11859.5 9891.34 42.7489 2442.75 41.7845 0 90.0916 7.13509 -86.0745 -3298.4 -42.9091 -2343.93 -11.1222 -17.876 -10.9113 ;
17.3582 95.6045 63.3256 875.639 -31.2095 -2831.69 -837.942 16.1042 656.285 9.9599 7.91614 7.13509 17.3582 -16.9299 -843.085 -16.1042 -638.972 -2.88206 -3.96978 -0.704413 ;
-196.187 -1076.95 -682.797 -8245.64 -305.538 -29415.1 -10945.3 -181.428 -6681.28 -95.7147 -83.2989 -86.0745 -16.9299 236.204 7916.65 179.034 8215.23 30.9056 51.1699 -83.8013 ;
-7766.03 -53887.7 -39395.1 -450431 -10201.7 -1.89403e+06 -893195 -5798.43 -278479 -3964.5 -3114.35 -3298.4 -843.085 7916.65 631994 5786.02 284261 1992.68 1641.58 -520.839 ;
-181.428 -1018.57 -627.11 -8395.76 -11251.4 -11251.4 0 -4215.31 -4215.31 -79.8011 -103.786 -42.9091 -16.1042 179.034 5786.02 4217.7 4217.7 36.331 74.8462 8.06601 ;
-6681.28 -37132.9 -23816.6 -285861 -11251.4 -1.40747e+06 0 -4215.31 -322472 -3409.28 -3339.04 -2343.93 -638.972 8215.23 284261 4217.7 398381 1071.86 1720.03 -3092.55 ;
-28.2482 -193.129 -139.163 -2065.65 -61.3289 -6209.21 -2515.22 -36.6724 -976.124 -13.7701 -3.32171 -11.1222 -2.88206 30.9056 1992.68 36.331 1071.86 30.9056 5.84182 -6.09944 ;
-41.4467 -223.976 -141.648 -1680.57 -188.368 -6342.04 -3776.88 -75.0825 -1338.35 -11.3298 -18.1647 -17.876 -3.96978 51.1699 1641.58 74.8462 1720.03 5.84182 51.1699 -22.8315 ;
-20.4663 -49.0442 -23.6205 -414.869 18.0544 -3299.69 -1272.2 2.21567 -606.937 -8.78168 -7.97024 -10.9113 -0.704413 -83.8013 -520.839 8.06601 -3092.55 -6.09944 -22.8315 385.853 ;
]
+++++++++++++
Iter 31

Size = 20
Data size = 210
[ 203.261 1076.31 679.664 8373.88 303.2 30447.6 11398.5 180.414 6898.75 99.1186 85.8655 89.972 17.3551 -195.853 -7764.92 -180.978 -6675.85 -28.4055 -40.7258 -21.1195 ;
1076.31 6574.33 4293.42 51191.4 1742.44 201869 75925.1 1005.62 37048 532.673 456.37 456.966 94.7127 -1064.99 -53301.9 -1006.93 -36744.7 -191.994 -218.212 -50.8413 ;
679.664 4293.42 3144.81 34698.6 1055.15 145188 56218.1 615.529 23720.1 343.05 284.249 284.623 62.3492 -671.142 -38711 -616.225 -23424.9 -137.391 -137.277 -24.4578 ;
8373.88 51191.4 34698.6 486200 11270.8 1.52176e+06 632776 8376.82 289972 4371.65 3359.12 3406.97 874.707 -8239.34 -450759 -8390.09 -285882 -2078.63 -1649.95 -429.59 ;
303.2 1742.44 1055.15 11270.8 111784 111784 0 11305.6 11305.6 50.6299 309.177 32.8911 -31.0231 -308.503 -10372.6 -11300.3 -11300.3 -62.1896 -188.601 18.9896 ;
30447.6 201869 145188 1.52176e+06 111784 3.04513e+07 0 11305.6 1.45847e+06 16151.8 12717.5 11862 -2826.82 -29389.9 -1.89541e+06 -11300.3 -1.40688e+06 -6292.55 -6162.08 -3394.48 ;
11398.5 75925.1 56218.1 632776 0 0 2.24128e+07 0 0 4551.2 988.367 9904.59 -841.803 -10954.4 -895897 0 0 -2547.91 -3733.71 -1316.31 ;
180.414 1005.62 615.529 8376.82 11305.6 11305.6 0 4204.43 4204.43 79.3787 103.191 42.747 15.9177 -180.978 -5794.55 -4203.86 -4203.86 -36.6898 -75.1196 2.34477 ;
6898.75 37048 23720.1 289972 11305.6 1.45847e+06 0 4204.43 333336 3534.13 3436.85 2443.33 655.993 -6675.85 -278564 -4203.86 -322315 -982.301 -1315.32 -626.542 ;
99.1186 532.673 343.05 4371.65 50.6299 16151.8 4551.2 79.3787 3534.13 99.1186 45.3851 41.8662 9.93615 -95.8071 -3969.15 -79.5887 -3415.91 -13.8833 -11.1297 -9.1042 ;
85.8655 456.37 284.249 3359.12 309.177 12717.5 988.367 103.191 3436.85 45.3851 85.8655 0 7.93423 -83.0679 -3112.25 -103.519 -3331.59 -3.33397 -17.8999 -8.18689 ;
89.972 456.966 284.623 3406.97 32.8911 11862 9904.59 42.747 2443.33 41.8662 0 89.972 7.12745 -85.8954 -3296.47 -42.9149 -2342.96 -11.1613 -17.5113 -11.2699 ;
17.3551 94.7127 62.3492 874.707 -31.0231 -2826.82 -841.803 15.9177 655.993 9.93615 7.93423 7.12745 17.3551 -16.924 -843.847 -15.9177 -638.572 -2.85607 -3.98908 -0.71249 ;
-195.853 -1064.99 -671.142 -8239.34 -308.503 -29389.9 -10954.4 -180.978 -6675.85 -95.8071 -83.0679 -85.8954 -16.924 236.013 7917.73 178.552 8214.17 31.0666 50.3693 -85.1261 ;
-7764.92 -53301.9 -38711 -450759 -10372.6 -1.89541e+06 -895897 -5794.55 -278564 -3969.15 -3112.25 -3296.47 -843.847 7917.73 632394 5781.7 284407 2000.62 1626.19 -536.259 ;
-180.978 -1006.93 -616.225 -8390.09 -11300.3 -11300.3 0 -4203.86 -4203.86 -79.5887 -103.519 -42.9149 -15.9177 178.552 5781.7 4206.29 4206.29 36.3549 74.8748 8.3496 ;
-6675.85 -36744.7 -23424.9 -285882 -11300.3 -1.40688e+06 0 -4203.86 -322315 -3415.91 -3331.59 -2342.96 -638.572 8214.17 284407 4206.29 398449 1078.16 1693.54 -3131.25 ;
-28.4055 -191.994 -137.391 -2078.63 -62.1896 -6292.55 -2547.91 -36.6898 -982.301 -13.8833 -3.33397 -11.1613 -2.85607 31.0666 2000.62 36.3549 1078.16 31.0666 5.79497 -6.1688 ;
-40.7258 -218.212 -137.277 -1649.95 -188.601 -6162.08 -3733.71 -75.1196 -1315.32 -11.1297 -17.8999 -17.5113 -3.98908 50.3693 1626.19 74.8748 1693.54 5.79497 50.3693 -22.8274 ;
-21.1195 -50.8413 -24.4578 -429.59 18.9896 -3394.48 -1316.31 2.34477 -626.542 -9.1042 -8.18689 -11.2699 -0.71249 -85.1261 -536.259 8.3496 -3131.25 -6.1688 -22.8274 399.654 ;
]
+++++++++++++
Iter 32

Size = 20
Data size = 210
[ 203.633 1079.02 660.694 8366.01 302.99 30370.2 11330.2 179.945 6900.27 99.0772 85.9427 89.6928 17.3719 -196.118 -7745.39 -180.537 -6670.64 -28.5174 -41.0132 -21.3736 ;
1079.02 6622.49 4183.15 51277.5 1753.79 202060 75428.9 1007.08 37111.7 532.711 457.53 455.361 95.0954 -1067.9 -53374.8 -1008.45 -36806.7 -193.241 -219.825 -51.1625 ;
660.694 4183.15 2959.31 33661.5 1032.05 140774 54006.4 596.857 23046.3 333.056 276.193 274.995 60.7483 -652.124 -37536.6 -597.567 -22744 -133.888 -133.933 -24.2532 ;
8366.01 51277.5 33661.5 484574 11457.2 1.51664e+06 623151 8329.7 289437 4354.48 3353.26 3375.76 875.757 -8229.11 -448835 -8343.6 -285226 -2083.32 -1657.11 -439.05 ;
302.99 1753.79 1032.05 11457.2 111774 111774 0 11295.6 11295.6 49.4514 307.64 31.5429 -31.1741 -308.493 -10555.6 -11290.1 -11290.1 -64.7532 -189.249 19.8388 ;
30370.2 202060 140774 1.51664e+06 111774 3.03919e+07 0 11295.6 1.45336e+06 16069.4 12684.5 11665.5 -2821.41 -29289.2 -1.88661e+06 -11290.1 -1.4005e+06 -6317.25 -6196.01 -3513.55 ;
11330.2 75428.9 54006.4 623151 0 0 2.20141e+07 0 0 4492.01 996.304 9813.7 -841.842 -10904.8 -883747 0 0 -2528.22 -3738.35 -1219.1 ;
179.945 1007.08 596.857 8329.7 11295.6 11295.6 0 4196.4 4196.4 79.2322 103.053 42.5728 15.8327 -180.537 -5776.84 -4195.81 -4195.81 -36.5875 -75.0024 2.46816 ;
6900.27 37111.7 23046.3 289437 11295.6 1.45336e+06 0 4196.4 333200 3526.65 3439.08 2422.39 656.991 -6670.64 -277666 -4195.81 -321820 -985.683 -1323.11 -650.964 ;
99.0772 532.711 333.056 4354.48 49.4514 16069.4 4492.01 79.2322 3526.65 99.0772 45.3803 41.5915 9.97614 -95.7253 -3954.25 -79.4533 -3404.58 -13.9093 -11.1901 -9.22501 ;
85.9427 457.53 276.193 3353.26 307.64 12684.5 996.304 103.053 3439.08 45.3803 85.9427 0 7.94662 -83.1063 -3106.25 -103.394 -3330.86 -3.31908 -18.0171 -8.29613 ;
89.6928 455.361 274.995 3375.76 31.5429 11665.5 9813.7 42.5728 2422.39 41.5915 0 89.6928 7.1659 -85.588 -3272.42 -42.7492 -2319.84 -11.0537 -17.5005 -11.3125 ;
17.3719 95.0954 60.7483 875.757 -31.1741 -2821.41 -841.842 15.8327 656.991 9.97614 7.94662 7.1659 17.3719 -16.9389 -843.342 -15.8327 -639.476 -2.85122 -3.98282 -0.721306 ;
-196.118 -1067.9 -652.124 -8229.11 -308.493 -29289.2 -10904.8 -180.537 -6670.64 -95.7253 -83.1063 -85.588 -16.9389 235.98 7897.65 178.088 8216.43 31.1583 50.5573 -84.9271 ;
-7745.39 -53374.8 -37536.6 -448835 -10555.6 -1.88661e+06 -883747 -5776.84 -277666 -3954.25 -3106.25 -3272.42 -843.342 7897.65 628539 5763.72 283594 1995.75 1625.37 -538.101 ;
-180.537 -1008.45 -597.567 -8343.6 -11290.1 -11290.1 0 -4195.81 -4195.81 -79.4533 -103.394 -42.7492 -15.8327 178.088 5763.72 4198.26 4198.26 36.2514 74.7485 8.51361 ;
-6670.64 -36806.7 -22744 -285226 -11290.1 -1.4005e+06 0 -4195.81 -321820 -3404.58 -3330.86 -2319.84 -639.476 8216.43 283594 4198.26 398470 1080.93 1704.97 -3185.5 ;
-28.5174 -193.241 -133.888 -2083.32 -64.7532 -6317.25 -2528.22 -36.5875 -985.683 -13.9093 -3.31908 -11.0537 -2.85122 31.1583 1995.75 36.2514 1080.93 31.1583 5.83516 -6.09792 ;
-41.0132 -219.825 -133.933 -1657.11 -189.249 -6196.01 -3738.35 -75.0024 -1323.11 -11.1901 -18.0171 -17.5005 -3.98282 50.5573 1625.37 74.7485 1704.97 5.83516 50.5573 -22.8357 ;
-21.3736 -51.1625 -24.2532 -439.05 19.8388 -3513.55 -1219.1 2.46816 -650.964 -9.22501 -8.29613 -11.3125 -0.721306 -84.9271 -538.101 8.51361 -3185.5 -6.09792 -22.8357 403.289 ;
]
+++++++++++++
Iter 33

Size = 20
Data size = 210
[ 203.594 1080.77 667.198 8371.83 302.945 30372.1 11323.4 180.226 6902.84 99.0025 85.9054 89.8737 17.4141 -196.186 -7753.09 -180.833 -6676.94 -28.4336 -41.0713 -21.0664 ;
1080.77 6637.91 4232.39 51383 1750.17 202320 75516.8 1008.9 37185.7 533.472 458.233 457.035 95.4595 -1069.72 -53481.3 -1010.39 -36885 -192.999 -220.428 -50.6108 ;
667.198 4232.39 3020.2 34023 1036.72 142174 54571 603.091 23277 336.154 278.928 278.278 61.4575 -658.74 -37938 -603.853 -22980.3 -134.907 -135.435 -24.1013 ;
8371.83 51383 34023 485332 11335.1 1.51716e+06 623647 8351.1 289754 4356.17 3355.99 3388.38 877.423 -8236.78 -449495 -8365.37 -285621 -2078.55 -1661.26 -432.648 ;
302.945 1750.17 1036.72 11335.1 111559 111559 0 11286.5 11286.5 49.3612 308.403 31.5795 -31.1539 -308.463 -10451.2 -11281 -11281 -63.4547 -188.935 21.3584 ;
30372.1 202320 142174 1.51716e+06 111559 3.03738e+07 0 11286.5 1.45367e+06 16047.7 12682.9 11720.8 -2831.68 -29307 -1.88775e+06 -11281 -1.40156e+06 -6275.5 -6212.36 -3421.88 ;
11323.4 75516.8 54571 623647 0 0 2.19809e+07 0 0 4489.92 992.465 9816.89 -845.174 -10909.5 -885044 0 0 -2512.7 -3738.29 -1160.83 ;
180.226 1008.9 603.091 8351.1 11286.5 11286.5 0 4199.74 4199.74 79.3431 103.21 42.6574 15.922 -180.833 -5781.75 -4199.13 -4199.13 -36.57 -75.0541 2.70288 ;
6902.84 37185.7 23277 289754 11286.5 1.45367e+06 0 4199.74 333348 3525.9 3439.49 2430.36 658.257 -6676.94 -277998 -4199.13 -322148 -982.946 -1325.72 -633.546 ;
99.0025 533.472 336.154 4356.17 49.3612 16047.7 4489.92 79.3431 3525.9 99.0025 45.3487 41.6459 9.99661 -95.7067 -3957.43 -79.5755 -3406.03 -13.8602 -11.1862 -9.07609 ;
85.9054 458.233 278.928 3355.99 308.403 12682.9 992.465 103.21 3439.49 45.3487 85.9054 0 7.96471 -83.104 -3108.89 -103.56 -3332.97 -3.32136 -18.0316 -8.25428 ;
89.8737 457.035 278.278 3388.38 31.5795 11720.8 9816.89 42.6574 2430.36 41.6459 0 89.8737 7.17604 -85.815 -3281.22 -42.8474 -2329.11 -11.0664 -17.5751 -11.131 ;
17.4141 95.4595 61.4575 877.423 -31.1539 -2831.68 -845.174 15.922 658.257 9.99661 7.96471 7.17604 17.4141 -16.9862 -845.603 -15.922 -640.954 -2.86986 -3.98408 -0.70951 ;
-196.186 -1069.72 -658.74 -8236.78 -308.463 -29307 -10909.5 -180.833 -6676.94 -95.7067 -83.104 -85.815 -16.9862 235.767 7903.91 178.374 8214.49 31.0249 50.5762 -84.1048 ;
-7753.09 -53481.3 -37938 -449495 -10451.2 -1.88775e+06 -885044 -5781.75 -277998 -3957.43 -3108.89 -3281.22 -845.603 7903.91 629450 5767.64 283853 1994.66 1627.97 -531.996 ;
-180.833 -1010.39 -603.853 -8365.37 -11281 -11281 0 -4199.13 -4199.13 -79.5755 -103.56 -42.8474 -15.922 178.374 5767.64 4201.59 4201.59 36.2681 74.7592 9.13188 ;
-6676.94 -36885 -22980.3 -285621 -11281 -1.40156e+06 0 -4199.13 -322148 -3406.03 -3332.97 -2329.11 -640.954 8214.49 283853 4201.59 398404 1077.88 1705.76 -3140.75 ;
-28.4336 -192.999 -134.907 -2078.55 -63.4547 -6275.5 -2512.7 -36.57 -982.946 -13.8602 -3.32136 -11.0664 -2.86986 31.0249 1994.66 36.2681 1077.88 31.0249 5.81521 -5.94092 ;
-41.0713 -220.428 -135.435 -1661.26 -188.935 -6212.36 -3738.29 -75.0541 -1325.72 -11.1862 -18.0316 -17.5751 -3.98408 50.5762 1627.97 74.7592 1705.76 5.81521 50.5762 -22.6778 ;
-21.0664 -50.6108 -24.1013 -432.648 21.3584 -3421.88 -1160.83 2.70288 -633.546 -9.07609 -8.25428 -11.131 -0.70951 -84.1048 -531.996 9.13188 -3140.75 -5.94092 -22.6778 398.451 ;
]
+++++++++++++
Iter 34

Size = 20
Data size = 210
[ 203.569 1080.61 667.069 8369.91 303.026 30379.3 11326.7 180.185 6901.57 98.9841 85.8871 89.8508 17.3928 -196.165 -7751.36 -180.791 -6675.87 -28.4232 -41.0944 -21.0297 ;
1080.61 6637.05 4231.68 51370.6 1750.87 202381 75541.9 1008.73 37178.7 533.362 458.13 456.908 95.3125 -1069.58 -53469.8 -1010.23 -36878.8 -192.932 -220.542 -50.4795 ;
667.069 4231.68 3019.47 34012.7 1037.23 142213 54586.7 602.971 23271.6 336.069 278.851 278.179 61.3629 -658.618 -37927.9 -603.732 -22975.2 -134.855 -135.499 -24.0435 ;
8369.91 51370.6 34012.7 485155 11349.2 1.51745e+06 623726 8347.92 289677 4354.8 3354.85 3386.85 876.568 -8234.98 -449349 -8362.18 -285549 -2077.58 -1662.2 -431.759 ;
303.026 1750.87 1037.23 11349.2 111560 111560 0 11287.9 11287.9 49.4027 308.406 31.5768 -31.0595 -308.538 -10460.2 -11282.4 -11282.4 -63.5121 -188.983 21.3125 ;
30379.3 202381 142213 1.51745e+06 111560 3.03852e+07 0 11287.9 1.45395e+06 16051.7 12684.8 11718.1 -2826.29 -29314.9 -1.88821e+06 -11282.4 -1.40187e+06 -6274.54 -6220.77 -3416.9 ;
11326.7 75541.9 54586.7 623726 0 0 2.19834e+07 0 0 4492.1 992.898 9819.53 -843.084 -10912.9 -885325 0 0 -2512.57 -3740.38 -1159.33 ;
180.185 1008.73 602.971 8347.92 11287.9 11287.9 0 4199.01 4199.01 79.3132 103.201 42.6357 15.8732 -180.791 -5780.52 -4198.4 -4198.4 -36.5691 -75.0397 2.69731 ;
6901.57 37178.7 23271.6 289677 11287.9 1.45395e+06 0 4199.01 333277 3525.01 3438.65 2429.38 657.556 -6675.87 -277929 -4198.4 -322088 -982.552 -1326.45 -632.182 ;
98.9841 533.362 336.069 4354.8 49.4027 16051.7 4492.1 79.3132 3525.01 98.9841 45.3385 41.6308 9.98683 -95.6903 -3956.39 -79.5454 -3405.24 -13.8537 -11.1957 -9.05986 ;
85.8871 458.13 278.851 3354.85 308.406 12684.8 992.898 103.201 3438.65 45.3385 85.8871 0 7.95476 -83.088 -3108 -103.551 -3332.21 -3.31856 -18.0366 -8.24159 ;
89.8508 456.908 278.179 3386.85 31.5768 11718.1 9819.53 42.6357 2429.38 41.6308 0 89.8508 7.16853 -85.7948 -3280.1 -42.8253 -2328.22 -11.0558 -17.5831 -11.1114 ;
17.3928 95.3125 61.3629 876.568 -31.0595 -2826.29 -843.084 15.8732 657.556 9.98683 7.95476 7.16853 17.3928 -16.9641 -844.266 -15.8732 -640.217 -2.86759 -3.98212 -0.710464 ;
-196.165 -1069.58 -658.618 -8234.98 -308.538 -29314.9 -10912.9 -180.791 -6675.87 -95.6903 -83.088 -85.7948 -16.9641 235.732 7902.03 178.335 8212.86 31.0136 50.6016 -84.0149 ;
-7751.36 -53469.8 -37927.9 -449349 -10460.2 -1.88821e+06 -885325 -5780.52 -277929 -3956.39 -3108 -3280.1 -844.266 7902.03 629293 5766.43 283779 1993.84 1628.42 -531.025 ;
-180.791 -1010.23 -603.732 -8362.18 -11282.4 -11282.4 0 -4198.4 -4198.4 -79.5454 -103.551 -42.8253 -15.8732 178.335 5766.43 4200.86 4200.86 36.2672 74.745 9.11799 ;
-6675.87 -36878.8 -22975.2 -285549 -11282.4 -1.40187e+06 0 -4198.4 -322088 -3405.24 -3332.21 -2328.22 -640.217 8212.86 283779 4200.86 398316 1077.47 1706.55 -3137.48 ;
-28.4232 -192.932 -134.855 -2077.58 -63.5121 -6274.54 -2512.57 -36.5691 -982.552 -13.8537 -3.31856 -11.0558 -2.86759 31.0136 1993.84 36.2672 1077.47 31.0136 5.81686 -5.93524 ;
-41.0944 -220.542 -135.499 -1662.2 -188.983 -6220.77 -3740.38 -75.0397 -1326.45 -11.1957 -18.0366 -17.5831 -3.98212 50.6016 1628.42 74.745 1706.55 5.81686 50.6016 -22.6689 ;
-21.0297 -50.4795 -24.0435 -431.759 21.3125 -3416.9 -1159.33 2.69731 -632.182 -9.05986 -8.24159 -11.1114 -0.710464 -84.0149 -531.025 9.11799 -3137.48 -5.93524 -22.6689 397.581 ;
]
+++++++++++++
Iter 35

Size = 20
Data size = 210
[ 203.561 1080.55 667.094 8369.71 303.1 30376.8 11326.2 180.174 6901.36 98.9817 85.877 89.8398 17.3931 -196.158 -7751.22 -180.781 -6675.68 -28.4234 -41.0759 -21.0287 ;
1080.55 6636.51 4231.71 51368.2 1751.41 202357 75539.6 1008.64 37176.9 533.342 458.076 456.84 95.3145 -1069.52 -53467.1 -1010.14 -36877 -192.926 -220.447 -50.4782 ;
667.094 4231.71 3019.8 34014.3 1037.77 142208 54592 602.973 23272.6 336.087 278.844 278.161 61.3683 -658.643 -37929.3 -603.735 -22976.1 -134.863 -135.456 -24.0461 ;
8369.71 51368.2 34014.3 485146 11358.1 1.51741e+06 623753 8347.45 289673 4354.76 3354.45 3386.29 876.561 -8234.79 -449344 -8361.71 -285545 -2077.59 -1661.41 -431.723 ;
303.1 1751.41 1037.77 11358.1 111579 111579 0 11289.2 11289.2 49.4092 308.405 31.585 -31.0651 -308.613 -10469 -11283.7 -11283.7 -63.5431 -188.962 21.3414 ;
30376.8 202357 142208 1.51741e+06 111579 3.03805e+07 0 11289.2 1.45382e+06 16050.4 12681.5 11714.5 -2826.18 -29312.6 -1.88802e+06 -11283.7 -1.40175e+06 -6273.85 -6215.83 -3416.18 ;
11326.2 75539.6 54592 623753 0 0 2.19857e+07 0 0 4491.88 992.77 9818.72 -843.225 -10912.5 -885405 0 0 -2512.13 -3738.82 -1158.47 ;
180.174 1008.64 602.973 8347.45 11289.2 11289.2 0 4198.73 4198.73 79.3085 103.201 42.6354 15.8732 -180.781 -5780.39 -4198.12 -4198.12 -36.565 -75.0397 2.70181 ;
6901.36 37176.9 23272.6 289673 11289.2 1.45382e+06 0 4198.73 333267 3524.91 3438.26 2429.03 657.541 -6675.68 -277922 -4198.12 -322080 -982.564 -1325.86 -632.054 ;
98.9817 533.342 336.087 4354.76 49.4092 16050.4 4491.88 79.3085 3524.91 98.9817 45.3341 41.6262 9.9867 -95.6881 -3956.34 -79.5409 -3405.14 -13.8534 -11.1886 -9.06013 ;
85.877 458.076 278.844 3354.45 308.405 12681.5 992.77 103.201 3438.26 45.3341 85.877 0 7.95567 -83.0782 -3107.82 -103.551 -3331.85 -3.31817 -18.0288 -8.24221 ;
89.8398 456.84 278.161 3386.29 31.585 11714.5 9818.72 42.6354 2429.03 41.6262 0 89.8398 7.16916 -85.7844 -3279.78 -42.8251 -2327.9 -11.0516 -17.5711 -11.1103 ;
17.3931 95.3145 61.3683 876.561 -31.0651 -2826.18 -843.225 15.8732 657.541 9.9867 7.95567 7.16916 17.3931 -16.9645 -844.305 -15.8732 -640.206 -2.86813 -3.98252 -0.710261 ;
-196.158 -1069.52 -658.643 -8234.79 -308.613 -29312.6 -10912.5 -180.781 -6675.68 -95.6881 -83.0782 -85.7844 -16.9645 235.717 7901.87 178.325 8212.46 31.0128 50.5779 -83.9996 ;
-7751.22 -53467.1 -37929.3 -449344 -10469 -1.88802e+06 -885405 -5780.39 -277922 -3956.34 -3107.82 -3279.78 -844.305 7901.87 629275 5766.28 283771 1993.85 1628.02 -530.947 ;
-180.781 -1010.14 -603.735 -8361.71 -11283.7 -11283.7 0 -4198.12 -4198.12 -79.5409 -103.551 -42.8251 -15.8732 178.325 5766.28 4200.58 4200.58 36.2634 74.7445 9.12728 ;
-6675.68 -36877 -22976.1 -285545 -11283.7 -1.40175e+06 0 -4198.12 -322080 -3405.14 -3331.85 -2327.9 -640.206 8212.46 283771 4200.58 398297 1077.46 1705.77 -3136.84 ;
-28.4234 -192.926 -134.863 -2077.59 -63.5431 -6273.85 -2512.13 -36.565 -982.564 -13.8534 -3.31817 -11.0516 -2.86813 31.0128 1993.85 36.2634 1077.46 31.0128 5.81388 -5.93187 ;
-41.0759 -220.447 -135.456 -1661.41 -188.962 -6215.83 -3738.82 -75.0397 -1325.86 -11.1886 -18.0288 -17.5711 -3.98252 50.5779 1628.02 74.7445 1705.77 5.81388 50.5779 -22.6539 ;
-21.0287 -50.4782 -24.0461 -431.723 21.3414 -3416.18 -1158.47 2.70181 -632.054 -9.06013 -8.24221 -11.1103 -0.710261 -83.9996 -530.947 9.12728 -3136.84 -5.93187 -22.6539 397.546 ;
]
+++++++++++++
Iter 36

Size = 20
Data size = 210
[ 203.56 1080.56 667.121 8369.73 303.099 30377 11326.3 180.175 6901.36 98.9819 85.8771 89.8404 17.3931 -196.158 -7751.26 -180.782 -6675.7 -28.4228 -41.0758 -21.0274 ;
1080.56 6636.6 4231.93 51368.8 1751.39 202359 75541.2 1008.65 37177.2 533.348 458.081 456.848 95.3153 -1069.53 -53467.8 -1010.15 -36877.4 -192.924 -220.448 -50.4754 ;
667.121 4231.93 3020.06 34015.8 1037.79 142215 54595.3 603.001 23273.5 336.101 278.857 278.175 61.3708 -658.671 -37931.1 -603.763 -22977.1 -134.867 -135.462 -24.0451 ;
8369.73 51368.8 34015.8 485148 11357.6 1.51742e+06 623766 8347.55 289674 4354.8 3354.47 3386.34 876.562 -8234.82 -449347 -8361.82 -285546 -2077.56 -1661.41 -431.691 ;
303.099 1751.39 1037.79 11357.6 111579 111579 0 11289.2 11289.2 49.4113 308.409 31.5863 -31.0646 -308.612 -10468.5 -11283.6 -11283.6 -63.5358 -188.96 21.3421 ;
30377 202359 142215 1.51742e+06 111579 3.03807e+07 0 11289.2 1.45383e+06 16050.5 12681.7 11714.8 -2826.2 -29312.7 -1.88804e+06 -11283.6 -1.40176e+06 -6273.64 -6215.85 -3415.81 ;
11326.3 75541.2 54595.3 623766 0 0 2.19861e+07 0 0 4491.98 992.761 9818.85 -843.225 -10912.6 -885422 0 0 -2512.1 -3738.82 -1158.46 ;
180.175 1008.65 603.001 8347.55 11289.2 11289.2 0 4198.75 4198.75 79.3087 103.201 42.6357 15.8734 -180.782 -5780.42 -4198.14 -4198.14 -36.5651 -75.0398 2.70197 ;
6901.36 37177.2 23273.5 289674 11289.2 1.45383e+06 0 4198.75 333267 3524.93 3438.27 2429.06 657.542 -6675.7 -277923 -4198.14 -322081 -982.546 -1325.86 -631.983 ;
98.9819 533.348 336.101 4354.8 49.4113 16050.5 4491.98 79.3087 3524.93 98.9819 45.3343 41.6267 9.98667 -95.6884 -3956.37 -79.5411 -3405.17 -13.8532 -11.1886 -9.05959 ;
85.8771 458.081 278.857 3354.47 308.409 12681.7 992.761 103.201 3438.27 45.3343 85.8771 0 7.95565 -83.0784 -3107.84 -103.551 -3331.87 -3.31819 -18.0288 -8.24189 ;
89.8404 456.848 278.175 3386.34 31.5863 11714.8 9818.85 42.6357 2429.06 41.6267 0 89.8404 7.16914 -85.7851 -3279.82 -42.8255 -2327.94 -11.0517 -17.5713 -11.1097 ;
17.3931 95.3153 61.3708 876.562 -31.0646 -2826.2 -843.225 15.8734 657.542 9.98667 7.95565 7.16914 17.3931 -16.9645 -844.307 -15.8734 -640.208 -2.86819 -3.98254 -0.710237 ;
-196.158 -1069.53 -658.671 -8234.82 -308.612 -29312.7 -10912.6 -180.782 -6675.7 -95.6884 -83.0784 -85.7851 -16.9645 235.717 7901.9 178.326 8212.45 31.0122 50.5779 -83.9971 ;
-7751.26 -53467.8 -37931.1 -449347 -10468.5 -1.88804e+06 -885422 -5780.42 -277923 -3956.37 -3107.84 -3279.82 -844.307 7901.9 629281 5766.31 283772 1993.84 1628.03 -530.921 ;
-180.782 -1010.15 -603.763 -8361.82 -11283.6 -11283.6 0 -4198.14 -4198.14 -79.5411 -103.551 -42.8255 -15.8734 178.326 5766.31 4200.6 4200.6 36.2636 74.7447 9.12785 ;
-6675.7 -36877.4 -22977.1 -285546 -11283.6 -1.40176e+06 0 -4198.14 -322081 -3405.17 -3331.87 -2327.94 -640.208 8212.45 283772 4200.6 398296 1077.44 1705.76 -3136.66 ;
-28.4228 -192.924 -134.867 -2077.56 -63.5358 -6273.64 -2512.1 -36.5651 -982.546 -13.8532 -3.31819 -11.0517 -2.86819 31.0122 1993.84 36.2636 1077.44 31.0122 5.81374 -5.9316 ;
-41.0758 -220.448 -135.462 -1661.41 -188.96 -6215.85 -3738.82 -75.0398 -1325.86 -11.1886 -18.0288 -17.5713 -3.98254 50.5779 1628.03 74.7447 1705.76 5.81374 50.5779 -22.6534 ;
-21.0274 -50.4754 -24.0451 -431.691 21.3421 -3415.81 -1158.46 2.70197 -631.983 -9.05959 -8.24189 -11.1097 -0.710237 -83.9971 -530.921 9.12785 -3136.66 -5.9316 -22.6534 397.522 ;
]
+++++++++++++
