This file has automatically been generated.
Thu Nov  9 12:28:00 2017
Michel Bierlaire, EPFL

biogeme 2.6a [Mon Apr 24 10:18:58 BST 2017]
Michel Bierlaire, EPFL

Warning: [12:28:00]bioMain.cc:108  pythonbiogeme Base_model_CAR optimaDataset_12.dat
[12:28:00]bioParameters.cc:399  Parameter documentation generated: pythonparam.html
[12:28:00]bioModelParser.cc:109  Base_model_CAR.py exists
 Read sample file: optimaDataset_12.dat
 Processing the sample file: optimaDataset_12.dat [00:00]
 Nbr of cores reported by the system: 2
 Nbr of cores used by biogeme: 1
 Init. log-likelihood: -1116.35 [00:00]
     gmax Iter   radius        f(x)     Status       rhok nFree
 +8.96e+00    1 1.00e+00 +1.1163495e+03 ****OutTrReg +1.02e+00 4  ++ P
 +7.47e+00    2 2.00e+00 +6.9597342e+02 ****Converg  +1.13e+00 4  ++ P
 +3.29e+00    3 4.00e+00 +6.1972713e+02 ****Converg  +1.01e+00 4  ++ P
 +1.11e-01    4 8.00e+00 +6.1852366e+02 ****Converg  +1.05e+00 4  ++ P
 +8.56e-02    5 1.60e+01 +6.1422254e+02 ****Converg  +1.02e+00 4  ++ P
 +9.84e-03    6 3.20e+01 +6.1396475e+02 ****Converg  +9.92e-01 4  ++ P
 +7.87e-04    7 6.40e+01 +6.1390491e+02 ****Converg  +1.00e+00 4  ++ P
 +2.82e-05    8 1.28e+02 +6.1390490e+02 ****Converg  +1.00e+00 4  ++ P
 Convergence reached...
 Run time interval: [12:28:00,12:28:01]
 Run time: 00:01
 Estimated parameters: 
ASC_PT = 0

Time = -0.00116586

Cost = 0.0242018

ASC_PM  = 1.9516

ASC_SM = -1.2227


 File Base_model_CAR_param.py created
 --------------------------------------------------------
 Directory: /Users/harold/Documents/GitHub/ModellingOfHumanBehaviour/Project/Harold_models
 The following files have been generated
 --------------------------------------------------------
 Debug files
 --------------------------------------------------------
      headers.py: List of headers of the data file (biogeme use only)
      __bin_optimaDataset_12.dat: Data file in a binary format
 --------------------------------------------------------
 Useful files
 --------------------------------------------------------
      __biogeme.log: Log of all outputs
      pythonparam.html: Documentation of the parameters
      __parametersUsed.py: Values of the parameters actually used
      Base_model_CAR.tex: Results in LaTeX format
 --------------------------------------------------------
 Important files
 --------------------------------------------------------
      Base_model_CAR_param.py: Results in Python format (to copy/paste for simulation)
      Base_model_CAR.html: Results in HTML format
