Iter 0

Size = 4
Data size = 10
[ 4.51415e+06 926678 -2804.44 -22896.9 ;
926678 261206 -930.437 -4184.58 ;
-2804.44 -930.437 166.222 -83.1111 ;
-22896.9 -4184.58 -83.1111 272.472 ;
]
+++++++++++++
Iter 1

Size = 4
Data size = 10
[ 2.95289e+06 622307 -6261.67 -12621.8 ;
622307 186356 -1684.43 -2306.18 ;
-6261.67 -1684.43 170.707 -54.8912 ;
-12621.8 -2306.18 -54.8912 165.001 ;
]
+++++++++++++
Iter 2

Size = 4
Data size = 10
[ 1.93707e+06 406827 -6399.24 -7416.45 ;
406827 130120 -1702.66 -1307.47 ;
-6399.24 -1702.66 127.097 -27.2919 ;
-7416.45 -1307.47 -27.2919 102.011 ;
]
+++++++++++++
Iter 3

Size = 4
Data size = 10
[ 1.88114e+06 386082 -7130.94 -6722.07 ;
386082 123688 -1825.58 -1158.02 ;
-7130.94 -1825.58 130.605 -25.5127 ;
-6722.07 -1158.02 -25.5127 96.4444 ;
]
+++++++++++++
Iter 4

Size = 4
Data size = 10
[ 1.65384e+06 342278 -6687.34 -5724.73 ;
342278 112646 -1745.68 -972.64 ;
-6687.34 -1745.68 115.379 -19.9223 ;
-5724.73 -972.64 -19.9223 83.3333 ;
]
+++++++++++++
Iter 5

Size = 4
Data size = 10
[ 1.61443e+06 332855 -6644.23 -5560.31 ;
332855 109930 -1734.47 -936.198 ;
-6644.23 -1734.47 111.919 -19.1663 ;
-5560.31 -936.198 -19.1663 82.4984 ;
]
+++++++++++++
Iter 6

Size = 4
Data size = 10
[ 1.63376e+06 335746 -6694.72 -5656.51 ;
335746 110505 -1742.11 -951.317 ;
-6694.72 -1742.11 112.841 -19.7482 ;
-5656.51 -951.317 -19.7482 84.3945 ;
]
+++++++++++++
Iter 7

Size = 4
Data size = 10
[ 1.63349e+06 335695 -6694.31 -5655.1 ;
335695 110493 -1742.03 -951.066 ;
-6694.31 -1742.03 112.825 -19.7406 ;
-5655.1 -951.066 -19.7406 84.3736 ;
]
+++++++++++++
Iter 8

Size = 4
Data size = 10
[ 1.63353e+06 335708 -6694.34 -5655.22 ;
335708 110497 -1742.05 -951.105 ;
-6694.34 -1742.05 112.831 -19.741 ;
-5655.22 -951.105 -19.741 84.3712 ;
]
+++++++++++++
