This file has automatically been generated.
Thu Nov  2 16:50:39 2017
Michel Bierlaire, EPFL

biogeme 2.6a [Mon Apr 24 10:18:58 BST 2017]
Michel Bierlaire, EPFL

Warning: [16:50:39]bioMain.cc:108  pythonbiogeme Base_model_adv optimaDataset_12.dat
[16:50:39]bioParameters.cc:399  Parameter documentation generated: pythonparam.html
[16:50:40]bioModelParser.cc:109  Base_model_adv.py exists
 Read sample in binary format from __bin_optimaDataset_12.dat *****
 Processing the sample file: __bin_optimaDataset_12.dat [00:00]
 Nbr of cores reported by the system: 2
 Nbr of cores used by biogeme: 1
 Init. log-likelihood: -1880.82 [00:00]
     gmax Iter   radius        f(x)     Status       rhok nFree
 +5.32e+00    1 1.00e+00 +1.8808242e+03 ****Converg  +1.25e+00 8  ++ P
 +6.40e+00    2 2.00e+00 +1.5374822e+03 ****Converg  +1.11e+00 8  ++ P
 +2.68e+00    3 4.00e+00 +1.2413513e+03 ****Converg  +1.22e+00 8  ++ P
 +1.25e+00    4 8.00e+00 +1.1822054e+03 ****Converg  +1.27e+00 8  ++ P
 +4.89e-01    5 1.60e+01 +1.1532436e+03 ****Converg  +1.22e+00 8  ++ P
 +2.35e-01    6 3.20e+01 +1.1333588e+03 ****Converg  +1.17e+00 8  ++ P
 +6.43e-02    7 6.40e+01 +1.1282224e+03 ****Converg  +1.06e+00 8  ++ P
 +6.65e-03    8 1.28e+02 +1.1277485e+03 ****Converg  +1.00e+00 8  ++ P
 +2.80e-04    9 2.56e+02 +1.1277376e+03 ****Converg  +1.00e+00 8  ++ P
 +2.22e-05   10 5.12e+02 +1.1277371e+03 ****Converg  +1.00e+00 8  ++ P
 Convergence reached...
 Run time interval: [16:50:40,16:50:40]
 Run time: 00:00
 Estimated parameters: 
ASC_PT = 0

Time_PT_in = 0.00186817

Time_PT_out = -0.0324214

BetaCost = 0.000254066

ASC_Nb_trans = -0.0353525

ASC_PM  = 0.312651

Time_car = -0.0226591

ASC_SM = -0.186074

Distance = -0.205593


 File Base_model_adv~1_param.py created
 --------------------------------------------------------
 Directory: /Users/harold/Documents/GitHub/ModellingOfHumanBehaviour/Project
 The following files have been generated
 --------------------------------------------------------
 Debug files
 --------------------------------------------------------
      headers.py: List of headers of the data file (biogeme use only)
 --------------------------------------------------------
 Useful files
 --------------------------------------------------------
      __biogeme.log: Log of all outputs
      pythonparam.html: Documentation of the parameters
      __parametersUsed.py: Values of the parameters actually used
      Base_model_adv~1.tex: Results in LaTeX format
 --------------------------------------------------------
 Important files
 --------------------------------------------------------
      Base_model_adv~1_param.py: Results in Python format (to copy/paste for simulation)
      Base_model_adv~1.html: Results in HTML format
