This file has automatically been generated.
Sun Nov 19 14:39:05 2017
Michel Bierlaire, EPFL

biogeme 2.6a [Mon Apr 24 10:18:58 BST 2017]
Michel Bierlaire, EPFL

Warning: [14:39:05]bioMain.cc:108  pythonbiogeme Model5 data.dat
[14:39:05]bioParameters.cc:399  Parameter documentation generated: pythonparam.html
[14:39:05]bioModelParser.cc:109  Model5.py exists
 Read sample file: data.dat
 Processing the sample file: data.dat [00:00]
 Nbr of cores reported by the system: 2
 Nbr of cores used by biogeme: 1
 Init. log-likelihood: -1380.54 [00:00]
     gmax Iter   radius        f(x)     Status       rhok nFree
 +7.24e+00    1 1.00e+00 +1.3805366e+03 ****Converg  +1.13e+00 20  ++ P
 +9.25e+00    2 2.00e+00 +1.0815140e+03 ****Converg  +1.26e+00 20  ++ P
 +6.58e+00    3 4.00e+00 +9.9806654e+02 ****Converg  +1.32e+00 20  ++ P
 +2.94e+00    4 8.00e+00 +9.5244700e+02 ****Converg  +1.10e+00 20  ++ P
 +1.19e+00    5 1.60e+01 +8.7042655e+02 ****NegCurv  -1.15e+00 20  -  P
 +1.19e+00    6 8.00e+00 +8.7042655e+02 ****NegCurv  -1.98e+00 20  -  P
 +1.19e+00    7 4.00e+00 +8.7042655e+02 ****NegCurv  -3.15e+00 20  -  P
 +1.19e+00    8 2.00e+00 +8.7042655e+02 ****NegCurv  -4.19e+00 20  -  P
 +1.19e+00    9 1.00e+00 +8.7042655e+02 ****NegCurv  -3.39e+00 20  -  P
 +1.19e+00   10 5.00e-01 +8.7042655e+02 ****NegCurv  -2.78e-01 20  -  P
 +1.19e+00   11 2.50e-01 +8.7042655e+02 ****OutTrReg +1.06e+00 20  ++ P
 +2.82e+00   12 5.00e-01 +8.4142440e+02 ****Converg  +1.08e+00 20  ++ P
 +2.71e-01   13 1.00e+00 +8.3274473e+02 ****OutTrReg +5.32e-01 20  +  P
 +4.46e+00   14 1.00e+00 +8.2392560e+02 ****Converg  +9.85e-01 20  ++ P
 +3.80e-01   15 2.00e+00 +8.1505682e+02 ****Converg  +2.61e-01 20  +  P
 +2.50e+00   16 2.00e+00 +8.1405843e+02 ****Converg  +9.94e-01 20  ++ P
 +1.33e-01   17 4.00e+00 +8.1107568e+02 ****Converg  -5.18e+00 20  -  P
 +1.33e-01   18 2.71e-01 +8.1107568e+02 ****OutTrReg +3.16e-01 20  +  P
 +2.50e+00   19 2.71e-01 +8.0931607e+02 ****Converg  +9.81e-01 20  ++ P
 +1.24e-01   20 5.42e-01 +8.0578473e+02 ****Converg  +8.71e-01 20  +  P
 +3.66e-01   21 5.42e-01 +8.0436049e+02 ****Converg  +1.00e+00 20  ++ P
 +2.62e-02   22 1.08e+00 +8.0428349e+02 ****OutTrReg +1.01e+00 20  ++ P
 +1.29e-01   23 2.17e+00 +8.0066279e+02 ****Converg  +1.01e+00 20  ++ P
 +1.28e-02   24 4.33e+00 +8.0036202e+02 ****Converg  +1.03e+00 20  ++ P
 +8.67e-03   25 8.67e+00 +7.9949478e+02 ****Converg  +9.98e-01 20  ++ P
 +3.87e-03   26 1.73e+01 +7.9929524e+02 ****Converg  +1.02e+00 20  ++ P
 +1.01e-03   27 3.47e+01 +7.9922404e+02 ****Converg  +1.00e+00 20  ++ P
 +5.69e-04   28 6.93e+01 +7.9919034e+02 ****Converg  +1.00e+00 20  ++ P
 +3.91e-05   29 1.39e+02 +7.9919033e+02 ****Converg  +1.00e+00 20  ++ P
 Convergence reached...
 Run time interval: [14:39:05,14:39:18]
 Run time: 00:13
 Estimated parameters: 
ASC_PT = -1.28488

Beta_time_PT = 0.242507

LAMBDA = 0.155883

Beta_time_PT_walk = -0.0403533

Beta_Cost_age1 = -0.148051

Beta_Cost_age2 = -0.000325014

Beta_Cost_age3 = 0.0027848

Beta_Age1_PT = 2.35631

Beta_Age2_PT = -0.0133422

Beta_urb = -0.223754

Beta_TripWork = 0.380994

Beta_TripLeisure = -0.221868

Beta_have_ga = 2.27836

ASC_PM  = -0.6704

Beta_time_PM = -0.0143517

Beta_Age1_PM = 2.29864

Beta_Age2_PM = -0.00261384

Beta_multi_trips = -0.394746

Beta_roman = 0.939736

Beta_Distance = -0.619126


 File Model5_param.py created
 --------------------------------------------------------
 Directory: /Users/harold/Documents/GitHub/ModellingOfHumanBehaviour/Project/Harold_models/Model5_Final
 The following files have been generated
 --------------------------------------------------------
 Debug files
 --------------------------------------------------------
      headers.py: List of headers of the data file (biogeme use only)
      __bin_data.dat: Data file in a binary format
 --------------------------------------------------------
 Useful files
 --------------------------------------------------------
      __biogeme.log: Log of all outputs
      pythonparam.html: Documentation of the parameters
      __parametersUsed.py: Values of the parameters actually used
      Model5.tex: Results in LaTeX format
 --------------------------------------------------------
 Important files
 --------------------------------------------------------
      Model5_param.py: Results in Python format (to copy/paste for simulation)
      Model5.html: Results in HTML format
