Iter 0

Size = 20
Data size = 210
[ 397.167 21988.1 0 21322.7 -48.3111 15276.4 8716.47 346.694 14264.1 198.083 136.333 184.194 34.6944 -326.833 -14640.3 -327.472 -12162.2 -73.1389 -95.3056 -1555.07 ;
21988.1 2.56558e+06 44799.3 1.70525e+06 -7933.9 1.11948e+06 686070 22076.2 799993 11186.4 7016.11 9344.61 2978.83 -19868.2 -1.655e+06 -21831 -746153 -6946.56 -5497.56 -193421 ;
0 44799.3 0 0 0 0 0 0 0 0 0 0 0 0 0 0 0 0 0 0 ;
21322.7 1.70525e+06 0 1.80902e+06 -6700.79 1.0102e+06 612558 19297.1 772364 10888.4 6254.86 9066.58 1835.97 -18618.9 -1.11625e+06 -18804.2 -698153 -6930.14 -5778.75 -129157 ;
-48.3111 -7933.9 0 -6700.79 19431 19431 0 1669.08 1669.08 -53.5889 4.8 -46.4667 0 -83.4111 -6118.28 1037.28 1037.28 -14.4222 -21.7333 14323.6 ;
15276.4 1.11948e+06 0 1.0102e+06 19431 4.16351e+07 0 1669.08 772650 7901.95 4228.21 6203.38 271.133 13765.9 815097 1037.28 711043 3605.87 4513.62 -1.91866e+06 ;
8716.47 686070 0 612558 0 0 4.69024e+07 0 0 3532.99 325.5 8016.39 0 7821.97 534730 0 0 2978.13 2956.98 -1.29363e+06 ;
346.694 22076.2 0 19297.1 1669.08 1669.08 0 7844.25 7844.25 155.75 186 88.2778 84.5556 -327.472 -16480.6 -7262.25 -7262.25 -70.1944 -111.222 43.8611 ;
14264.1 799993 0 772364 1669.08 772650 0 7844.25 688481 7448.75 5577.5 5610.56 1269.83 -12162.2 -551453 -7262.25 -583665 -2763.22 -3491.25 -38820.7 ;
198.083 11186.4 0 10888.4 -53.5889 7901.95 3532.99 155.75 7448.75 198.083 74.5833 88.6111 17.9444 -166.167 -7475.25 -154.75 -6404.5 -35.9444 -27.7222 -712.842 ;
136.333 7016.11 0 6254.86 4.8 4228.21 325.5 186 5577.5 74.5833 136.333 0 16.5556 -116.667 -4900.58 -173 -4842.75 -6.83333 -30.0278 -381.217 ;
184.194 9344.61 0 9066.58 -46.4667 6203.38 8016.39 88.2778 5610.56 88.6111 0 184.194 12.6944 -143.222 -6008.72 -85.3889 -4603.53 -26.5833 -44.6944 -832.629 ;
34.6944 2978.83 0 1835.97 0 271.133 0 84.5556 1269.83 17.9444 16.5556 12.6944 34.6944 -31.9722 -2382.19 -79.7778 -1190.17 -5.94444 -6.69444 -250.244 ;
-326.833 -19868.2 0 -18618.9 -83.4111 13765.9 7821.97 -327.472 -12162.2 -166.167 -116.667 -143.222 -31.9722 391.167 16057.1 337.694 14116.6 80.0278 116.861 -1300.72 ;
-14640.3 -1.655e+06 0 -1.11625e+06 -6118.28 815097 534730 -16480.6 -551453 -7475.25 -4900.58 -6008.72 -2382.19 16057.1 1.51578e+06 16455.5 589241 5514.67 4294.83 -131435 ;
-327.472 -21831 0 -18804.2 1037.28 1037.28 0 -7262.25 -7262.25 -154.75 -173 -85.3889 -79.7778 337.694 16455.5 7682.25 7682.25 71.6389 115.444 77.6111 ;
-12162.2 -746153 0 -698153 1037.28 711043 0 -7262.25 -583665 -6404.5 -4842.75 -4603.53 -1190.17 14116.6 589241 7682.25 681627 2939.44 4133.25 -34843.1 ;
-73.1389 -6946.56 0 -6930.14 -14.4222 3605.87 2978.13 -70.1944 -2763.22 -35.9444 -6.83333 -26.5833 -5.94444 80.0278 5514.67 71.6389 2939.44 80.0278 25.8056 -335.289 ;
-95.3056 -5497.56 0 -5778.75 -21.7333 4513.62 2956.98 -111.222 -3491.25 -27.7222 -30.0278 -44.6944 -6.69444 116.861 4294.83 115.444 4133.25 25.8056 116.861 -410.518 ;
-1555.07 -193421 0 -129157 14323.6 -1.91866e+06 -1.29363e+06 43.8611 -38820.7 -712.842 -381.217 -832.629 -250.244 -1300.72 -131435 77.6111 -34843.1 -335.289 -410.518 359003 ;
]
+++++++++++++
Iter 1

Size = 20
Data size = 210
[ 304.56 16895 247.813 14875.4 -13.3329 4865.71 3976.72 314.527 10229.9 151.878 107.002 144.527 29.4225 -263.618 -11931.1 -297.142 -9309.92 -52.2063 -74.2178 -587.195 ;
16895 1.88647e+06 41725 1.19237e+06 -3653.01 174433 153678 18602.4 599092 8641.11 5657.37 7256.65 2530.39 -15937.5 -1.3074e+06 -18340.6 -582054 -5032.69 -4264.65 -42458.5 ;
247.813 41725 746.229 18747.5 -57.353 2333.49 2068.05 264.608 8895.35 127.149 79.6468 106.185 40.4355 -235.912 -21798.7 -261.837 -8686.79 -81.1948 -61.8705 -650.607 ;
14875.4 1.19237e+06 18747.5 1.09409e+06 -3326.73 219025 186854 15804.1 508084 7685.73 4624.99 6463.3 1524.51 -13587.5 -840286 -15434.1 -481733 -4574.23 -3967.69 -34446.4 ;
-13.3329 -3653.01 -57.353 -3326.73 17453.4 17453.4 0 1545.95 1545.95 -32.0277 20.2789 -37.3528 0 -73.2033 -4623.66 1196.55 1196.55 -11.2814 -10.4979 8223.43 ;
4865.71 174433 2333.49 219025 17453.4 1.36051e+07 0 1545.95 229650 2227.14 1423.65 1786.86 73.2217 11921.9 330701 1196.55 596602 2159.67 4713.03 -399951 ;
3976.72 153678 2068.05 186854 0 0 1.04481e+07 0 0 1622.4 288.074 3544.7 0 5699.05 173421 0 0 2100.73 2843.5 -258513 ;
314.527 18602.4 264.608 15804.1 1545.95 1545.95 0 7115.67 7115.67 144.69 176.214 77.0298 77.3548 -297.142 -13534.1 -6605.86 -6605.86 -57.0278 -99.4951 -19.222 ;
10229.9 599092 8895.35 508084 1545.95 229650 0 7115.67 487008 5360.39 4194.73 4017.31 1047.99 -9309.92 -440659 -6605.86 -442780 -1863.56 -2576.45 -10899.4 ;
151.878 8641.11 127.149 7685.73 -32.0277 2227.14 1622.4 144.69 5360.39 151.878 58.1977 69.2441 15.2425 -133.781 -6120.45 -143.533 -4887.82 -25.987 -22.2933 -288.097 ;
107.002 5657.37 79.6468 4624.99 20.2789 1423.65 288.074 176.214 4194.73 58.1977 107.002 0 13.9371 -96.1634 -4139.71 -163.457 -3865.08 -4.96041 -24.5002 -165.819 ;
144.527 7256.65 106.185 6463.3 -37.3528 1786.86 3544.7 77.0298 4017.31 69.2441 0 144.527 10.817 -119.246 -4982.01 -74.7252 -3578.71 -20.3708 -35.8619 -301.51 ;
29.4225 2530.39 40.4355 1524.51 0 73.2217 0 77.3548 1047.99 15.2425 13.9371 10.817 29.4225 -28.0466 -2132.29 -73.1756 -1010.99 -5.25853 -5.74052 -75.6161 ;
-263.618 -15937.5 -235.912 -13587.5 -73.2033 11921.9 5699.05 -297.142 -9309.92 -133.781 -96.1634 -119.246 -28.0466 340.527 13132 311.155 11748.8 59.7447 100.924 -930.678 ;
-11931.1 -1.3074e+06 -21798.7 -840286 -4623.66 330701 173421 -13534.1 -440659 -6120.45 -4139.71 -4982.01 -2132.29 13132 1.17174e+06 13559.1 472159 4117.15 3488.43 -42704.9 ;
-297.142 -18340.6 -261.837 -15434.1 1196.55 1196.55 0 -6605.86 -6605.86 -143.533 -163.457 -74.7252 -73.1756 311.155 13559.1 7124.05 7124.05 58.6057 105.726 23.2143 ;
-9309.92 -582054 -8686.79 -481733 1196.55 596602 0 -6605.86 -442780 -4887.82 -3865.08 -3578.71 -1010.99 11748.8 472159 7124.05 563896 2039.14 3406.25 -23500 ;
-52.2063 -5032.69 -81.1948 -4574.23 -11.2814 2159.67 2100.73 -57.0278 -1863.56 -25.987 -4.96041 -20.3708 -5.25853 59.7447 4117.15 58.6057 2039.14 59.7447 18.2695 -237.447 ;
-74.2178 -4264.65 -61.8705 -3967.69 -10.4979 4713.03 2843.5 -99.4951 -2576.45 -22.2933 -24.5002 -35.8619 -5.74052 100.924 3488.43 105.726 3406.25 18.2695 100.924 -354.594 ;
-587.195 -42458.5 -650.607 -34446.4 8223.43 -399951 -258513 -19.222 -10899.4 -288.097 -165.819 -301.51 -75.6161 -930.678 -42704.9 23.2143 -23500 -237.447 -354.594 76581.6 ;
]
+++++++++++++
Iter 2

Size = 20
Data size = 210
[ 269.095 13887.3 184.952 11595.3 11.6437 3264.89 2025.78 277.31 9208.64 134.458 98.712 129.194 27.1903 -237.253 -10099.3 -258.654 -8424 -38.8886 -63.4771 -271.682 ;
13887.3 1.47455e+06 25896.5 875727 -926.465 68959.7 38788.5 14784.4 499031 7132.51 4933.97 6102.66 2224.48 -13382.9 -1.03548e+06 -14491.8 -489725 -3613.83 -3378.97 -10550.2 ;
184.952 25896.5 443.46 12553.8 -13.1355 727.511 383.263 185.983 6726.19 95.6648 63.0885 81.4341 32.4804 -179.865 -15674 -183.07 -6637.3 -53.3871 -44.4307 -126.17 ;
11595.3 875727 12553.8 734281 -642.508 113980 55550.7 13811.8 403928 6036.63 3946.77 5103.08 1352.37 -10813.1 -641257 -13354.1 -385652 -3011.92 -2911.87 -10436.6 ;
11.6437 -926.465 -13.1355 -642.508 8923.58 8923.58 0 1115.37 1115.37 -9.40852 26.9605 -18.3061 0 -84.2811 -3270.36 525.414 525.414 -14.378 -23.1574 3691.49 ;
3264.89 68959.7 727.511 113980 8923.58 6.79679e+06 0 1115.37 153043 1320.21 902.991 1315.51 44.3566 8404.01 141757 525.414 413587 946.515 3524.95 -140202 ;
2025.78 38788.5 383.263 55550.7 0 0 2.62171e+06 0 0 759.303 215.488 1782.08 0 3817.12 77301.1 0 0 915.486 1729.82 -80297.8 ;
277.31 14784.4 185.983 13811.8 1115.37 1115.37 0 6251.88 6251.88 128.06 151.619 70.8938 64.2126 -258.654 -9924.6 -5760.3 -5760.3 -53.6422 -86.9136 -60.945 ;
9208.64 499031 6726.19 403928 1115.37 153043 0 6251.88 442531 4824.65 3923.85 3713.78 979.953 -8424 -374514 -5760.3 -404652 -1380.9 -2193.33 -5218.94 ;
134.458 7132.51 95.6648 6036.63 -9.40852 1320.21 759.303 128.06 4824.65 134.458 53.7035 61.972 14.0417 -120.409 -5262.68 -124.8 -4419.1 -19.2934 -19.1506 -121.654 ;
98.712 4933.97 63.0885 3946.77 26.9605 902.991 215.488 151.619 3923.85 53.7035 98.712 0 12.9087 -90.062 -3706.65 -139.41 -3649.01 -4.00806 -22.1865 -71.4896 ;
129.194 6102.66 81.4341 5103.08 -18.3061 1315.51 1782.08 70.8938 3713.78 61.972 0 129.194 10.1145 -109.361 -4313.4 -65.3227 -3318.02 -15.9944 -31.2316 -157.913 ;
27.1903 2224.48 32.4804 1352.37 0 44.3566 0 64.2126 979.953 14.0417 12.9087 10.1145 27.1903 -26.2993 -1893.63 -58.5085 -955.449 -4.6962 -5.00481 -13.2205 ;
-237.253 -13382.9 -179.865 -10813.1 -84.2811 8404.01 3817.12 -258.654 -8424 -120.409 -90.062 -109.361 -26.2993 307.196 10972.2 263.331 10552.3 44.5109 87.672 -609.47 ;
-10099.3 -1.03548e+06 -15674 -641257 -3270.36 141757 77301.1 -9924.6 -374514 -5262.68 -3706.65 -4313.4 -1893.63 10972.2 899925 9828.22 394857 2962.11 2743.31 -18260.8 ;
-258.654 -14491.8 -183.07 -13354.1 525.414 525.414 0 -5760.3 -5760.3 -124.8 -139.41 -65.3227 -58.5085 263.331 9828.22 6079.49 6079.49 53.0494 89.732 83.9764 ;
-8424 -489725 -6637.3 -385652 525.414 413587 0 -5760.3 -404652 -4419.1 -3649.01 -3318.02 -955.449 10552.3 394857 6079.49 509297 1507.86 2938.17 -13266.9 ;
-38.8886 -3613.83 -53.3871 -3011.92 -14.378 946.515 915.486 -53.6422 -1380.9 -19.2934 -4.00806 -15.9944 -4.6962 44.5109 2962.11 53.0494 1507.86 44.5109 12.3132 -105.976 ;
-63.4771 -3378.97 -44.4307 -2911.87 -23.1574 3524.95 1729.82 -86.9136 -2193.33 -19.1506 -22.1865 -31.2316 -5.00481 87.672 2743.31 89.732 2938.17 12.3132 87.672 -229.792 ;
-271.682 -10550.2 -126.17 -10436.6 3691.49 -140202 -80297.8 -60.945 -5218.94 -121.654 -71.4896 -157.913 -13.2205 -609.47 -18260.8 83.9764 -13266.9 -105.976 -229.792 21624.1 ;
]
+++++++++++++
Iter 3

Size = 20
Data size = 210
[ 255.092 12548.7 97.5375 10442.7 -10.4117 2914.86 1209.78 260.11 8784.4 127.606 95.5668 122.43 26.3687 -230.244 -9416.08 -252.435 -8106.32 -34.1448 -59.9611 -142.173 ;
12548.7 1.28213e+06 12182.7 758292 -626.798 40645.9 14813.9 13694.5 452583 6463.42 4600.32 5508.87 2073.95 -12268.5 -920335 -13569.7 -446641 -3079.23 -2980.46 -3156.81 ;
97.5375 12182.7 134.533 6365.38 -4.40195 207.853 74.072 100.81 3559.07 50.6886 34.346 42.9239 17.7045 -96.0452 -8134.44 -100.047 -3529.5 -26.6918 -22.764 -18.9111 ;
10442.7 758292 6365.38 624269 -574.771 98544.2 25626 12673.2 366712 5440.99 3699.36 4584.31 1289.94 -9906.01 -573692 -12465.9 -352219 -2522.87 -2556.83 -4123.35 ;
-10.4117 -626.798 -4.40195 -574.771 2146.87 2146.87 0 247.208 247.208 -6.83665 1.90923 -10.7558 0 -59.3082 -1427.84 155.237 155.237 -5.0013 -15.6126 1382.05 ;
2914.86 40645.9 207.853 98544.2 2146.87 6.31425e+06 0 247.208 134607 1005.27 621.505 1135.24 75.2946 6695.92 71470.6 155.237 325872 520.459 2755.34 -64635.2 ;
1209.78 14813.9 74.072 25626 0 0 935335 0 0 413.84 144.203 1050.08 0 2032.88 25944.6 0 0 233.1 762.581 -26039 ;
260.11 13694.5 100.81 12673.2 247.208 247.208 0 5887.6 5887.6 122.579 140.524 66.2864 62.2252 -252.435 -9349.28 -5650.98 -5650.98 -51.403 -84.2696 -12.1544 ;
8784.4 452583 3559.07 366712 247.208 134607 0 5887.6 423807 4611.74 3820.34 3547.72 953.086 -8106.32 -346842 -5650.98 -390745 -1206.08 -2038.02 -3194.59 ;
127.606 6463.42 50.6886 5440.99 -6.83665 1005.27 413.84 122.579 4611.74 127.606 52.1184 58.7516 13.6201 -116.427 -4928.26 -121.138 -4255.87 -16.7925 -18.1463 -60.68 ;
95.5668 4600.32 34.346 3699.36 1.90923 621.505 144.203 140.524 3820.34 52.1184 95.5668 0 12.6316 -88.8062 -3541.69 -136.265 -3592.9 -3.66756 -21.4717 -36.7618 ;
122.43 5508.87 42.9239 4584.31 -10.7558 1135.24 1050.08 66.2864 3547.72 58.7516 0 122.43 9.74533 -107.035 -4038.94 -62.7097 -3195.66 -14.2394 -29.6962 -89.307 ;
26.3687 2073.95 17.7045 1289.94 0 75.2946 0 62.2252 953.086 13.6201 12.6316 9.74533 26.3687 -25.7276 -1787.9 -57.5235 -931.367 -4.45742 -4.70334 -3.41245 ;
-230.244 -12268.5 -96.0452 -9906.01 -59.3082 6695.92 2032.88 -252.435 -8106.32 -116.427 -88.8062 -107.035 -25.7276 288.568 9957.59 254.62 9975.83 37.7418 79.6163 -345.639 ;
-9416.08 -920335 -8134.44 -573692 -1427.84 71470.6 25944.6 -9349.28 -346842 -4928.26 -3541.69 -4038.94 -1787.9 9957.59 788830 9288.97 360727 2509.23 2376.65 -6567.31 ;
-252.435 -13569.7 -100.047 -12465.9 155.237 155.237 0 -5650.98 -5650.98 -121.138 -136.265 -62.7097 -57.5235 254.62 9288.97 5870.25 5870.25 50.7473 86.3707 40.762 ;
-8106.32 -446641 -3529.5 -352219 155.237 325872 0 -5650.98 -390745 -4255.87 -3592.9 -3195.66 -931.367 9975.83 360727 5870.25 482195 1308.49 2690.45 -8391.17 ;
-34.1448 -3079.23 -26.6918 -2522.87 -5.0013 520.459 233.1 -51.403 -1206.08 -16.7925 -3.66756 -14.2394 -4.45742 37.7418 2509.23 50.7473 1308.49 37.7418 9.66098 -32.8359 ;
-59.9611 -2980.46 -22.764 -2556.83 -15.6126 2755.34 762.581 -84.2696 -2038.02 -18.1463 -21.4717 -29.6962 -4.70334 79.6163 2376.65 86.3707 2690.45 9.66098 79.6163 -129.196 ;
-142.173 -3156.81 -18.9111 -4123.35 1382.05 -64635.2 -26039 -12.1544 -3194.59 -60.68 -36.7618 -89.307 -3.41245 -345.639 -6567.31 40.762 -8391.17 -32.8359 -129.196 6346.81 ;
]
+++++++++++++
Iter 4

Size = 20
Data size = 210
[ 243.473 9642.12 39.9307 10607.6 -9.03823 2514.8 633.938 244.596 8659.73 124.898 107.904 96.8099 27.1952 -225.378 -9593.96 -244.016 -8070.39 -36.2395 -46.9964 -80.7908 ;
9642.12 720995 7479.6 602967 -175.728 25079.6 4787.01 9685.01 354543 5112.75 4011.85 3680.84 1473.68 -9511.26 -709280 -9674.91 -350897 -2492.01 -1894.16 -1030.3 ;
39.9307 7479.6 45.3902 2701.3 -0.57267 61.8488 11.3011 37.2392 1480.6 21.3973 15.8454 15.5112 6.56735 -39.5855 -3348.94 -37.2007 -1471.33 -11.5207 -7.78888 -2.85981 ;
10607.6 602967 2701.3 678255 -287.013 85414.5 11945.9 11971.7 385610 5737.08 4434.9 3770.28 1351.98 -10235.8 -612117 -11953.1 -373356 -2832.32 -2019.48 -2071.04 ;
-9.03823 -175.728 -0.57267 -287.013 626.654 626.654 0 52.7529 52.7529 -3.70349 -4.52338 -3.77637 0 -31.2024 -468.319 50.6687 50.6687 -1.28048 -4.11538 402.79 ;
2514.8 25079.6 61.8488 85414.5 626.654 5.54615e+06 0 52.7529 115879 904.611 605.492 802.362 115.62 5723.04 43051.2 50.6687 277322 318.233 1834.52 -39949 ;
633.938 4787.01 11.3011 11945.9 0 0 428351 0 0 183.87 85.273 536.037 0 1241.9 10733.2 0 0 58.4349 305.294 -10104.1 ;
244.596 9685.01 37.2392 11971.7 52.7529 52.7529 0 5538.74 5538.74 118.894 128.988 64.6901 47.4792 -244.016 -8576 -5486.73 -5486.73 -48.1048 -84.7124 3.5589 ;
8659.73 354543 1480.6 385610 52.7529 115879 0 5538.74 419235 4655.76 4392.59 2777.74 1008.46 -8070.39 -356991 -5486.73 -389889 -1316.73 -1617.72 -2434.72 ;
124.898 5112.75 21.3973 5737.08 -3.70349 904.611 183.87 118.894 4655.76 124.898 59.9608 47.0187 14.5206 -115.974 -5122.84 -119.113 -4318.35 -18.2993 -13.6274 -37.2385 ;
107.904 4011.85 15.8454 4434.9 -4.52338 605.492 85.273 128.988 4392.59 59.9608 107.904 0 12.7745 -101.326 -3933.43 -128.641 -4138.94 -4.76953 -21.8124 -26.2285 ;
96.8099 3680.84 15.5112 3770.28 -3.77637 802.362 536.037 64.6901 2777.74 47.0187 0 96.8099 10.5379 -87.673 -3725.2 -64.3022 -2535.68 -12.8241 -18.0116 -44 ;
27.1952 1473.68 6.56735 1351.98 0 115.62 0 47.4792 1008.46 14.5206 12.7745 10.5379 27.1952 -26.5917 -1662.82 -46.4266 -983.978 -4.66584 -5.13026 -1.81568 ;
-225.378 -9511.26 -39.5855 -10235.8 -31.2024 5723.04 1241.9 -244.016 -8070.39 -115.974 -101.326 -87.673 -26.5917 275.317 9936.65 241.279 9826.85 38.9787 60.4061 -208.156 ;
-9593.96 -709280 -3348.94 -612117 -468.319 43051.2 10733.2 -8576 -356991 -5122.84 -3933.43 -3725.2 -1662.82 9936.65 810380 8533.9 367641 2661.29 1997.96 -2543.14 ;
-244.016 -9674.91 -37.2007 -11953.1 50.6687 50.6687 0 -5486.73 -5486.73 -119.113 -128.641 -64.3022 -46.4266 241.279 8533.9 5542.05 5542.05 47.6477 84.7736 27.0934 ;
-8070.39 -350897 -1471.33 -373356 50.6687 277322 0 -5486.73 -389889 -4318.35 -4138.94 -2535.68 -983.978 9826.85 367641 5542.05 476489 1406.74 2113.22 -6257.39 ;
-36.2395 -2492.01 -11.5207 -2832.32 -1.28048 318.233 58.4349 -48.1048 -1316.73 -18.2993 -4.76953 -12.8241 -4.66584 38.9787 2661.29 47.6477 1406.74 38.9787 7.24469 -11.7112 ;
-46.9964 -1894.16 -7.78888 -2019.48 -4.11538 1834.52 305.294 -84.7124 -1617.72 -13.6274 -21.8124 -18.0116 -5.13026 60.4061 1997.96 84.7736 2113.22 7.24469 60.4061 -58.6888 ;
-80.7908 -1030.3 -2.85981 -2071.04 402.79 -39949 -10104.1 3.5589 -2434.72 -37.2385 -26.2285 -44 -1.81568 -208.156 -2543.14 27.0934 -6257.39 -11.7112 -58.6888 2272.97 ;
]
+++++++++++++
Iter 11

Size = 20
Data size = 210
[ 233.851 5889.06 180.162 9795.83 -6.54054 2220.33 533.485 249.421 8014.28 117.34 99.7237 99.4914 28.0821 -218.225 -9452.25 -249.912 -7486.29 -33.052 -45.732 -52.1887 ;
5889.06 251709 5245.64 340290 -72.8156 15164.2 2315.91 6822.52 209463 2996.91 2441.71 2347.93 957.301 -5825.04 -428978 -6825.04 -207498 -1384.33 -1196.55 -395.006 ;
180.162 5245.64 212.879 11310.8 -1.73538 268.77 36.3858 201.569 6476.23 92.2703 71.7007 72.3708 31.7411 -178.911 -15245.9 -201.611 -6437.81 -47.8896 -36.7285 -7.70139 ;
9795.83 340290 11310.8 594008 -191.993 73224.7 9296.88 12195.6 343569 5150.32 3979.16 3734.75 1408.72 -9498.22 -581381 -12205.7 -333439 -2474.53 -1896.06 -1234.68 ;
-6.54054 -72.8156 -1.73538 -191.993 219.87 219.87 0 6.56156 6.56156 -2.9805 -3.36189 -2.54642 0 -17.4051 -189.322 17.4078 17.4078 -0.844697 -1.40108 168.395 ;
2220.33 15164.2 268.77 73224.7 219.87 4.97548e+06 0 6.56156 101236 809.807 486.793 762.708 171.2 5121.51 28772.2 17.4078 249402 234.867 1632.57 -27318.1 ;
533.485 2315.91 36.3858 9296.88 0 0 315046 0 0 180.117 59.6633 458.313 0 849.28 5212.24 0 0 19.3204 205.008 -5045.94 ;
249.421 6822.52 201.569 12195.6 6.56156 6.56156 0 5673.94 5673.94 119.805 135.181 61.7577 47.9887 -249.912 -9906.19 -5657.81 -5657.81 -49.2995 -84.5342 3.86658 ;
8014.28 209463 6476.23 343569 6.56156 101236 0 5673.94 385865 4205.1 4008.06 2701.12 1051.68 -7486.29 -343475 -5657.81 -359632 -1156.45 -1500.99 -1742.72 ;
117.34 2996.91 92.2703 5150.32 -2.9805 809.807 180.117 119.805 4205.1 117.34 54.5357 47.1625 14.8665 -109.281 -4844.08 -120.298 -3902.31 -16.0143 -13.0631 -25.2639 ;
99.7237 2441.71 71.7007 3979.16 -3.36189 486.793 59.6633 135.181 4008.06 54.5357 99.7237 0 13.2762 -94.3031 -3792.99 -135.276 -3785.03 -4.16847 -20.5135 -16.8517 ;
99.4914 2347.93 72.3708 3734.75 -2.54642 762.708 458.313 61.7577 2701.12 47.1625 0 99.4914 10.6059 -91.3163 -3782.86 -61.9931 -2474.45 -12.4285 -18.8963 -28.4892 ;
28.0821 957.301 31.7411 1408.72 0 171.2 0 47.9887 1051.68 14.8665 13.2762 10.6059 28.0821 -27.4568 -1810.97 -47.4943 -1026.13 -4.97062 -5.36562 -1.46192 ;
-218.225 -5825.04 -178.911 -9498.22 -17.4051 5121.51 849.28 -249.912 -7486.29 -109.281 -94.3031 -91.3163 -27.4568 262.477 9681.4 247.458 9203.96 35.5181 57.6786 -134.593 ;
-9452.25 -428978 -15245.9 -581381 -189.322 28772.2 5212.24 -9906.19 -343475 -4844.08 -3792.99 -3782.86 -1810.97 9681.4 878225 9885.79 352001 2565.09 2028.84 -1150.34 ;
-249.912 -6825.04 -201.611 -12205.7 17.4078 17.4078 0 -5657.81 -5657.81 -120.298 -135.276 -61.9931 -47.4943 247.458 9885.79 5673.61 5673.61 48.947 84.4112 13.2339 ;
-7486.29 -207498 -6437.81 -333439 17.4078 249402 0 -5657.81 -359632 -3902.31 -3785.03 -2474.45 -1026.13 9203.96 352001 5673.61 445123 1244.62 1983.36 -4855.73 ;
-33.052 -1384.33 -47.8896 -2474.53 -0.844697 234.867 19.3204 -49.2995 -1156.45 -16.0143 -4.16847 -12.4285 -4.97062 35.5181 2565.09 48.947 1244.62 35.5181 6.81619 -6.46377 ;
-45.732 -1196.55 -36.7285 -1896.06 -1.40108 1632.57 205.008 -84.5342 -1500.99 -13.0631 -20.5135 -18.8963 -5.36562 57.6786 2028.84 84.4112 1983.36 6.81619 57.6786 -38.1413 ;
-52.1887 -395.006 -7.70139 -1234.68 168.395 -27318.1 -5045.94 3.86658 -1742.72 -25.2639 -16.8517 -28.4892 -1.46192 -134.593 -1150.34 13.2339 -4855.73 -6.46377 -38.1413 1011.13 ;
]
+++++++++++++
Iter 12

Size = 20
Data size = 210
[ 234.592 5750.3 227.133 9670.62 -4.82563 1991.72 445.654 230.515 8182.63 118.35 99.8021 100.694 26.1029 -220.653 -9104.63 -230.826 -7696.57 -32.3897 -46.0763 -39.7581 ;
5750.3 235908 11217.6 327871 -37.8967 12784 1677.05 6057.09 208075 2969.35 2385.69 2313.28 848.282 -5703.29 -391761 -6056.83 -206558 -1320.55 -1164.55 -259.94 ;
227.133 11217.6 566.489 14075.9 -1.07636 292.683 32.383 227.615 8313.23 118.56 90.669 91.8394 36.2439 -225.939 -17824.2 -227.583 -8273.6 -58.9921 -45.9826 -6.40749 ;
9670.62 327871 14075.9 577533 -125.453 63746.2 7537.32 11326.3 345848 5137.14 3949.62 3714.53 1309.62 -9419.42 -552261 -11331.1 -337083 -2389.5 -1857.42 -895.075 ;
-4.82563 -37.8967 -1.07636 -125.453 159.798 159.798 0 4.88121 4.88121 -1.81883 -3.00345 -1.26931 0 -12.5493 -100.262 12.5562 12.5562 -0.873799 -0.75529 87.1358 ;
1991.72 12784 292.683 63746.2 159.798 4.50196e+06 0 4.88121 90677.7 750.957 436.924 711.416 191.431 4435.52 22681.5 12.5562 215391 212.571 1376.82 -21900.6 ;
445.654 1677.05 32.383 7537.32 0 0 229618 0 0 147.248 45.8457 385.015 0 678.644 3505.71 0 0 8.47705 153.301 -3472.59 ;
230.515 6057.09 227.615 11326.3 4.88121 4.88121 0 5265.54 5265.54 110.437 121.256 59.9293 39.3639 -230.826 -8334.93 -5252.77 -5252.77 -48.1922 -82.7136 1.85195 ;
8182.63 208075 8313.23 345848 4.88121 90677.7 0 5265.54 395858 4321.45 4053.38 2831.58 979.812 -7696.57 -335855 -5252.77 -371695 -1157.33 -1544.59 -1377.69 ;
118.35 2969.35 118.56 5137.14 -1.81883 750.957 147.248 110.437 4321.45 118.35 54.8573 48.046 14.1225 -111.069 -4778.79 -110.801 -4040.37 -15.9777 -13.3482 -18.8514 ;
99.8021 2385.69 90.669 3949.62 -3.00345 436.924 45.8457 121.256 4053.38 54.8573 99.8021 0 12.2989 -94.9146 -3677.18 -121.295 -3845.56 -4.06569 -20.4443 -13.4279 ;
100.694 2313.28 91.8394 3714.53 -1.26931 711.416 385.015 59.9293 2831.58 48.046 0 100.694 9.99517 -93.4793 -3680.15 -60.0564 -2623.97 -12.3956 -19.3179 -21.0077 ;
26.1029 848.282 36.2439 1309.62 0 191.431 0 39.3639 979.812 14.1225 12.2989 9.99517 26.1029 -25.5241 -1588.8 -38.9693 -956.318 -4.58285 -4.96588 -1.25116 ;
-220.653 -5703.29 -225.939 -9419.42 -12.5493 4435.52 678.644 -230.826 -7696.57 -111.069 -94.9146 -93.4793 -25.5241 259.231 9282.36 228.805 9211.83 34.6967 56.2381 -102.724 ;
-9104.63 -391761 -17824.2 -552261 -100.262 22681.5 3505.71 -8334.93 -335855 -4778.79 -3677.18 -3680.15 -1588.8 9282.36 772283 8322.8 342759 2390.16 1895.92 -781.858 ;
-230.826 -6056.83 -227.583 -11331.1 12.5562 12.5562 0 -5252.77 -5252.77 -110.801 -121.295 -60.0564 -38.9693 228.805 8322.8 5263.43 5263.43 47.8387 82.6501 7.76099 ;
-7696.57 -206558 -8273.6 -337083 12.5562 215391 0 -5252.77 -371695 -4040.37 -3845.56 -2623.97 -956.318 9211.83 342759 5263.43 447012 1239.89 1960.77 -3871.07 ;
-32.3897 -1320.55 -58.9921 -2389.5 -0.873799 212.571 8.47705 -48.1922 -1157.33 -15.9777 -4.06569 -12.3956 -4.58285 34.6967 2390.16 47.8387 1239.89 34.6967 6.47904 -5.46044 ;
-46.0763 -1164.55 -45.9826 -1857.42 -0.75529 1376.82 153.301 -82.7136 -1544.59 -13.3482 -20.4443 -19.3179 -4.96588 56.2381 1895.92 82.6501 1960.77 6.47904 56.2381 -29.3319 ;
-39.7581 -259.94 -6.40749 -895.075 87.1358 -21900.6 -3472.59 1.85195 -1377.69 -18.8514 -13.4279 -21.0077 -1.25116 -102.724 -781.858 7.76099 -3871.07 -5.46044 -29.3319 671.458 ;
]
+++++++++++++
Iter 13

Size = 20
Data size = 210
[ 207.851 2338.85 230.493 8255 -3.64109 1773.23 500.052 221.917 7009.24 100.243 87.6911 90.8914 22.7147 -195.761 -8274.75 -222.587 -6602.22 -28.3951 -39.7765 -30.9073 ;
2338.85 37220.3 1669.05 120158 -14.2248 7107.64 1822.19 2898.38 81263.9 1133.3 990.011 954.78 319.728 -2317.99 -150526 -2900.09 -80627.7 -482.125 -468.892 -110.201 ;
230.493 1669.05 174.489 12929.9 -0.925007 431.766 120.151 284.301 8117.11 112.83 94.6196 93.6882 34.3598 -228.724 -17554.5 -284.428 -8055.97 -54.4826 -46.6582 -7.11151 ;
8255 120158 12929.9 472261 -95.4751 57303.7 11066.5 10953.5 285967 4151.72 3335.68 3236.02 1192.33 -8040.88 -492597 -10969.5 -278790 -2032.74 -1558.98 -674.447 ;
-3.64109 -14.2248 -0.925007 -95.4751 109.323 109.323 0 3.64421 3.64421 -1.35315 -2.31394 -0.792321 0 -9.60351 -63.6161 9.60368 9.60368 -0.774118 -0.42359 54.6157 ;
1773.23 7107.64 431.766 57303.7 109.323 4.08871e+06 0 3.64421 79706.3 647.749 353.594 634.375 217.035 4097.31 19115.2 9.60368 200166 208.598 1235.35 -18462.7 ;
500.052 1822.19 120.151 11066.5 0 0 2.82755e+06 0 0 142.71 39.9753 442.801 0 844.003 9306.7 0 0 224.2 131.207 -4748.99 ;
221.917 2898.38 284.301 10953.5 3.64421 3.64421 0 5098.23 5098.23 104.624 120.898 51.361 27.8413 -222.587 -9473.75 -5096.32 -5096.32 -48.7388 -76.6584 2.34828 ;
7009.24 81263.9 8117.11 285967 3.64421 79706.3 0 5098.23 337025 3533.36 3506.39 2414.02 879.769 -6602.22 -296676 -5096.32 -316975 -978.754 -1282.46 -1050.53 ;
100.243 1133.3 112.83 4151.72 -1.35315 647.749 142.71 104.624 3533.36 100.243 46.5789 41.1849 12.9266 -94.0683 -4084.99 -104.969 -3303.51 -13.1084 -10.8502 -14.3206 ;
87.6911 990.011 94.6196 3335.68 -2.31394 353.594 39.9753 120.898 3506.39 46.5789 87.6911 0 10.641 -83.532 -3276.41 -121.172 -3330.06 -3.42781 -18.0706 -10.5755 ;
90.8914 954.78 93.6882 3236.02 -0.792321 634.375 442.801 51.361 2414.02 41.1849 0 90.8914 8.61303 -84.5375 -3390.87 -51.6084 -2241.15 -10.9749 -16.6312 -16.1904 ;
22.7147 319.728 34.3598 1192.33 0 217.035 0 27.8413 879.769 12.9266 10.641 8.61303 22.7147 -22.0565 -1406.57 -27.8001 -853.042 -4.02318 -4.83629 -1.22351 ;
-195.761 -2317.99 -228.724 -8040.88 -9.60351 4097.31 844.003 -222.587 -6602.22 -94.0683 -83.532 -84.5375 -22.0565 232.98 8430.37 220.604 8091.98 30.7487 49.1513 -88.1682 ;
-8274.75 -150526 -17554.5 -492597 -63.6161 19115.2 9306.7 -9473.75 -296676 -4084.99 -3276.41 -3390.87 -1406.57 8430.37 805801 9463.57 302980 2225.3 1776.24 -603.486 ;
-222.587 -2900.09 -284.428 -10969.5 9.60368 9.60368 0 -5096.32 -5096.32 -104.969 -121.172 -51.6084 -27.8001 220.604 9463.57 5099.21 5099.21 48.4099 76.5479 6.62453 ;
-6602.22 -80627.7 -8055.97 -278790 9.60368 200166 0 -5096.32 -316975 -3303.51 -3330.06 -2241.15 -853.042 8091.98 302980 5099.21 391277 1063.17 1673.43 -3470.34 ;
-28.3951 -482.125 -54.4826 -2032.74 -0.774118 208.598 224.2 -48.7388 -978.754 -13.1084 -3.42781 -10.9749 -4.02318 30.7487 2225.3 48.4099 1063.17 30.7487 5.80215 -5.45714 ;
-39.7765 -468.892 -46.6582 -1558.98 -0.42359 1235.35 131.207 -76.6584 -1282.46 -10.8502 -18.0706 -16.6312 -4.83629 49.1513 1776.24 76.5479 1673.43 5.80215 49.1513 -23.8219 ;
-30.9073 -110.201 -7.11151 -674.447 54.6157 -18462.7 -4748.99 2.34828 -1050.53 -14.3206 -10.5755 -16.1904 -1.22351 -88.1682 -603.486 6.62453 -3470.34 -5.45714 -23.8219 492.58 ;
]
+++++++++++++
Iter 14

Size = 20
Data size = 210
[ 223.596 2526.25 253.8 9201.04 -3.83148 1915.8 451.201 216.446 7655.45 109.561 92.8243 98.092 20.2217 -210.87 -8648.68 -217.149 -7219.37 -32.3314 -43.6032 -32.4249 ;
2526.25 39825.4 4496.17 133953 -15.2663 7777.46 1261.76 2753.97 89257.4 1261.48 1047.43 1038.99 273.911 -2504.24 -153389 -2755.8 -88571.9 -544.993 -510.495 -115.15 ;
253.8 4496.17 545.033 14660.7 -1.02753 484.804 73.4113 269.823 9099.04 128.841 102.054 103.917 29.7553 -251.885 -18008.2 -269.961 -9031.87 -62.4874 -51.4345 -7.62811 ;
9201.04 133953 14660.7 547613 -102.171 63287.5 8447.49 10693.7 323651 4747.4 3627.21 3632.72 1072.45 -8972.93 -525651 -10710.8 -315873 -2390.67 -1759 -712.239 ;
-3.83148 -15.2663 -1.02753 -102.171 110.081 110.081 0 3.83457 3.83457 -1.44201 -2.41818 -0.856273 0 -9.44355 -62.3979 9.44372 9.44372 -0.768131 -0.424327 54.7453 ;
1915.8 7777.46 484.804 63287.5 110.081 4.31621e+06 0 3.83457 86052 666.576 381.111 657.139 203.254 4027.98 18838.1 9.44372 196885 203.874 1237.74 -18829.2 ;
451.201 1261.76 73.4113 8447.49 0 0 920361 0 0 143.021 38.985 395.104 0 661.979 4324.86 0 0 61.6966 127.375 -3259.74 ;
216.446 2753.97 269.823 10693.7 3.83457 3.83457 0 5002.17 5002.17 103.096 116.04 52.9256 22.9426 -217.149 -8254.69 -5000.26 -5000.26 -48.5429 -78.4925 2.47838 ;
7655.45 89257.4 9099.04 323651 3.83457 86052 0 5002.17 369254 3929.84 3744.54 2687.15 789.119 -7219.37 -315521 -5000.26 -347745 -1134.3 -1426.73 -1117.05 ;
109.561 1261.48 128.841 4747.4 -1.44201 666.576 143.021 103.096 3929.84 109.561 50.1451 45.1887 11.8745 -103.067 -4465.85 -103.458 -3685.43 -15.5629 -12.1041 -14.9486 ;
92.8243 1047.43 102.054 3627.21 -2.41818 381.111 38.985 116.04 3744.54 50.1451 92.8243 0 9.31934 -88.4297 -3391.57 -116.329 -3556.79 -3.65165 -19.1236 -11.2027 ;
98.092 1038.99 103.917 3632.72 -0.856273 657.139 395.104 52.9256 2687.15 45.1887 0 98.092 7.9054 -91.4416 -3579.67 -53.186 -2501.18 -12.6233 -18.5856 -16.8563 ;
20.2217 273.911 29.7553 1072.45 0 203.254 0 22.9426 789.119 11.8745 9.31934 7.9054 20.2217 -19.5599 -1171.89 -22.9037 -762.246 -3.57 -4.48492 -1.21861 ;
-210.87 -2504.24 -251.885 -8972.93 -9.44355 4027.98 661.979 -217.149 -7219.37 -103.067 -88.4297 -91.4416 -19.5599 247.465 8801.22 215.196 8686.18 34.6186 52.9717 -86.6611 ;
-8648.68 -153389 -18008.2 -525651 -62.3979 18838.1 4324.86 -8254.69 -315521 -4465.85 -3391.57 -3579.67 -1171.89 8801.22 758010 8244.69 321735 2364.43 1811.46 -590.637 ;
-217.149 -2755.8 -269.961 -10710.8 9.44372 9.44372 0 -5000.26 -5000.26 -103.458 -116.329 -53.186 -22.9037 215.196 8244.69 5003.06 5003.06 48.2172 78.3825 6.50718 ;
-7219.37 -88571.9 -9031.87 -315873 9.44372 196885 0 -5000.26 -347745 -3685.43 -3556.79 -2501.18 -762.246 8686.18 321735 5003.06 420896 1216.71 1818.46 -3424.68 ;
-32.3314 -544.993 -62.4874 -2390.67 -0.768131 203.874 61.6966 -48.5429 -1134.3 -15.5629 -3.65165 -12.6233 -3.57 34.6186 2364.43 48.2172 1216.71 34.6186 6.44484 -5.23863 ;
-43.6032 -510.495 -51.4345 -1759 -0.424327 1237.74 127.375 -78.4925 -1426.73 -12.1041 -19.1236 -18.5856 -4.48492 52.9717 1811.46 78.3825 1818.46 6.44484 52.9717 -23.8814 ;
-32.4249 -115.15 -7.62811 -712.239 54.7453 -18829.2 -3259.74 2.47838 -1117.05 -14.9486 -11.2027 -16.8563 -1.21861 -86.6611 -590.637 6.50718 -3424.68 -5.23863 -23.8814 491.216 ;
]
+++++++++++++
Iter 15

Size = 20
Data size = 210
[ 208.184 1653.07 359.467 8510.19 -3.45593 1720.18 408.118 218.109 7107.02 101.678 89.6307 87.5395 21.2782 -197.312 -8384.35 -218.55 -6741.97 -30.07 -39.6297 -30.2597 ;
1653.07 16943.6 3144.48 83791.9 -9.09647 5803.89 855.024 1944.42 57909.7 814.747 710.179 658.815 194.8 -1637.3 -97982.7 -1945.2 -57427.9 -335.864 -328.094 -90.5288 ;
359.467 3144.48 758.493 19749.4 -1.03036 834.439 101.741 414.96 12784.4 180.335 150.017 142.378 45.4834 -355.613 -24865.7 -415.133 -12644 -83.2793 -71.7736 -13.7699 ;
8510.19 83791.9 19749.4 499710 -79.5649 57555.4 6840.58 10733 299077 4379.21 3468.47 3205.86 1119.13 -8313.17 -506808 -10744.3 -292340 -2198.35 -1590.9 -669.228 ;
-3.45593 -9.09647 -1.03036 -79.5649 167.036 167.036 0 10.971 10.971 -0.815553 -2.59681 -0.46236 0 -8.99836 -43.4627 10.3502 10.3502 -0.879235 -0.350359 36.789 ;
1720.18 5803.89 834.439 57555.4 167.036 4.176e+06 0 10.971 77113.5 611.336 342.306 575.433 206.516 4279.9 20393.5 10.3502 208492 222.156 1241.96 -19447.9 ;
408.118 855.024 101.741 6840.58 0 0 272694 0 0 125.824 42.8697 348.93 0 702.333 3347.18 0 0 11.1569 140.966 -3152.41 ;
218.109 1944.42 414.96 10733 10.971 10.971 0 5018.92 5018.92 103.204 117.508 51.8903 25.3006 -218.55 -8888.76 -5015.49 -5015.49 -48.6191 -77.3772 1.53072 ;
7107.02 57909.7 12784.4 299077 10.971 77113.5 0 5018.92 342287 3639 3592.14 2356.67 821.162 -6741.97 -304062 -5015.49 -324276 -1053.88 -1303.06 -1055.37 ;
101.678 814.747 180.335 4379.21 -0.815553 611.336 125.824 103.204 3639 101.678 48.1491 40.0201 12.2612 -96.2823 -4264.85 -103.439 -3433.11 -14.2412 -11.0811 -13.9847 ;
89.6307 710.179 150.017 3468.47 -2.59681 342.306 42.8697 117.508 3592.14 48.1491 89.6307 0 9.71312 -85.7186 -3329.44 -117.651 -3427.86 -3.52131 -18.3082 -10.3838 ;
87.5395 658.815 142.378 3205.86 -0.46236 575.433 348.93 51.8903 2356.67 40.0201 0 87.5395 8.44035 -82.002 -3388.69 -52.0694 -2208.9 -11.2253 -15.8063 -15.6598 ;
21.2782 194.8 45.4834 1119.13 0 206.516 0 25.3006 821.162 12.2612 9.71312 8.44035 21.2782 -20.6528 -1264.04 -25.2815 -795.706 -3.76222 -4.62289 -1.1883 ;
-197.312 -1637.3 -355.613 -8313.17 -8.99836 4279.9 702.333 -218.55 -6741.97 -96.2823 -85.7186 -82.002 -20.6528 236.411 8547.81 216.685 8300.67 32.5897 49.1005 -92.9402 ;
-8384.35 -97982.7 -24865.7 -506808 -43.4627 20393.5 3347.18 -8888.76 -304062 -4264.85 -3329.44 -3388.69 -1264.04 8547.81 787624 8880.93 310738 2303.44 1767.14 -637.089 ;
-218.55 -1945.2 -415.133 -10744.3 10.3502 10.3502 0 -5015.49 -5015.49 -103.439 -117.651 -52.0694 -25.2815 216.685 8880.93 5018.23 5018.23 48.2253 77.28 5.13264 ;
-6741.97 -57427.9 -12644 -292340 10.3502 208492 0 -5015.49 -324276 -3433.11 -3427.86 -2208.9 -795.706 8300.67 310738 5018.23 401882 1143.1 1693.92 -3686.72 ;
-30.07 -335.864 -83.2793 -2198.35 -0.879235 222.156 11.1569 -48.6191 -1053.88 -14.2412 -3.52131 -11.2253 -3.76222 32.5897 2303.44 48.2253 1143.1 32.5897 6.02397 -5.82 ;
-39.6297 -328.094 -71.7736 -1590.9 -0.350359 1241.96 140.966 -77.3772 -1303.06 -11.0811 -18.3082 -15.8063 -4.62289 49.1005 1767.14 77.28 1693.92 6.02397 49.1005 -24.633 ;
-30.2597 -90.5288 -13.7699 -669.228 36.789 -19447.9 -3152.41 1.53072 -1055.37 -13.9847 -10.3838 -15.6598 -1.1883 -92.9402 -637.089 5.13264 -3686.72 -5.82 -24.633 520.758 ;
]
+++++++++++++
Iter 16

Size = 20
Data size = 210
[ 217.313 1726.69 376.919 9056.51 -3.5687 1801.08 391.219 214.743 7481.24 107.046 92.5286 91.7502 19.8733 -206.146 -8583.69 -215.206 -7099.16 -32.341 -41.8712 -30.8531 ;
1726.69 17626 4171.89 89056.4 -9.41928 6093.04 795.08 1891.8 61033.6 863.183 732.34 692.234 177.94 -1710.66 -99025.4 -1892.63 -60530.9 -359.407 -345.442 -91.6046 ;
376.919 4171.89 1052 21039.9 -1.07942 882.498 94.1373 401.112 13531 192.273 155.324 150.172 41.4542 -372.927 -25042.7 -401.293 -13383.3 -89.1562 -75.6047 -14.1011 ;
9056.51 89056.4 21039.9 543149 -82.4606 60721.1 6548.45 10555.9 321021 4721.19 3637.37 3431.27 1047.58 -8852.52 -523874 -10567.8 -313937 -2404.62 -1709.77 -685.535 ;
-3.5687 -9.41928 -1.07942 -82.4606 165.832 165.832 0 10.6804 10.6804 -0.848078 -2.6773 -0.484548 0 -8.93353 -43.1478 10.1689 10.1689 -0.874587 -0.351995 36.9562 ;
1801.08 6093.04 882.498 60721.1 165.832 4.29641e+06 0 10.6804 80743.6 627.361 359.876 592.997 203.138 4251.26 20306.9 10.1689 207165 219.559 1249.84 -19689.8 ;
391.219 795.08 94.1373 6548.45 0 0 203974 0 0 118.325 39.4968 336.191 0 637.729 2834.44 0 0 5.75175 125.597 -2803.5 ;
214.743 1891.8 401.112 10555.9 10.6804 10.6804 0 4958.22 4958.22 102.357 114.756 52.8673 22.7331 -215.206 -8156.96 -4954.9 -4954.9 -48.1468 -78.3003 1.59209 ;
7481.24 61033.6 13531 321021 10.6804 80743.6 0 4958.22 361023 3867.68 3727.75 2513.91 769.236 -7099.16 -314216 -4954.9 -342158 -1145.78 -1388.94 -1094.69 ;
107.046 863.183 192.273 4721.19 -0.848078 627.361 118.325 102.357 3867.68 107.046 50.1602 42.347 11.6291 -101.503 -4463.5 -102.599 -3653.3 -15.6492 -11.8163 -14.2081 ;
92.5286 732.34 155.324 3637.37 -2.6773 359.876 39.4968 114.756 3727.75 50.1602 92.5286 0 8.97984 -88.4862 -3388.75 -114.914 -3556.29 -3.6682 -18.9279 -10.7224 ;
91.7502 692.234 150.172 3431.27 -0.484548 592.997 336.191 52.8673 2513.91 42.347 0 91.7502 8.04974 -86.0997 -3494.48 -53.0523 -2358.78 -12.1427 -16.8975 -15.8058 ;
19.8733 177.94 41.4542 1047.58 0 203.138 0 22.7331 769.236 11.6291 8.97984 8.04974 19.8733 -19.2408 -1132.78 -22.7147 -743.491 -3.48403 -4.44245 -1.19659 ;
-206.146 -1710.66 -372.927 -8852.52 -8.93353 4251.26 637.729 -215.206 -7099.16 -101.503 -88.4862 -86.0997 -19.2408 244.743 8744.8 213.351 8647.91 34.8313 51.3163 -91.5732 ;
-8583.69 -99025.4 -25042.7 -523874 -43.1478 20306.9 2834.44 -8156.96 -314216 -4463.5 -3388.75 -3494.48 -1132.78 8744.8 756954 8149.18 320860 2370.49 1786.97 -626.7 ;
-215.206 -1892.63 -401.293 -10567.8 10.1689 10.1689 0 -4954.9 -4954.9 -102.599 -114.914 -53.0523 -22.7147 213.351 8149.18 4957.58 4957.58 47.7551 78.2028 5.10393 ;
-7099.16 -60530.9 -13383.3 -313937 10.1689 207165 0 -4954.9 -342158 -3653.3 -3556.29 -2358.78 -743.491 8647.91 320860 4957.58 419265 1233.93 1782.06 -3671.59 ;
-32.341 -359.407 -89.1562 -2404.62 -0.874587 219.559 5.75175 -48.1468 -1145.78 -15.6492 -3.6682 -12.1427 -3.48403 34.8313 2370.49 47.7551 1233.93 34.8313 6.43235 -5.73671 ;
-41.8712 -345.442 -75.6047 -1709.77 -0.351995 1249.84 125.597 -78.3003 -1388.94 -11.8163 -18.9279 -16.8975 -4.44245 51.3163 1786.97 78.2028 1782.06 6.43235 51.3163 -24.5535 ;
-30.8531 -91.6046 -14.1011 -685.535 36.9562 -19689.8 -2803.5 1.59209 -1094.69 -14.2081 -10.7224 -15.8058 -1.19659 -91.5732 -626.7 5.10393 -3671.59 -5.73671 -24.5535 515.333 ;
]
+++++++++++++
Iter 18

Size = 20
Data size = 210
[ 203.729 872.905 339.545 8388.77 -3.29501 1510.08 372.501 220.19 6914.66 98.8532 84.9052 89.0413 21.0474 -195.152 -8294.32 -220.738 -6642.56 -29.8339 -39.63 -25.0849 ;
872.905 4462.25 961.427 41585.3 -6.65547 3492.36 556.976 1044.14 30187.2 425.952 367.845 363.961 97.4732 -864.325 -46095.4 -1044.93 -29951.4 -161.643 -173.422 -50.4038 ;
339.545 961.427 945.308 16616.7 -1.49038 1253.64 189.862 378.985 11976.9 173.859 139.607 139.611 40.6604 -327.54 -19531.9 -379.585 -11525.4 -68.3381 -67.2641 -22.3754 ;
8388.77 41585.3 16616.7 491758 -80.623 50513.3 6345.28 10766.6 293946 4319.07 3291.84 3304.3 1120.57 -8222.99 -498731 -10780 -288553 -2181.76 -1591.68 -553.457 ;
-3.29501 -6.65547 -1.49038 -80.623 119.942 119.942 0 3.29808 3.29808 -1.03416 -2.22226 -0.637004 0 -10.1575 -59.6417 10.1576 10.1576 -0.782553 -0.426007 49.1819 ;
1510.08 3492.36 1253.64 50513.3 119.942 3.87354e+06 0 3.29808 67473.3 550.89 273.87 555.92 234.111 4170.94 18692.6 10.1576 203194 224.726 1214.52 -17447.9 ;
372.501 556.976 189.862 6345.28 0 0 214111 0 0 106.081 39.1475 317.265 0 641.627 2619.22 0 0 5.31114 124.759 -2590.17 ;
220.19 1044.14 378.985 10766.6 3.29808 3.29808 0 5055.51 5055.51 103.967 120.093 51.4503 25.2145 -220.738 -8956.73 -5054.87 -5054.87 -49.4651 -77.3001 1.96015 ;
6914.66 30187.2 11976.9 293946 3.29808 67473.3 0 5055.51 332880 3521.95 3386.07 2419.7 816.042 -6642.56 -300570 -5054.87 -319518 -1043.31 -1295.18 -830.014 ;
98.8532 425.952 173.859 4319.07 -1.03416 550.89 106.081 103.967 3521.95 98.8532 45.3301 40.7323 12.0834 -95.0051 -4217.49 -104.181 -3378.67 -14.1343 -11.2093 -11.0129 ;
84.9052 367.845 139.607 3291.84 -2.22226 273.87 39.1475 120.093 3386.07 45.3301 84.9052 0 9.92912 -81.8992 -3237.3 -120.361 -3266.23 -3.32599 -17.4514 -8.73332 ;
89.0413 363.961 139.611 3304.3 -0.637004 555.92 317.265 51.4503 2419.7 40.7323 0 89.0413 8.09656 -84.3726 -3435.81 -51.605 -2298.05 -11.4991 -16.6718 -13.2692 ;
21.0474 97.4732 40.6604 1120.57 0 234.111 0 25.2145 816.042 12.0834 9.92912 8.09656 21.0474 -20.4231 -1253.34 -25.2109 -790.657 -3.68892 -4.49504 -1.15773 ;
-195.152 -864.325 -327.54 -8222.99 -10.1575 4170.94 641.627 -220.738 -6642.56 -95.0051 -81.8992 -84.3726 -20.4231 234.966 8451.57 218.496 8223.64 32.5086 49.0521 -88.4564 ;
-8294.32 -46095.4 -19531.9 -498731 -59.6417 18692.6 2619.22 -8956.73 -300570 -4217.49 -3237.3 -3435.81 -1253.34 8451.57 765584 8946.03 306976 2271.14 1758.46 -580.189 ;
-220.738 -1044.93 -379.585 -10780 10.1576 10.1576 0 -5054.87 -5054.87 -104.181 -120.361 -51.605 -25.2109 218.496 8946.03 5057.18 5057.18 49.0506 77.1706 7.02458 ;
-6642.56 -29951.4 -11525.4 -288553 10.1576 203194 0 -5054.87 -319518 -3378.67 -3266.23 -2298.05 -790.657 8223.64 306976 5057.18 398180 1138.31 1683.75 -3477.23 ;
-29.8339 -161.643 -68.3381 -2181.76 -0.782553 224.726 5.31114 -49.4651 -1043.31 -14.1343 -3.32599 -11.4991 -3.68892 32.5086 2271.14 49.0506 1138.31 32.5086 6.10752 -5.96287 ;
-39.63 -173.422 -67.2641 -1591.68 -0.426007 1214.52 124.759 -77.3001 -1295.18 -11.2093 -17.4514 -16.6718 -4.49504 49.0521 1758.46 77.1706 1683.75 6.10752 49.0521 -23.2685 ;
-25.0849 -50.4038 -22.3754 -553.457 49.1819 -17447.9 -2590.17 1.96015 -830.014 -11.0129 -8.73332 -13.2692 -1.15773 -88.4564 -580.189 7.02458 -3477.23 -5.96287 -23.2685 454.403 ;
]
+++++++++++++
Iter 19

Size = 20
Data size = 210
[ 215.303 923.657 360.329 9050.88 -3.4011 1647.27 371.926 217.147 7406.35 105.504 88.8621 94.1763 19.4926 -206.274 -8579.17 -217.712 -7113.22 -32.5152 -42.5214 -26.2407 ;
923.657 4723.22 1447.09 44893 -6.89953 3849.7 553.801 1025.54 32351.3 456.752 384.698 386.104 88.7436 -914.777 -47398.6 -1026.36 -32102.6 -175.913 -185.881 -52.335 ;
360.329 1447.09 1173.22 17962.7 -1.55877 1385.11 189.43 370.745 12868.5 187.003 146.484 148.472 37.2898 -347.468 -20013.2 -371.36 -12376.8 -74.3082 -72.0067 -23.861 ;
9050.88 44893 17962.7 542187 -84.0938 56804.8 6354.1 10652.9 321229 4723.05 3502.64 3572.55 1042.38 -8874.43 -521436 -10666.9 -315371 -2419.13 -1741.38 -584.074 ;
-3.4011 -6.89953 -1.55877 -84.0938 120.436 120.436 0 3.40412 3.40412 -1.07602 -2.28762 -0.665657 0 -10.0624 -58.8838 10.0625 10.0625 -0.779472 -0.425074 49.1169 ;
1647.27 3849.7 1385.11 56804.8 120.436 4.13083e+06 0 3.40412 73476.4 558.665 295.33 567.529 216.121 4109.61 18425.4 10.0625 200297 221.311 1216.8 -17836.6 ;
371.926 553.801 189.43 6354.1 0 0 200311 0 0 105.749 38.3361 317.645 0 626 2510.89 0 0 4.30227 121.637 -2526.8 ;
217.147 1025.54 370.745 10652.9 3.40412 3.40412 0 5002.31 5002.31 103.067 117.273 52.6546 22.2931 -217.712 -8260.64 -5001.65 -5001.65 -49.3564 -78.6922 2.0225 ;
7406.35 32351.3 12868.5 321229 3.40412 73476.4 0 5002.31 357540 3814.61 3571.33 2623.43 756.151 -7113.22 -314264 -5001.65 -343122 -1153.88 -1410.49 -882.519 ;
105.504 456.752 187.003 4723.05 -1.07602 558.665 105.749 103.067 3814.61 105.504 47.9385 43.5642 11.3638 -101.451 -4462.62 -103.288 -3661.56 -15.7356 -12.1411 -11.4349 ;
88.8621 384.698 146.484 3502.64 -2.28762 295.33 38.3361 117.273 3571.33 47.9385 88.8621 0 9.11659 -85.6863 -3328.17 -117.549 -3443.23 -3.50485 -18.3002 -9.20611 ;
94.1763 386.104 148.472 3572.55 -0.665657 567.529 317.645 52.6546 2623.43 43.5642 0 94.1763 7.65794 -89.292 -3572.1 -52.8156 -2491.98 -12.5389 -18.0346 -13.7679 ;
19.4926 88.7436 37.2898 1042.38 0 216.121 0 22.2931 756.151 11.3638 9.11659 7.65794 19.4926 -18.8611 -1116.69 -22.2897 -730.49 -3.38118 -4.32896 -1.15547 ;
-206.274 -914.777 -347.468 -8874.43 -10.0624 4109.61 626 -217.712 -7113.22 -101.451 -85.6863 -89.292 -18.8611 245.673 8734.71 215.488 8678.44 35.1666 51.959 -87.4549 ;
-8579.17 -47398.6 -20013.2 -521436 -58.8838 18425.4 2510.89 -8260.64 -314264 -4462.62 -3328.17 -3572.1 -1116.69 8734.71 744990 8250.07 320610 2363.65 1799.19 -573.308 ;
-217.712 -1026.36 -371.36 -10666.9 10.0625 10.0625 0 -5001.65 -5001.65 -103.288 -117.549 -52.8156 -22.2897 215.488 8250.07 5003.94 5003.94 48.943 78.5631 6.94791 ;
-7113.22 -32102.6 -12376.8 -315371 10.0625 200297 0 -5001.65 -343122 -3661.56 -3443.23 -2491.98 -730.49 8678.44 320610 5003.94 420980 1247.8 1800.67 -3443.91 ;
-32.5152 -175.913 -74.3082 -2419.13 -0.779472 221.311 4.30227 -49.3564 -1153.88 -15.7356 -3.50485 -12.5389 -3.38118 35.1666 2363.65 48.943 1247.8 35.1666 6.62933 -5.91736 ;
-42.5214 -185.881 -72.0067 -1741.38 -0.425074 1216.8 121.637 -78.6922 -1410.49 -12.1411 -18.3002 -18.0346 -4.32896 51.959 1799.19 78.5631 1800.67 6.62933 51.959 -23.3283 ;
-26.2407 -52.335 -23.861 -584.074 49.1169 -17836.6 -2526.8 2.0225 -882.519 -11.4349 -9.20611 -13.7679 -1.15547 -87.4549 -573.308 6.94791 -3443.91 -5.91736 -23.3283 453.887 ;
]
+++++++++++++
Iter 20

Size = 20
Data size = 210
[ 217.149 1030.38 495.163 9086.36 -4.35584 1578.83 379.382 212.5 7392.1 106.779 90.1295 94.9089 18.9844 -208.211 -8624.09 -213.099 -7108.59 -32.1212 -43.6375 -25.9829 ;
1030.38 5746.7 2756.88 50109.9 -8.73057 4006.23 603.696 1109.62 35856.1 512.052 429.922 430.329 95.7585 -1019.49 -53288.3 -1110.55 -35535.1 -194.48 -211.278 -57.2085 ;
495.163 2756.88 1682.88 25446 -2.20424 1513.49 206.707 515.693 17538.1 254.277 202.542 203.651 49.598 -484.456 -28818 -516.281 -17144.8 -104.246 -101.354 -24.7767 ;
9086.36 50109.9 25446 539258 -96.5658 53752.8 6468.85 10591.6 318584 4752.71 3558.47 3576.38 1019.61 -8913.83 -522872 -10605.8 -312970 -2373.01 -1769.71 -575.642 ;
-4.35584 -8.73057 -2.20424 -96.5658 160.757 160.757 0 4.42092 4.42092 -0.971004 -3.34239 -0.586052 0 -10.1239 -49.6325 10.1277 10.1277 -0.82828 -0.376145 43.1054 ;
1578.83 4006.23 1513.49 53752.8 160.757 3.99568e+06 0 4.42092 70387.7 555.976 290.698 555.707 223.162 4137.45 18551 10.1277 201628 225.719 1212.05 -17680.9 ;
379.382 603.696 206.707 6468.85 0 0 198135 0 0 110.092 36.1913 326.723 0 621.229 2488.69 0 0 4.3699 123.999 -2544.36 ;
212.5 1109.62 515.693 10591.6 4.42092 4.42092 0 4926.19 4926.19 99.8613 113.401 51.5671 21.4025 -213.099 -8375.87 -4925.5 -4925.5 -49.5371 -78.0871 1.92838 ;
7392.1 35856.1 17538.1 318584 4.42092 70387.7 0 4926.19 356357 3820.05 3617.71 2580.89 745.038 -7108.59 -314412 -4925.5 -342453 -1126.87 -1422.14 -865.91 ;
106.779 512.052 254.277 4752.71 -0.971004 555.976 110.092 99.8613 3820.05 106.779 48.7488 43.9877 11.0387 -102.742 -4485.12 -100.075 -3669.82 -15.4873 -12.6105 -11.3719 ;
90.1295 429.922 202.542 3558.47 -3.34239 290.698 36.1913 113.401 3617.71 48.7488 90.1295 0 8.79011 -86.9478 -3348.15 -113.714 -3490.94 -3.4698 -18.8816 -9.09856 ;
94.9089 430.329 203.651 3576.38 -0.586052 555.707 326.723 51.5671 2580.89 43.9877 0 94.9089 7.43915 -90.0985 -3580.77 -51.7255 -2456.36 -12.3844 -18.5802 -13.6895 ;
18.9844 95.7585 49.598 1019.61 0 223.162 0 21.4025 745.038 11.0387 8.79011 7.43915 18.9844 -18.364 -1094.45 -21.3996 -719.816 -3.38539 -4.23203 -1.14626 ;
-208.211 -1019.49 -484.456 -8913.83 -10.1239 4137.45 621.229 -213.099 -7108.59 -102.742 -86.9478 -90.0985 -18.364 247.598 8778.34 210.99 8680.91 34.806 53.0394 -86.617 ;
-8624.09 -53288.3 -28818 -522872 -49.6325 18551 2488.69 -8375.87 -314412 -4485.12 -3348.15 -3580.77 -1094.45 8778.34 757243 8366.86 320776 2360.73 1825.02 -562.092 ;
-213.099 -1110.55 -516.281 -10605.8 10.1277 10.1277 0 -4925.5 -4925.5 -100.075 -113.714 -51.7255 -21.3996 210.99 8366.86 4927.66 4927.66 49.1111 77.9715 5.92982 ;
-7108.59 -35535.1 -17144.8 -312970 10.1277 201628 0 -4925.5 -342453 -3669.82 -3490.94 -2456.36 -719.816 8680.91 320776 4927.66 420674 1221.87 1809.99 -3454.57 ;
-32.1212 -194.48 -104.246 -2373.01 -0.82828 225.719 4.3699 -49.5371 -1126.87 -15.4873 -3.4698 -12.3844 -3.38539 34.806 2360.73 49.1111 1221.87 34.806 6.61409 -5.98354 ;
-43.6375 -211.278 -101.354 -1769.71 -0.376145 1212.05 123.999 -78.0871 -1422.14 -12.6105 -18.8816 -18.5802 -4.23203 53.0394 1825.02 77.9715 1809.99 6.61409 53.0394 -23.2609 ;
-25.9829 -57.2085 -24.7767 -575.642 43.1054 -17680.9 -2544.36 1.92838 -865.91 -11.3719 -9.09856 -13.6895 -1.14626 -86.617 -562.092 5.92982 -3454.57 -5.98354 -23.2609 446.462 ;
]
+++++++++++++
Iter 21

Size = 20
Data size = 210
[ 215.613 1022.83 491.405 8993.14 -4.33709 1562.73 378.748 212.979 7328.66 105.881 89.647 94.2019 19.1977 -206.733 -8588.55 -213.574 -7047.7 -31.7361 -43.2333 -25.8269 ;
1022.83 5704.54 2670.42 49588.7 -8.68998 3960.86 602.549 1112.96 35541.3 507.349 427.643 426.918 97.0971 -1012 -53118.3 -1113.89 -35223 -192.195 -209.345 -56.896 ;
491.405 2670.42 1629.32 25178.7 -2.19157 1495.68 206.266 517.671 17380.1 251.831 201.419 201.983 50.288 -480.783 -28745.2 -518.256 -16990.6 -103.043 -100.45 -24.5932 ;
8993.14 49588.7 25178.7 531879 -96.011 53041.9 6453.38 10614.8 314863 4695.01 3530.37 3537.68 1030.43 -8822 -519766 -10628.9 -309306 -2338.12 -1747.98 -571.613 ;
-4.33709 -8.68998 -2.19157 -96.011 160.716 160.716 0 4.40196 4.40196 -0.964984 -3.32962 -0.582063 0 -10.1457 -49.7813 10.1494 10.1494 -0.828901 -0.376591 43.1418 ;
1562.73 3960.86 1495.68 53041.9 160.716 3.96623e+06 0 4.40196 69681.1 554.278 288.008 553.543 224.632 4143.07 18572.3 10.1494 201886 226.112 1211.02 -17630 ;
378.748 602.549 206.266 6453.38 0 0 198145 0 0 109.817 36.2211 326.066 0 622.057 2492.78 0 0 4.36587 124.046 -2545.04 ;
212.979 1112.96 517.671 10614.8 4.40196 4.40196 0 4934.66 4934.66 99.9931 113.776 51.4306 21.7451 -213.574 -8478.99 -4933.97 -4933.97 -49.6096 -77.9703 1.91989 ;
7328.66 35541.3 17380.1 314863 4.40196 69681.1 0 4934.66 353184 3781.6 3595.22 2554.07 753.102 -7047.7 -312699 -4933.97 -339407 -1111.36 -1406.55 -859.409 ;
105.881 507.349 251.831 4695.01 -0.964984 554.278 109.817 99.9931 3781.6 105.881 48.4216 43.5922 11.1395 -101.872 -4452.45 -100.206 -3632.55 -15.2526 -12.4778 -11.3125 ;
89.647 427.643 201.419 3530.37 -3.32962 288.008 36.2211 113.776 3595.22 48.4216 89.647 0 8.90112 -86.4871 -3338.38 -114.088 -3469.47 -3.44478 -18.7717 -9.03625 ;
94.2019 426.918 201.983 3537.68 -0.582063 553.543 326.066 51.4306 2554.07 43.5922 0 94.2019 7.50055 -89.421 -3562.91 -51.5879 -2430.72 -12.2333 -18.3838 -13.6165 ;
19.1977 97.0971 50.288 1030.43 0 224.632 0 21.7451 753.102 11.1395 8.90112 7.50055 19.1977 -18.5787 -1113.13 -21.7422 -727.936 -3.42745 -4.25572 -1.14517 ;
-206.733 -1012 -480.783 -8822 -10.1457 4143.07 622.057 -213.574 -7047.7 -101.872 -86.4871 -89.421 -18.5787 246.16 8742.94 211.462 8621.48 34.4236 52.628 -86.7006 ;
-8588.55 -53118.3 -28745.2 -519766 -49.7813 18572.3 2492.78 -8478.99 -312699 -4452.45 -3338.38 -3562.91 -1113.13 8742.94 760952 8469.95 319068 2348.04 1820.48 -562.649 ;
-213.574 -1113.89 -518.256 -10628.9 10.1494 10.1494 0 -4933.97 -4933.97 -100.206 -114.088 -51.5879 -21.7422 211.462 8469.95 4936.13 4936.13 49.1834 77.8546 5.94494 ;
-7047.7 -35223 -16990.6 -309306 10.1494 201886 0 -4933.97 -339407 -3632.55 -3469.47 -2430.72 -727.936 8621.48 319068 4936.13 417701 1206.48 1794.01 -3457.05 ;
-31.7361 -192.195 -103.043 -2338.12 -0.828901 226.112 4.36587 -49.6096 -1111.36 -15.2526 -3.44478 -12.2333 -3.42745 34.4236 2348.04 49.1834 1206.48 34.4236 6.53869 -5.98784 ;
-43.2333 -209.345 -100.45 -1747.98 -0.376591 1211.02 124.046 -77.9703 -1406.55 -12.4778 -18.7717 -18.3838 -4.25572 52.628 1820.48 77.8546 1794.01 6.53869 52.628 -23.2378 ;
-25.8269 -56.896 -24.5932 -571.613 43.1418 -17630 -2545.04 1.91989 -859.409 -11.3125 -9.03625 -13.6165 -1.14517 -86.7006 -562.649 5.94494 -3457.05 -5.98784 -23.2378 446.291 ;
]
+++++++++++++
Iter 22

Size = 20
Data size = 210
[ 213.719 1064.3 598.406 9059.45 -4.15088 1428.94 341.367 216.409 7347.36 106.671 90.1694 93.5919 18.8568 -205.686 -8705.33 -216.999 -7099.41 -31.6709 -43.4546 -23.3832 ;
1064.3 6119.11 3520.36 52201.7 -9.12918 3785.12 551.985 1164.76 37351.7 537.81 448.144 447.186 98.0869 -1052.71 -56043.5 -1165.93 -37016.8 -201 -220.796 -54.0774 ;
598.406 3520.36 2447.67 31443 -2.88643 1542.71 191.488 643.265 21364.8 309.464 247.685 247.566 59.4363 -589.293 -36043.4 -643.907 -21040.6 -127.618 -124.966 -24.2206 ;
9059.45 52201.7 31443 543980 -91.4857 48824.9 5700.71 10857 321058 4828.17 3601.85 3602.18 1015.12 -8904.46 -532585 -10870.8 -316124 -2362.73 -1797.46 -510.734 ;
-4.15088 -9.12918 -2.88643 -91.4857 173.45 173.45 0 4.15098 4.15098 -0.996014 -3.19892 -0.648164 0 -12.0562 -64.4223 12.0562 12.0562 -0.595147 -0.717783 53.1474 ;
1428.94 3785.12 1542.71 48824.9 173.45 3.74769e+06 0 4.15098 63367.5 507.308 262.092 504.819 216.46 4076.9 17603.2 12.0562 197541 232.237 1214.85 -16411.3 ;
341.367 551.985 191.488 5700.71 0 0 180102 0 0 93.7863 36.9589 289.43 0 618.124 2244.02 0 0 2.13552 120.302 -2249.21 ;
216.409 1164.76 643.265 10857 4.15098 4.15098 0 4994.38 4994.38 100.839 114.8 53.0493 21.0726 -216.999 -8631.31 -4993.79 -4993.79 -50.7257 -78.9542 2.30386 ;
7347.36 37351.7 21364.8 321058 4.15098 63367.5 0 4994.38 354824 3861.35 3628.82 2594.47 737.074 -7099.41 -319281 -4993.79 -342742 -1124.58 -1437.31 -736.899 ;
106.671 537.81 309.464 4828.17 -0.996014 507.308 93.7863 100.839 3861.35 106.671 49.217 44.1028 10.8169 -103.078 -4573.13 -101.059 -3729.42 -15.5736 -13.0627 -10.0736 ;
90.1694 448.144 247.685 3601.85 -3.19892 262.092 36.9589 114.8 3628.82 49.217 90.1694 0 8.5389 -87.2013 -3381.59 -115.135 -3514.49 -3.53791 -18.9805 -8.59582 ;
93.5919 447.186 247.566 3602.18 -0.648164 504.819 289.43 53.0493 2594.47 44.1028 0 93.5919 7.41253 -89.2716 -3649.81 -53.2181 -2486.12 -12.6124 -18.6735 -12.0626 ;
18.8568 98.0869 59.4363 1015.12 0 216.46 0 21.0726 737.074 10.8169 8.5389 7.41253 18.8568 -18.2318 -1089.46 -21.0726 -711.705 -3.45346 -4.22746 -1.13092 ;
-205.686 -1052.71 -589.293 -8904.46 -12.0562 4076.9 618.124 -216.999 -7099.41 -103.078 -87.2013 -89.2716 -18.2318 245.836 8860.08 214.537 8669.88 34.3633 53.3234 -86.6198 ;
-8705.33 -56043.5 -36043.4 -532585 -64.4223 17603.2 2244.02 -8631.31 -319281 -4573.13 -3381.59 -3649.81 -1089.46 8860.08 782801 8618.9 325436 2395.14 1860.87 -551.072 ;
-216.999 -1165.93 -643.907 -10870.8 12.0562 12.0562 0 -4993.79 -4993.79 -101.059 -115.135 -53.2181 -21.0726 214.537 8618.9 4996.25 4996.25 50.3422 78.7269 8.07837 ;
-7099.41 -37016.8 -21040.6 -316124 12.0562 197541 0 -4993.79 -342742 -3729.42 -3514.49 -2486.12 -711.705 8669.88 325436 4996.25 420485 1222.14 1831.75 -3313.98 ;
-31.6709 -201 -127.618 -2362.73 -0.595147 232.237 2.13552 -50.7257 -1124.58 -15.5736 -3.53791 -12.6124 -3.45346 34.3633 2395.14 50.3422 1222.14 34.3633 6.71502 -5.98887 ;
-43.4546 -220.796 -124.966 -1797.46 -0.717783 1214.85 120.302 -78.9542 -1437.31 -13.0627 -18.9805 -18.6735 -4.22746 53.3234 1860.87 78.7269 1831.75 6.71502 53.3234 -23.9225 ;
-23.3832 -54.0774 -24.2206 -510.734 53.1474 -16411.3 -2249.21 2.30386 -736.899 -10.0736 -8.59582 -12.0626 -1.13092 -86.6198 -551.072 8.07837 -3313.98 -5.98887 -23.9225 424.056 ;
]
+++++++++++++
Iter 23

Size = 20
Data size = 210
[ 213.001 1038.72 585.76 9018.76 -3.68258 1427.48 339.722 217.066 7322.18 105.324 89.8481 93.1664 19.0074 -205.071 -8680.42 -217.611 -7076.34 -31.7223 -42.8013 -23.0745 ;
1038.72 5831.15 3311.39 50768.8 -7.81206 3733.01 546.092 1143.11 36443.4 520.743 437.515 436.015 96.9804 -1027.3 -54518.7 -1144.14 -36108.8 -196.369 -213.025 -52.5953 ;
585.76 3311.39 2379.46 30656.1 -2.43032 1533.03 189.906 632.995 20910.4 300.758 242.648 242.008 58.9288 -576.659 -35143.3 -633.577 -20583.1 -124.901 -121.007 -23.762 ;
9018.76 50768.8 30656.1 540864 -81.5334 48581.7 5683.45 10826.2 319635 4761.56 3582.1 3580.88 1022.02 -8865.45 -530464 -10839 -314725 -2363.91 -1766.19 -502.683 ;
-3.68258 -7.81206 -2.43032 -81.5334 149.811 149.811 0 3.68337 3.68337 -0.89602 -2.81445 -0.566624 0 -10.9622 -56.8864 10.9623 10.9623 -0.625939 -0.642505 46.6338 ;
1427.48 3733.01 1533.03 48581.7 149.811 3.75227e+06 0 3.68337 63296.3 508.815 260.83 510.928 222.987 4056.72 17469.9 10.9623 196386 231.715 1185.33 -16337.2 ;
339.722 546.092 189.906 5683.45 0 0 178177 0 0 91.5313 36.9751 287.577 0 611.702 2205.94 0 0 2.1142 116.176 -2221.07 ;
217.066 1143.11 632.995 10826.2 3.68337 3.68337 0 5006.8 5006.8 101.791 115.486 53.0656 21.9939 -217.611 -8654.02 -5006.26 -5006.26 -50.23 -78.8011 2.04716 ;
7322.18 36443.4 20910.4 319635 3.68337 63296.3 0 5006.8 353638 3812.29 3612.66 2584.02 740.636 -7076.34 -318188 -5006.26 -341660 -1126.63 -1416.76 -735.226 ;
105.324 520.743 300.758 4761.56 -0.89602 508.815 91.5313 101.791 3812.29 105.324 48.7215 43.4038 10.9912 -101.83 -4536.92 -101.99 -3683.19 -15.425 -12.5683 -9.85294 ;
89.8481 437.515 242.648 3582.1 -2.81445 260.83 36.9751 115.486 3612.66 48.7215 89.8481 0 8.6164 -86.9338 -3373.79 -115.792 -3499.45 -3.55071 -18.7644 -8.43225 ;
93.1664 436.015 242.008 3580.88 -0.566624 510.928 287.577 53.0656 2584.02 43.4038 0 93.1664 7.46997 -88.8856 -3635.12 -53.2167 -2476.18 -12.5992 -18.3105 -11.9476 ;
19.0074 96.9804 58.9288 1022.02 0 222.987 0 21.9939 740.636 10.9912 8.6164 7.46997 19.0074 -18.3828 -1099.39 -21.9939 -715.297 -3.43929 -4.24438 -1.12926 ;
-205.071 -1027.3 -576.659 -8865.45 -10.9622 4056.72 611.702 -217.611 -7076.34 -101.83 -86.9338 -88.8856 -18.3828 244.933 8833.09 215.262 8639.68 34.4195 52.4404 -85.373 ;
-8680.42 -54518.7 -35143.3 -530464 -56.8864 17469.9 2205.94 -8654.02 -318188 -4536.92 -3373.79 -3635.12 -1099.39 8833.09 780385 8642.68 324301 2393.91 1843.04 -539.845 ;
-217.611 -1144.14 -633.577 -10839 10.9623 10.9623 0 -5006.26 -5006.26 -101.99 -115.792 -53.2167 -21.9939 215.262 8642.68 5008.6 5008.6 49.8403 78.5965 7.41027 ;
-7076.34 -36108.8 -20583.1 -314725 10.9623 196386 0 -5006.26 -341660 -3683.19 -3499.45 -2476.18 -715.297 8639.68 324301 5008.6 419028 1224.03 1802.37 -3290.24 ;
-31.7223 -196.369 -124.901 -2363.91 -0.625939 231.715 2.1142 -50.23 -1126.63 -15.425 -3.55071 -12.5992 -3.43929 34.4195 2393.91 49.8403 1224.03 34.4195 6.63516 -5.99931 ;
-42.8013 -213.025 -121.007 -1766.19 -0.642505 1185.33 116.176 -78.8011 -1416.76 -12.5683 -18.7644 -18.3105 -4.24438 52.4404 1843.04 78.5965 1802.37 6.63516 52.4404 -23.1631 ;
-23.0745 -52.5953 -23.762 -502.683 46.6338 -16337.2 -2221.07 2.04716 -735.226 -9.85294 -8.43225 -11.9476 -1.12926 -85.373 -539.845 7.41027 -3290.24 -5.99931 -23.1631 415.409 ;
]
+++++++++++++
Iter 24

Size = 20
Data size = 210
[ 212.433 1037.8 571.212 8981.92 -3.86322 1414.15 339.494 215.337 7295.76 104.803 89.5756 92.6792 18.901 -204.443 -8645.55 -215.952 -7052.75 -31.6992 -42.2832 -23.0343 ;
1037.8 5842.84 3239.3 50675 -8.78945 3662.21 536.016 1136.57 36351.2 519.209 436.933 434.451 96.7388 -1026.54 -54452.2 -1137.91 -36042.6 -196.671 -210.864 -52.0981 ;
571.212 3239.3 2263.31 29857 -2.84897 1481.85 185.654 614.131 20374 292.677 236.688 235.095 57.4537 -562.124 -34253.7 -614.76 -20050.4 -121.931 -116.942 -23.2288 ;
8981.92 50675 29857 537750 -87.1528 47855.4 5654.74 10767.4 317773 4730.17 3565.98 3550.86 1016.46 -8828.56 -527563 -10781.7 -312964 -2358.48 -1738.96 -495.631 ;
-3.86322 -8.78945 -2.84897 -87.1528 139.863 139.863 0 3.86322 3.86322 -1.11598 -2.8481 -0.727572 0 -11.0977 -66.6293 11.0977 11.0977 -0.388786 -1.00599 55.5163 ;
1414.15 3662.21 1481.85 47855.4 139.863 3.73171e+06 0 3.86322 62557 511.136 256.19 512.875 233.367 3956.18 16661.5 11.0977 191015 228.992 1148.3 -15693.3 ;
339.494 536.016 185.654 5654.74 0 0 172913 0 0 91.6232 36.2611 286.902 0 596.635 2058.59 0 0 1.52247 112.39 -2105.86 ;
215.337 1136.57 614.131 10767.4 3.86322 3.86322 0 4967.62 4967.62 101.03 114.177 52.8707 21.31 -215.952 -8546.2 -4967.01 -4967.01 -50.1163 -78.7377 2.72714 ;
7295.76 36351.2 20374 317773 3.86322 62557 0 4967.62 352305 3789.39 3603.65 2559.99 738.017 -7052.75 -316581 -4967.01 -340506 -1123.07 -1396.35 -696.165 ;
104.803 519.209 292.677 4730.17 -1.11598 511.136 91.6232 101.03 3789.39 104.803 48.5342 42.9996 10.9552 -101.264 -4510.62 -101.274 -3661.43 -15.3582 -12.3199 -9.79847 ;
89.5756 436.933 236.688 3565.98 -2.8481 256.19 36.2611 114.177 3603.65 48.5342 89.5756 0 8.58995 -86.6217 -3362.25 -114.531 -3490.94 -3.53125 -18.6192 -8.58704 ;
92.6792 434.451 235.095 3550.86 -0.727572 512.875 286.902 52.8707 2559.99 42.9996 0 92.6792 7.43327 -88.3662 -3610.72 -53.0564 -2454.07 -12.4821 -17.9541 -11.9127 ;
18.901 96.7388 57.4537 1016.46 0 233.367 0 21.31 738.017 10.9552 8.58995 7.43327 18.901 -18.2559 -1094.13 -21.31 -711.9 -3.41298 -4.24656 -1.1538 ;
-204.443 -1026.54 -562.124 -8828.56 -11.0977 3956.18 596.635 -215.952 -7052.75 -101.264 -86.6217 -88.3662 -18.2559 243.626 8795.99 213.648 8585.17 34.2404 51.9175 -83.9432 ;
-8645.55 -54452.2 -34253.7 -527563 -66.6293 16661.5 2058.59 -8546.2 -316581 -4510.62 -3362.25 -3610.72 -1094.13 8795.99 776389 8532.54 322469 2384.72 1826.6 -531.376 ;
-215.952 -1137.91 -614.76 -10781.7 11.0977 11.0977 0 -4967.01 -4967.01 -101.274 -114.531 -53.0564 -21.31 213.648 8532.54 4969.31 4969.31 49.8601 78.4155 8.80383 ;
-7052.75 -36042.6 -20050.4 -312964 11.0977 191015 0 -4967.01 -340506 -3661.43 -3490.94 -2454.07 -711.9 8585.17 322469 4969.31 416203 1219.68 1773.24 -3153.52 ;
-31.6992 -196.671 -121.931 -2358.48 -0.388786 228.992 1.52247 -50.1163 -1123.07 -15.3582 -3.53125 -12.4821 -3.41298 34.2404 2384.72 49.8601 1219.68 34.2404 6.55402 -5.65771 ;
-42.2832 -210.864 -116.942 -1738.96 -1.00599 1148.3 112.39 -78.7377 -1396.35 -12.3199 -18.6192 -17.9541 -4.24656 51.9175 1826.6 78.4155 1773.24 6.55402 51.9175 -22.9553 ;
-23.0343 -52.0981 -23.2288 -495.631 55.5163 -15693.3 -2105.86 2.72714 -696.165 -9.79847 -8.58704 -11.9127 -1.1538 -83.9432 -531.376 8.80383 -3153.52 -5.65771 -22.9553 408.489 ;
]
+++++++++++++
Iter 25

Size = 20
Data size = 210
[ 213.029 1037.02 560.694 8995.53 -3.94145 1433.3 344.779 215.17 7310.01 105.036 89.7569 92.7154 19.0926 -204.959 -8649.21 -215.801 -7062.76 -31.6979 -42.3651 -23.3289 ;
1037.02 5830.91 3162.86 50608.9 -8.92093 3698.66 545.457 1133.43 36304.4 518.365 436.662 432.807 97.6565 -1025.87 -54342.1 -1134.79 -35994.5 -196.089 -210.483 -52.5563 ;
560.694 3162.86 2173.05 29246.7 -2.835 1481.22 187.909 600.473 19983.8 287.311 232.199 230.113 56.925 -551.435 -33519.1 -601.108 -19651.9 -119.278 -114.574 -23.2982 ;
8995.53 50608.9 29246.7 537903 -89.063 48470.2 5773.72 10747.9 318006 4732.58 3570.57 3541.38 1024.58 -8840.39 -527227 -10762.6 -313120 -2355.82 -1738.53 -505.131 ;
-3.94145 -8.92093 -2.835 -89.063 139.958 139.958 0 3.94145 3.94145 -1.14388 -2.89242 -0.740228 0 -11.0822 -66.5372 11.0822 11.0822 -0.409697 -0.99693 55.7427 ;
1433.3 3698.66 1481.22 48470.2 139.958 3.77675e+06 0 3.94145 63553.5 519.546 260.508 519.124 235.271 3982.11 16882.6 11.0822 192975 226.461 1151.13 -15920.2 ;
344.779 545.457 187.909 5773.72 0 0 178765 0 0 93.9206 35.6221 292.856 0 605.501 2149.26 0 0 1.96838 113.741 -2184 ;
215.17 1133.43 600.473 10747.9 3.94145 3.94145 0 4964.46 4964.46 101.024 114.21 52.7826 21.6353 -215.801 -8520.39 -4963.83 -4963.83 -49.9457 -78.694 2.77512 ;
7310.01 36304.4 19983.8 318006 3.94145 63553.5 0 4964.46 352858 3793.02 3609.86 2554.41 744.873 -7062.76 -316531 -4963.83 -340806 -1121.86 -1397.69 -715.494 ;
105.036 518.365 287.311 4732.58 -1.14388 519.546 93.9206 101.024 3793.02 105.036 48.6181 42.9868 11.0534 -101.441 -4509.49 -101.273 -3662.46 -15.3362 -12.3063 -10.0126 ;
89.7569 436.662 232.199 3570.57 -2.89242 260.508 35.6221 114.21 3609.86 48.6181 89.7569 0 8.69747 -86.7777 -3366.77 -114.569 -3495.58 -3.52504 -18.663 -8.69511 ;
92.7154 432.807 230.113 3541.38 -0.740228 519.124 292.856 52.7826 2554.41 42.9868 0 92.7154 7.52235 -88.3743 -3602.07 -52.9718 -2446.79 -12.3831 -17.9047 -12.0333 ;
19.0926 97.6565 56.925 1024.58 0 235.271 0 21.6353 744.873 11.0534 8.69747 7.52235 19.0926 -18.4604 -1105.73 -21.6353 -719.251 -3.44847 -4.26676 -1.14173 ;
-204.959 -1025.87 -551.435 -8840.39 -11.0822 3982.11 605.501 -215.801 -7062.76 -101.441 -86.7777 -88.3743 -18.4604 244.14 8799.92 213.483 8600.56 34.2368 51.8838 -84.2532 ;
-8649.21 -54342.1 -33519.1 -527227 -66.5372 16882.6 2149.26 -8520.39 -316531 -4509.49 -3366.77 -3602.07 -1105.73 8799.92 774596 8506.74 322479 2380.21 1825.72 -535.283 ;
-215.801 -1134.79 -601.108 -10762.6 11.0822 11.0822 0 -4963.83 -4963.83 -101.273 -114.569 -52.9718 -21.6353 213.483 8506.74 4966.15 4966.15 49.6782 78.3751 8.8062 ;
-7062.76 -35994.5 -19651.9 -313120 11.0822 192975 0 -4963.83 -340806 -3662.46 -3495.58 -2446.79 -719.251 8600.56 322479 4966.15 416969 1217.82 1774.51 -3192.06 ;
-31.6979 -196.089 -119.278 -2355.82 -0.409697 226.461 1.96838 -49.9457 -1121.86 -15.3362 -3.52504 -12.3831 -3.44847 34.2368 2380.21 49.6782 1217.82 34.2368 6.5209 -5.63489 ;
-42.3651 -210.483 -114.574 -1738.53 -0.99693 1151.13 113.741 -78.694 -1397.69 -12.3063 -18.663 -17.9047 -4.26676 51.8838 1825.72 78.3751 1774.51 6.5209 51.8838 -22.8568 ;
-23.3289 -52.5563 -23.2982 -505.131 55.7427 -15920.2 -2184 2.77512 -715.494 -10.0126 -8.69511 -12.0333 -1.14173 -84.2532 -535.283 8.8062 -3192.06 -5.63489 -22.8568 413.555 ;
]
+++++++++++++
Iter 26

Size = 20
Data size = 210
[ 212.884 1039.74 567.285 8997.57 -3.68927 1414.8 341.154 215.549 7309.72 105.011 89.7055 92.8076 19.0755 -204.916 -8656.62 -216.17 -7066.25 -31.747 -42.4115 -22.9514 ;
1039.74 5858.69 3215.93 50772.6 -8.57675 3651.55 537.667 1137.83 36417.4 520.054 437.667 434.748 97.7866 -1028.66 -54538.6 -1139.23 -36112.5 -196.971 -211.373 -51.7005 ;
567.285 3215.93 2223.96 29634.7 -2.82037 1469.09 185.511 608.917 20228.9 290.7 234.906 233.239 57.5267 -558.195 -33980.5 -609.544 -19903.8 -120.985 -116.155 -22.9466 ;
8997.57 50772.6 29634.7 538489 -84.5515 47752.4 5705.31 10772 318272 4736.91 3570.65 3551.43 1024.09 -8844.6 -528002 -10786.4 -313470 -2360.96 -1742.77 -495.004 ;
-3.68927 -8.57675 -2.82037 -84.5515 126.534 126.534 0 3.68927 3.68927 -1.16124 -2.63992 -0.763535 0 -10.7993 -67.4729 10.7993 10.7993 -0.355186 -1.10459 56.2867 ;
1414.8 3651.55 1469.09 47752.4 126.534 3.73914e+06 0 3.68927 62681 515.06 256.528 515.668 236.504 3949.42 16582.7 10.7993 191239 226.092 1143.74 -15628 ;
341.154 537.667 185.511 5705.31 0 0 176355 0 0 92.4987 35.3691 289.536 0 600.999 2093.96 0 0 1.74343 112.68 -2132.66 ;
215.549 1137.83 608.917 10772 3.68927 3.68927 0 4971.44 4971.44 101.18 114.314 52.9437 21.6323 -216.17 -8540.75 -4970.82 -4970.82 -50.08 -78.8113 2.86458 ;
7309.72 36417.4 20228.9 318272 3.68927 62681 0 4971.44 352895 3795.22 3608.65 2561.38 744.239 -7066.25 -316944 -4970.82 -341040 -1124.47 -1400.4 -695.237 ;
105.011 520.054 290.7 4736.91 -1.16124 515.06 92.4987 101.18 3795.22 105.011 48.5968 43.0531 11.0428 -101.459 -4515.43 -101.433 -3666.69 -15.3777 -12.345 -9.83273 ;
89.7055 437.667 234.906 3570.65 -2.63992 256.528 35.3691 114.314 3608.65 48.5968 89.7055 0 8.68313 -86.7639 -3367.4 -114.666 -3495.91 -3.53289 -18.6681 -8.6004 ;
92.8076 434.748 233.239 3551.43 -0.763535 515.668 289.536 52.9437 2561.38 43.0531 0 92.8076 7.50421 -88.5044 -3611.19 -53.1377 -2455.21 -12.4615 -17.9783 -11.8381 ;
19.0755 97.7866 57.5267 1024.09 0 236.504 0 21.6323 744.239 11.0428 8.68313 7.50421 19.0755 -18.4409 -1104.89 -21.6323 -718.528 -3.4417 -4.26448 -1.14186 ;
-204.916 -1028.66 -558.195 -8844.6 -10.7993 3949.42 600.999 -216.17 -7066.25 -101.459 -86.7639 -88.5044 -18.4409 243.898 8806.16 213.891 8595.69 34.245 51.9629 -83.4867 ;
-8656.62 -54538.6 -33980.5 -528002 -67.4729 16582.7 2093.96 -8540.75 -316944 -4515.43 -3367.4 -3611.19 -1104.89 8806.16 776123 8526.62 322814 2385.29 1828.71 -528.879 ;
-216.17 -1139.23 -609.544 -10786.4 10.7993 10.7993 0 -4970.82 -4970.82 -101.433 -114.666 -53.1377 -21.6323 213.891 8526.62 4973.1 4973.1 49.8514 78.457 9.07882 ;
-7066.25 -36112.5 -19903.8 -313470 10.7993 191239 0 -4970.82 -341040 -3666.69 -3495.91 -2455.21 -718.528 8595.69 322814 4973.1 416742 1220.41 1776.07 -3143.58 ;
-31.747 -196.971 -120.985 -2360.96 -0.355186 226.092 1.74343 -50.08 -1124.47 -15.3777 -3.53289 -12.4615 -3.4417 34.245 2385.29 49.8514 1220.41 34.245 6.55329 -5.53717 ;
-42.4115 -211.373 -116.155 -1742.77 -1.10459 1143.74 112.68 -78.8113 -1400.4 -12.345 -18.6681 -17.9783 -4.26448 51.9629 1828.71 78.457 1776.07 6.55329 51.9629 -22.8539 ;
-22.9514 -51.7005 -22.9466 -495.004 56.2867 -15628 -2132.66 2.86458 -695.237 -9.83273 -8.6004 -11.8381 -1.14186 -83.4867 -528.879 9.07882 -3143.58 -5.53717 -22.8539 407.097 ;
]
+++++++++++++
Iter 27

Size = 20
Data size = 210
[ 213.028 1039.75 565.263 9001.99 -3.59235 1414.67 342.128 215.614 7313.89 105.1 89.754 92.8658 19.1257 -205.067 -8659.49 -216.238 -7070.12 -31.7447 -42.4563 -22.9676 ;
1039.75 5857.51 3200.8 50771.8 -8.46109 3645.39 539.159 1137.69 36416.8 520.1 437.711 434.648 98.0291 -1028.72 -54531.4 -1139.11 -36112.7 -196.851 -211.417 -51.7138 ;
565.263 3200.8 2205.9 29518.7 -2.81009 1463.31 185.781 606.433 20154 289.739 234.039 232.373 57.4512 -556.167 -33841 -607.06 -19828.1 -120.453 -115.753 -22.8907 ;
9001.99 50771.8 29518.7 538681 -83.0945 47685.7 5734.22 10773.9 318406 4739.76 3572.53 3552.19 1026.3 -8849.11 -528102 -10788.4 -313603 -2360.44 -1744.01 -495.977 ;
-3.59235 -8.46109 -2.81009 -83.0945 119.298 119.298 0 3.59235 3.59235 -1.18601 -2.52348 -0.785086 0 -10.6524 -68.0481 10.6524 10.6524 -0.339558 -1.16081 56.7893 ;
1414.67 3645.39 1463.31 47685.7 119.298 3.73855e+06 0 3.59235 62727.8 516.758 256.91 516.801 237.485 3948.96 16575.9 10.6524 191498 224.716 1143.13 -15616.9 ;
342.128 539.159 185.781 5734.22 0 0 178447 0 0 93.0431 34.978 290.997 0 604.049 2120.55 0 0 1.88241 113.197 -2153.52 ;
215.614 1137.69 606.433 10773.9 3.59235 3.59235 0 4972.52 4972.52 101.213 114.36 52.9605 21.7114 -216.238 -8539.78 -4971.89 -4971.89 -50.0701 -78.8258 2.94399 ;
7313.89 36416.8 20154 318406 3.59235 62727.8 0 4972.52 353058 3797.8 3610.49 2562.25 746.088 -7070.12 -317037 -4971.89 -341172 -1124.23 -1401.74 -696.273 ;
105.1 520.1 289.739 4739.76 -1.18601 516.758 93.0431 101.213 3797.8 105.1 48.6283 43.0888 11.0658 -101.54 -4517.05 -101.471 -3668.95 -15.3787 -12.3602 -9.87254 ;
89.754 437.711 234.039 3572.53 -2.52348 256.91 34.978 114.36 3610.49 48.6283 89.754 0 8.70948 -86.8172 -3369.1 -114.712 -3497.68 -3.5325 -18.6877 -8.62334 ;
92.8658 434.648 232.373 3552.19 -0.785086 516.801 290.997 52.9605 2562.25 43.0888 0 92.8658 7.52428 -88.5646 -3611.44 -53.1594 -2455.89 -12.4533 -17.9916 -11.8366 ;
19.1257 98.0291 57.4512 1026.3 0 237.485 0 21.7114 746.088 11.0658 8.70948 7.52428 19.1257 -18.4961 -1107.95 -21.7114 -720.571 -3.45133 -4.26992 -1.13609 ;
-205.067 -1028.72 -556.167 -8849.11 -10.6524 3948.96 604.049 -216.238 -7070.12 -101.54 -86.8172 -88.5646 -18.4961 243.968 8808.88 213.967 8598.94 34.2212 51.974 -83.4337 ;
-8659.49 -54531.4 -33841 -528102 -68.0481 16575.9 2120.55 -8539.78 -317037 -4517.05 -3369.1 -3611.44 -1107.95 8808.88 776003 8525.36 322906 2384.72 1829.4 -529.567 ;
-216.238 -1139.11 -607.06 -10788.4 10.6524 10.6524 0 -4971.89 -4971.89 -101.471 -114.712 -53.1594 -21.7114 213.967 8525.36 4974.17 4974.17 49.8551 78.4531 9.24904 ;
-7070.12 -36112.7 -19828.1 -313603 10.6524 191498 0 -4971.89 -341172 -3668.95 -3497.68 -2455.89 -720.571 8598.94 322906 4974.17 416920 1219.84 1777.17 -3144.03 ;
-31.7447 -196.851 -120.453 -2360.44 -0.339558 224.716 1.88241 -50.0701 -1124.23 -15.3787 -3.5325 -12.4533 -3.45133 34.2212 2384.72 49.8551 1219.84 34.2212 6.54895 -5.47981 ;
-42.4563 -211.417 -115.753 -1744.01 -1.16081 1143.13 113.197 -78.8258 -1401.74 -12.3602 -18.6877 -17.9916 -4.26992 51.974 1829.4 78.4531 1777.17 6.54895 51.974 -22.8637 ;
-22.9676 -51.7138 -22.8907 -495.977 56.7893 -15616.9 -2153.52 2.94399 -696.273 -9.87254 -8.62334 -11.8366 -1.13609 -83.4337 -529.567 9.24904 -3144.03 -5.47981 -22.8637 408.034 ;
]
+++++++++++++
Iter 28

Size = 20
Data size = 210
[ 213.028 1039.74 565.265 9001.96 -3.58703 1414.57 342.061 215.612 7313.86 105.1 89.7539 92.8659 19.1256 -205.069 -8659.47 -216.236 -7070.12 -31.7446 -42.4561 -22.9583 ;
1039.74 5857.45 3200.8 50771.4 -8.44691 3645.04 538.984 1137.67 36416.6 520.097 437.709 434.646 98.0285 -1028.72 -54531 -1139.09 -36112.5 -196.849 -211.415 -51.6837 ;
565.265 3200.8 2205.93 29518.8 -2.80543 1463.18 185.727 606.433 20154 289.74 234.04 232.374 57.4515 -556.171 -33841.1 -607.059 -19828.2 -120.453 -115.753 -22.8795 ;
9001.96 50771.4 29518.8 538678 -82.9908 47682.3 5733.17 10773.9 318404 4739.74 3572.53 3552.18 1026.29 -8849.11 -528100 -10788.4 -313602 -2360.42 -1744 -495.769 ;
-3.58703 -8.44691 -2.80543 -82.9908 119.078 119.078 0 3.58703 3.58703 -1.18517 -2.51907 -0.784133 0 -10.6426 -67.9717 10.6426 10.6426 -0.339786 -1.15961 56.7202 ;
1414.57 3645.04 1463.18 47682.3 119.078 3.73841e+06 0 3.58703 62722.5 516.722 256.877 516.764 237.498 3948.52 16572.3 10.6426 191476 224.697 1142.97 -15613.9 ;
342.061 538.984 185.727 5733.17 0 0 178392 0 0 93.0108 34.9621 290.948 0 603.862 2119.35 0 0 1.87968 113.145 -2152.48 ;
215.612 1137.67 606.433 10773.9 3.58703 3.58703 0 4972.48 4972.48 101.212 114.358 52.9604 21.7107 -216.236 -8539.66 -4971.86 -4971.86 -50.0702 -78.8258 2.94049 ;
7313.86 36416.6 20154 318404 3.58703 62722.5 0 4972.48 353057 3797.78 3610.48 2562.24 746.086 -7070.12 -317036 -4971.86 -341172 -1124.22 -1401.73 -696.083 ;
105.1 520.097 289.74 4739.74 -1.18517 516.722 93.0108 101.212 3797.78 105.1 48.6281 43.0888 11.0657 -101.541 -4517.04 -101.47 -3668.95 -15.3786 -12.3601 -9.86855 ;
89.7539 437.709 234.04 3572.53 -2.51907 256.877 34.9621 114.358 3610.48 48.6281 89.7539 0 8.70946 -86.8179 -3369.1 -114.71 -3497.69 -3.53248 -18.6876 -8.61973 ;
92.8659 434.646 232.374 3552.18 -0.784133 516.764 290.948 52.9604 2562.24 43.0888 0 92.8659 7.52425 -88.5654 -3611.43 -53.1591 -2455.9 -12.4533 -17.9916 -11.8317 ;
19.1256 98.0285 57.4515 1026.29 0 237.498 0 21.7107 746.086 11.0657 8.70946 7.52425 19.1256 -18.4961 -1107.95 -21.7107 -720.57 -3.45133 -4.26991 -1.13604 ;
-205.069 -1028.72 -556.171 -8849.11 -10.6426 3948.52 603.862 -216.236 -7070.12 -101.541 -86.8179 -88.5654 -18.4961 243.965 8808.82 213.965 8598.82 34.2211 51.9723 -83.4087 ;
-8659.47 -54531 -33841.1 -528100 -67.9717 16572.3 2119.35 -8539.66 -317036 -4517.04 -3369.1 -3611.43 -1107.95 8808.82 775999 8525.25 322904 2384.71 1829.38 -529.322 ;
-216.236 -1139.09 -607.059 -10788.4 10.6426 10.6426 0 -4971.86 -4971.86 -101.47 -114.71 -53.1591 -21.7107 213.965 8525.25 4974.13 4974.13 49.8551 78.4535 9.24078 ;
-7070.12 -36112.5 -19828.2 -313602 10.6426 191476 0 -4971.86 -341172 -3668.95 -3497.69 -2455.9 -720.57 8598.82 322904 4974.13 416914 1219.83 1777.12 -3143.45 ;
-31.7446 -196.849 -120.453 -2360.42 -0.339786 224.697 1.87968 -50.0702 -1124.22 -15.3786 -3.53248 -12.4533 -3.45133 34.2211 2384.71 49.8551 1219.83 34.2211 6.54885 -5.47938 ;
-42.4561 -211.415 -115.753 -1744 -1.15961 1142.97 113.145 -78.8258 -1401.73 -12.3601 -18.6876 -17.9916 -4.26991 51.9723 1829.38 78.4535 1777.12 6.54885 51.9723 -22.8563 ;
-22.9583 -51.6837 -22.8795 -495.769 56.7202 -15613.9 -2152.48 2.94049 -696.083 -9.86855 -8.61973 -11.8317 -1.13604 -83.4087 -529.322 9.24078 -3143.45 -5.47938 -22.8563 407.819 ;
]
+++++++++++++
Iter 29

Size = 20
Data size = 210
[ 213.027 1039.74 565.274 9001.94 -3.58344 1414.52 342.059 215.612 7313.84 105.099 89.7536 92.8655 19.1255 -205.068 -8659.46 -216.236 -7070.11 -31.7447 -42.4554 -22.9588 ;
1039.74 5857.35 3200.83 50771 -8.44144 3644.88 538.979 1137.67 36416.3 520.093 437.705 434.642 98.0269 -1028.71 -54530.6 -1139.09 -36112.3 -196.848 -211.41 -51.6863 ;
565.274 3200.83 2206.03 29519.3 -2.80475 1463.14 185.727 606.445 20154.3 289.744 234.044 232.378 57.4519 -556.179 -33841.6 -607.072 -19828.5 -120.455 -115.753 -22.88 ;
9001.94 50771 29519.3 538678 -82.9312 47680 5733.16 10773.8 318403 4739.73 3572.52 3552.17 1026.29 -8849.1 -528100 -10788.3 -313601 -2360.44 -1743.97 -495.774 ;
-3.58344 -8.44144 -2.80475 -82.9312 118.851 118.851 0 3.58344 3.58344 -1.18559 -2.51518 -0.784534 0 -10.6373 -67.9765 10.6373 10.6373 -0.339381 -1.16092 56.7232 ;
1414.52 3644.88 1463.14 47680 118.851 3.73829e+06 0 3.58344 62720.5 516.725 256.874 516.765 237.511 3948.44 16571.6 10.6373 191473 224.692 1142.92 -15613.2 ;
342.059 538.979 185.727 5733.16 0 0 178395 0 0 93.01 34.9604 290.947 0 603.864 2119.35 0 0 1.87983 113.142 -2152.47 ;
215.612 1137.67 606.445 10773.8 3.58344 3.58344 0 4972.49 4972.49 101.212 114.359 52.9602 21.7111 -216.236 -8539.73 -4971.87 -4971.87 -50.0699 -78.8256 2.94198 ;
7313.84 36416.3 20154.3 318403 3.58344 62720.5 0 4972.49 353056 3797.77 3610.47 2562.24 746.08 -7070.11 -317036 -4971.87 -341172 -1124.23 -1401.71 -696.048 ;
105.099 520.093 289.744 4739.73 -1.18559 516.725 93.01 101.212 3797.77 105.099 48.628 43.0886 11.0657 -101.541 -4517.04 -101.471 -3668.94 -15.3787 -12.3598 -9.86894 ;
89.7536 437.705 234.044 3572.52 -2.51518 256.874 34.9604 114.359 3610.47 48.628 89.7536 0 8.70939 -86.8178 -3369.1 -114.71 -3497.68 -3.53249 -18.6874 -8.62009 ;
92.8655 434.642 232.378 3552.17 -0.784534 516.765 290.947 52.9602 2562.24 43.0886 0 92.8655 7.52418 -88.5651 -3611.43 -53.159 -2455.9 -12.4533 -17.9912 -11.832 ;
19.1255 98.0269 57.4519 1026.29 0 237.511 0 21.7111 746.08 11.0657 8.70939 7.52418 19.1255 -18.496 -1107.94 -21.7111 -720.564 -3.45128 -4.26992 -1.13602 ;
-205.068 -1028.71 -556.179 -8849.1 -10.6373 3948.44 603.864 -216.236 -7070.11 -101.541 -86.8178 -88.5651 -18.496 243.963 8808.82 213.966 8598.78 34.2208 51.9716 -83.4093 ;
-8659.46 -54530.6 -33841.6 -528100 -67.9765 16571.6 2119.35 -8539.73 -317036 -4517.04 -3369.1 -3611.43 -1107.94 8808.82 776001 8525.32 322904 2384.72 1829.36 -529.349 ;
-216.236 -1139.09 -607.072 -10788.3 10.6373 10.6373 0 -4971.87 -4971.87 -101.471 -114.71 -53.159 -21.7111 213.966 8525.32 4974.14 4974.14 49.8551 78.4528 9.24421 ;
-7070.11 -36112.3 -19828.5 -313601 10.6373 191473 0 -4971.87 -341172 -3668.94 -3497.68 -2455.9 -720.564 8598.78 322904 4974.14 416913 1219.84 1777.08 -3143.34 ;
-31.7447 -196.848 -120.455 -2360.44 -0.339381 224.692 1.87983 -50.0699 -1124.23 -15.3787 -3.53249 -12.4533 -3.45128 34.2208 2384.72 49.8551 1219.84 34.2208 6.54878 -5.47847 ;
-42.4554 -211.41 -115.753 -1743.97 -1.16092 1142.92 113.142 -78.8256 -1401.71 -12.3598 -18.6874 -17.9912 -4.26992 51.9716 1829.36 78.4528 1777.08 6.54878 51.9716 -22.8576 ;
-22.9588 -51.6863 -22.88 -495.774 56.7232 -15613.2 -2152.47 2.94198 -696.048 -9.86894 -8.62009 -11.832 -1.13602 -83.4093 -529.349 9.24421 -3143.34 -5.47847 -22.8576 407.843 ;
]
+++++++++++++
