This file has automatically been generated.
Thu Nov  9 21:13:39 2017
Michel Bierlaire, EPFL

biogeme 2.6a [Mon Apr 24 10:19:20 BST 2017]
Michel Bierlaire, EPFL

Warning: [21:13:39]bioMain.cc:108  pythonbiogeme Model5 ../data.dat
[21:13:39]bioParameters.cc:399  Parameter documentation generated: pythonparam.html
[21:13:39]bioModelParser.cc:109  Model5.py exists
 Read sample file: ../data.dat
 Processing the sample file: ../data.dat [00:00]
 Nbr of cores reported by the system: 4
 Nbr of cores used by biogeme: 2
 Init. log-likelihood: -1380.54 [00:00]
     gmax Iter   radius        f(x)     Status       rhok nFree
 +7.24e+00    1 1.00e+00 +1.3805366e+03 ****Converg  +1.11e+00 21  ++ P
 +4.18e+00    2 2.00e+00 +1.0112815e+03 ****NegCurv  -7.73e-01 21  -  P
 +4.18e+00    3 1.00e+00 +1.0112815e+03 ****OutTrReg +7.81e-01 21  +  P
 +7.75e+00    4 1.00e+00 +9.1260490e+02 ****Converg  +1.05e+00 21  ++ P
 +6.81e-01    5 2.00e+00 +8.5321448e+02 ****Converg  +1.25e+00 21  ++ P
 +3.97e-01    6 4.00e+00 +8.2400296e+02 ****Converg  +1.26e+00 21  ++ P
 +7.31e-01    7 8.00e+00 +7.9976965e+02 ****Converg  +1.21e+00 21  ++ P
 +1.36e-01    8 1.60e+01 +7.9041059e+02 ****Converg  +7.70e-01 21  +  P
 +1.94e+00    9 1.60e+01 +7.8652562e+02 ****Converg  +9.88e-01 21  ++ P
 +4.34e-02   10 3.20e+01 +7.8434079e+02 ****Converg  -5.04e+00 21  -  P
 +4.34e-02   11 2.02e-01 +7.8434079e+02 ****OutTrReg +7.92e-01 21  +  P
 +1.16e+00   12 2.02e-01 +7.8256687e+02 ****Converg  +9.96e-01 21  ++ P
 +2.36e-02   13 4.04e-01 +7.8187218e+02 ****OutTrReg -2.44e+00 21  -  P
 +2.36e-02   14 2.02e-01 +7.8187218e+02 ****OutTrReg +6.61e-01 21  +  P
 +8.50e-01   15 2.02e-01 +7.8055133e+02 ****Converg  +9.93e-01 21  ++ P
 +4.06e-02   16 4.04e-01 +7.8008778e+02 ****Converg  +9.91e-01 21  ++ P
 +1.26e-01   17 8.08e-01 +7.7953234e+02 ****Converg  +1.00e+00 21  ++ P
 +2.26e-03   18 1.62e+00 +7.7952388e+02 ****Converg  +1.01e+00 21  ++ P
 +2.79e-03   19 3.23e+00 +7.7943319e+02 ****Converg  +1.00e+00 21  ++ P
 +7.77e-05   20 6.46e+00 +7.7943293e+02 ****Converg  +1.00e+00 21  ++ P
 Convergence reached...
 Run time interval: [21:13:39,21:13:43]
 Run time: 00:04
 Estimated parameters: 
ASC_PT = 0

Beta_time_PT = 0.282875

LAMBDA = 0.205604

Beta_time_PT_walk = -0.0396421

Beta_Cost = -0.0486532

Beta_Age1 = 0.0520672

Beta_Age2 = -0.00881873

Beta_Age3 = 0.0033125

Beta_urb = -0.208572

Beta_TripWork = 0.356507

Beta_TripLeisure = -0.237489

Beta_have_ga = 1.65946

ASC_PM  = 0.572261

Beta_time_PM = -0.0157026

Beta_multi_trips = -0.418267

Beta_roman = 1.09728

Beta_german = 0.249163

ASC_SM = 1.75024

Beta_Distance = -0.625355

Beta_Age1_walk = -1.16356

Beta_Age2_walk = -0.00289481

Beta_Age3_walk = -0.010363


 File Model5_param.py created
 --------------------------------------------------------
 Directory: /Users/tomtom/GoogleDrive/EPFL/Master/MA3/Modelling Behaviour/Project/Models/MyModels/Model5_Final
 The following files have been generated
 --------------------------------------------------------
 Debug files
 --------------------------------------------------------
      headers.py: List of headers of the data file (biogeme use only)
      __bin_data.dat: Data file in a binary format
 --------------------------------------------------------
 Useful files
 --------------------------------------------------------
      __biogeme.log: Log of all outputs
      pythonparam.html: Documentation of the parameters
      __parametersUsed.py: Values of the parameters actually used
      Model5.tex: Results in LaTeX format
 --------------------------------------------------------
 Important files
 --------------------------------------------------------
      Model5_param.py: Results in Python format (to copy/paste for simulation)
      Model5.html: Results in HTML format
