Iter 0

Size = 19
Data size = 190
[ 397.167 22385.2 21322.7 -295.128 10652.6 7393.97 346.694 14264.1 198.083 136.333 184.194 34.6944 -326.833 -14640.3 -327.472 -12162.2 -73.1389 -95.3056 -1555.07 ;
22385.2 2.60995e+06 1.72657e+06 -36557.5 758070 584492 22422.9 814257 11384.5 7152.44 9528.81 3013.53 -20195 -1.66964e+06 -22158.4 -758315 -7019.69 -5592.86 -194976 ;
21322.7 1.72657e+06 1.80902e+06 -43955.2 707324 480466 19297.1 772364 10888.4 6254.86 9066.58 1835.97 -18618.9 -1.11625e+06 -18804.2 -698153 -6930.14 -5778.75 -129157 ;
-295.128 -36557.5 -43955.2 94975.9 94975.9 0 -3500.82 -3500.82 -182.014 5.725 -169.883 0 156.872 11413.2 6069.98 6069.98 221.203 -22.6583 14356.3 ;
10652.6 758070 707324 94975.9 4.40575e+07 0 -3500.82 546957 5876.85 2264.89 4044.97 271.133 17839.6 1.10953e+06 6069.98 906812 4862.46 5720.42 -1.87326e+06 ;
7393.97 584492 480466 0 0 4.77933e+07 0 0 3028.22 145.05 7394.49 0 8950.04 609325 0 0 3397.03 2956.98 -1.28925e+06 ;
346.694 22422.9 19297.1 -3500.82 -3500.82 0 7844.25 7844.25 155.75 186 88.2778 84.5556 -327.472 -16480.6 -7262.25 -7262.25 -70.1944 -111.222 43.8611 ;
14264.1 814257 772364 -3500.82 546957 0 7844.25 688481 7448.75 5577.5 5610.56 1269.83 -12162.2 -551453 -7262.25 -583665 -2763.22 -3491.25 -38820.7 ;
198.083 11384.5 10888.4 -182.014 5876.85 3028.22 155.75 7448.75 198.083 74.5833 88.6111 17.9444 -166.167 -7475.25 -154.75 -6404.5 -35.9444 -27.7222 -712.842 ;
136.333 7152.44 6254.86 5.725 2264.89 145.05 186 5577.5 74.5833 136.333 0 16.5556 -116.667 -4900.58 -173 -4842.75 -6.83333 -30.0278 -381.217 ;
184.194 9528.81 9066.58 -169.883 4044.97 7394.49 88.2778 5610.56 88.6111 0 184.194 12.6944 -143.222 -6008.72 -85.3889 -4603.53 -26.5833 -44.6944 -832.629 ;
34.6944 3013.53 1835.97 0 271.133 0 84.5556 1269.83 17.9444 16.5556 12.6944 34.6944 -31.9722 -2382.19 -79.7778 -1190.17 -5.94444 -6.69444 -250.244 ;
-326.833 -20195 -18618.9 156.872 17839.6 8950.04 -327.472 -12162.2 -166.167 -116.667 -143.222 -31.9722 391.167 16057.1 337.694 14116.6 80.0278 116.861 -1300.72 ;
-14640.3 -1.66964e+06 -1.11625e+06 11413.2 1.10953e+06 609325 -16480.6 -551453 -7475.25 -4900.58 -6008.72 -2382.19 16057.1 1.51578e+06 16455.5 589241 5514.67 4294.83 -131435 ;
-327.472 -22158.4 -18804.2 6069.98 6069.98 0 -7262.25 -7262.25 -154.75 -173 -85.3889 -79.7778 337.694 16455.5 7682.25 7682.25 71.6389 115.444 77.6111 ;
-12162.2 -758315 -698153 6069.98 906812 0 -7262.25 -583665 -6404.5 -4842.75 -4603.53 -1190.17 14116.6 589241 7682.25 681627 2939.44 4133.25 -34843.1 ;
-73.1389 -7019.69 -6930.14 221.203 4862.46 3397.03 -70.1944 -2763.22 -35.9444 -6.83333 -26.5833 -5.94444 80.0278 5514.67 71.6389 2939.44 80.0278 25.8056 -335.289 ;
-95.3056 -5592.86 -5778.75 -22.6583 5720.42 2956.98 -111.222 -3491.25 -27.7222 -30.0278 -44.6944 -6.69444 116.861 4294.83 115.444 4133.25 25.8056 116.861 -410.518 ;
-1555.07 -194976 -129157 14356.3 -1.87326e+06 -1.28925e+06 43.8611 -38820.7 -712.842 -381.217 -832.629 -250.244 -1300.72 -131435 77.6111 -34843.1 -335.289 -410.518 359003 ;
]
+++++++++++++
Iter 1

Size = 19
Data size = 190
[ 304.75 17269.8 14907.5 -228.96 1816.15 3043.9 315.984 10230.8 152.108 106.961 144.757 29.4482 -263.773 -11936.2 -298.031 -9301.14 -52.2608 -74.2144 -570.188 ;
17269.8 1.93901e+06 1.21707e+06 -29614 -77863.8 99892.8 19497.3 611225 8850.7 5780.78 7446.25 2569.5 -16283.3 -1.32674e+06 -19187.2 -592980 -5124.75 -4355.71 -40232 ;
14907.5 1.21707e+06 1.10271e+06 -37913.3 33840.5 123061 16584.5 508518 7726.71 4623.52 6501.2 1524.92 -13623.6 -843115 -16182.4 -481754 -4605.57 -3969.81 -32821.1 ;
-228.96 -29614 -37913.3 86451.9 86451.9 0 -3077.28 -3077.28 -153.227 23.1319 -153.319 0 153.075 12019.6 5771.61 5771.61 207.112 -5.8256 6983.96 ;
1816.15 -77863.8 33840.5 86451.9 1.80597e+07 0 -3077.28 84861.1 1073.13 54.7658 319.174 94.1682 15837.3 609219 5771.61 785570 3425.58 5931.37 -442902 ;
3043.9 99892.8 123061 0 0 1.24181e+07 0 0 1169.38 110.811 3033.33 0 6685.92 218838 0 0 2389.47 2898.23 -253446 ;
315.984 19497.3 16584.5 -3077.28 -3077.28 0 7148.28 7148.28 148.093 175.524 80.5186 77.4073 -298.031 -13763.8 -6629.5 -6629.5 -58.7715 -98.3236 -37.0137 ;
10230.8 611225 508518 -3077.28 84861.1 0 7148.28 486935 5363.62 4190.67 4020.4 1049.37 -9301.14 -439888 -6629.5 -442232 -1860.37 -2571.96 -10926.5 ;
152.108 8850.7 7726.71 -153.227 1073.13 1169.38 148.093 5363.62 152.108 58.1822 69.4416 15.2476 -134.011 -6134.42 -146.834 -4886.76 -26.1298 -22.2823 -280.364 ;
106.961 5780.78 4623.52 23.1319 54.7658 110.811 175.524 4190.67 58.1822 106.961 0 13.9451 -96.149 -4139.15 -162.723 -3859.27 -4.95963 -24.4834 -159.778 ;
144.757 7446.25 6501.2 -153.319 319.174 3033.33 80.5186 4020.4 69.4416 0 144.757 10.8274 -119.442 -4989.91 -77.8923 -3576.59 -20.4742 -35.8865 -294.074 ;
29.4482 2569.5 1524.92 0 94.1682 0 77.4073 1049.37 15.2476 13.9451 10.8274 29.4482 -28.1198 -2138.96 -73.2785 -1013.61 -5.28659 -5.76308 -66.7709 ;
-263.773 -16283.3 -13623.6 153.075 15837.3 6685.92 -298.031 -9301.14 -134.011 -96.149 -119.442 -28.1198 340.867 13140.3 312.532 11762.1 59.8965 101.027 -930.517 ;
-11936.2 -1.32674e+06 -843115 12019.6 609219 218838 -13763.8 -439888 -6134.42 -4139.15 -4989.91 -2138.96 13140.3 1.17159e+06 13815.3 472331 4125.74 3487.03 -42149.6 ;
-298.031 -19187.2 -16182.4 5771.61 5771.61 0 -6629.5 -6629.5 -146.834 -162.723 -77.8923 -73.2785 312.532 13815.3 7152.76 7152.76 60.6828 105.019 -0.519974 ;
-9301.14 -592980 -481754 5771.61 785570 0 -6629.5 -442232 -4886.76 -3859.27 -3576.59 -1013.61 11762.1 472331 7152.76 564514 2044 3410.77 -24358.6 ;
-52.2608 -5124.75 -4605.57 207.112 3425.58 2389.47 -58.7715 -1860.37 -26.1298 -4.95963 -20.4742 -5.28659 59.8965 4125.74 60.6828 2044 59.8965 18.2815 -237.579 ;
-74.2144 -4355.71 -3969.81 -5.8256 5931.37 2898.23 -98.3236 -2571.96 -22.2823 -24.4834 -35.8865 -5.76308 101.027 3487.03 105.019 3410.77 18.2815 101.027 -352.625 ;
-570.188 -40232 -32821.1 6983.96 -442902 -253446 -37.0137 -10926.5 -280.364 -159.778 -294.074 -66.7709 -930.517 -42149.6 -0.519974 -24358.6 -237.579 -352.625 72640.3 ;
]
+++++++++++++
Iter 2

Size = 19
Data size = 190
[ 268.724 14244.4 11571.7 -85.5343 523.328 1370.86 280.2 9181.23 134.289 98.6586 129.021 27.2023 -236.631 -10073.8 -256.214 -8384.13 -38.6765 -63.2753 -266.395 ;
14244.4 1.52688e+06 894589 -9628.41 -166488 16262.4 15404.8 510723 7323.63 5064.56 6276.23 2271.32 -13705.7 -1.05158e+06 -14884.8 -499988 -3674.18 -3457.6 -10278.6 ;
11571.7 894589 734319 -12595.6 -31899.7 32394.9 13922.9 402400 6034.74 3936.94 5101.07 1353.07 -10784.3 -640310 -13300.8 -383498 -3004.64 -2897.15 -10043.2 ;
-85.5343 -9628.41 -12595.6 42255.8 42255.8 0 -1024.22 -1024.22 -49.196 41.7111 -53.3304 0 66.8942 5141.78 3332.82 3332.82 116.678 -8.07987 1761.37 ;
523.328 -166488 -31899.7 42255.8 1.24215e+07 0 -1024.22 18654.2 354.024 -463.605 16.5639 103.705 12754.1 418469 3332.82 626765 2203.85 4978.91 -179102 ;
1370.86 16262.4 32394.9 0 0 3.32609e+06 0 0 365.773 55.7744 1365.97 0 4765.19 108745 0 0 1092.71 1912.85 -88079.6 ;
280.2 15404.8 13922.9 -1024.22 -1024.22 0 6319.41 6319.41 130.268 155.249 71.6889 65.2865 -256.214 -9936.89 -5723.97 -5723.97 -50.7215 -85.29 -146.324 ;
9181.23 510723 402400 -1024.22 18654.2 0 6319.41 441006 4812.11 3911.5 3704.44 979.045 -8384.13 -372780 -5723.97 -402671 -1370.45 -2180.18 -5437.71 ;
134.289 7323.63 6034.74 -49.196 354.024 365.773 130.268 4812.11 134.289 53.6092 61.9285 14.0485 -120.235 -5258.33 -126.544 -4403.8 -19.2899 -19.1074 -118.103 ;
98.6586 5064.56 3936.94 41.7111 -463.605 55.7744 155.249 3911.5 53.6092 98.6586 0 12.9197 -89.9212 -3701.1 -139.944 -3633.56 -3.99565 -22.1191 -69.5713 ;
129.021 6276.23 5101.07 -53.3304 16.5639 1365.97 71.6889 3704.44 61.9285 0 129.021 10.1114 -109.126 -4306.89 -65.7523 -3303.98 -15.9993 -31.2212 -154.271 ;
27.2023 2271.32 1353.07 0 103.705 0 65.2865 979.045 14.0485 12.9197 10.1114 27.2023 -26.3375 -1893.82 -59.8108 -954.496 -4.7125 -5.01055 -11.2744 ;
-236.631 -13705.7 -10784.3 66.8942 12754.1 4765.19 -256.214 -8384.13 -120.235 -89.9212 -109.126 -26.3375 307.137 10950.3 264.3 10558.9 44.5488 87.9344 -607.189 ;
-10073.8 -1.05158e+06 -640310 5141.78 418469 108745 -9936.89 -372780 -5258.33 -3701.1 -4306.89 -1893.82 10950.3 894930 9935.38 394541 2959.42 2744.83 -17693.1 ;
-256.214 -14884.8 -13300.8 3332.82 3332.82 0 -5723.97 -5723.97 -126.544 -139.944 -65.7523 -59.8108 264.3 9935.38 6100.51 6100.51 51.4576 89.9414 9.23958 ;
-8384.13 -499988 -383498 3332.82 626765 0 -5723.97 -402671 -4403.8 -3633.56 -3303.98 -954.496 10558.9 394541 6100.51 509626 1512.09 2948.88 -14382 ;
-38.6765 -3674.18 -3004.64 116.678 2203.85 1092.71 -50.7215 -1370.45 -19.2899 -3.99565 -15.9993 -4.7125 44.5488 2959.42 51.4576 1512.09 44.5488 12.4518 -109.058 ;
-63.2753 -3457.6 -2897.15 -8.07987 4978.91 1912.85 -85.29 -2180.18 -19.1074 -22.1191 -31.2212 -5.01055 87.9344 2744.83 89.9414 2948.88 12.4518 87.9344 -235.132 ;
-266.395 -10278.6 -10043.2 1761.37 -179102 -88079.6 -146.324 -5437.71 -118.103 -69.5713 -154.271 -11.2744 -607.189 -17693.1 9.23958 -14382 -109.058 -235.132 20224.9 ;
]
+++++++++++++
Iter 3

Size = 19
Data size = 190
[ 254.837 12891.7 10359.3 -63.0714 -498.939 712.554 260.705 8811.2 127.593 95.9303 122.277 26.1712 -229.177 -9300.56 -240.985 -8113.1 -33.5981 -59.5443 -143.675 ;
12891.7 1.33568e+06 772525 -6036.08 -202012 -4048.41 13957.7 465838 6666.23 4747.18 5668.71 2104.72 -12579.6 -930470 -13617.8 -458749 -3112.74 -3035.58 -3239.5 ;
10359.3 772525 616590 -7578.87 -85591.2 8174.32 12485.6 365422 5418.71 3685.84 4558.63 1277.33 -9815.96 -565593 -12014 -350550 -2479.42 -2523.87 -4036.93 ;
-63.0714 -6036.08 -7578.87 26784.5 26784.5 0 -994.984 -994.984 -24.9558 39.5832 -26.505 0 70.0835 4240.69 2535.54 2535.54 93.1684 -4.00206 270.788 ;
-498.939 -202012 -85591.2 26784.5 9.14506e+06 0 -994.984 -27257.9 -76.5443 -863.544 -28.8557 148.489 10670.2 318152 2535.54 520078 1503.81 3871.52 -79615 ;
712.554 -4048.41 8174.32 0 0 1.49398e+06 0 0 92.2024 7.11937 747.346 0 3086.97 54948.1 0 0 363.928 970.692 -34158.5 ;
260.705 13957.7 12485.6 -994.984 -994.984 0 5886.93 5886.93 121.409 144.746 65.2418 61.722 -240.985 -8967.81 -5423.44 -5423.44 -48.063 -80.9229 -98.811 ;
8811.2 465838 365422 -994.984 -27257.9 0 5886.93 425439 4634.64 3833.26 3574.12 947.306 -8113.1 -343286 -5423.44 -391692 -1190.29 -2030.9 -3364.55 ;
127.593 6666.23 5418.71 -24.9558 -76.5443 92.2024 121.409 4634.64 127.593 52.1442 58.8252 13.5284 -116.172 -4898.58 -118.087 -4271.59 -16.7319 -18.0608 -60.4555 ;
95.9303 4747.18 3685.84 39.5832 -863.544 7.11937 144.746 3833.26 52.1442 95.9303 0 12.5749 -88.7127 -3514.01 -131.003 -3594.68 -3.6295 -21.3274 -38.0384 ;
122.277 5668.71 4558.63 -26.505 -28.8557 747.346 65.2418 3574.12 58.8252 0 122.277 9.64298 -106.433 -3990.81 -60.0562 -3210.1 -14.0954 -29.5473 -89.6949 ;
26.1712 2104.72 1277.33 0 148.489 0 61.722 947.306 13.5284 12.5749 9.64298 26.1712 -25.525 -1756.9 -57.2732 -924.95 -4.39145 -4.63101 -3.22313 ;
-229.177 -12579.6 -9815.96 70.0835 10670.2 3086.97 -240.985 -8113.1 -116.172 -88.7127 -106.433 -25.525 287.963 9841.95 248.46 9997.89 37.4346 79.6443 -343.389 ;
-9300.56 -930470 -565593 4240.69 318152 54948.1 -8967.81 -343286 -4898.58 -3514.01 -3990.81 -1756.9 9841.95 768756 8989.46 357790 2462.65 2337.42 -6310.38 ;
-240.985 -13617.8 -12014 2535.54 2535.54 0 -5423.44 -5423.44 -118.087 -131.003 -60.0562 -57.2732 248.46 8989.46 5730.46 5730.46 48.11 84.6299 -20.175 ;
-8113.1 -458749 -350550 2535.54 520078 0 -5423.44 -391692 -4271.59 -3594.68 -3210.1 -924.95 9997.89 357790 5730.46 483769 1300.9 2697.28 -8838.88 ;
-33.5981 -3112.74 -2479.42 93.1684 1503.81 363.928 -48.063 -1190.29 -16.7319 -3.6295 -14.0954 -4.39145 37.4346 2462.65 48.11 1300.9 37.4346 9.62865 -36.6833 ;
-59.5443 -3035.58 -2523.87 -4.00206 3871.52 970.692 -80.9229 -2030.9 -18.0608 -21.3274 -29.5473 -4.63101 79.6443 2337.42 84.6299 2697.28 9.62865 79.6443 -132.181 ;
-143.675 -3239.5 -4036.93 270.788 -79615 -34158.5 -98.811 -3364.55 -60.4555 -38.0384 -89.6949 -3.22313 -343.389 -6310.38 -20.175 -8838.88 -36.6833 -132.181 5981.35 ;
]
+++++++++++++
Iter 4

Size = 19
Data size = 190
[ 243.43 12937.4 10507.2 -133.583 -1581.76 146.526 249.682 8649.29 125.024 107.113 98.8342 27.6949 -225.246 -9559.42 -249.034 -8073.08 -35.1098 -48.1636 -80.4343 ;
12937.4 1.38814e+06 820259 -17227.7 -265651 -17049.5 13588.8 475603 6881.46 5304.24 5055.26 2085.75 -12766.9 -985239 -13590.8 -470831 -3357.85 -2570.24 -1268.54 ;
10507.2 820259 672320 -24494 -158469 -8857.28 12705.6 381215 5704.88 4354.39 3861.3 1375.9 -10144.9 -608029 -12704.6 -369454 -2755.34 -2051.78 -1991.06 ;
-133.583 -17227.7 -24494 42530.2 42530.2 0 -2623.95 -2623.95 -101.691 1.76886 -98.6351 0 109.205 9090.74 2802.57 2802.57 117.232 -3.21077 227.217 ;
-1581.76 -265651 -158469 42530.2 7.89353e+06 0 -2623.95 -80014 -465.229 -1156.15 -598.746 202.131 9851.26 316157 2802.57 481390 1434.91 2909.17 -45024.2 ;
146.526 -17049.5 -8857.28 0 0 2.19332e+06 0 0 -142.021 -54.256 269.391 0 2617.47 44588.3 0 0 255.709 524.393 -17893.2 ;
249.682 13588.8 12705.6 -2623.95 -2623.95 0 5648.73 5648.73 127.538 136.476 68.4678 53.2037 -249.034 -8953.66 -5606.95 -5606.95 -44.369 -84.561 1.60323 ;
8649.29 475603 381215 -2623.95 -80014 0 5648.73 418715 4652.2 4343.34 2859.78 1022.56 -8073.08 -355328 -5606.95 -389994 -1275.97 -1655.49 -2367.24 ;
125.024 6881.46 5704.88 -101.691 -465.229 -142.021 127.538 4652.2 125.024 59.2914 48.1862 14.6262 -116.027 -5108.17 -127.84 -4320.56 -18.054 -14.0823 -36.5454 ;
107.113 5304.24 4354.39 1.76886 -1156.15 -54.256 136.476 4343.34 59.2914 107.113 0 13.2995 -100.789 -3913.29 -135.368 -4101.15 -4.61141 -21.8093 -24.8658 ;
98.8342 5055.26 3861.3 -98.6351 -598.746 269.391 68.4678 2859.78 48.1862 0 98.8342 10.3922 -89.1317 -3766.82 -68.7734 -2610.43 -12.932 -19.1567 -46.3467 ;
27.6949 2085.75 1375.9 0 202.131 0 53.2037 1022.56 14.6262 13.2995 10.3922 27.6949 -27.1515 -1726.4 -53.0343 -999.695 -4.7036 -5.0862 -1.5782 ;
-225.246 -12766.9 -10144.9 109.205 9851.26 2617.47 -249.034 -8073.08 -116.027 -100.789 -89.1317 -27.1515 276.135 9905.83 245.645 9823.62 38.0095 62.5158 -210.318 ;
-9559.42 -985239 -608029 9090.74 316157 44588.3 -8953.66 -355328 -5108.17 -3913.29 -3766.82 -1726.4 9905.83 807443 8915.14 366011 2603.83 2023.48 -2510.99 ;
-249.034 -13590.8 -12704.6 2802.57 2802.57 0 -5606.95 -5606.95 -127.84 -135.368 -68.7734 -53.0343 245.645 8915.14 5628.23 5628.23 43.947 84.1421 24.6979 ;
-8073.08 -470831 -369454 2802.57 481390 0 -5606.95 -389994 -4320.56 -4101.15 -2610.43 -999.695 9823.62 366011 5628.23 476315 1368.41 2169.2 -6296.29 ;
-35.1098 -3357.85 -2755.34 117.232 1434.91 255.709 -44.369 -1275.97 -18.054 -4.61141 -12.932 -4.7036 38.0095 2603.83 43.947 1368.41 38.0095 7.31087 -14.6166 ;
-48.1636 -2570.24 -2051.78 -3.21077 2909.17 524.393 -84.561 -1655.49 -14.0823 -21.8093 -19.1567 -5.0862 62.5158 2023.48 84.1421 2169.2 7.31087 62.5158 -63.1678 ;
-80.4343 -1268.54 -1991.06 227.217 -45024.2 -17893.2 1.60323 -2367.24 -36.5454 -24.8658 -46.3467 -1.5782 -210.318 -2510.99 24.6979 -6296.29 -14.6166 -63.1678 2230.1 ;
]
+++++++++++++
Iter 5

Size = 19
Data size = 190
[ 235.106 12460.9 9970.08 -109.149 -1749.19 -150.835 238.419 8227.93 119.903 102.656 97.3298 27.0714 -219.47 -9248.72 -238.257 -7684.43 -32.9684 -46.4292 -52.2326 ;
12460.9 1.33116e+06 773274 -8839.88 -258172 -27642.9 12703.4 455246 6585.27 5101.12 4931.96 2039.88 -12349.4 -943239 -12703.3 -451514 -3142.07 -2471.03 -633.907 ;
9970.08 773274 620263 -11936.1 -150658 -21485.8 11903.1 357815 5371.66 4133.14 3720.26 1346.38 -9681.07 -575997 -11905.1 -347528 -2526.52 -1935.17 -1195.66 ;
-109.149 -8839.88 -11936.1 24283.6 24283.6 0 -2174.3 -2174.3 -46.0813 -0.189469 -42.1974 0 96.4118 5598.3 2245.05 2245.05 92.6697 -1.35512 59.3602 ;
-1749.19 -258172 -150658 24283.6 6.32351e+06 0 -2174.3 -89044.1 -479.317 -1187.46 -632.69 210.383 9094.39 286472 2245.05 443138 1102.34 2720.66 -28107.7 ;
-150.835 -27642.9 -21485.8 0 0 5.05354e+06 0 0 -276.461 -92.6455 48.3107 0 2310.76 49479.8 0 0 463.764 305.107 -10576.3 ;
238.419 12703.4 11903.1 -2174.3 -2174.3 0 5418.86 5418.86 118.156 126.441 64.9595 46.8328 -238.257 -8310.24 -5399.79 -5399.79 -45.8937 -83.8021 0.585358 ;
8227.93 455246 357815 -2174.3 -89044.1 0 5418.86 397664 4395.55 4148.52 2742.45 1005.43 -7684.43 -341399 -5399.79 -370513 -1186.39 -1562.79 -1826.21 ;
119.903 6585.27 5371.66 -46.0813 -479.317 -276.461 118.156 4395.55 119.903 56.5902 47.1132 14.3254 -111.8 -4911.82 -118.411 -4080.17 -16.7895 -13.5948 -25.2125 ;
102.656 5101.12 4133.14 -0.189469 -1187.46 -92.6455 126.441 4148.52 56.5902 102.656 0 13.0038 -97.0852 -3783.75 -125.984 -3913.74 -4.26339 -20.9022 -17.1686 ;
97.3298 4931.96 3720.26 -42.1974 -632.69 48.3107 64.9595 2742.45 47.1132 0 97.3298 10.1683 -89.192 -3684.16 -65.1255 -2510.08 -12.3123 -18.844 -28.6315 ;
27.0714 2039.88 1346.38 0 210.383 0 46.8328 1005.43 14.3254 13.0038 10.1683 27.0714 -26.5155 -1681.44 -46.7071 -982.223 -4.63525 -4.93484 -1.38631 ;
-219.47 -12349.4 -9681.07 96.4118 9094.39 2310.76 -238.257 -7684.43 -111.8 -97.0852 -89.192 -26.5155 265.171 9488.19 236.314 9444.46 35.5191 59.3935 -140.164 ;
-9248.72 -943239 -575997 5598.3 286472 49479.8 -8310.24 -341399 -4911.82 -3783.75 -3684.16 -1681.44 9488.19 773203 8298.56 350403 2442.75 1921.25 -1186.11 ;
-238.257 -12703.3 -11905.1 2245.05 2245.05 0 -5399.79 -5399.79 -118.411 -125.984 -65.1255 -46.7071 236.314 8298.56 5408.92 5408.92 45.5242 83.6469 7.37423 ;
-7684.43 -451514 -347528 2245.05 443138 0 -5399.79 -370513 -4080.17 -3913.74 -2510.08 -982.223 9444.46 350403 5408.92 457931 1274.21 2080.9 -5163.64 ;
-32.9684 -3142.07 -2526.52 92.6697 1102.34 463.764 -45.8937 -1186.39 -16.7895 -4.26339 -12.3123 -4.63525 35.5191 2442.75 45.5242 1274.21 35.5191 6.72675 -7.42593 ;
-46.4292 -2471.03 -1935.17 -1.35512 2720.66 305.107 -83.8021 -1562.79 -13.5948 -20.9022 -18.844 -4.93484 59.3935 1921.25 83.6469 2080.9 6.72675 59.3935 -42.9242 ;
-52.2326 -633.907 -1195.66 59.3602 -28107.7 -10576.3 0.585358 -1826.21 -25.2125 -17.1686 -28.6315 -1.38631 -140.164 -1186.11 7.37423 -5163.64 -7.42593 -42.9242 1022.39 ;
]
+++++++++++++
Iter 6

Size = 19
Data size = 190
[ 235.484 12472.9 9983.27 -112.364 -1596.46 -103.767 239.085 8239.96 119.999 102.706 97.6449 27.1138 -220.398 -9255.23 -238.902 -7705.19 -33.1938 -46.6649 -49.1154 ;
12472.9 1.33319e+06 774320 -9802.95 -253212 -18047.3 12764.4 455905 6588.79 5105.49 4939.53 2041.56 -12368 -943729 -12764.2 -452273 -3154.63 -2479.36 -584.956 ;
9983.27 774320 621133 -13372.7 -136569 -11527 11971.7 358352 5376.27 4136.35 3729.9 1347.74 -9703.9 -576256 -11973.4 -348217 -2539.22 -1943.12 -1127.53 ;
-112.364 -9802.95 -13372.7 26335.4 26335.4 0 -2243.7 -2243.7 -52.2862 -0.10186 -48.3625 0 99.8859 6032.58 2315.49 2315.49 95.9805 -1.33675 57.6817 ;
-1596.46 -253212 -136569 26335.4 6.65109e+06 0 -2243.7 -82654.9 -449.209 -1181.08 -650.926 203.137 8862.22 283171 2315.49 431366 1068.89 2656.37 -27344.8 ;
-103.767 -18047.3 -11527 0 0 507774 0 0 -171.596 -97.6151 40.1753 0 1416.39 23188 0 0 18.8498 205.849 -4814.59 ;
239.085 12764.4 11971.7 -2243.7 -2243.7 0 5434.3 5434.3 118.849 127.048 65.2647 47.1141 -238.902 -8348.09 -5414.95 -5414.95 -45.8439 -83.8834 0.504602 ;
8239.96 455905 358352 -2243.7 -82654.9 0 5434.3 398189 4401.6 4151.12 2748.58 1007.03 -7705.19 -341864 -5414.95 -371500 -1189.34 -1568.06 -1775.74 ;
119.999 6588.79 5376.27 -52.2862 -449.209 -171.596 118.849 4401.6 119.999 56.6793 47.1479 14.3668 -112.156 -4910.95 -119.1 -4091.62 -16.8288 -13.6765 -23.9429 ;
102.706 5105.49 4136.35 -0.10186 -1181.08 -97.6151 127.048 4151.12 56.6793 102.706 0 13.01 -97.2705 -3787.17 -126.571 -3920.38 -4.27565 -20.9397 -16.4557 ;
97.6449 4939.53 3729.9 -48.3625 -650.926 40.1753 65.2647 2748.58 47.1479 0 97.6449 10.2029 -89.9243 -3687.74 -65.4296 -2521.26 -12.5158 -19.0172 -26.2163 ;
27.1138 2041.56 1347.74 0 203.137 0 47.1141 1007.03 14.3668 13.01 10.2029 27.1138 -26.5644 -1681.7 -46.9895 -984.121 -4.63782 -4.94257 -1.36082 ;
-220.398 -12368 -9703.9 99.8859 8862.22 1416.39 -238.902 -7705.19 -112.156 -97.2705 -89.9243 -26.5644 264.189 9478.16 236.981 9430.65 35.6348 58.9614 -130.352 ;
-9255.23 -943729 -576256 6032.58 283171 23188 -8348.09 -341864 -4910.95 -3787.17 -3687.74 -1681.7 9478.16 773225 8336.67 350579 2449.26 1921.39 -1070.86 ;
-238.902 -12764.2 -11973.4 2315.49 2315.49 0 -5414.95 -5414.95 -119.1 -126.571 -65.4296 -46.9895 236.981 8336.67 5424.03 5424.03 45.4754 83.7311 7.20913 ;
-7705.19 -452273 -348217 2315.49 431366 0 -5414.95 -371500 -4091.62 -3920.38 -2521.26 -984.121 9430.65 350579 5424.03 457183 1275.99 2070.66 -4985.92 ;
-33.1938 -3154.63 -2539.22 95.9805 1068.89 18.8498 -45.8439 -1189.34 -16.8288 -4.27565 -12.5158 -4.63782 35.6348 2449.26 45.4754 1275.99 35.6348 6.7465 -6.46777 ;
-46.6649 -2479.36 -1943.12 -1.33675 2656.37 205.849 -83.8834 -1568.06 -13.6765 -20.9397 -19.0172 -4.94257 58.9614 1921.39 83.7311 2070.66 6.7465 58.9614 -39.7053 ;
-49.1154 -584.956 -1127.53 57.6817 -27344.8 -4814.59 0.504602 -1775.74 -23.9429 -16.4557 -26.2163 -1.36082 -130.352 -1070.86 7.20913 -4985.92 -6.46777 -39.7053 927.785 ;
]
+++++++++++++
Iter 22

Size = 19
Data size = 190
[ 235.654 12487.3 9994.88 -113.389 -1611.59 -134.259 239.347 8240.42 120.11 102.752 97.7306 27.128 -220.401 -9266.14 -239.157 -7707.08 -33.1969 -46.6294 -49.9665 ;
12487.3 1.33479e+06 775428 -10085.7 -253971 -22064.8 12789.9 456028 6597.4 5107.88 4948.79 2043.41 -12380.4 -944878 -12789.6 -452412 -3157.07 -2480.15 -597.911 ;
9994.88 775428 622254 -13789.7 -137937 -15174.3 11993.7 358396 5383.2 4137.84 3737.02 1348.53 -9712.65 -577061 -11995.3 -348296 -2541.5 -1942.7 -1145.36 ;
-113.389 -10085.7 -13789.7 26948.9 26948.9 0 -2265.85 -2265.85 -54.0541 -0.0768378 -50.1221 0 100.998 6163.61 2337.86 2337.86 97.0359 -1.32971 57.087 ;
-1611.59 -253971 -137937 26948.9 6.63005e+06 0 -2265.85 -83323.3 -455.338 -1183.45 -655.311 203.824 8856.87 283401 2337.86 431081 1071.26 2651.47 -27225.2 ;
-134.259 -22064.8 -15174.3 0 0 3.07181e+06 0 0 -241.952 -97.8746 34.4475 0 1904.46 36716.8 0 0 255.98 248.659 -7695.1 ;
239.347 12789.9 11993.7 -2265.85 -2265.85 0 5440.09 5440.09 119.082 127.278 65.3486 47.2368 -239.157 -8366.35 -5420.68 -5420.68 -45.8348 -83.9067 0.479601 ;
8240.42 456028 358396 -2265.85 -83323.3 0 5440.09 398197 4401.6 4151.61 2748.57 1007.48 -7707.08 -341976 -5420.68 -371581 -1189.54 -1568.43 -1767.45 ;
120.11 6597.4 5383.2 -54.0541 -455.338 -241.952 119.082 4401.6 120.11 56.6811 47.2157 14.3733 -112.203 -4918.17 -119.332 -4092.37 -16.8358 -13.6549 -24.1511 ;
102.752 5107.88 4137.84 -0.0768378 -1183.45 -97.8746 127.278 4151.61 56.6811 102.752 0 13.0171 -97.3042 -3789 -126.795 -3921.42 -4.2771 -20.9423 -16.5397 ;
97.7306 4948.79 3737.02 -50.1221 -655.311 34.4475 65.3486 2748.57 47.2157 0 97.7306 10.2066 -89.8547 -3694.77 -65.5131 -2521.86 -12.5097 -18.978 -27.0153 ;
27.128 2043.41 1348.53 0 203.824 0 47.2368 1007.48 14.3733 13.0171 10.2066 27.128 -26.5794 -1683.24 -47.1127 -984.605 -4.64076 -4.94646 -1.3569 ;
-220.401 -12380.4 -9712.65 100.998 8856.87 1904.46 -239.157 -7707.08 -112.203 -97.3042 -89.8547 -26.5794 264.722 9493.48 237.244 9429.24 35.6764 59.0707 -132.85 ;
-9266.14 -944878 -577061 6163.61 283401 36716.8 -8366.35 -341976 -4918.17 -3789 -3694.77 -1683.24 9493.48 774356 8355.02 350662 2451.91 1923.17 -1100.56 ;
-239.157 -12789.6 -11995.3 2337.86 2337.86 0 -5420.68 -5420.68 -119.332 -126.795 -65.5131 -47.1127 237.244 8355.02 5429.73 5429.73 45.4665 83.7554 7.15027 ;
-7707.08 -452412 -348296 2337.86 431081 0 -5420.68 -371581 -4092.37 -3921.42 -2521.86 -984.605 9429.24 350662 5429.73 457100 1276.08 2069.76 -4968.4 ;
-33.1969 -3157.07 -2541.5 97.0359 1071.26 255.98 -45.8348 -1189.54 -16.8358 -4.2771 -12.5097 -4.64076 35.6764 2451.91 45.4665 1276.08 35.6764 6.7509 -6.80473 ;
-46.6294 -2480.15 -1942.7 -1.32971 2651.47 248.659 -83.9067 -1568.43 -13.6549 -20.9423 -18.978 -4.94646 59.0707 1923.17 83.7554 2069.76 6.7509 59.0707 -40.3943 ;
-49.9665 -597.911 -1145.36 57.087 -27225.2 -7695.1 0.479601 -1767.45 -24.1511 -16.5397 -27.0153 -1.3569 -132.85 -1100.56 7.15027 -4968.4 -6.80473 -40.3943 951.279 ;
]
+++++++++++++
Iter 23

Size = 19
Data size = 190
[ 235.795 12500.9 10004.9 -115.511 -1639.71 -58.4827 239.855 8243.2 120.19 102.804 97.7989 27.1516 -220.581 -9275.49 -239.655 -7712.79 -33.2142 -46.6668 -49.7211 ;
12500.9 1.33706e+06 776798 -10640.4 -255427 -19462.7 12837.3 456392 6605.05 5111.76 4955.7 2046.35 -12394.2 -946234 -12837 -452809 -3161.53 -2483.27 -595.787 ;
10004.9 776798 623503 -14601.8 -140491 -11651.7 12036.1 358619 5389.68 4140.25 3742.44 1349.85 -9723.36 -577923 -12037.6 -348589 -2545.65 -1944.74 -1140.24 ;
-115.511 -10640.4 -14601.8 28166.7 28166.7 0 -2311.53 -2311.53 -57.4573 -0.0326774 -53.5118 0 103.282 6424.9 2383.89 2383.89 99.2118 -1.31627 55.9507 ;
-1639.71 -255427 -140491 28166.7 6.5938e+06 0 -2311.53 -84575.1 -467.648 -1188.24 -664.337 204.927 8843.55 283831 2383.89 430380 1075.88 2640.89 -26982.3 ;
-58.4827 -19462.7 -11651.7 0 0 7.3779e+06 0 0 -251.161 -97.7231 115.21 0 2324.49 49449.3 0 0 647.977 253.285 -11000.2 ;
239.855 12837.3 12036.1 -2311.53 -2311.53 0 5451.43 5451.43 119.527 127.716 65.5102 47.4643 -239.655 -8400.02 -5431.93 -5431.93 -45.8267 -83.9527 0.436546 ;
8243.2 456392 358619 -2311.53 -84575.1 0 5451.43 398306 4402.84 4153.16 2749.32 1008.22 -7712.79 -342252 -5431.93 -371839 -1190.62 -1569.64 -1750.52 ;
120.19 6605.05 5389.68 -57.4573 -467.648 -251.161 119.527 4402.84 120.19 56.7034 47.253 14.3856 -112.307 -4923.37 -119.775 -4095.17 -16.8603 -13.6626 -23.9746 ;
102.804 5111.76 4140.25 -0.0326774 -1188.24 -97.7231 127.716 4153.16 56.7034 102.804 0 13.0283 -97.3809 -3792.18 -127.224 -3924.09 -4.28146 -20.9607 -16.4236 ;
97.7989 4955.7 3742.44 -53.5118 -664.337 115.21 65.5102 2749.32 47.253 0 97.7989 10.2138 -89.9268 -3698.76 -65.674 -2523.9 -12.5081 -18.9912 -26.9567 ;
27.1516 2046.35 1349.85 0 204.927 0 47.4643 1008.22 14.3856 13.0283 10.2138 27.1516 -26.6048 -1685.49 -47.3411 -985.426 -4.64553 -4.95359 -1.34865 ;
-220.581 -12394.2 -9723.36 103.282 8843.55 2324.49 -239.655 -7712.79 -112.307 -97.3809 -89.9268 -26.6048 264.83 9502.99 237.756 9427.95 35.732 59.0631 -132.454 ;
-9275.49 -946234 -577923 6424.9 283831 49449.3 -8400.02 -342252 -4923.37 -3792.18 -3698.76 -1685.49 9502.99 775598 8388.88 350877 2456.09 1925 -1101.39 ;
-239.655 -12837 -12037.6 2383.89 2383.89 0 -5431.93 -5431.93 -119.775 -127.224 -65.674 -47.3411 237.756 8388.88 5440.92 5440.92 45.4591 83.8035 7.03619 ;
-7712.79 -452809 -348589 2383.89 430380 0 -5431.93 -371839 -4095.17 -3924.09 -2523.9 -985.426 9427.95 350877 5440.92 457011 1276.92 2068.26 -4931.53 ;
-33.2142 -3161.53 -2545.65 99.2118 1075.88 647.977 -45.8267 -1190.62 -16.8603 -4.28146 -12.5081 -4.64553 35.732 2456.09 45.4591 1276.92 35.732 6.7533 -7.0794 ;
-46.6668 -2483.27 -1944.74 -1.31627 2640.89 253.285 -83.9527 -1569.64 -13.6626 -20.9607 -18.9912 -4.95359 59.0631 1925 83.8035 2068.26 6.7533 59.0631 -40.1716 ;
-49.7211 -595.787 -1140.24 55.9507 -26982.3 -11000.2 0.436546 -1750.52 -23.9746 -16.4236 -26.9567 -1.34865 -132.454 -1101.39 7.03619 -4931.53 -7.0794 -40.1716 946.398 ;
]
+++++++++++++
Iter 24

Size = 19
Data size = 190
[ 236.124 12528.3 10024.7 -119.018 -1688.1 -93.0189 240.844 8251.48 120.354 102.923 97.9661 27.2004 -221.07 -9294.84 -240.632 -7726.87 -33.2977 -46.7751 -48.7356 ;
12528.3 1.34156e+06 779322 -11485.5 -257841 -20665.6 12922 457238 6619.42 5120.31 4968.84 2052.29 -12423.7 -948924 -12921.6 -453723 -3172.04 -2490.65 -580.011 ;
10024.7 779322 625644 -15824.1 -144632 -13249.4 12104.4 359172 5401.67 4145.81 3752.68 1352.58 -9746.97 -579536 -12105.8 -349279 -2555.33 -1949.98 -1114.54 ;
-119.018 -11485.5 -15824.1 30055.3 30055.3 0 -2386.95 -2386.95 -62.4726 0.0254703 -58.5156 0 107.064 6833.81 2459.45 2459.45 102.798 -1.29152 53.9163 ;
-1688.1 -257841 -144632 30055.3 6.53495e+06 0 -2386.95 -86770.9 -489.646 -1197.39 -680.797 206.532 8808.51 284447 2459.45 428595 1083.67 2618.03 -26491.1 ;
-93.0189 -20665.6 -13249.4 0 0 5.80505e+06 0 0 -250.687 -98.6108 80.7049 0 2159.25 44792.3 0 0 504.15 247.267 -9651.9 ;
240.844 12922 12104.4 -2386.95 -2386.95 0 5473.56 5473.56 120.307 128.562 65.7501 47.9058 -240.632 -8463.86 -5454.04 -5454.04 -45.8227 -84.0418 0.380566 ;
8251.48 457238 359172 -2386.95 -86770.9 0 5473.56 398660 4406.65 4157.18 2751.93 1009.77 -7726.87 -342880 -5454.04 -372488 -1193.27 -1572.78 -1716.39 ;
120.354 6619.42 5401.67 -62.4726 -489.646 -250.687 120.307 4406.65 120.354 56.7612 47.3255 14.4117 -112.547 -4932.84 -120.553 -4102.11 -16.9104 -13.691 -23.5101 ;
102.923 5120.31 4145.81 0.0254703 -1197.39 -98.6108 128.562 4157.18 56.7612 102.923 0 13.0504 -97.5556 -3799.04 -128.057 -3930.35 -4.2915 -21.0049 -16.1397 ;
97.9661 4968.84 3752.68 -58.5156 -680.797 80.7049 65.7501 2751.93 47.3255 0 97.9661 10.2296 -90.1754 -3706.76 -65.9138 -2529.09 -12.5462 -19.0403 -26.3915 ;
27.2004 2052.29 1352.58 0 206.532 0 47.9058 1009.77 14.4117 13.0504 10.2296 27.2004 -26.6572 -1690.03 -47.7844 -987.146 -4.65553 -4.9686 -1.33171 ;
-221.07 -12423.7 -9746.97 107.064 8808.51 2159.25 -240.632 -7726.87 -112.547 -97.5556 -90.1754 -26.6572 264.863 9517.95 238.761 9426.95 35.7827 59.0159 -129.952 ;
-9294.84 -948924 -579536 6833.81 284447 44792.3 -8463.86 -342880 -4932.84 -3799.04 -3706.76 -1690.03 9517.95 777976 8453.05 351377 2462.56 1928.85 -1071.32 ;
-240.632 -12921.6 -12105.8 2459.45 2459.45 0 -5454.04 -5454.04 -120.553 -128.057 -65.9138 -47.7844 238.761 8453.05 5462.89 5462.89 45.4563 83.896 6.8263 ;
-7726.87 -453723 -349279 2459.45 428595 0 -5454.04 -372488 -4102.11 -3930.35 -2529.09 -987.146 9426.95 351377 5462.89 456911 1279.06 2065.6 -4853.5 ;
-33.2977 -3172.04 -2555.33 102.798 1083.67 504.15 -45.8227 -1193.27 -16.9104 -4.2915 -12.5462 -4.65553 35.7827 2462.56 45.4563 1279.06 35.7827 6.75947 -6.86766 ;
-46.7751 -2490.65 -1949.98 -1.29152 2618.03 247.267 -84.0418 -1572.78 -13.691 -21.0049 -19.0403 -4.9686 59.0159 1928.85 83.896 2065.6 6.75947 59.0159 -39.4096 ;
-48.7356 -580.011 -1114.54 53.9163 -26491.1 -9651.9 0.380566 -1716.39 -23.5101 -16.1397 -26.3915 -1.33171 -129.952 -1071.32 6.8263 -4853.5 -6.86766 -39.4096 921.143 ;
]
+++++++++++++
Iter 25

Size = 19
Data size = 190
[ 236.749 12572.8 10057.1 -121.197 -1760.63 -37.1757 242.058 8270.62 120.659 103.14 98.2762 27.2739 -221.927 -9326.66 -241.848 -7755.53 -33.4129 -46.9723 -47.2068 ;
12572.8 1.34847e+06 782852 -11918.9 -260746 -18536 13010.3 458698 6641.24 5134.26 4989.07 2061.19 -12471.1 -953156 -13009.9 -455301 -3186.63 -2503.4 -557.379 ;
10057.1 782852 628380 -16429.3 -149809 -10425.2 12153.4 360184 5419.18 4155.57 3767.22 1356.8 -9784.49 -581875 -12155 -350524 -2567.19 -1959.22 -1076.57 ;
-121.197 -11918.9 -16429.3 31064.5 31064.5 0 -2434.85 -2434.85 -64.7799 0.0424668 -60.834 0 109.615 7060.81 2505.81 2505.81 105.036 -1.24971 50.7164 ;
-1760.63 -260746 -149809 31064.5 6.44199e+06 0 -2434.85 -90182.7 -520.698 -1212.92 -702.279 208.951 8732.46 284802 2505.81 424880 1092.16 2575.9 -25603 ;
-37.1757 -18536 -10425.2 0 0 9.20215e+06 0 0 -258.374 -99.6816 141.36 0 2461.19 54430.8 0 0 811.325 242.918 -12022.1 ;
242.058 13010.3 12153.4 -2434.85 -2434.85 0 5500.95 5500.95 121.085 129.622 65.8665 48.4489 -241.848 -8540.46 -5481.85 -5481.85 -45.7982 -84.1638 0.351581 ;
8270.62 458698 360184 -2434.85 -90182.7 0 5500.95 399543 4415.38 4165.51 2759.09 1012.21 -7755.53 -343973 -5481.85 -373857 -1198.01 -1579.39 -1655.89 ;
120.659 6641.24 5419.18 -64.7799 -520.698 -258.374 121.085 4415.38 120.659 56.8672 47.4633 14.451 -112.968 -4947.99 -121.33 -4116.02 -16.9813 -13.7418 -22.7115 ;
103.14 5134.26 4155.57 0.0424668 -1212.92 -99.6816 129.622 4165.51 56.8672 103.14 0 13.0815 -97.8643 -3810.11 -129.12 -3942.36 -4.30771 -21.085 -15.6592 ;
98.2762 4989.07 3767.22 -60.834 -702.279 141.36 65.8665 2759.09 47.4633 0 98.2762 10.2555 -90.5903 -3719.29 -66.031 -2540.5 -12.5733 -19.1283 -25.5825 ;
27.2739 2061.19 1356.8 0 208.951 0 48.4489 1012.21 14.451 13.0815 10.2555 27.2739 -26.7365 -1697.02 -48.3309 -989.863 -4.67195 -4.99278 -1.30258 ;
-221.927 -12471.1 -9784.49 109.615 8732.46 2461.19 -241.848 -7755.53 -112.968 -97.8643 -90.5903 -26.7365 265.019 9544.22 240.021 9427.36 35.9027 58.956 -126.172 ;
-9326.66 -953156 -581875 7060.81 284802 54430.8 -8540.46 -343973 -4947.99 -3810.11 -3719.29 -1697.02 9544.22 781895 8530.21 352230 2473.64 1935.45 -1033.47 ;
-241.848 -13009.9 -12155 2505.81 2505.81 0 -5481.85 -5481.85 -121.33 -129.12 -66.031 -48.3309 240.021 8530.21 5490.35 5490.35 45.4341 84.0241 6.47984 ;
-7755.53 -455301 -350524 2505.81 424880 0 -5481.85 -373857 -4116.02 -3942.36 -2540.5 -989.863 9427.36 352230 5490.35 456876 1282.82 2061.74 -4708.72 ;
-33.4129 -3186.63 -2567.19 105.036 1092.16 811.325 -45.7982 -1198.01 -16.9813 -4.30771 -12.5733 -4.67195 35.9027 2473.64 45.4341 1282.82 35.9027 6.77205 -6.93081 ;
-46.9723 -2503.4 -1959.22 -1.24971 2575.9 242.918 -84.1638 -1579.39 -13.7418 -21.085 -19.1283 -4.99278 58.956 1935.45 84.0241 2061.74 6.77205 58.956 -38.1436 ;
-47.2068 -557.379 -1076.57 50.7164 -25603 -12022.1 0.351581 -1655.89 -22.7115 -15.6592 -25.5825 -1.30258 -126.172 -1033.47 6.47984 -4708.72 -6.93081 -38.1436 882.46 ;
]
+++++++++++++
Iter 26

Size = 19
Data size = 190
[ 238.024 12655.7 10110.9 -121.372 -1905.01 -192.471 243.524 8316.76 121.225 103.578 98.9347 27.4128 -223.711 -9387.66 -243.344 -7817.01 -33.6638 -47.4197 -43.8115 ;
12655.7 1.36176e+06 788248 -11770.8 -265859 -23239.9 13120.8 461764 6675.69 5161.73 5025.94 2079.93 -12561.5 -961764 -13120.5 -458570 -3212.99 -2532.08 -501.18 ;
10110.9 788248 631590 -16169.8 -159872 -16933.7 12187.9 362235 5444.38 4174.1 3790.53 1365.3 -9850.64 -585620 -12190.2 -352971 -2585.23 -1978.79 -986.807 ;
-121.372 -11770.8 -16169.8 30818.6 30818.6 0 -2441.64 -2441.64 -63.3319 -0.0141458 -59.433 0 110.34 7027.75 2507.9 2507.9 105.231 -1.17721 45.5107 ;
-1905.01 -265859 -159872 30818.6 6.23107e+06 0 -2441.64 -97055.7 -579.286 -1242.11 -734.815 213.418 8601.86 285299 2507.9 418737 1110.47 2502.47 -23996 ;
-192.471 -23239.9 -16933.7 0 0 1.23044e+06 0 0 -242.46 -103.194 -21.252 0 1611.25 29904.6 0 0 84.8861 214.069 -5318.84 ;
243.524 13120.8 12187.9 -2441.64 -2441.64 0 5534.68 5534.68 121.759 130.824 65.8916 49.0231 -243.344 -8648.03 -5516.82 -5516.82 -45.8227 -84.4142 0.363668 ;
8316.76 461764 362235 -2441.64 -97055.7 0 5534.68 401769 4435.67 4184.74 2777.82 1017.11 -7817.01 -346279 -5516.82 -376862 -1207.06 -1594.7 -1549.67 ;
121.225 6675.69 5444.38 -63.3319 -579.286 -242.46 121.759 4435.67 121.225 57.0774 47.7209 14.5168 -113.761 -4972.33 -122.003 -4144.6 -17.0886 -13.8602 -21.1418 ;
103.578 5161.73 4174.1 -0.0141458 -1242.11 -103.194 130.824 4184.74 57.0774 103.578 0 13.1374 -98.467 -3831.88 -130.352 -3967.44 -4.33624 -21.262 -14.7581 ;
98.9347 5025.94 3790.53 -59.433 -734.815 -21.252 65.8916 2777.82 47.7209 0 98.9347 10.302 -91.5256 -3742.53 -66.0578 -2565.87 -12.6636 -19.3359 -23.5408 ;
27.4128 2079.93 1365.3 0 213.418 0 49.0231 1017.11 14.5168 13.1374 10.302 27.4128 -26.8847 -1713.04 -48.9123 -995.211 -4.71034 -5.04252 -1.25242 ;
-223.711 -12561.5 -9850.64 110.34 8601.86 1611.25 -243.344 -7817.01 -113.761 -98.467 -91.5256 -26.8847 265.101 9588.95 241.588 9437.01 36.0121 58.8709 -117.158 ;
-9387.66 -961764 -585620 7027.75 285299 29904.6 -8648.03 -346279 -4972.33 -3831.88 -3742.53 -1713.04 9588.95 790356 8638.7 354107 2490.33 1950.84 -924.92 ;
-243.344 -13120.5 -12190.2 2507.9 2507.9 0 -5516.82 -5516.82 -122.003 -130.352 -66.0578 -48.9123 241.588 8638.7 5524.56 5524.56 45.4629 84.2851 5.90323 ;
-7817.01 -458570 -352971 2507.9 418737 0 -5516.82 -376862 -4144.6 -3967.44 -2565.87 -995.211 9437.01 354107 5524.56 457307 1290.04 2058.94 -4449.77 ;
-33.6638 -3212.99 -2585.23 105.231 1110.47 84.8861 -45.8227 -1207.06 -17.0886 -4.33624 -12.6636 -4.71034 36.0121 2490.33 45.4629 1290.04 36.0121 6.79961 -6.02486 ;
-47.4197 -2532.08 -1978.79 -1.17721 2502.47 214.069 -84.4142 -1594.7 -13.8602 -21.262 -19.3359 -5.04252 58.8709 1950.84 84.2851 2058.94 6.79961 58.8709 -35.5442 ;
-43.8115 -501.18 -986.807 45.5107 -23996 -5318.84 0.363668 -1549.67 -21.1418 -14.7581 -23.5408 -1.25242 -117.158 -924.92 5.90323 -4449.77 -6.02486 -35.5442 794.077 ;
]
+++++++++++++
Iter 34

Size = 19
Data size = 190
[ 238.038 12656.6 10111.8 -121.413 -1904.27 -181.255 243.51 8316.85 121.235 103.579 98.9445 27.4127 -223.708 -9388.32 -243.33 -7817.3 -33.6602 -47.4157 -43.8894 ;
12656.6 1.36183e+06 788318 -11783.3 -265827 -23206.5 13120.7 461758 6676.24 5161.65 5026.71 2079.91 -12562.1 -961811 -13120.4 -458567 -3212.96 -2532.06 -502.613 ;
10111.8 788318 631676 -16188.5 -159773 -16737.2 12188.4 362226 5444.79 4174.04 3791.12 1365.29 -9851.15 -585668 -12190.7 -352968 -2585.17 -1978.66 -988.746 ;
-121.413 -11783.3 -16188.5 30845.3 30845.3 0 -2442.57 -2442.57 -63.413 -0.0136855 -59.5134 0 110.39 7033.5 2508.79 2508.79 105.273 -1.17613 45.4346 ;
-1904.27 -265827 -159773 30845.3 6.23298e+06 0 -2442.57 -97026.7 -579.174 -1242.23 -735.112 213.439 8598.09 285251 2508.79 418548 1110.05 2501.18 -23974.5 ;
-181.255 -23206.5 -16737.2 0 0 2.23991e+06 0 0 -250.079 -102.979 -6.55736 0 1729.65 33454.6 0 0 177.216 218.463 -6164.38 ;
243.51 13120.7 12188.4 -2442.57 -2442.57 0 5534.39 5534.39 121.754 130.811 65.8954 49.0132 -243.33 -8647.65 -5516.55 -5516.55 -45.8253 -84.4144 0.362084 ;
8316.85 461758 362226 -2442.57 -97026.7 0 5534.39 401773 4435.67 4184.72 2777.97 1017.12 -7817.3 -346277 -5516.55 -376877 -1207.02 -1594.76 -1548.16 ;
121.235 6676.24 5444.79 -63.413 -579.174 -250.079 121.754 4435.67 121.235 57.0761 47.7282 14.5169 -113.764 -4972.84 -121.998 -4144.72 -17.0879 -13.8578 -21.1531 ;
103.579 5161.65 4174.04 -0.0136855 -1242.23 -102.979 130.811 4184.72 57.0761 103.579 0 13.1371 -98.4674 -3831.83 -130.338 -3967.5 -4.33609 -21.2615 -14.7603 ;
98.9445 5026.71 3791.12 -59.5134 -735.112 -6.55736 65.8954 2777.97 47.7282 0 98.9445 10.3022 -91.5187 -3743.09 -66.0614 -2566.12 -12.6597 -19.3324 -23.6202 ;
27.4127 2079.91 1365.29 0 213.439 0 49.0132 1017.12 14.5169 13.1371 10.3022 27.4127 -26.8847 -1713.02 -48.9025 -995.222 -4.71038 -5.04255 -1.25184 ;
-223.708 -12562.1 -9851.15 110.39 8598.09 1729.65 -243.33 -7817.3 -113.764 -98.4674 -91.5187 -26.8847 265.149 9590.18 241.575 9436.52 36.0193 58.8779 -117.396 ;
-9388.32 -961811 -585668 7033.5 285251 33454.6 -8647.65 -346277 -4972.84 -3831.83 -3743.09 -1713.02 9590.18 790415 8638.34 354098 2490.61 1950.89 -928.647 ;
-243.33 -13120.4 -12190.7 2508.79 2508.79 0 -5516.55 -5516.55 -121.998 -130.338 -66.0614 -48.9025 241.575 8638.34 5524.28 5524.28 45.4656 84.2854 5.89515 ;
-7817.3 -458567 -352968 2508.79 418548 0 -5516.55 -376877 -4144.72 -3967.5 -2566.12 -995.222 9436.52 354098 5524.28 457283 1289.98 2058.71 -4445.66 ;
-33.6602 -3212.96 -2585.17 105.273 1110.05 177.216 -45.8253 -1207.02 -17.0879 -4.33609 -12.6597 -4.71038 36.0193 2490.61 45.4656 1289.98 36.0193 6.7999 -6.10425 ;
-47.4157 -2532.06 -1978.66 -1.17613 2501.18 218.463 -84.4144 -1594.76 -13.8578 -21.2615 -19.3324 -5.04255 58.8779 1950.89 84.2854 2058.71 6.7999 58.8779 -35.593 ;
-43.8894 -502.613 -988.746 45.4346 -23974.5 -6164.38 0.362084 -1548.16 -21.1531 -14.7603 -23.6202 -1.25184 -117.396 -928.647 5.89515 -4445.66 -6.10425 -35.593 796.158 ;
]
+++++++++++++
Iter 36

Size = 19
Data size = 190
[ 238.046 12657 10112.2 -121.455 -1903.74 -168.015 243.496 8316.97 121.24 103.579 98.9511 27.4123 -223.711 -9388.57 -243.315 -7817.64 -33.6571 -47.415 -43.9097 ;
12657 1.36186e+06 788352 -11795.9 -265803 -22866.6 13120.4 461756 6676.49 5161.57 5027.12 2079.85 -12562.5 -961819 -13120.1 -458568 -3212.89 -2532.09 -503.179 ;
10112.2 788352 631719 -16207.3 -159697 -16231.4 12189 362223 5444.99 4173.97 3791.43 1365.27 -9851.41 -585685 -12191.3 -352970 -2585.08 -1978.62 -989.428 ;
-121.455 -11795.9 -16207.3 30872.2 30872.2 0 -2443.52 -2443.52 -63.4944 -0.0132878 -59.594 0 110.441 7039.31 2509.69 2509.69 105.316 -1.17506 45.3591 ;
-1903.74 -265803 -159697 30872.2 6.23453e+06 0 -2443.52 -97006.9 -579.158 -1242.38 -735.423 213.46 8594.56 285207 2509.69 418371 1109.69 2499.94 -23953.5 ;
-168.015 -22866.6 -16231.4 0 0 3.09191e+06 0 0 -253.536 -102.871 8.39293 0 1818.78 36145.8 0 0 254.746 220.412 -6840.32 ;
243.496 13120.4 12189 -2443.52 -2443.52 0 5534.09 5534.09 121.748 130.796 65.8991 49.0025 -243.315 -8647.1 -5516.26 -5516.26 -45.8279 -84.4145 0.360591 ;
8316.97 461756 362223 -2443.52 -97006.9 0 5534.09 401780 4435.69 4184.7 2778.12 1017.11 -7817.64 -346275 -5516.26 -376895 -1207.01 -1594.84 -1546.67 ;
121.24 6676.49 5444.99 -63.4944 -579.158 -253.536 121.748 4435.69 121.24 57.0754 47.7327 14.517 -113.768 -4973.07 -121.992 -4144.87 -17.0877 -13.857 -21.1471 ;
103.579 5161.57 4173.97 -0.0132878 -1242.38 -102.871 130.796 4184.7 57.0754 103.579 0 13.1367 -98.4683 -3831.77 -130.324 -3967.58 -4.33598 -21.2614 -14.7547 ;
98.9511 5027.12 3791.43 -59.594 -735.423 8.39293 65.8991 2778.12 47.7327 0 98.9511 10.3023 -91.5185 -3743.34 -66.0651 -2566.38 -12.6567 -19.3318 -23.6501 ;
27.4123 2079.85 1365.27 0 213.46 0 49.0025 1017.11 14.517 13.1367 10.3023 27.4123 -26.8844 -1712.96 -48.8919 -995.224 -4.71035 -5.04254 -1.25127 ;
-223.711 -12562.5 -9851.41 110.441 8594.56 1818.78 -243.315 -7817.64 -113.768 -98.4683 -91.5185 -26.8844 265.169 9590.71 241.561 9436.1 36.0247 58.8786 -117.474 ;
-9388.57 -961819 -585685 7039.31 285207 36145.8 -8647.1 -346275 -4973.07 -3831.77 -3743.34 -1712.96 9590.71 790431 8637.81 354090 2490.8 1950.89 -930.512 ;
-243.315 -13120.1 -12191.3 2509.69 2509.69 0 -5516.26 -5516.26 -121.992 -130.324 -66.0651 -48.8919 241.561 8637.81 5523.97 5523.97 45.4683 84.2857 5.88711 ;
-7817.64 -458568 -352970 2509.69 418371 0 -5516.26 -376895 -4144.87 -3967.58 -2566.38 -995.224 9436.1 354090 5523.97 457263 1289.95 2058.5 -4441.7 ;
-33.6571 -3212.89 -2585.08 105.316 1109.69 254.746 -45.8279 -1207.01 -17.0877 -4.33598 -12.6567 -4.71035 36.0247 2490.8 45.4683 1289.95 36.0247 6.80003 -6.16447 ;
-47.415 -2532.09 -1978.62 -1.17506 2499.94 220.412 -84.4145 -1594.84 -13.857 -21.2614 -19.3318 -5.04254 58.8786 1950.89 84.2857 2058.5 6.80003 58.8786 -35.5968 ;
-43.9097 -503.179 -989.428 45.3591 -23953.5 -6840.32 0.360591 -1546.67 -21.1471 -14.7547 -23.6501 -1.25127 -117.474 -930.512 5.88711 -4441.7 -6.16447 -35.5968 796.76 ;
]
+++++++++++++
Iter 37

Size = 19
Data size = 190
[ 238.058 12657.5 10112.6 -121.535 -1903.11 -140.764 243.465 8317.22 121.247 103.578 98.9619 27.4113 -223.719 -9388.76 -243.285 -7818.29 -33.6513 -47.4155 -43.9123 ;
12657.5 1.36189e+06 788390 -11819.9 -265773 -21997.9 13119.8 461753 6676.8 5161.4 5027.68 2079.71 -12562.8 -961810 -13119.4 -458572 -3212.71 -2532.15 -503.725 ;
10112.6 788390 631769 -16243.3 -159586 -15032.3 12189.9 362218 5445.23 4173.84 3791.87 1365.22 -9851.72 -585698 -12192.2 -352975 -2584.85 -1978.59 -989.942 ;
-121.535 -11819.9 -16243.3 30923.5 30923.5 0 -2445.34 -2445.34 -63.6498 -0.0125816 -59.7479 0 110.538 7050.42 2511.42 2511.42 105.398 -1.17294 45.2092 ;
-1903.11 -265773 -159586 30923.5 6.23677e+06 0 -2445.34 -96986.2 -579.291 -1242.69 -736.054 213.503 8587.98 285129 2511.42 418042 1109.09 2497.56 -23912.3 ;
-140.764 -21997.9 -15032.3 0 0 4.66371e+06 0 0 -257.729 -102.742 37.845 0 1975.06 40875.9 0 0 397.425 222.664 -8058.29 ;
243.465 13119.8 12189.9 -2445.34 -2445.34 0 5533.48 5533.48 121.736 130.768 65.9061 48.981 -243.285 -8645.95 -5515.67 -5515.67 -45.833 -84.4148 0.357719 ;
8317.22 461753 362218 -2445.34 -96986.2 0 5533.48 401793 4435.76 4184.68 2778.43 1017.1 -7818.29 -346273 -5515.67 -376929 -1207 -1594.98 -1543.76 ;
121.247 6676.8 5445.23 -63.6498 -579.291 -257.729 121.736 4435.76 121.247 57.0741 47.7396 14.5169 -113.776 -4973.33 -121.979 -4145.16 -17.0876 -13.8564 -21.124 ;
103.578 5161.4 4173.84 -0.0125816 -1242.69 -102.742 130.768 4184.68 57.0741 103.578 0 13.1358 -98.4704 -3831.65 -130.297 -3967.72 -4.33577 -21.2614 -14.7388 ;
98.9619 5027.68 3791.87 -59.7479 -736.054 37.845 65.9061 2778.43 47.7396 0 98.9619 10.3025 -91.5221 -3743.62 -66.0719 -2566.89 -12.6512 -19.3321 -23.6771 ;
27.4113 2079.71 1365.22 0 213.503 0 48.981 1017.1 14.5169 13.1358 10.3025 27.4113 -26.8836 -1712.83 -48.8706 -995.222 -4.71028 -5.0425 -1.25013 ;
-223.719 -12562.8 -9851.72 110.538 8587.98 1975.06 -243.285 -7818.29 -113.776 -98.4704 -91.5221 -26.8836 265.187 9591.28 241.533 9435.32 36.0341 58.8757 -117.524 ;
-9388.76 -961810 -585698 7050.42 285129 40875.9 -8645.95 -346273 -4973.33 -3831.65 -3743.62 -1712.83 9591.28 790438 8636.68 354075 2491.1 1950.84 -932.978 ;
-243.285 -13119.4 -12192.2 2511.42 2511.42 0 -5515.67 -5515.67 -121.979 -130.297 -66.0719 -48.8706 241.533 8636.68 5523.37 5523.37 45.4734 84.2864 5.87109 ;
-7818.29 -458572 -352975 2511.42 418042 0 -5515.67 -376929 -4145.16 -3967.72 -2566.89 -995.222 9435.32 354075 5523.37 457226 1289.88 2058.1 -4434.08 ;
-33.6513 -3212.71 -2584.85 105.398 1109.09 397.425 -45.833 -1207 -17.0876 -4.33577 -12.6512 -4.71028 36.0341 2491.1 45.4734 1289.88 36.0341 6.80007 -6.27039 ;
-47.4155 -2532.15 -1978.59 -1.17294 2497.56 222.664 -84.4148 -1594.98 -13.8564 -21.2614 -19.3321 -5.0425 58.8757 1950.84 84.2864 2058.1 6.80007 58.8757 -35.5759 ;
-43.9123 -503.725 -989.942 45.2092 -23912.3 -8058.29 0.357719 -1543.76 -21.124 -14.7388 -23.6771 -1.25013 -117.524 -932.978 5.87109 -4434.08 -6.27039 -35.5759 796.99 ;
]
+++++++++++++
Iter 38

Size = 19
Data size = 190
[ 238.072 12657.7 10112.8 -121.672 -1903.41 -104.72 243.407 8317.61 121.254 103.574 98.9797 27.4092 -223.74 -9388.69 -243.227 -7819.46 -33.6431 -47.4193 -43.8368 ;
12657.7 1.36188e+06 788403 -11862.1 -265769 -20723.1 13118.3 461746 6676.97 5161.03 5028.37 2079.43 -12563.1 -961748 -13118 -458575 -3212.35 -2532.28 -503.184 ;
10112.8 788403 631792 -16306.4 -159519 -13324.2 12191.4 362206 5445.34 4173.52 3792.43 1365.12 -9851.99 -585681 -12193.7 -352983 -2584.41 -1978.59 -988.688 ;
-121.672 -11862.1 -16306.4 31013.2 31013.2 0 -2448.51 -2448.51 -63.923 -0.0114858 -60.0186 0 110.71 7069.88 2514.39 2514.39 105.539 -1.16874 44.9137 ;
-1903.41 -265769 -159519 31013.2 6.23796e+06 0 -2448.51 -97013.9 -580.114 -1243.42 -737.317 213.597 8576.6 285001 2514.39 417477 1108.27 2493.22 -23833.4 ;
-104.72 -20723.1 -13324.2 0 0 6.63568e+06 0 0 -261.446 -102.69 75.9496 0 2163.97 46619.3 0 0 576.093 224.172 -9555.52 ;
243.407 13118.3 12191.4 -2448.51 -2448.51 0 5532.3 5532.3 121.711 130.715 65.9177 48.9396 -243.227 -8643.66 -5514.53 -5514.53 -45.842 -84.4149 0.352359 ;
8317.61 461746 362206 -2448.51 -97013.9 0 5532.3 401814 4435.84 4184.62 2778.99 1017.07 -7819.46 -346265 -5514.53 -376989 -1206.97 -1595.22 -1538.21 ;
121.254 6676.97 5445.34 -63.923 -580.114 -261.446 121.711 4435.84 121.254 57.0713 47.7495 14.5166 -113.79 -4973.48 -121.954 -4145.67 -17.0876 -13.8569 -21.0599 ;
103.574 5161.03 4173.52 -0.0114858 -1243.42 -102.69 130.715 4184.62 57.0713 103.574 0 13.134 -98.4742 -3831.39 -130.243 -3967.97 -4.33529 -21.2617 -14.6992 ;
98.9797 5028.37 3792.43 -60.0186 -737.317 75.9496 65.9177 2778.99 47.7495 0 98.9797 10.3026 -91.5388 -3743.89 -66.0831 -2567.81 -12.6446 -19.3355 -23.6592 ;
27.4092 2079.43 1365.12 0 213.597 0 48.9396 1017.07 14.5166 13.134 10.3026 27.4092 -26.8819 -1712.56 -48.8295 -995.206 -4.71013 -5.0424 -1.2479 ;
-223.74 -12563.1 -9851.99 110.71 8576.6 2163.97 -243.227 -7819.46 -113.79 -98.4742 -91.5388 -26.8819 265.185 9591.36 241.479 9433.85 36.0435 58.863 -117.385 ;
-9388.69 -961748 -585681 7069.88 285001 46619.3 -8643.66 -346265 -4973.48 -3831.39 -3743.89 -1712.56 9591.36 790402 8634.44 354045 2491.33 1950.68 -933.865 ;
-243.227 -13118 -12193.7 2514.39 2514.39 0 -5514.53 -5514.53 -121.954 -130.243 -66.0831 -48.8295 241.479 8634.44 5522.19 5522.19 45.4827 84.2872 5.8394 ;
-7819.46 -458575 -352983 2514.39 417477 0 -5514.53 -376989 -4145.67 -3967.97 -2567.81 -995.206 9433.85 354045 5522.19 457155 1289.76 2057.37 -4420 ;
-33.6431 -3212.35 -2584.41 105.539 1108.27 576.093 -45.842 -1206.97 -17.0876 -4.33529 -12.6446 -4.71013 36.0435 2491.33 45.4827 1289.76 36.0435 6.79957 -6.39367 ;
-47.4193 -2532.28 -1978.59 -1.16874 2493.22 224.172 -84.4149 -1595.22 -13.8569 -21.2617 -19.3355 -5.0424 58.863 1950.68 84.2872 2057.37 6.79957 58.863 -35.4879 ;
-43.8368 -503.184 -988.688 44.9137 -23833.4 -9555.52 0.352359 -1538.21 -21.0599 -14.6992 -23.6592 -1.2479 -117.385 -933.865 5.8394 -4420 -6.39367 -35.4879 795.263 ;
]
+++++++++++++
Iter 39

Size = 19
Data size = 190
[ 238.082 12657 10111.8 -121.853 -1908.31 -85.5624 243.292 8317.91 121.256 103.564 99.0093 27.4048 -223.787 -9387.96 -243.113 -7821.15 -33.6339 -47.4274 -43.5782 ;
12657 1.36177e+06 788301 -11922 -265903 -19990.3 13115.1 461713 6676.47 5160.18 5029.13 2078.96 -12562.8 -961575 -13114.7 -458562 -3211.61 -2532.4 -499.361 ;
10111.8 788301 631680 -16397 -159792 -12352.3 12192.8 362160 5444.75 4172.69 3793.06 1364.94 -9851.81 -585576 -12195.1 -352974 -2583.61 -1978.49 -982.425 ;
-121.853 -11922 -16397 31139 31139 0 -2452.84 -2452.84 -64.3185 -0.0106347 -60.4101 0 110.958 7097.33 2518.31 2518.31 105.726 -1.16048 44.3394 ;
-1908.31 -265903 -159792 31139 6.23098e+06 0 -2452.84 -97257 -583.13 -1245.11 -739.71 213.833 8558.94 284821 2518.31 416614 1107.63 2485.8 -23685.5 ;
-85.5624 -19990.3 -12352.3 0 0 7.72753e+06 0 0 -263.596 -102.871 96.2595 0 2263.46 49721.2 0 0 674.797 223.612 -10344.7 ;
243.292 13115.1 12192.8 -2452.84 -2452.84 0 5529.98 5529.98 121.659 130.614 65.9315 48.8626 -243.113 -8639.34 -5512.3 -5512.3 -45.8559 -84.4135 0.343089 ;
8317.91 461713 362160 -2452.84 -97257 0 5529.98 401832 4435.72 4184.38 2779.86 1016.99 -7821.15 -346239 -5512.3 -377079 -1206.8 -1595.54 -1527.92 ;
121.256 6676.47 5444.75 -64.3185 -583.13 -263.596 121.659 4435.72 121.256 57.0636 47.7623 14.5154 -113.81 -4973.16 -121.901 -4146.33 -17.0863 -13.8588 -20.917 ;
103.564 5160.18 4172.69 -0.0106347 -1245.11 -102.871 130.614 4184.38 57.0636 103.564 0 13.1309 -98.4788 -3830.82 -130.144 -3968.27 -4.33401 -21.2624 -14.6155 ;
99.0093 5029.13 3793.06 -60.4101 -739.71 96.2595 65.9315 2779.86 47.7623 0 99.0093 10.3021 -91.584 -3744.15 -66.0961 -2569.33 -12.6416 -19.3435 -23.5225 ;
27.4048 2078.96 1364.94 0 213.833 0 48.8626 1016.99 14.5154 13.1309 10.3021 27.4048 -26.8781 -1712.1 -48.7533 -995.156 -4.70992 -5.04225 -1.24367 ;
-223.787 -12562.8 -9851.81 110.958 8558.94 2263.46 -243.113 -7821.15 -113.81 -98.4788 -91.584 -26.8781 265.122 9589.83 241.372 9431.02 36.0407 58.8308 -116.769 ;
-9387.96 -961575 -585576 7097.33 284821 49721.2 -8639.34 -346239 -4973.16 -3830.82 -3744.15 -1712.1 9589.83 790272 8630.22 353978 2490.94 1950.23 -928.337 ;
-243.113 -13114.7 -12195.1 2518.31 2518.31 0 -5512.3 -5512.3 -121.901 -130.144 -66.0961 -48.7533 241.372 8630.22 5519.88 5519.88 45.497 84.2872 5.77745 ;
-7821.15 -458562 -352974 2518.31 416614 0 -5512.3 -377079 -4146.33 -3968.27 -2569.33 -995.156 9431.02 353978 5519.88 457022 1289.44 2056.08 -4395.37 ;
-33.6339 -3211.61 -2583.61 105.726 1107.63 674.797 -45.8559 -1206.8 -17.0863 -4.33401 -12.6416 -4.70992 36.0407 2490.94 45.497 1289.44 36.0407 6.79698 -6.43876 ;
-47.4274 -2532.4 -1978.49 -1.16048 2485.8 223.612 -84.4135 -1595.54 -13.8588 -21.2624 -19.3435 -5.04225 58.8308 1950.23 84.2872 2056.08 6.79698 58.8308 -35.2746 ;
-43.5782 -499.361 -982.425 44.3394 -23685.5 -10344.7 0.343089 -1527.92 -20.917 -14.6155 -23.5225 -1.24367 -116.769 -928.337 5.77745 -4395.37 -6.43876 -35.2746 788.769 ;
]
+++++++++++++
Iter 40

Size = 19
Data size = 190
[ 238.063 12653 10106.6 -121.837 -1925.91 -103.387 243.07 8316.94 121.23 103.533 99.051 27.3966 -223.847 -9385.18 -242.893 -7822.56 -33.6148 -47.4352 -43.002 ;
12653 1.36131e+06 787801 -11946 -266382 -20552.1 13106.8 461567 6673.59 5158.05 5029.42 2078.34 -12560 -961147 -13106.4 -458453 -3209.3 -2532.17 -489.66 ;
10106.6 787801 631083 -16437.8 -161048 -13096.3 12188.9 361973 5441.51 4170.33 3793.06 1364.64 -9848.69 -585202 -12191.2 -352855 -2581.12 -1977.72 -967.113 ;
-121.837 -11946 -16437.8 31178.4 31178.4 0 -2453.46 -2453.46 -64.5195 -0.0142151 -60.6083 0 111.064 7106.85 2518.04 2518.04 105.718 -1.14453 43.2553 ;
-1925.91 -266382 -161048 31178.4 6.19797e+06 0 -2453.46 -98083.7 -591.255 -1248.75 -743.619 214.396 8534.52 284577 2518.04 415458 1108.08 2473.98 -23417 ;
-103.387 -20552.1 -13096.3 0 0 6.98586e+06 0 0 -263.885 -103.457 78.3199 0 2182.71 47487.1 0 0 607.25 219.818 -9683.75 ;
243.07 13106.8 12188.9 -2453.46 -2453.46 0 5525.43 5525.43 121.538 130.436 65.9221 48.7297 -242.893 -8631.48 -5507.97 -5507.97 -45.8671 -84.4042 0.330181 ;
8316.94 461567 361973 -2453.46 -98083.7 0 5525.43 401792 4434.55 4183.45 2780.91 1016.81 -7822.56 -346138 -5507.97 -377160 -1206.01 -1595.68 -1509.6 ;
121.23 6673.59 5441.51 -64.5195 -591.255 -263.885 121.538 4434.55 121.23 57.0402 47.7746 14.5118 -113.82 -4971.27 -121.778 -4146.45 -17.0766 -13.8609 -20.641 ;
103.533 5158.05 4170.33 -0.0142151 -1248.75 -103.457 130.436 4183.45 57.0402 103.533 0 13.126 -98.4747 -3829.47 -129.971 -3968.22 -4.33017 -21.2621 -14.4579 ;
99.051 5029.42 3793.06 -60.6083 -743.619 78.3199 65.9221 2780.91 47.7746 0 99.051 10.2997 -91.6682 -3744.03 -66.0856 -2571.42 -12.6425 -19.3557 -23.1823 ;
27.3966 2078.34 1364.64 0 214.396 0 48.7297 1016.81 14.5118 13.126 10.2997 27.3966 -26.8711 -1711.54 -48.6217 -995.037 -4.70978 -5.04211 -1.23601 ;
-223.847 -12560 -9848.69 111.064 8534.52 2182.71 -242.893 -7822.56 -113.82 -98.4747 -91.6682 -26.8711 264.941 9584.61 241.168 9425.24 36.0056 58.7646 -115.363 ;
-9385.18 -961147 -585202 7106.85 284577 47487.1 -8631.48 -346138 -4971.27 -3829.47 -3744.03 -1711.54 9584.61 789970 8622.54 353810 2488.83 1949.17 -911.524 ;
-242.893 -13106.4 -12191.2 2518.04 2518.04 0 -5507.97 -5507.97 -121.778 -129.971 -66.0856 -48.6217 241.168 8622.54 5515.4 5515.4 45.5091 84.2804 5.65923 ;
-7822.56 -458453 -352855 2518.04 415458 0 -5507.97 -377160 -4146.45 -3968.22 -2571.42 -995.037 9425.24 353810 5515.4 456750 1288.41 2053.84 -4354.68 ;
-33.6148 -3209.3 -2581.12 105.718 1108.08 607.25 -45.8671 -1206.01 -17.0766 -4.33017 -12.6425 -4.70978 36.0056 2488.83 45.5091 1288.41 36.0056 6.78808 -6.33116 ;
-47.4352 -2532.17 -1977.72 -1.14453 2473.98 219.818 -84.4042 -1595.68 -13.8609 -21.2621 -19.3557 -5.04211 58.7646 1949.17 84.2804 2053.84 6.78808 58.7646 -34.8697 ;
-43.002 -489.66 -967.113 43.2553 -23417 -9683.75 0.330181 -1509.6 -20.641 -14.4579 -23.1823 -1.23601 -115.363 -911.524 5.65923 -4354.68 -6.33116 -34.8697 774.149 ;
]
+++++++++++++
Iter 41

Size = 19
Data size = 190
[ 238.05 12645.2 10097.2 -120.997 -1943.91 -27.0695 242.746 8315.82 121.199 103.479 99.137 27.3859 -223.957 -9380 -242.577 -7826.12 -33.5561 -47.4478 -42.0643 ;
12645.2 1.3603e+06 786741 -11772.9 -266520 -17559.9 13088.5 461256 6667.96 5153.88 5029.41 2077.01 -12553.9 -960302 -13088.1 -458213 -3203.64 -2531.37 -475.809 ;
10097.2 786741 629850 -16192.7 -161700 -9153.49 12167.1 361612 5435.17 4165.91 3792.43 1364.21 -9842.14 -584447 -12169.5 -352624 -2574.71 -1976.1 -944.43 ;
-120.997 -11772.9 -16192.7 30775.7 30775.7 0 -2437.41 -2437.41 -63.5222 -0.0293365 -59.6188 0 110.445 7023.38 2500.15 2500.15 104.891 -1.11454 41.2644 ;
-1943.91 -266520 -161700 30775.7 6.16457e+06 0 -2437.41 -98995.1 -599.996 -1254.63 -748.985 215.451 8473.14 283743 2500.15 412517 1104.68 2448.72 -22892.7 ;
-27.0695 -17559.9 -9153.49 0 0 1.1247e+07 0 0 -271.244 -104.183 158.577 0 2567.32 59475.2 0 0 992.229 217.051 -12753.8 ;
242.746 13088.5 12167.1 -2437.41 -2437.41 0 5518.89 5518.89 121.324 130.239 65.8113 48.5589 -242.577 -8619.66 -5501.89 -5501.89 -45.8417 -84.3707 0.316222 ;
8315.82 461256 361612 -2437.41 -98995.1 0 5518.89 401748 4432.64 4181.71 2783.42 1016.61 -7826.12 -345940 -5501.89 -377354 -1204.49 -1596.12 -1473.17 ;
121.199 6667.96 5435.17 -63.5222 -599.996 -271.244 121.324 4432.64 121.199 57 47.8069 14.5095 -113.851 -4967.93 -121.562 -4147.11 -17.0537 -13.8629 -20.1258 ;
103.479 5153.88 4165.91 -0.0293365 -1254.63 -104.183 130.239 4181.71 57 103.479 0 13.1177 -98.4722 -3826.91 -129.785 -3968.26 -4.32312 -21.2611 -14.1588 ;
99.137 5029.41 3792.43 -59.6188 -748.985 158.577 65.8113 2783.42 47.8069 0 99.137 10.2989 -91.8085 -3743.58 -65.973 -2576.05 -12.6176 -19.3778 -22.6846 ;
27.3859 2077.01 1364.21 0 215.451 0 48.5589 1016.61 14.5095 13.1177 10.2989 27.3859 -26.8623 -1710.28 -48.4535 -994.938 -4.70896 -5.0423 -1.22185 ;
-223.957 -12553.9 -9842.14 110.445 8473.14 2567.32 -242.577 -7826.12 -113.851 -98.4722 -91.8085 -26.8623 264.671 9576.69 240.879 9413.55 35.9733 58.6392 -113.173 ;
-9380 -960302 -584447 7023.38 283743 59475.2 -8619.66 -345940 -4967.93 -3826.91 -3743.58 -1710.28 9576.69 789412 8611.08 353472 2485.85 1947.1 -892.297 ;
-242.577 -13088.1 -12169.5 2500.15 2500.15 0 -5501.89 -5501.89 -121.562 -129.785 -65.973 -48.4535 240.879 8611.08 5509.02 5509.02 45.4854 84.2518 5.43655 ;
-7826.12 -458213 -352624 2500.15 412517 0 -5501.89 -377354 -4147.11 -3968.26 -2576.05 -994.938 9413.55 353472 5509.02 456194 1286.39 2049.03 -4269.34 ;
-33.5561 -3203.64 -2574.71 104.891 1104.68 992.229 -45.8417 -1204.49 -17.0537 -4.32312 -12.6176 -4.70896 35.9733 2485.85 45.4854 1286.39 35.9733 6.7722 -6.51619 ;
-47.4478 -2531.37 -1976.1 -1.11454 2448.72 217.051 -84.3707 -1596.12 -13.8629 -21.2611 -19.3778 -5.0423 58.6392 1947.1 84.2518 2049.03 6.7722 58.6392 -34.1156 ;
-42.0643 -475.809 -944.43 41.2644 -22892.7 -12753.8 0.316222 -1473.17 -20.1258 -14.1588 -22.6846 -1.22185 -113.173 -892.297 5.43655 -4269.34 -6.51619 -34.1156 750.826 ;
]
+++++++++++++
Iter 42

Size = 19
Data size = 190
[ 237.82 12617.4 10066.6 -120.775 -1989.64 -170.493 242.129 8304.23 121.014 103.292 99.256 27.347 -223.952 -9360.38 -241.965 -7818.82 -33.4467 -47.419 -40.227 ;
12617.4 1.35656e+06 783647 -11836.5 -267565 -22452 13067 460217 6650.74 5141.93 5025.89 2072.61 -12530.5 -957342 -13066.5 -457268 -3189.86 -2526.29 -442.088 ;
10066.6 783647 626487 -16308.1 -165365 -15623.4 12138.2 360475 5416.87 4153.02 3789.45 1362.51 -9818.01 -582225 -12140.7 -351648 -2560.99 -1969.53 -893.451 ;
-120.775 -11836.5 -16308.1 30857.4 30857.4 0 -2436.07 -2436.07 -64.118 -0.0228669 -60.2192 0 110.675 7043.41 2496.13 2496.13 104.721 -1.0586 37.5746 ;
-1989.64 -267565 -165365 30857.4 6.05485e+06 0 -2436.07 -101089 -621.115 -1262.49 -754.584 217.458 8418.05 282719 2496.13 410024 1104.76 2424.03 -22169.2 ;
-170.493 -22452 -15623.4 0 0 4.43884e+06 0 0 -266.706 -106.538 11.1791 0 1882.38 39536.2 0 0 374.47 200.101 -7232.79 ;
242.129 13067 12138.2 -2436.07 -2436.07 0 5506.52 5506.52 121.066 129.961 65.6237 48.3044 -241.965 -8605.22 -5490.17 -5490.17 -45.7395 -84.2333 0.266872 ;
8304.23 460217 360475 -2436.07 -101089 0 5506.52 401195 4424.06 4174.53 2785.15 1015.46 -7818.82 -345176 -5490.17 -377017 -1199.3 -1593.87 -1424.81 ;
121.014 6650.74 5416.87 -64.118 -621.115 -266.706 121.066 4424.06 121.014 56.8695 47.8337 14.4951 -113.752 -4956.09 -121.298 -4140.81 -16.9884 -13.859 -19.3059 ;
103.292 5141.93 4153.02 -0.0228669 -1262.49 -106.538 129.961 4174.53 56.8695 103.292 0 13.0957 -98.3483 -3818.75 -129.517 -3962.44 -4.30096 -21.2396 -13.7155 ;
99.256 5025.89 3789.45 -60.2192 -754.584 11.1791 65.6237 2785.15 47.8337 0 99.256 10.2872 -92.0618 -3740.17 -65.7819 -2579.6 -12.6267 -19.4027 -21.5241 ;
27.347 2072.61 1362.51 0 217.458 0 48.3044 1015.46 14.4951 13.0957 10.2872 27.347 -26.8232 -1706.11 -48.2037 -993.805 -4.70289 -5.03832 -1.20636 ;
-223.952 -12530.5 -9818.01 110.675 8418.05 1882.38 -241.965 -7818.82 -113.752 -98.3483 -92.0618 -26.8232 263.961 9548.51 240.323 9392.98 35.7749 58.4388 -108.665 ;
-9360.38 -957342 -582225 7043.41 282719 39536.2 -8605.22 -345176 -4956.09 -3818.75 -3740.17 -1706.11 9548.51 786980 8597.31 352552 2473.13 1941.08 -831.416 ;
-241.965 -13066.5 -12140.7 2496.13 2496.13 0 -5490.17 -5490.17 -121.298 -129.517 -65.7819 -48.2037 240.323 8597.31 5496.81 5496.81 45.3866 84.1237 5.02242 ;
-7818.82 -457268 -351648 2496.13 410024 0 -5490.17 -377017 -4140.81 -3962.44 -2579.6 -993.805 9392.98 352552 5496.81 455230 1280.78 2043.44 -4172.18 ;
-33.4467 -3189.86 -2560.99 104.721 1104.76 374.47 -45.7395 -1199.3 -16.9884 -4.30096 -12.6267 -4.70289 35.7749 2473.13 45.3866 1280.78 35.7749 6.7261 -5.88531 ;
-47.419 -2526.29 -1969.53 -1.0586 2424.03 200.101 -84.2333 -1593.87 -13.859 -21.2396 -19.4027 -5.03832 58.4388 1941.08 84.1237 2043.44 6.7261 58.4388 -32.9831 ;
-40.227 -442.088 -893.451 37.5746 -22169.2 -7232.79 0.266872 -1424.81 -19.3059 -13.7155 -21.5241 -1.20636 -108.665 -831.416 5.02242 -4172.18 -5.88531 -32.9831 702.808 ;
]
+++++++++++++
Iter 43

Size = 19
Data size = 190
[ 237.871 12596.2 10057.7 -117.006 -2041.86 105.436 241.288 8289.81 120.958 103.015 99.6802 27.2941 -224.399 -9350.21 -241.163 -7820.07 -33.3731 -47.4519 -37.258 ;
12596.2 1.35302e+06 781527 -10886.8 -267837 -11909.1 12992.4 458905 6638.13 5125.15 5029.65 2062.71 -12514.7 -954963 -12992 -456192 -3179.37 -2519.94 -399.606 ;
10057.7 781527 624955 -14921 -166910 -1711.49 12049.2 359515 5408.11 4139.46 3800.32 1360.38 -9817.77 -580999 -12052.3 -351110 -2553.35 -1967.37 -823.75 ;
-117.006 -10886.8 -14921 28746 28746 0 -2361.22 -2361.22 -58.2314 -0.0996801 -54.3831 0 107.569 6604.78 2414.82 2414.82 100.963 -0.969959 31.9684 ;
-2041.86 -267837 -166910 28746 5.97559e+06 0 -2361.22 -103875 -649.595 -1281.32 -771.519 221.728 8225.47 280247 2414.82 400979 1096.27 2345.42 -20545.9 ;
105.436 -11909.1 -1711.49 0 0 1.9648e+07 0 0 -294.59 -109.044 303.276 0 3252.03 82467.6 0 0 1742.98 190.002 -18216.7 ;
241.288 12992.4 12049.2 -2361.22 -2361.22 0 5491.59 5491.59 120.398 129.641 65.038 47.6772 -241.163 -8561.74 -5476.9 -5476.9 -45.6554 -84.1089 0.275029 ;
8289.81 458905 359515 -2361.22 -103875 0 5491.59 400400 4412.71 4161.55 2789.92 1014.75 -7820.07 -344479 -5476.9 -377025 -1196.87 -1591.46 -1306.75 ;
120.958 6638.13 5408.11 -58.2314 -649.595 -294.59 120.398 4412.71 120.958 56.686 48.0171 14.4935 -113.9 -4950.79 -120.625 -4138.04 -16.9896 -13.8625 -17.6672 ;
103.015 5125.15 4139.46 -0.0996801 -1281.32 -109.044 129.641 4161.55 56.686 103.015 0 13.0567 -98.2444 -3809.42 -129.24 -3955.55 -4.27863 -21.2015 -12.7418 ;
99.6802 5029.65 3800.32 -54.3831 -771.519 303.276 65.038 2789.92 48.0171 0 99.6802 10.2877 -92.6533 -3744.28 -65.1944 -2591.43 -12.5981 -19.503 -19.9819 ;
27.2941 2062.71 1360.38 0 221.728 0 47.6772 1014.75 14.4935 13.0567 10.2877 27.2941 -26.7729 -1696.89 -47.5857 -993.26 -4.69704 -5.03538 -1.16728 ;
-224.399 -12514.7 -9817.77 107.569 8225.47 3252.03 -241.163 -7820.07 -113.9 -98.2444 -92.6533 -26.7729 263.251 9530.16 239.616 9349.67 35.8017 58.0466 -101.871 ;
-9350.21 -954963 -580999 6604.78 280247 82467.6 -8561.74 -344479 -4950.79 -3809.42 -3744.28 -1696.89 9530.16 784906 8554.91 351425 2470.36 1933.2 -776.325 ;
-241.163 -12992 -12052.3 2414.82 2414.82 0 -5476.9 -5476.9 -120.625 -129.24 -65.1944 -47.5857 239.616 8554.91 5482.58 5482.58 45.3099 84.0149 4.35398 ;
-7820.07 -456192 -351110 2414.82 400979 0 -5476.9 -377025 -4138.04 -3955.55 -2591.43 -993.26 9349.67 351425 5482.58 453072 1276.85 2025.52 -3908.52 ;
-33.3731 -3179.37 -2553.35 100.963 1096.27 1742.98 -45.6554 -1196.87 -16.9896 -4.27863 -12.5981 -4.69704 35.8017 2470.36 45.3099 1276.85 35.8017 6.69171 -6.59363 ;
-47.4519 -2519.94 -1967.37 -0.969959 2345.42 190.002 -84.1089 -1591.46 -13.8625 -21.2015 -19.503 -5.03538 58.0466 1933.2 84.0149 2025.52 6.69171 58.0466 -30.6042 ;
-37.258 -399.606 -823.75 31.9684 -20545.9 -18216.7 0.275029 -1306.75 -17.6672 -12.7418 -19.9819 -1.16728 -101.871 -776.325 4.35398 -3908.52 -6.59363 -30.6042 631.909 ;
]
+++++++++++++
Iter 44

Size = 19
Data size = 190
[ 237.804 12591.3 10052.1 -117.498 -2051.9 -67.24 241.31 8287.14 120.901 102.993 99.668 27.2979 -224.361 -9348.2 -241.182 -7816.53 -33.3939 -47.4345 -37.0644 ;
12591.3 1.35269e+06 781009 -11034.7 -268320 -18280.8 13003.3 458733 6634.23 5123.97 5028.44 2063.62 -12510.8 -954939 -13002.8 -456014 -3178.81 -2518.77 -392.932 ;
10052.1 781009 624385 -15142 -168214 -10070.9 12058.5 359329 5404.36 4137.78 3799.56 1360.66 -9813.49 -580722 -12061.5 -350911 -2553.19 -1966.04 -815.078 ;
-117.498 -11034.7 -15142 29061.6 29061.6 0 -2371.79 -2371.79 -59.1916 -0.0872732 -55.335 0 108.083 6671.33 2425.57 2425.57 101.466 -0.968505 31.8735 ;
-2051.9 -268320 -168214 29061.6 5.94864e+06 0 -2371.79 -104294 -654.495 -1281.3 -771.88 221.406 8239.93 280440 2425.57 401722 1099.42 2349.83 -20572.1 ;
-67.24 -18280.8 -10070.9 0 0 1.10204e+07 0 0 -285.987 -109.594 124.185 0 2444 57996.1 0 0 965.42 184.779 -11681.3 ;
241.31 13003.3 12058.5 -2371.79 -2371.79 0 5491.88 5491.88 120.456 129.667 65.0683 47.7027 -241.182 -8569 -5477.13 -5477.13 -45.6537 -84.0952 0.264038 ;
8287.14 458733 359329 -2371.79 -104294 0 5491.88 400274 4411 4160.72 2788.99 1014.83 -7816.53 -344386 -5477.13 -376853 -1195.84 -1590.61 -1309.99 ;
120.901 6634.23 5404.36 -59.1916 -654.495 -285.987 120.456 4411 120.901 56.6689 47.9936 14.4923 -113.844 -4948.26 -120.682 -4135.82 -16.9765 -13.8581 -17.6639 ;
102.993 5123.97 4137.78 -0.0872732 -1281.3 -109.594 129.667 4160.72 56.6689 102.993 0 13.0598 -98.2178 -3808.89 -129.263 -3954.31 -4.27559 -21.1988 -12.7527 ;
99.668 5028.44 3799.56 -55.335 -771.88 124.185 65.0683 2788.99 47.9936 0 99.668 10.2865 -92.6744 -3744.2 -65.2242 -2590.04 -12.6426 -19.4948 -19.7804 ;
27.2979 2063.62 1360.66 0 221.406 0 47.7027 1014.83 14.4923 13.0598 10.2865 27.2979 -26.7763 -1697.85 -47.6112 -993.324 -4.69807 -5.03602 -1.16825 ;
-224.361 -12510.8 -9813.49 108.083 8239.93 2444 -241.182 -7816.53 -113.844 -98.2178 -92.6744 -26.7763 263.112 9525.48 239.636 9348.95 35.7374 58.0352 -101.22 ;
-9348.2 -954939 -580722 6671.33 280440 57996.1 -8569 -344386 -4948.26 -3808.89 -3744.2 -1697.85 9525.48 784917 8562.19 351352 2467.61 1932.84 -758.026 ;
-241.182 -13002.8 -12061.5 2425.57 2425.57 0 -5477.13 -5477.13 -120.682 -129.263 -65.2242 -47.6112 239.636 8562.19 5482.82 5482.82 45.3082 84.0015 4.34569 ;
-7816.53 -456014 -350911 2425.57 401722 0 -5477.13 -376853 -4135.82 -3954.31 -2590.04 -993.324 9348.95 351352 5482.82 453044 1275.91 2026.02 -3920.18 ;
-33.3939 -3178.81 -2553.19 101.466 1099.42 965.42 -45.6537 -1195.84 -16.9765 -4.27559 -12.6426 -4.69807 35.7374 2467.61 45.3082 1275.91 35.7374 6.68421 -6.01168 ;
-47.4345 -2518.77 -1966.04 -0.968505 2349.83 184.779 -84.0952 -1590.61 -13.8581 -21.1988 -19.4948 -5.03602 58.0352 1932.84 84.0015 2026.02 6.68421 58.0352 -30.609 ;
-37.0644 -392.932 -815.078 31.8735 -20572.1 -11681.3 0.264038 -1309.99 -17.6639 -12.7527 -19.7804 -1.16825 -101.22 -758.026 4.34569 -3920.18 -6.01168 -30.609 626.041 ;
]
+++++++++++++
Iter 45

Size = 19
Data size = 190
[ 233.972 12281.8 9768.85 -102.399 -1692.57 -126.649 235.21 8075.74 118.42 100.229 99.957 26.5861 -220.425 -9100.73 -235.164 -7584.56 -32.2503 -46.384 -34.5626 ;
12281.8 1.30256e+06 750325 -7404.83 -249578 -18960.6 12506.8 446122 6466.51 4979.66 4967.42 1970.91 -12207 -915160 -12506.6 -443399 -3042.84 -2440.62 -333.608 ;
9768.85 750325 594851 -9835.9 -135294 -10778.2 11429.4 347068 5232.53 3998.22 3760.18 1325.6 -9531.09 -557865 -11433.7 -338413 -2426.08 -1888.8 -747.647 ;
-102.399 -7404.83 -9835.9 20971 20971 0 -2062.72 -2062.72 -36.604 -0.238951 -33.3013 0 94.3788 4958.53 2103.56 2103.56 86.4372 -0.777689 21.512 ;
-1692.57 -249578 -135294 20971 6.36343e+06 0 -2062.72 -87944.6 -491.103 -1229.71 -655.99 240.002 8132.68 269379 2103.56 397549 994.56 2450.03 -20877.1 ;
-126.649 -18960.6 -10778.2 0 0 1.04114e+07 0 0 -309.859 -116.594 68.4044 0 2236.55 54922.4 0 0 895.898 138.217 -10063.2 ;
235.21 12506.8 11429.4 -2062.72 -2062.72 0 5370.98 5370.98 116.871 127.78 61.3178 45.2728 -235.164 -8275.43 -5359.7 -5359.7 -44.1295 -82.2581 0.294606 ;
8075.74 446122 347068 -2062.72 -87944.6 0 5370.98 389642 4282.63 4036.49 2762.73 993.037 -7584.56 -334276 -5359.7 -365277 -1145.88 -1535.75 -1297.27 ;
118.42 6466.51 5232.53 -36.604 -491.103 -309.859 116.871 4282.63 118.42 54.9848 47.9941 14.2961 -111.28 -4822.12 -117.083 -3998.98 -16.2948 -13.6214 -16.3904 ;
100.229 4979.66 3998.22 -0.238951 -1229.71 -116.594 127.78 4036.49 54.9848 100.229 0 12.6663 -95.4086 -3698.66 -127.466 -3821.91 -4.04769 -20.5903 -12.3596 ;
99.957 4967.42 3760.18 -33.3013 -655.99 68.4044 61.3178 2762.73 47.9941 0 99.957 10.1099 -92.9563 -3686.81 -61.4715 -2553.32 -12.5184 -19.4031 -17.8459 ;
26.5861 1970.91 1325.6 0 240.002 0 45.2728 993.037 14.2961 12.6663 10.1099 26.5861 -25.9869 -1609.06 -45.2023 -968.349 -4.54784 -4.90061 -1.28672 ;
-220.425 -12207 -9531.09 94.3788 8132.68 2236.55 -235.164 -7584.56 -111.28 -95.4086 -92.9563 -25.9869 259.128 9270.92 233.834 9174.73 34.6097 57.5678 -96.3416 ;
-9100.73 -915160 -557865 4958.53 269379 54922.4 -8275.43 -334276 -4822.12 -3698.66 -3686.81 -1609.06 9270.92 749131 8270.76 341439 2363.55 1870.29 -675.748 ;
-235.164 -12506.6 -11433.7 2103.56 2103.56 0 -5359.7 -5359.7 -117.083 -127.466 -61.4715 -45.2023 233.834 8270.76 5363.5 5363.5 43.8025 82.1988 3.02175 ;
-7584.56 -443399 -338413 2103.56 397549 0 -5359.7 -365277 -3998.98 -3821.91 -2553.32 -968.349 9174.73 341439 5363.5 444514 1227.95 2016.7 -4014.06 ;
-32.2503 -3042.84 -2426.08 86.4372 994.56 895.898 -44.1295 -1145.88 -16.2948 -4.04769 -12.5184 -4.54784 34.6097 2363.55 43.8025 1227.95 34.6097 6.41629 -5.77063 ;
-46.384 -2440.62 -1888.8 -0.777689 2450.03 138.217 -82.2581 -1535.75 -13.6214 -20.5903 -19.4031 -4.90061 57.5678 1870.29 82.1988 2016.7 6.41629 57.5678 -30.2919 ;
-34.5626 -333.608 -747.647 21.512 -20877.1 -10063.2 0.294606 -1297.27 -16.3904 -12.3596 -17.8459 -1.28672 -96.3416 -675.748 3.02175 -4014.06 -5.77063 -30.2919 543.964 ;
]
+++++++++++++
Iter 46

Size = 19
Data size = 190
[ 234.797 11958.3 9583.86 -94.1252 -1917.16 -98.9156 212.631 8185.74 118.098 99.4101 102.161 25.5814 -221.117 -8925.63 -212.946 -7696.6 -31.536 -46.3785 -32.4668 ;
11958.3 1.2718e+06 718727 -7637 -255261 -17484.6 11712.5 435375 6231.48 4833.94 4906.07 1884.82 -11888.7 -905094 -11714.2 -432967 -2923.09 -2381.76 -296.663 ;
9583.86 718727 570470 -10720.5 -158014 -8835.69 11150.3 342572 5080.85 3905.52 3759.27 1292.93 -9350.7 -539480 -11159.7 -334273 -2326.07 -1852.46 -680.81 ;
-94.1252 -7637 -10720.5 20367.7 20367.7 0 -1886.54 -1886.54 -44.666 -1.2408 -39.8924 0 84.6223 4736.85 1910.81 1910.81 77.5261 -0.77522 25.6401 ;
-1917.16 -255261 -158014 20367.7 5.57515e+06 0 -1886.54 -97766 -531.467 -1284.66 -593.095 300.281 7626.87 263190 1910.81 372443 991.968 2154.59 -17390.3 ;
-98.9156 -17484.6 -8835.69 0 0 9.98816e+06 0 0 -294.029 -116.256 87.0349 0 2189.93 52644.1 0 0 845.738 140.831 -9856.77 ;
212.631 11712.5 11150.3 -1886.54 -1886.54 0 4888.8 4888.8 104.287 110.204 58.9622 31.7654 -212.946 -7533.14 -4883.31 -4883.31 -45.9006 -79.795 1.00181 ;
8185.74 435375 342572 -1886.54 -97766 0 4888.8 396352 4312.33 4038.19 2882.4 968.365 -7696.6 -328645 -4883.31 -372050 -1119.72 -1548.5 -1165.22 ;
118.098 6231.48 5080.85 -44.666 -531.467 -294.029 104.287 4312.33 118.098 54.3052 48.7426 13.8967 -110.78 -4683.93 -104.538 -4025.52 -15.9052 -13.362 -15.4251 ;
99.4101 4833.94 3905.52 -1.2408 -1284.66 -116.256 110.204 4038.19 54.3052 99.4101 0 12.0842 -94.6987 -3611.73 -110.203 -3829.32 -3.88435 -20.4726 -11.2845 ;
102.161 4906.07 3759.27 -39.8924 -593.095 87.0349 58.9622 2882.4 48.7426 0 102.161 9.82834 -94.8867 -3665.82 -59.1542 -2667.51 -12.4713 -19.7192 -17.4199 ;
25.5814 1884.82 1292.93 0 300.281 0 31.7654 968.365 13.8967 12.0842 9.82834 25.5814 -24.9555 -1546.24 -31.7406 -942.705 -4.47557 -4.82672 -1.28393 ;
-221.117 -11888.7 -9350.7 84.6223 7626.87 2189.93 -212.946 -7696.6 -110.78 -94.6987 -94.8867 -24.9555 256.158 9073.06 211.481 9104.72 33.7654 56.0058 -83.1055 ;
-8925.63 -905094 -539480 4736.85 263190 52644.1 -7533.14 -328645 -4683.93 -3611.73 -3665.82 -1546.24 9073.06 745652 7527.61 334643 2289.82 1841.29 -572.573 ;
-212.946 -11714.2 -11159.7 1910.81 1910.81 0 -4883.31 -4883.31 -104.538 -110.203 -59.1542 -31.7406 211.481 7527.61 4885.7 4885.7 45.5648 79.7192 3.61829 ;
-7696.6 -432967 -334273 1910.81 372443 0 -4883.31 -372050 -4025.52 -3829.32 -2667.51 -942.705 9104.72 334643 4885.7 442138 1196.3 1952.31 -3330.76 ;
-31.536 -2923.09 -2326.07 77.5261 991.968 845.738 -45.9006 -1119.72 -15.9052 -3.88435 -12.4713 -4.47557 33.7654 2289.82 45.5648 1196.3 33.7654 6.21365 -5.37082 ;
-46.3785 -2381.76 -1852.46 -0.77522 2154.59 140.831 -79.795 -1548.5 -13.362 -20.4726 -19.7192 -4.82672 56.0058 1841.29 79.7192 1952.31 6.21365 56.0058 -25.327 ;
-32.4668 -296.663 -680.81 25.6401 -17390.3 -9856.77 1.00181 -1165.22 -15.4251 -11.2845 -17.4199 -1.28393 -83.1055 -572.573 3.61829 -3330.76 -5.37082 -25.327 465.631 ;
]
+++++++++++++
Iter 47

Size = 19
Data size = 190
[ 226.251 11675.8 9475.76 -104.439 -1867.57 -96.0229 222.519 7682.89 112.246 95.5679 97.6746 23.3077 -213.205 -8739.64 -223.054 -7227.09 -32.4039 -43.3508 -31.3052 ;
11675.8 1.25269e+06 717544 -8454.82 -258530 -18533.5 11966.8 418179 6059.99 4679.29 4769.71 1650.31 -11609.4 -892471 -11969.7 -415884 -2990.12 -2250.37 -280.157 ;
9475.76 717544 581581 -11635.2 -153007 -10414.9 11001.8 330835 4969.84 3791.42 3706.8 1187.63 -9246.43 -538811 -11015.3 -322835 -2459.57 -1773.91 -665.294 ;
-104.439 -8454.82 -11635.2 22718.9 22718.9 0 -2093.69 -2093.69 -46.1594 -1.88787 -42.1942 0 94.5634 5305.47 2108.66 2108.66 86.5807 -0.724806 24.799 ;
-1867.57 -258530 -153007 22718.9 5.91489e+06 0 -2093.69 -96863.4 -520.693 -1275.46 -640.084 339.58 7761.36 270160 2108.66 380249 1033.44 2228.53 -18109.4 ;
-96.0229 -18533.5 -10414.9 0 0 9.8369e+06 0 0 -307.588 -119.783 106.707 0 2120.71 52472.5 0 0 788.417 124.792 -9410.86 ;
222.519 11966.8 11001.8 -2093.69 -2093.69 0 5124.91 5124.91 111.542 123.41 55.7504 31.3227 -223.054 -7963.03 -5122.71 -5122.71 -43.7474 -78.437 1.40725 ;
7682.89 418179 330835 -2093.69 -96863.4 0 5124.91 369746 3996.7 3824.22 2630.35 900.373 -7227.09 -317191 -5122.71 -347288 -1123.54 -1404.49 -1125.62 ;
112.246 6059.99 4969.84 -46.1594 -520.693 -307.588 111.542 3996.7 112.246 51.8233 45.6935 13.1998 -105.425 -4564.91 -111.826 -3735.19 -16.1606 -12.1144 -14.7843 ;
95.5679 4679.29 3791.42 -1.88787 -1275.46 -119.783 123.41 3824.22 51.8233 95.5679 0 10.8776 -91.0207 -3509.95 -123.579 -3624.86 -3.81228 -19.395 -11.121 ;
97.6746 4769.71 3706.8 -42.1942 -640.084 106.707 55.7504 2630.35 45.6935 0 97.6746 9.13912 -90.8296 -3589.05 -55.9788 -2436.28 -12.7274 -18.0927 -16.4291 ;
23.3077 1650.31 1187.63 0 339.58 0 31.3227 900.373 13.1998 10.8776 9.13912 23.3077 -22.5723 -1328.74 -31.3178 -870.296 -3.92377 -4.74711 -1.45178 ;
-213.205 -11609.4 -9246.43 94.5634 7761.36 2120.71 -223.054 -7227.09 -105.425 -91.0207 -90.8296 -22.5723 249.779 8892.78 221.616 8723.63 34.6885 53.4304 -86.2317 ;
-8739.64 -892471 -538811 5305.47 270160 52472.5 -7963.03 -317191 -4564.91 -3509.95 -3589.05 -1328.74 8892.78 731434 7957.84 323628 2325.04 1766.26 -580.702 ;
-223.054 -11969.7 -11015.3 2108.66 2108.66 0 -5122.71 -5122.71 -111.826 -123.579 -55.9788 -31.3178 221.616 7957.84 5124.37 5124.37 43.4135 78.3665 3.43092 ;
-7227.09 -415884 -322835 2108.66 380249 0 -5122.71 -347288 -3735.19 -3624.86 -2436.28 -870.296 8723.63 323628 5124.37 421936 1202.34 1835.7 -3577.47 ;
-32.4039 -2990.12 -2459.57 86.5807 1033.44 788.417 -43.7474 -1123.54 -16.1606 -3.81228 -12.7274 -3.92377 34.6885 2325.04 43.4135 1202.34 34.6885 6.12798 -5.47264 ;
-43.3508 -2250.37 -1773.91 -0.724806 2228.53 124.792 -78.437 -1404.49 -12.1144 -19.395 -18.0927 -4.74711 53.4304 1766.26 78.3665 1835.7 6.12798 53.4304 -25.6025 ;
-31.3052 -280.157 -665.294 24.799 -18109.4 -9410.86 1.40725 -1125.62 -14.7843 -11.121 -16.4291 -1.45178 -86.2317 -580.702 3.43092 -3577.47 -5.47264 -25.6025 463.357 ;
]
+++++++++++++
Iter 48

Size = 19
Data size = 190
[ 226.274 11685.9 9328.09 -108.501 -1934.13 -44.8794 218.711 7733.99 112.473 95.4826 98.1932 22.6217 -212.476 -8690.46 -219.425 -7266.86 -31.7703 -43.5985 -35.1984 ;
11685.9 1.26209e+06 711936 -9911.29 -259791 -17157.3 12001.9 419744 6036.02 4663.54 4804.39 1620.77 -11610.1 -892562 -12006.6 -417285 -2979.44 -2310.38 -345.859 ;
9328.09 711936 564519 -13879.8 -162239 -8384.68 10948.1 327310 4896.39 3739.38 3666.03 1170.8 -9088.16 -531557 -10965.1 -319189 -2387.34 -1761.24 -747.385 ;
-108.501 -9911.29 -13879.8 25699.1 25699.1 0 -2163.55 -2163.55 -56.5855 -2.55525 -52.5075 0 96.1926 5900.35 2178.66 2178.66 89.726 -0.875127 36.9326 ;
-1934.13 -259791 -162239 25699.1 5.52106e+06 0 -2163.55 -99279.3 -495.44 -1272.81 -578.183 369.577 7803.8 268810 2178.66 381475 1059.07 2168.08 -18515.9 ;
-44.8794 -17157.3 -8384.68 0 0 8.65321e+06 0 0 -272.139 -112.041 139.219 0 2121.9 48793 0 0 691.113 163.485 -9455.85 ;
218.711 12001.9 10948.1 -2163.55 -2163.55 0 5048.26 5048.26 109.281 120.445 55.8264 28.2949 -219.425 -8005.51 -5046.66 -5046.66 -43.9615 -78.5018 2.15874 ;
7733.99 419744 327310 -2163.55 -99279.3 0 5048.26 372887 4029.16 3836.86 2675.85 876.086 -7266.86 -316841 -5046.66 -349811 -1112.68 -1423.48 -1198.63 ;
112.473 6036.02 4896.39 -56.5855 -495.44 -272.139 109.281 4029.16 112.473 51.783 45.9909 12.8845 -105.215 -4529.71 -109.638 -3757.6 -15.8346 -12.2368 -16.7465 ;
95.4826 4663.54 3739.38 -2.55525 -1272.81 -112.041 120.445 3836.86 51.783 95.4826 0 10.4809 -90.765 -3483.13 -120.723 -3635.34 -3.76291 -19.4721 -11.9132 ;
98.1932 4804.39 3666.03 -52.5075 -578.183 139.219 55.8264 2675.85 45.9909 0 98.1932 8.86378 -90.8017 -3565.77 -56.1109 -2473.46 -12.4351 -18.3146 -19.2389 ;
22.6217 1620.77 1170.8 0 369.577 0 28.2949 876.086 12.8845 10.4809 8.86378 22.6217 -21.916 -1313.19 -28.2928 -847.177 -3.9382 -4.73737 -1.43375 ;
-212.476 -11610.1 -9088.16 96.1926 7803.8 2121.9 -219.425 -7266.86 -105.215 -90.765 -90.8017 -21.916 249.732 8852.94 217.68 8746.64 34.1135 53.4855 -92.3291 ;
-8690.46 -892562 -531557 5900.35 268810 48793 -8005.51 -316841 -4529.71 -3483.13 -3565.77 -1313.19 8852.94 742044 7997.84 323332 2311.35 1794.45 -655.106 ;
-219.425 -12006.6 -10965.1 2178.66 2178.66 0 -5046.66 -5046.66 -109.638 -120.723 -56.1109 -28.2928 217.68 7997.84 5048.55 5048.55 43.6086 78.3788 5.02336 ;
-7266.86 -417285 -319189 2178.66 381475 0 -5046.66 -349811 -3757.6 -3635.34 -2473.46 -847.177 8746.64 323332 5048.55 423484 1193.35 1829.79 -3618.57 ;
-31.7703 -2979.44 -2387.34 89.726 1059.07 691.113 -43.9615 -1112.68 -15.8346 -3.76291 -12.4351 -3.9382 34.1135 2311.35 43.6086 1193.35 34.1135 6.10632 -5.79748 ;
-43.5985 -2310.38 -1761.24 -0.875127 2168.08 163.485 -78.5018 -1423.48 -12.2368 -19.4721 -18.3146 -4.73737 53.4855 1794.45 78.3788 1829.79 6.10632 53.4855 -26.6688 ;
-35.1984 -345.859 -747.385 36.9326 -18515.9 -9455.85 2.15874 -1198.63 -16.7465 -11.9132 -19.2389 -1.43375 -92.3291 -655.106 5.02336 -3618.57 -5.79748 -26.6688 541.108 ;
]
+++++++++++++
Iter 49

Size = 19
Data size = 190
[ 216.646 11197.6 8931.9 -106.543 -2033.5 -56.7629 211.548 7413.95 107.029 92.1313 92.8932 19.4707 -203.758 -8339.28 -212.297 -6981.99 -31.0659 -41.1436 -30.3499 ;
11197.6 1.21516e+06 682746 -9723.49 -263031 -16800.2 11562.6 402528 5761.12 4469.53 4583.88 1369.86 -11132.8 -860467 -11567 -400465 -2910.82 -2201.79 -271.722 ;
8931.9 682746 541646 -13690.6 -170608 -8186.14 10542 314484 4666.85 3585.31 3474.25 1028.61 -8711.75 -510020 -10559 -307150 -2341.97 -1672.31 -626.343 ;
-106.543 -9723.49 -13690.6 25139.1 25139.1 0 -2119.17 -2119.17 -56.3744 -2.91669 -52.1568 0 93.7685 5767.36 2132.05 2132.05 87.5072 -0.791932 35.2784 ;
-2033.5 -263031 -170608 25139.1 5.33902e+06 0 -2119.17 -104648 -541.039 -1302.27 -592.397 416.455 7521.12 266273 2132.05 368360 1068.42 2048.92 -16213.1 ;
-56.7629 -16800.2 -8186.14 0 0 8.69401e+06 0 0 -271.301 -115.093 127.178 0 2089.05 47857.2 0 0 695.822 151.361 -9046.15 ;
211.548 11562.6 10542 -2119.17 -2119.17 0 4891.84 4891.84 105.525 117.368 53.0863 21.3485 -212.297 -7732.53 -4891.06 -4891.06 -43.5244 -76.2097 2.05974 ;
7413.95 402528 314484 -2119.17 -104648 0 4891.84 357436 3843.64 3699.09 2531.75 761.237 -6981.99 -304125 -4891.06 -336150 -1091.53 -1349.04 -1012.85 ;
107.029 5761.12 4666.85 -56.3744 -541.039 -271.301 105.525 3843.64 107.029 49.801 43.0952 11.4165 -100.244 -4334.74 -105.872 -3591.4 -15.4589 -11.5024 -14.417 ;
92.1313 4469.53 3585.31 -2.91669 -1302.27 -115.093 117.368 3699.09 49.801 92.1313 0 8.85204 -87.6565 -3339.9 -117.694 -3509.02 -3.58633 -18.6375 -10.653 ;
92.8932 4583.88 3474.25 -52.1568 -592.397 127.178 53.0863 2531.75 43.0952 0 92.8932 7.8487 -86.0841 -3421.49 -53.3538 -2348.75 -12.0143 -16.8978 -16.297 ;
19.4707 1369.86 1028.61 0 416.455 0 21.3485 761.237 11.4165 8.85204 7.8487 19.4707 -18.7485 -1098.41 -21.3484 -731.749 -3.35838 -4.39186 -1.42211 ;
-203.758 -11132.8 -8711.75 93.7685 7521.12 2089.05 -212.297 -6981.99 -100.244 -87.6565 -86.0841 -18.7485 239.889 8487.95 210.512 8406.32 33.3666 50.6352 -83.7647 ;
-8339.28 -860467 -510020 5767.36 266273 47857.2 -7732.53 -304125 -4334.74 -3339.9 -3421.49 -1098.41 8487.95 715699 7725.09 310052 2243.18 1713.74 -561.154 ;
-212.297 -11567 -10559 2132.05 2132.05 0 -4891.06 -4891.06 -105.872 -117.694 -53.3538 -21.3484 210.512 7725.09 4892.85 4892.85 43.1731 76.0966 4.89248 ;
-6981.99 -400465 -307150 2132.05 368360 0 -4891.06 -336150 -3591.4 -3509.02 -2348.75 -731.749 8406.32 310052 4892.85 407031 1170.39 1738.19 -3269.16 ;
-31.0659 -2910.82 -2341.97 87.5072 1068.42 695.822 -43.5244 -1091.53 -15.4589 -3.58633 -12.0143 -3.35838 33.3666 2243.18 43.1731 1170.39 33.3666 5.92546 -5.55059 ;
-41.1436 -2201.79 -1672.31 -0.791932 2048.92 151.361 -76.2097 -1349.04 -11.5024 -18.6375 -16.8978 -4.39186 50.6352 1713.74 76.0966 1738.19 5.92546 50.6352 -23.7994 ;
-30.3499 -271.722 -626.343 35.2784 -16213.1 -9046.15 2.05974 -1012.85 -14.417 -10.653 -16.297 -1.42211 -83.7647 -561.154 4.89248 -3269.16 -5.55059 -23.7994 447.69 ;
]
+++++++++++++
Iter 50

Size = 19
Data size = 190
[ 221.799 11515 9182.79 -117.802 -2115 -96.3109 217.361 7602.26 110.264 94.336 96.3076 21.6087 -208.794 -8577.02 -218.218 -7178.71 -31.046 -42.8063 -29.3876 ;
11515 1.2477e+06 703499 -11496.7 -267647 -19243.7 11957.5 413870 5966.56 4607.76 4758.3 1540.3 -11451.8 -882936 -11962.9 -411974 -2932.37 -2273.25 -251.589 ;
9182.79 703499 558564 -16102.3 -176582 -11012.4 10956.1 323067 4837.14 3701.03 3629.62 1126.89 -8962.79 -525693 -10975.4 -315976 -2348.75 -1738.09 -594.369 ;
-117.802 -11496.7 -16102.3 29409.7 29409.7 0 -2337.65 -2337.65 -65.264 -3.61074 -60.985 0 102.958 6701.67 2352.49 2352.49 98.1915 -0.991581 43.8962 ;
-2115 -267647 -176582 29409.7 5.33671e+06 0 -2337.65 -108426 -607.542 -1328.2 -656.838 386.693 7376.42 267746 2352.49 360588 1078.28 2025.4 -14821.8 ;
-96.3109 -19243.7 -11012.4 0 0 7.19501e+06 0 0 -268.165 -113.639 84.4628 0 2005.36 44785.6 0 0 572.201 167.476 -7955.11 ;
217.361 11957.5 10956.1 -2337.65 -2337.65 0 5009.73 5009.73 108.827 119.852 55.536 25.7277 -218.218 -7967.34 -5008.87 -5008.87 -44.1389 -77.5335 2.56523 ;
7602.26 413870 323067 -2337.65 -108426 0 5009.73 366614 3965.67 3792.95 2639.43 840.34 -7178.71 -312995 -5008.87 -345806 -1089.6 -1402.97 -923.855 ;
110.264 5966.56 4837.14 -65.264 -607.542 -268.165 108.827 3965.67 110.264 51.1948 45.039 12.4075 -103.394 -4482.54 -109.235 -3717.62 -15.546 -12.1093 -13.9164 ;
94.336 4607.76 3701.03 -3.61074 -1328.2 -113.639 119.852 3792.95 51.1948 94.336 0 9.91676 -89.8254 -3443.43 -120.257 -3606.75 -3.68354 -19.3023 -10.4848 ;
96.3076 4758.3 3629.62 -60.985 -656.838 84.4628 55.536 2639.43 45.039 0 96.3076 8.52606 -89.3293 -3540.04 -55.8331 -2456.61 -12.2941 -17.9326 -15.891 ;
21.6087 1540.3 1126.89 0 386.693 0 25.7277 840.34 12.4075 9.91676 8.52606 21.6087 -20.8667 -1241.4 -25.7277 -810.145 -3.78202 -4.63018 -1.41792 ;
-208.794 -11451.8 -8962.79 102.958 7376.42 2005.36 -218.218 -7178.71 -103.394 -89.8254 -89.3293 -20.8667 244.411 8719.13 216.262 8557.4 33.2954 52.4186 -79.8574 ;
-8577.02 -882936 -525693 6701.67 267746 44785.6 -7967.34 -312995 -4482.54 -3443.43 -3540.04 -1241.4 8719.13 733049 7958.18 318502 2274.71 1763.46 -515.829 ;
-218.218 -11962.9 -10975.4 2352.49 2352.49 0 -5008.87 -5008.87 -109.235 -120.257 -55.8331 -25.7277 216.262 7958.18 5010.83 5010.83 43.8163 77.3663 5.99057 ;
-7178.71 -411974 -315976 2352.49 360588 0 -5008.87 -345806 -3717.62 -3606.75 -2456.61 -810.145 8557.4 318502 5010.83 414225 1168.5 1787.06 -3008.51 ;
-31.046 -2932.37 -2348.75 98.1915 1078.28 572.201 -44.1389 -1089.6 -15.546 -3.68354 -12.2941 -3.78202 33.2954 2274.71 43.8163 1168.5 33.2954 5.93193 -5.27201 ;
-42.8063 -2273.25 -1738.09 -0.991581 2025.4 167.476 -77.5335 -1402.97 -12.1093 -19.3023 -17.9326 -4.63018 52.4186 1763.46 77.3663 1787.06 5.93193 52.4186 -23.3641 ;
-29.3876 -251.589 -594.369 43.8962 -14821.8 -7955.11 2.56523 -923.855 -13.9164 -10.4848 -15.891 -1.41792 -79.8574 -515.829 5.99057 -3008.51 -5.27201 -23.3641 409.189 ;
]
+++++++++++++
Iter 51

Size = 19
Data size = 190
[ 218.341 11303.6 9006.89 -115.387 -2092.4 -85.8362 213.283 7474.28 108.619 92.5856 95.1959 20.0923 -205.329 -8423.88 -214.158 -7051.74 -30.8674 -41.3723 -29.4787 ;
11303.6 1.22586e+06 689352 -11165.5 -266792 -18679.4 11760.8 405962 5850.69 4508.68 4689.13 1423.32 -11240.4 -869040 -11766.5 -404082 -2908.87 -2210.11 -252.663 ;
9006.89 689352 546510 -15682.7 -176885 -10268.4 10743.2 316659 4746.4 3613.69 3578.24 1059.28 -8787.4 -515560 -10762.9 -309613 -2331.82 -1674.97 -594.804 ;
-115.387 -11165.5 -15682.7 28561.2 28561.2 0 -2284.84 -2284.84 -64.038 -3.71395 -59.6476 0 100.313 6505.67 2299.92 2299.92 95.7108 -0.985166 45.5293 ;
-2092.4 -266792 -176885 28561.2 5.2754e+06 0 -2284.84 -107559 -586.262 -1318.67 -624.857 414.619 7314.78 266326 2299.92 357911 1081.65 1979.49 -14699.6 ;
-85.8362 -18679.4 -10268.4 0 0 7.06443e+06 0 0 -265.178 -113.715 92.7434 0 1976.45 43923.8 0 0 552.055 163.42 -7847.68 ;
213.283 11760.8 10743.2 -2284.84 -2284.84 0 4925.4 4925.4 106.546 117.913 54.083 22.4596 -214.158 -7855.33 -4924.53 -4924.53 -43.9535 -76.4795 2.67171 ;
7474.28 405962 316659 -2284.84 -107559 0 4925.4 360528 3904.85 3721.73 2607.8 787.376 -7051.74 -307267 -4924.53 -339771 -1083.15 -1352.23 -921.785 ;
108.619 5850.69 4746.4 -64.038 -586.262 -265.178 106.546 3904.85 108.619 50.2798 44.552 11.6556 -101.708 -4400.09 -106.966 -3656.02 -15.4728 -11.7297 -14.0513 ;
92.5856 4508.68 3613.69 -3.71395 -1318.67 -113.715 117.913 3721.73 50.2798 92.5856 0 9.20097 -88.0871 -3371.85 -118.329 -3536.49 -3.60805 -18.6856 -10.4665 ;
95.1959 4689.13 3578.24 -59.6476 -624.857 92.7434 54.083 2607.8 44.552 0 95.1959 7.93249 -88.1925 -3491.08 -54.3896 -2424.87 -12.2774 -17.3736 -16.0062 ;
20.0923 1423.32 1059.28 0 414.619 0 22.4596 787.376 11.6556 9.20097 7.93249 20.0923 -19.3454 -1144.73 -22.4596 -756.979 -3.48876 -4.49592 -1.43464 ;
-205.329 -11240.4 -8787.4 100.313 7314.78 1976.45 -214.158 -7051.74 -101.708 -88.0871 -88.1925 -19.3454 240.709 8565.38 212.192 8421.01 33.0891 50.8051 -79.525 ;
-8423.88 -869040 -515560 6505.67 266326 43923.8 -7855.33 -307267 -4400.09 -3371.85 -3491.08 -1144.73 8565.38 723191 7845.86 312740 2251.53 1722.21 -515.172 ;
-214.158 -11766.5 -10762.9 2299.92 2299.92 0 -4924.53 -4924.53 -106.966 -118.329 -54.3896 -22.4596 212.192 7845.86 4926.49 4926.49 43.6485 76.307 6.1792 ;
-7051.74 -404082 -309613 2299.92 357911 0 -4924.53 -339771 -3656.02 -3536.49 -2424.87 -756.979 8421.01 312740 4926.49 407742 1161.57 1728.63 -2988.94 ;
-30.8674 -2908.87 -2331.82 95.7108 1081.65 552.055 -43.9535 -1083.15 -15.4728 -3.60805 -12.2774 -3.48876 33.0891 2251.53 43.6485 1161.57 33.0891 5.84021 -5.25887 ;
-41.3723 -2210.11 -1674.97 -0.985166 1979.49 163.42 -76.4795 -1352.23 -11.7297 -18.6856 -17.3736 -4.49592 50.8051 1722.21 76.307 1728.63 5.84021 50.8051 -22.8209 ;
-29.4787 -252.663 -594.804 45.5293 -14699.6 -7847.68 2.67171 -921.785 -14.0513 -10.4665 -16.0062 -1.43464 -79.525 -515.172 6.1792 -2988.94 -5.25887 -22.8209 409.916 ;
]
+++++++++++++
Iter 52

Size = 19
Data size = 190
[ 218.257 11319.3 9017.63 -121.933 -2131.2 -69.1687 214.504 7477.78 108.448 92.819 95.1097 20.2221 -205.62 -8433.98 -215.428 -7063.26 -30.7519 -41.9247 -28.6393 ;
11319.3 1.22806e+06 691329 -12507 -269116 -17084.9 11849.1 406619 5859.23 4525.8 4692.97 1432.88 -11257.5 -870011 -11857 -404806 -2906.17 -2228.39 -250.453 ;
9017.63 691329 548640 -17578.4 -180496 -8311 10865.2 317281 4749.52 3631.03 3581.08 1065.48 -8803.63 -516725 -10886.1 -310397 -2329.93 -1698.38 -583.916 ;
-121.933 -12507 -17578.4 31613.5 31613.5 0 -2416.43 -2416.43 -71.8096 -3.85871 -67.3841 0 105.545 7151.87 2432.82 2432.82 102.206 -1.40959 60.3983 ;
-2131.2 -269116 -180496 31613.5 5.27883e+06 0 -2416.43 -109153 -616.775 -1333.62 -651.014 410.622 7278.24 266939 2432.82 356583 1083.14 1976.12 -14242.6 ;
-69.1687 -17084.9 -8311 0 0 9.21659e+06 0 0 -283.886 -117.418 116.385 0 2085.43 49288 0 0 735.509 136.614 -8977.57 ;
214.504 11849.1 10865.2 -2416.43 -2416.43 0 4941.79 4941.79 107.547 118.3 54.8208 22.7691 -215.428 -7901.66 -4940.86 -4940.86 -44.2151 -76.5871 3.5058 ;
7477.78 406619 317281 -2416.43 -109153 0 4941.79 360495 3901.67 3737.56 2601.37 791.517 -7063.26 -307687 -4940.86 -340106 -1080.6 -1370.17 -887.553 ;
108.448 5859.23 4749.52 -71.8096 -616.775 -283.886 107.547 3901.67 108.448 50.3947 44.3955 11.74 -101.732 -4405.91 -107.994 -3657.63 -15.4156 -11.8954 -13.6371 ;
92.819 4525.8 3631.03 -3.85871 -1333.62 -117.418 118.3 3737.56 50.3947 92.819 0 9.20826 -88.3636 -3381.66 -118.776 -3554.79 -3.62092 -18.9669 -10.5445 ;
95.1097 4692.97 3581.08 -67.3841 -651.014 116.385 54.8208 2601.37 44.3955 0 95.1097 8.01697 -88.3649 -3494.56 -55.1453 -2422.32 -12.2424 -17.5975 -15.256 ;
20.2221 1432.88 1065.48 0 410.622 0 22.7691 791.517 11.74 9.20826 8.01697 20.2221 -19.4879 -1151.82 -22.7691 -761.623 -3.52093 -4.47853 -1.40857 ;
-205.62 -11257.5 -8803.63 105.545 7278.24 2085.43 -215.428 -7063.26 -101.732 -88.3636 -88.3649 -19.4879 240.411 8573.77 213.304 8421.03 32.8891 51.2745 -78.3076 ;
-8433.98 -870011 -516725 7151.87 266939 49288 -7901.66 -307687 -4405.91 -3381.66 -3494.56 -1151.82 8573.77 723539 7888.71 313047 2249.48 1731.27 -512.945 ;
-215.428 -11857 -10886.1 2432.82 2432.82 0 -4940.86 -4940.86 -107.994 -118.776 -55.1453 -22.7691 213.304 7888.71 4942.99 4942.99 43.9868 76.2834 8.3797 ;
-7063.26 -404806 -310397 2432.82 356583 0 -4940.86 -340106 -3657.63 -3554.79 -2422.32 -761.623 8421.03 313047 4942.99 407660 1158.16 1746.48 -2917.77 ;
-30.7519 -2906.17 -2329.93 102.206 1083.14 735.509 -44.2151 -1080.6 -15.4156 -3.62092 -12.2424 -3.52093 32.8891 2249.48 43.9868 1158.16 32.8891 5.87043 -5.15093 ;
-41.9247 -2228.39 -1698.38 -1.40959 1976.12 136.614 -76.5871 -1370.17 -11.8954 -18.9669 -17.5975 -4.47853 51.2745 1731.27 76.2834 1746.48 5.87043 51.2745 -22.6968 ;
-28.6393 -250.453 -583.916 60.3983 -14242.6 -8977.57 3.5058 -887.553 -13.6371 -10.5445 -15.256 -1.40857 -78.3076 -512.945 8.3797 -2917.77 -5.15093 -22.6968 404.768 ;
]
+++++++++++++
Iter 53

Size = 19
Data size = 190
[ 218.23 11316.5 9015.72 -121.454 -2137.57 -80.1871 214.41 7476.46 108.434 92.8057 95.1067 20.2193 -205.659 -8432.61 -215.324 -7063.66 -30.7469 -41.9215 -28.2716 ;
11316.5 1.22777e+06 691079 -12414.9 -269219 -17451.1 11840.5 406530 5858.08 4524.94 4692.02 1432.94 -11255.7 -869770 -11848.3 -404737 -2904.96 -2227.48 -244.575 ;
9015.72 691079 548416 -17448.8 -180841 -8791.21 10858.7 317219 4748.52 3630.55 3580.45 1065.37 -8803.11 -516569 -10879.4 -310375 -2329.06 -1697.91 -575.485 ;
-121.454 -12414.9 -17448.8 31403.2 31403.2 0 -2407.29 -2407.29 -71.2799 -3.83922 -66.8488 0 105.222 7107.69 2423.53 2423.53 101.769 -1.38137 59.075 ;
-2137.57 -269219 -180841 31403.2 5.27229e+06 0 -2407.29 -109491 -621.292 -1336.11 -653.42 410.575 7256.26 266738 2423.53 355562 1082.83 1967.45 -14093.2 ;
-80.1871 -17451.1 -8791.21 0 0 8.92915e+06 0 0 -284.894 -117.738 105.643 0 2054.86 48520.9 0 0 711.806 134.405 -8717.84 ;
214.41 11840.5 10858.7 -2407.29 -2407.29 0 4939.93 4939.93 107.473 118.22 54.7999 22.7247 -215.324 -7894.58 -4939.01 -4939.01 -44.2154 -76.5996 3.42628 ;
7476.46 406530 317219 -2407.29 -109491 0 4939.93 360431 3900.92 3737.01 2601.05 791.42 -7063.66 -307634 -4939.01 -340127 -1080.37 -1369.96 -878.061 ;
108.434 5858.08 4748.52 -71.2799 -621.292 -284.894 107.473 3900.92 108.434 50.3845 44.397 11.7385 -101.747 -4405.28 -107.915 -3657.73 -15.4144 -11.8954 -13.4773 ;
92.8057 4524.94 3630.55 -3.83922 -1336.11 -117.738 118.22 3737.01 50.3845 92.8057 0 9.20702 -88.3746 -3381.29 -118.69 -3554.97 -3.61953 -18.9664 -10.4178 ;
95.1067 4692.02 3580.45 -66.8488 -653.42 105.643 54.7999 2601.05 44.397 0 95.1067 8.01623 -88.3979 -3494.22 -55.12 -2422.73 -12.2426 -17.5962 -15.0506 ;
20.2193 1432.94 1065.37 0 410.575 0 22.7247 791.42 11.7385 9.20702 8.01623 20.2193 -19.4858 -1151.67 -22.7247 -761.559 -3.52032 -4.47765 -1.40528 ;
-205.659 -11255.7 -8803.11 105.222 7256.26 2054.86 -215.324 -7063.66 -101.747 -88.3746 -88.3979 -19.4858 240.263 8570.77 213.223 8415.61 32.8768 51.2138 -77.348 ;
-8432.61 -869770 -516569 7107.69 266738 48520.9 -7894.58 -307634 -4405.28 -3381.29 -3494.22 -1151.67 8570.77 723257 7881.92 312949 2248.51 1730.19 -503.309 ;
-215.324 -11848.3 -10879.4 2423.53 2423.53 0 -4939.01 -4939.01 -107.915 -118.69 -55.12 -22.7247 213.223 7881.92 4941.12 4941.12 43.9858 76.3045 8.19493 ;
-7063.66 -404737 -310375 2423.53 355562 0 -4939.01 -340127 -3657.73 -3554.97 -2422.73 -761.559 8415.61 312949 4941.12 407394 1157.7 1744.62 -2890.14 ;
-30.7469 -2904.96 -2329.06 101.769 1082.83 711.806 -44.2154 -1080.37 -15.4144 -3.61953 -12.2426 -3.52032 32.8768 2248.51 43.9858 1157.7 32.8768 5.8656 -5.10875 ;
-41.9215 -2227.48 -1697.91 -1.38137 1967.45 134.405 -76.5996 -1369.96 -11.8954 -18.9664 -17.5962 -4.47765 51.2138 1730.19 76.3045 1744.62 5.8656 51.2138 -22.4144 ;
-28.2716 -244.575 -575.485 59.075 -14093.2 -8717.84 3.42628 -878.061 -13.4773 -10.4178 -15.0506 -1.40528 -77.348 -503.309 8.19493 -2890.14 -5.10875 -22.4144 396.579 ;
]
+++++++++++++
Iter 54

Size = 19
Data size = 190
[ 218.234 11317.5 9015.99 -121.574 -2137.59 -80.3094 214.45 7476.26 108.438 92.8093 95.1049 20.2206 -205.665 -8433.34 -215.364 -7063.51 -30.7506 -41.9199 -28.2555 ;
11317.5 1.22782e+06 691149 -12438.8 -269229 -17452.7 11844.4 406560 5858.43 4525.41 4692.1 1432.79 -11256.7 -869854 -11852.1 -404767 -2905.61 -2227.73 -244.305 ;
9015.99 691149 548447 -17482.2 -180832 -8792.91 10858.9 317219 4748.8 3630.7 3580.38 1065.42 -8803.42 -516622 -10879.6 -310376 -2329.42 -1697.81 -575.138 ;
-121.574 -12438.8 -17482.2 31458.7 31458.7 0 -2409.83 -2409.83 -71.4068 -3.83919 -66.9799 0 105.352 7119.94 2426.06 2426.06 101.889 -1.37946 58.9818 ;
-2137.59 -269229 -180832 31458.7 5.27248e+06 0 -2409.83 -109490 -621.226 -1336.08 -653.597 410.596 7255.57 266736 2426.06 355528 1082.86 1967.42 -14088.8 ;
-80.3094 -17452.7 -8792.91 0 0 8.9279e+06 0 0 -284.972 -117.747 105.552 0 2054.24 48513.4 0 0 711.62 134.26 -8713.94 ;
214.45 11844.4 10858.9 -2409.83 -2409.83 0 4940.82 4940.82 107.505 118.274 54.7905 22.7657 -215.364 -7898.99 -4939.91 -4939.91 -44.1993 -76.578 3.42174 ;
7476.26 406560 317219 -2409.83 -109490 0 4940.82 360418 3900.86 3737.07 2600.76 791.449 -7063.51 -307658 -4939.91 -340118 -1080.52 -1369.86 -877.755 ;
108.438 5858.43 4748.8 -71.4068 -621.226 -284.972 107.505 3900.86 108.438 50.3869 44.3966 11.7388 -101.752 -4405.62 -107.948 -3657.69 -15.4163 -11.8955 -13.4711 ;
92.8093 4525.41 3630.7 -3.83919 -1336.08 -117.747 118.274 3737.07 50.3869 92.8093 0 9.20753 -88.3788 -3381.57 -118.745 -3555.04 -3.6201 -18.9668 -10.413 ;
95.1049 4692.1 3580.38 -66.9799 -653.597 105.552 54.7905 2600.76 44.3966 0 95.1049 8.01631 -88.3978 -3494.3 -55.1103 -2422.48 -12.2434 -17.5946 -15.0406 ;
20.2206 1432.79 1065.42 0 410.596 0 22.7657 791.449 11.7388 9.20753 8.01631 20.2206 -19.4868 -1151.77 -22.7657 -761.577 -3.52038 -4.4785 -1.40557 ;
-205.665 -11256.7 -8803.42 105.352 7255.57 2054.24 -215.364 -7063.51 -101.752 -88.3788 -88.3978 -19.4868 240.262 8571.45 213.265 8415.36 32.8803 51.2115 -77.3075 ;
-8433.34 -869854 -516622 7119.94 266736 48513.4 -7898.99 -307658 -4405.62 -3381.57 -3494.3 -1151.77 8571.45 723399 7886.36 312972 2248.95 1730.33 -502.86 ;
-215.364 -11852.1 -10879.6 2426.06 2426.06 0 -4939.91 -4939.91 -107.948 -118.745 -55.1103 -22.7657 213.265 7886.36 4942.01 4942.01 43.9697 76.2835 8.18069 ;
-7063.51 -404767 -310376 2426.06 355528 0 -4939.91 -340118 -3657.69 -3555.04 -2422.48 -761.577 8415.36 312972 4942.01 407380 1157.84 1744.56 -2889.53 ;
-30.7506 -2905.61 -2329.42 101.889 1082.86 711.62 -44.1993 -1080.52 -15.4163 -3.6201 -12.2434 -3.52038 32.8803 2248.95 43.9697 1157.84 32.8803 5.86582 -5.10781 ;
-41.9199 -2227.73 -1697.81 -1.37946 1967.42 134.26 -76.578 -1369.86 -11.8955 -18.9668 -17.5946 -4.4785 51.2115 1730.33 76.2835 1744.56 5.86582 51.2115 -22.404 ;
-28.2555 -244.305 -575.138 58.9818 -14088.8 -8713.94 3.42174 -877.755 -13.4711 -10.413 -15.0406 -1.40557 -77.3075 -502.86 8.18069 -2889.53 -5.10781 -22.404 396.179 ;
]
+++++++++++++
Iter 55

Size = 19
Data size = 190
[ 218.216 11317 9015.44 -121.586 -2137.77 -80.0819 214.445 7475.84 108.43 92.8061 95.0986 20.2172 -205.647 -8433.01 -215.359 -7063.14 -30.7568 -41.9118 -28.2588 ;
11317 1.22779e+06 691130 -12443.2 -269240 -17448.5 11844.6 406547 5858.17 4525.25 4692.03 1432.56 -11256.2 -869837 -11852.3 -404755 -2906.07 -2227.4 -244.362 ;
9015.44 691130 548427 -17488.8 -180863 -8786.53 10859 317204 4748.57 3630.55 3580.31 1065.27 -8802.87 -516609 -10879.7 -310362 -2329.92 -1697.48 -575.155 ;
-121.586 -12443.2 -17488.8 31468.1 31468.1 0 -2410.12 -2410.12 -71.4373 -3.83815 -67.01 0 105.364 7121.85 2426.34 2426.34 101.904 -1.38177 59.0537 ;
-2137.77 -269240 -180863 31468.1 5.27188e+06 0 -2410.12 -109500 -621.42 -1336.08 -653.644 410.649 7254.65 266725 2426.34 355479 1082.91 1966.81 -14083.3 ;
-80.0819 -17448.5 -8786.53 0 0 8.91562e+06 0 0 -284.788 -117.727 105.688 0 2053.37 48472.2 0 0 710.351 134.42 -8706.9 ;
214.445 11844.6 10859 -2410.12 -2410.12 0 4940.68 4940.68 107.507 118.264 54.7936 22.7629 -215.359 -7899.19 -4939.77 -4939.77 -44.2031 -76.5785 3.42613 ;
7475.84 406547 317204 -2410.12 -109500 0 4940.68 360400 3900.7 3737.02 2600.68 791.328 -7063.14 -307649 -4939.77 -340102 -1080.75 -1369.6 -877.443 ;
108.43 5858.17 4748.57 -71.4373 -621.42 -284.788 107.507 3900.7 108.43 50.3854 44.393 11.7373 -101.743 -4405.47 -107.95 -3657.54 -15.4195 -11.8934 -13.4724 ;
92.8061 4525.25 3630.55 -3.83815 -1336.08 -117.727 118.264 3737.02 50.3854 92.8061 0 9.2054 -88.3751 -3381.44 -118.735 -3554.99 -3.62073 -18.9649 -10.4149 ;
95.0986 4692.03 3580.31 -67.01 -653.644 105.688 54.7936 2600.68 44.393 0 95.0986 8.0147 -88.3906 -3494.26 -55.1135 -2422.43 -12.248 -17.5912 -15.0435 ;
20.2172 1432.56 1065.27 0 410.649 0 22.7629 791.328 11.7373 9.2054 8.0147 20.2172 -19.4832 -1151.57 -22.7629 -761.451 -3.51863 -4.47822 -1.40567 ;
-205.647 -11256.2 -8802.87 105.364 7254.65 2053.37 -215.359 -7063.14 -101.743 -88.3751 -88.3906 -19.4832 240.243 8571.11 213.26 8414.76 32.8856 51.2041 -77.308 ;
-8433.01 -869837 -516609 7121.85 266725 48472.2 -7899.19 -307649 -4405.47 -3381.44 -3494.26 -1151.57 8571.11 723393 7886.54 312961 2249.22 1730.13 -502.865 ;
-215.359 -11852.3 -10879.7 2426.34 2426.34 0 -4939.77 -4939.77 -107.95 -118.735 -55.1135 -22.7629 213.26 7886.54 4941.87 4941.87 43.9742 76.2833 8.19165 ;
-7063.14 -404755 -310362 2426.34 355479 0 -4939.77 -340102 -3657.54 -3554.99 -2422.43 -761.451 8414.76 312961 4941.87 407352 1158.07 1744.22 -2888.5 ;
-30.7568 -2906.07 -2329.92 101.904 1082.91 710.351 -44.2031 -1080.75 -15.4195 -3.62073 -12.248 -3.51863 32.8856 2249.22 43.9742 1158.07 32.8856 5.86713 -5.10633 ;
-41.9118 -2227.4 -1697.48 -1.38177 1966.81 134.42 -76.5785 -1369.6 -11.8934 -18.9649 -17.5912 -4.47822 51.2041 1730.13 76.2833 1744.22 5.86713 51.2041 -22.4044 ;
-28.2588 -244.362 -575.155 59.0537 -14083.3 -8706.9 3.42613 -877.443 -13.4724 -10.4149 -15.0435 -1.40567 -77.308 -502.865 8.19165 -2888.5 -5.10633 -22.4044 396.21 ;
]
+++++++++++++
