This file has automatically been generated.
Mon Nov 13 15:31:20 2017
Michel Bierlaire, EPFL

biogeme 2.6a [Mon Apr 24 10:19:20 BST 2017]
Michel Bierlaire, EPFL

Warning: [15:31:20]bioMain.cc:108  pythonbiogeme Model5_prof_other ../data.dat
[15:31:20]bioParameters.cc:399  Parameter documentation generated: pythonparam.html
[15:31:20]bioModelParser.cc:109  Model5_prof_other.py exists
 Read sample in binary format from __bin_data.dat *****
 Processing the sample file: __bin_data.dat [00:00]
 Nbr of cores reported by the system: 4
 Nbr of cores used by biogeme: 2
 Init. log-likelihood: -761.924 [00:00]
     gmax Iter   radius        f(x)     Status       rhok nFree
 +1.31e+01    1 1.00e+00 +7.6192408e+02 ****Converg  +1.09e+00 21  ++ P
 +4.24e+00    2 2.00e+00 +5.3613592e+02 ****Converg  +6.63e-01 21  +  P
 +8.49e+00    3 2.00e+00 +4.9415300e+02 ****Converg  +1.08e+00 21  ++ P
 +4.58e-01    4 4.00e+00 +4.5958863e+02 ****Converg  +1.28e+00 21  ++ P
 +3.33e-01    5 8.00e+00 +4.4177676e+02 ****Converg  +1.25e+00 21  ++ P
 +1.10e+00    6 1.60e+01 +4.2552922e+02 ****Converg  +1.18e+00 21  ++ P
 +2.02e-01    7 3.20e+01 +4.1949108e+02 ****Converg  -1.83e+00 21  -  P
 +2.02e-01    8 5.43e-01 +4.1949108e+02 ****OutTrReg +6.40e-01 21  +  P
 +1.83e+00    9 5.43e-01 +4.1769153e+02 ****Converg  +9.90e-01 21  ++ P
 +6.81e-02   10 1.09e+00 +4.1644171e+02 ****Converg  -8.78e+01 21  -  P
 +6.81e-02   11 3.92e-01 +4.1644171e+02 ****OutTrReg -1.57e-01 21  -  P
 +6.81e-02   12 1.96e-01 +4.1644171e+02 ****OutTrReg +8.10e-01 21  +  P
 +1.06e+00   13 1.96e-01 +4.1521226e+02 ****Converg  +9.95e-01 21  ++ P
 +2.64e-02   14 3.92e-01 +4.1481139e+02 ****OutTrReg -5.75e-01 21  -  P
 +2.64e-02   15 1.96e-01 +4.1481139e+02 ****OutTrReg +6.64e-01 21  +  P
 +1.14e+00   16 1.96e-01 +4.1396522e+02 ****Converg  +9.92e-01 21  ++ P
 +3.01e-02   17 3.92e-01 +4.1346169e+02 ****OutTrReg -2.87e+02 21  -  P
 +3.01e-02   18 1.96e-01 +4.1346169e+02 ****OutTrReg +7.77e-01 21  +  P
 +5.43e-01   19 1.96e-01 +4.1256579e+02 ****Converg  +9.95e-01 21  ++ P
 +2.68e-02   20 3.92e-01 +4.1244592e+02 ****OutTrReg +1.06e+00 21  ++ P
 +4.07e-01   21 7.84e-01 +4.1179111e+02 ****Converg  +9.97e-01 21  ++ P
 +8.35e-03   22 1.57e+00 +4.1172891e+02 ****Converg  -9.91e+01 21  -  P
 +8.35e-03   23 3.90e-01 +4.1172891e+02 ****OutTrReg -1.02e+03 21  -  P
 +8.35e-03   24 1.95e-01 +4.1172891e+02 ****OutTrReg +1.01e+00 21  ++ P
 +1.09e-01   25 3.90e-01 +4.1152308e+02 ****Converg  +9.99e-01 21  ++ P
 +6.29e-03   26 7.79e-01 +4.1151812e+02 ****OutTrReg -5.16e+01 21  -  P
 +6.29e-03   27 3.90e-01 +4.1151812e+02 ****OutTrReg -2.14e+02 21  -  P
 +6.29e-03   28 1.95e-01 +4.1151812e+02 ****OutTrReg -8.63e+02 21  -  P
 +6.29e-03   29 9.74e-02 +4.1151812e+02 ****OutTrReg -3.53e+03 21  -  P
 +6.29e-03   30 4.87e-02 +4.1151812e+02 ****OutTrReg -7.29e+04 21  -  P
 +6.29e-03   31 2.44e-02 +4.1151812e+02 ****OutTrReg +1.00e+00 21  ++ P
 +2.18e-02   32 4.87e-02 +4.1148623e+02 ****OutTrReg -1.63e+04 21  -  P
 +2.18e-02   33 2.44e-02 +4.1148623e+02 ****OutTrReg -1.60e+05 21  -  P
 +2.18e-02   34 1.22e-02 +4.1148623e+02 ****OutTrReg +1.01e+00 21  ++ P
 +1.22e-02   35 2.44e-02 +4.1147334e+02 ****OutTrReg -1.06e+05 21  -  P
 +1.22e-02   36 1.22e-02 +4.1147334e+02 ****OutTrReg +9.92e-01 21  ++ P
 +1.52e-02   37 2.44e-02 +4.1146572e+02 ****OutTrReg -9.30e+04 21  -  P
 +1.52e-02   38 1.22e-02 +4.1146572e+02 ****OutTrReg -1.48e+07 21  -  P
 +1.52e-02   39 6.09e-03 +4.1146572e+02 ****OutTrReg +1.00e+00 21  ++ P
 +8.93e-03   40 1.22e-02 +4.1146234e+02 ****OutTrReg -4.01e+05 21  -  P
 +8.93e-03   41 6.09e-03 +4.1146234e+02 ****OutTrReg -5.01e+06 21  -  P
 +8.93e-03   42 3.04e-03 +4.1146234e+02 ****OutTrReg +1.00e+00 21  ++ P
 +2.79e-02   43 6.09e-03 +4.1145847e+02 ****OutTrReg -1.11e+06 21  -  P
 +2.79e-02   44 3.04e-03 +4.1145847e+02 ****OutTrReg -6.28e+06 21  -  P
 +2.79e-02   45 1.52e-03 +4.1145847e+02 ****OutTrReg +9.99e-01 21  ++ P
 +1.66e-02   46 3.04e-03 +4.1145506e+02 ****OutTrReg -4.70e+06 21  -  P
 +1.66e-02   47 1.52e-03 +4.1145506e+02 ****OutTrReg -1.59e+07 21  -  P
 +1.66e-02   48 7.61e-04 +4.1145506e+02 ****OutTrReg -6.11e+07 21  -  P
 +1.66e-02   49 3.81e-04 +4.1145506e+02 ****OutTrReg -4.68e+08 21  -  P
 +1.66e-02   50 1.90e-04 +4.1145506e+02 ****OutTrReg +1.00e+00 21  ++ P
 +7.93e-03   51 3.81e-04 +4.1145442e+02 ****OutTrReg -2.04e+08 21  -  P
 +7.93e-03   52 1.90e-04 +4.1145442e+02 ****OutTrReg -7.96e+08 21  -  P
 +7.93e-03   53 9.52e-05 +4.1145442e+02 ****OutTrReg -3.45e+09 21  -  P
 +7.93e-03   54 4.76e-05 +4.1145442e+02 ****OutTrReg -1.64e+10 21  -  P
 +7.93e-03   55 2.38e-05 +4.1145442e+02 ****OutTrReg +1.00e+00 21  ++ P
 +4.81e-03   56 4.76e-05 +4.1145432e+02  -  P
 +4.81e-03   57 2.38e-05 +4.1145432e+02  -  P
 +4.81e-03   58 1.19e-05 +4.1145432e+02  -  P
 +4.81e-03   59 5.95e-06 +4.1145432e+02  -  P
 +4.81e-03   60 2.97e-06 +4.1145432e+02  -  P
 +4.81e-03   61 1.49e-06 +4.1145432e+02  -  P
 +4.81e-03   62 7.43e-07 +4.1145432e+02 ****OutTrReg +1.00e+00 21  ++ P
 +4.75e-03   63 1.49e-06 +4.1145431e+02  -  P
 +4.75e-03   64 7.43e-07 +4.1145431e+02 ****OutTrReg +1.00e+00 21  ++ P
 +4.69e-03   65 1.49e-06 +4.1145431e+02  -  P
 +4.69e-03   66 7.43e-07 +4.1145431e+02  -  P
 +4.69e-03   67 3.72e-07 +4.1145431e+02 ****OutTrReg +1.00e+00 21  ++ P
 +4.66e-03   68 7.43e-07 +4.1145431e+02  -  P
 +4.66e-03   69 3.72e-07 +4.1145431e+02 ****OutTrReg +9.98e-01 21  ++ P
 +4.64e-03   70 7.43e-07 +4.1145431e+02  -  P
 +4.64e-03   71 3.72e-07 +4.1145431e+02 ****OutTrReg +1.00e+00 21  ++ P
 +4.61e-03   72 7.43e-07 +4.1145431e+02  -  P
 +4.61e-03   73 3.72e-07 +4.1145431e+02  -  P
 +4.61e-03   74 1.86e-07 +4.1145431e+02 ****OutTrReg +1.00e+00 21  ++ P
 +4.59e-03   75 3.72e-07 +4.1145431e+02  -  P
 +4.59e-03   76 1.86e-07 +4.1145431e+02 ****OutTrReg +9.98e-01 21  ++ P
 +4.58e-03   77 3.72e-07 +4.1145431e+02  -  P
 +4.58e-03   78 1.86e-07 +4.1145431e+02  -  P
 Radius of the trust region is too small
 Run time interval: [15:31:20,15:31:24]
 Run time: 00:04
 Estimated parameters: 
ASC_PT = 0

Beta_time_PT = 0.558701

LAMBDA = 1.66631e-07

Beta_time_PT_walk = -0.0418146

Beta_Cost = -0.0537323

Beta_Age1 = 0.0433089

Beta_Age2 = -0.010218

Beta_Age3 = 0.00223035

Beta_urb = -0.471644

Beta_TripWork = -0.0688325

Beta_TripLeisure = -0.439011

Beta_have_ga = 1.84618

ASC_PM  = 0.627612

Beta_time_PM = -0.0227326

Beta_multi_trips = -0.152654

Beta_roman = 1.13724

Beta_german = 0.277088

ASC_SM = 1.90714

Beta_Distance = -0.71305

Beta_Age1_walk = -0.156185

Beta_Age2_walk = -0.000271497

Beta_Age3_walk = -0.00724077


 File Model5_prof_other_param.py created
 --------------------------------------------------------
 Directory: /Users/tomtom/GoogleDrive/EPFL/Master/MA3/Modelling Behaviour/Project/Models/MyModels/Model6_Final_segmentation
 The following files have been generated
 --------------------------------------------------------
 Debug files
 --------------------------------------------------------
      headers.py: List of headers of the data file (biogeme use only)
 --------------------------------------------------------
 Useful files
 --------------------------------------------------------
      __biogeme.log: Log of all outputs
      pythonparam.html: Documentation of the parameters
      __parametersUsed.py: Values of the parameters actually used
      Model5_prof_other.tex: Results in LaTeX format
 --------------------------------------------------------
 Important files
 --------------------------------------------------------
      Model5_prof_other_param.py: Results in Python format (to copy/paste for simulation)
      Model5_prof_other.html: Results in HTML format
