This file has automatically been generated.
Thu Nov  9 12:29:21 2017
Michel Bierlaire, EPFL

biogeme 2.6a [Mon Apr 24 10:18:58 BST 2017]
Michel Bierlaire, EPFL

Warning: [12:29:21]bioMain.cc:108  pythonbiogeme Base_model_PM optimaDataset_12.dat
[12:29:21]bioParameters.cc:399  Parameter documentation generated: pythonparam.html
[12:29:21]bioModelParser.cc:109  Base_model_PM.py exists
 Read sample file: optimaDataset_12.dat
 Processing the sample file: optimaDataset_12.dat [00:00]
 Nbr of cores reported by the system: 2
 Nbr of cores used by biogeme: 1
 Init. log-likelihood: -1852.27 [00:00]
     gmax Iter   radius        f(x)     Status       rhok nFree
 +4.63e+00    1 1.00e+00 +1.8522718e+03 ****OutTrReg +1.00e+00 4  ++ P
 +4.37e+00    2 2.00e+00 +1.2902378e+03 ****Converg  +1.11e+00 4  ++ P
 +1.24e+00    3 4.00e+00 +1.2498394e+03 ****Converg  +1.09e+00 4  ++ P
 +2.33e-01    4 8.00e+00 +1.2401975e+03 ****Converg  +9.69e-01 4  ++ P
 +5.17e-02    5 1.60e+01 +1.2369718e+03 ****Converg  +1.03e+00 4  ++ P
 +1.57e-02    6 3.20e+01 +1.2341733e+03 ****Converg  +1.00e+00 4  ++ P
 +6.05e-04    7 6.40e+01 +1.2341657e+03 ****Converg  +1.00e+00 4  ++ P
 Convergence reached...
 Run time interval: [12:29:22,12:29:22]
 Run time: 00:00
 Estimated parameters: 
ASC_PT = 0

Time = -0.00836955

Cost = 0.0321313

ASC_PM  = 0.958292

ASC_SM = -1.80235


 File Base_model_PM_param.py created
 --------------------------------------------------------
 Directory: /Users/harold/Documents/GitHub/ModellingOfHumanBehaviour/Project/Harold_models
 The following files have been generated
 --------------------------------------------------------
 Debug files
 --------------------------------------------------------
      headers.py: List of headers of the data file (biogeme use only)
      __bin_optimaDataset_12.dat: Data file in a binary format
 --------------------------------------------------------
 Useful files
 --------------------------------------------------------
      __biogeme.log: Log of all outputs
      pythonparam.html: Documentation of the parameters
      __parametersUsed.py: Values of the parameters actually used
      Base_model_PM.tex: Results in LaTeX format
 --------------------------------------------------------
 Important files
 --------------------------------------------------------
      Base_model_PM_param.py: Results in Python format (to copy/paste for simulation)
      Base_model_PM.html: Results in HTML format
