Iter 0

Size = 17
Data size = 153
[ 2.37007e+06 -3705.17 1.58306e+06 349912 475149 -10301.9 -845284 -38801.4 -27865.9 -11095.5 -6680.57 -10301.9 -967146 -38801.4 -27865.9 -11095.5 -6680.57 ;
-3705.17 0 0 0 0 0 0 0 0 0 0 0 0 0 0 0 0 ;
1.58306e+06 0 1.68128e+06 268205 458852 -10039.1 -578536 -37767.8 -27247.3 -10374.1 -6195.87 -10039.1 -602935 -37767.8 -27247.3 -10374.1 -6195.87 ;
349912 0 268205 122652 24299.2 -584.186 2454.34 -2005.95 -1309.7 -346.923 -179.257 -2861.48 -277057 -10631.2 -7582.03 -2915.11 -1729.33 ;
475149 0 458852 24299.2 952139 -17672 -716881 -68544.9 -46879.9 -17200.3 -10409.3 8836 357942 34272.4 23439.9 8600.13 5204.63 ;
-10301.9 0 -10039.1 -584.186 -17672 380.444 15352.4 1420.67 1001.11 370.324 221.378 -190.222 -7628.19 -710.333 -500.556 -185.162 -110.689 ;
-845284 0 -578536 2454.34 -716881 15352.4 1.44286e+06 58033.8 41849.3 16788.6 10153.2 -7676.22 -835294 -29016.9 -20924.6 -8394.31 -5076.61 ;
-38801.4 0 -37767.8 -2005.95 -68544.9 1420.67 58033.8 5582.5 4004.45 1481.3 885.511 -710.333 -28917.1 -2791.25 -2002.23 -740.648 -442.756 ;
-27865.9 0 -27247.3 -1309.7 -46879.9 1001.11 41849.3 4004.45 3461.65 1481.3 885.511 -500.556 -21084.9 -2002.23 -1730.82 -740.648 -442.756 ;
-11095.5 0 -10374.1 -346.923 -17200.3 370.324 16788.6 1481.3 1481.3 1267.55 885.511 -185.162 -8686.95 -740.648 -740.648 -633.777 -442.756 ;
-6680.57 0 -6195.87 -179.257 -10409.3 221.378 10153.2 885.511 885.511 885.511 664.004 -110.689 -5260.25 -442.756 -442.756 -442.756 -332.002 ;
-10301.9 0 -10039.1 -2861.48 8836 -190.222 -7676.22 -710.333 -500.556 -185.162 -110.689 380.444 15256.4 1420.67 1001.11 370.324 221.378 ;
-967146 0 -602935 -277057 357942 -7628.19 -835294 -28917.1 -21084.9 -8686.95 -5260.25 15256.4 2.06633e+06 57834.2 42169.7 17373.9 10520.5 ;
-38801.4 0 -37767.8 -10631.2 34272.4 -710.333 -29016.9 -2791.25 -2002.23 -740.648 -442.756 1420.67 57834.2 5582.5 4004.45 1481.3 885.511 ;
-27865.9 0 -27247.3 -7582.03 23439.9 -500.556 -20924.6 -2002.23 -1730.82 -740.648 -442.756 1001.11 42169.7 4004.45 3461.65 1481.3 885.511 ;
-11095.5 0 -10374.1 -2915.11 8600.13 -185.162 -8394.31 -740.648 -740.648 -633.777 -442.756 370.324 17373.9 1481.3 1481.3 1267.55 885.511 ;
-6680.57 0 -6195.87 -1729.33 5204.63 -110.689 -5076.61 -442.756 -442.756 -442.756 -332.002 221.378 10520.5 885.511 885.511 885.511 664.004 ;
]
+++++++++++++
Iter 1

Size = 17
Data size = 153
[ 1.96101e+06 81941.4 1.224e+06 230637 605086 -13143.9 -1.16366e+06 -49844.7 -36179.7 -15102.5 -9221.71 -3152.71 -247885 -10837.9 -7834.3 -3006.24 -1764.87 ;
81941.4 3850.71 50237.7 9880.7 23654.5 -509.219 -50184.4 -1937.17 -1404.12 -587.602 -358.118 -117.826 -10532.4 -408.663 -295.735 -114.06 -66.823 ;
1.224e+06 50237.7 1.06098e+06 157664 473734 -10608.1 -718430 -40060.5 -29307.1 -11851.8 -7177.99 -2767.77 -161540 -9400.27 -6848.89 -2567 -1505.54 ;
230637 9880.7 157664 73565.9 42485.7 -980.659 -65354.3 -3529.55 -2484.07 -847.166 -473.328 -1069.69 -77549.5 -3652.38 -2641.03 -997.546 -581.59 ;
605086 23654.5 473734 42485.7 838502 -16102.7 -671018 -62530.7 -43288 -16019.9 -9666.41 7004.91 194089 27156.3 18572.1 6445.65 3813.82 ;
-13143.9 -509.219 -10608.1 -980.659 -16102.7 360.302 14655 1344.04 954.761 354.443 211.202 -158.52 -4410.09 -587.472 -412.684 -144.398 -84.4984 ;
-1.16366e+06 -50184.4 -718430 -65354.3 -671018 14655 1.29922e+06 55387.8 40216.6 16560.8 10079 -4988.8 -293605 -18590.4 -13357.4 -5183.28 -3114.61 ;
-49844.7 -1937.17 -40060.5 -3529.55 -62530.7 1344.04 55387.8 5284.52 3819.04 1417.77 844.81 -587.472 -16451.4 -2308.43 -1650.74 -577.592 -337.993 ;
-36179.7 -1404.12 -29307.1 -2484.07 -43288 954.761 40216.6 3819.04 3309.04 1417.77 844.81 -412.684 -11985.7 -1650.74 -1421.13 -577.592 -337.993 ;
-15102.5 -587.602 -11851.8 -847.166 -16019.9 354.443 16560.8 1417.77 1417.77 1210.46 844.81 -144.398 -4789.56 -577.592 -577.592 -486.889 -337.993 ;
-9221.71 -358.118 -7177.99 -473.328 -9666.41 211.202 10079 844.81 844.81 844.81 633.504 -84.4984 -2888.46 -337.993 -337.993 -337.993 -253.445 ;
-3152.71 -117.826 -2767.77 -1069.69 7004.91 -158.52 -4988.8 -587.472 -412.684 -144.398 -84.4984 212.646 6558.23 769.087 541.921 189.832 110.731 ;
-247885 -10532.4 -161540 -77549.5 194089 -4410.09 -293605 -16451.4 -11985.7 -4789.56 -2888.46 6558.23 554894 23932.3 17513.4 7028.89 4214.27 ;
-10837.9 -408.663 -9400.27 -3652.38 27156.3 -587.472 -18590.4 -2308.43 -1650.74 -577.592 -337.993 769.087 23932.3 3021.76 2167.69 759.33 442.926 ;
-7834.3 -295.735 -6848.89 -2641.03 18572.1 -412.684 -13357.4 -1650.74 -1421.13 -577.592 -337.993 541.921 17513.4 2167.69 1868.41 759.33 442.926 ;
-3006.24 -114.06 -2567 -997.546 6445.65 -144.398 -5183.28 -577.592 -577.592 -486.889 -337.993 189.832 7028.89 759.33 759.33 639.163 442.926 ;
-1764.87 -66.823 -1505.54 -581.59 3813.82 -84.4984 -3114.61 -337.993 -337.993 -337.993 -253.445 110.731 4214.27 442.926 442.926 442.926 332.133 ;
]
+++++++++++++
Iter 2

Size = 17
Data size = 153
[ 1.35548e+06 113104 882478 131998 598860 -12747.3 -969101 -48691 -35654.7 -15544 -9602.66 -1357.52 -53091.8 -4639.68 -2990.73 -1101.84 -664.649 ;
113104 9590.39 67623.6 10735.5 43178.9 -915.567 -78940.3 -3504.7 -2567.96 -1132.75 -699.482 -88.2942 -3880.79 -303.529 -195.346 -73.057 -44.1846 ;
882478 67623.6 782129 85738.1 509905 -10969.5 -631394 -41938.7 -30973 -12961.9 -7940.02 -1381.3 -41334.8 -4741.27 -3136.05 -1113.6 -663.847 ;
131998 10735.5 85738.1 35758.7 45446.3 -975.672 -60065.6 -3649.39 -2650.3 -974.561 -564.641 -503.951 -21250.2 -1668.63 -1090.83 -367.756 -213.051 ;
598860 43178.9 509905 45446.3 892997 -16530.1 -594693 -63908.8 -43174.5 -16051.1 -9772.63 4656.7 98719.4 17718.2 10965.7 3361.42 1956.15 ;
-12747.3 -915.567 -10969.5 -975.672 -16530.1 357.643 12836.6 1323.86 921.671 343.55 206.36 -105.787 -2369.19 -367.641 -236.251 -73.8953 -42.5916 ;
-969101 -78940.3 -631394 -60065.6 -594693 12836.6 1.04364e+06 48000.9 34513.6 14557.3 8923.11 -2875.06 -122136 -9835.26 -6473.58 -2193.15 -1290.5 ;
-48691 -3504.7 -41938.7 -3649.39 -63908.8 1323.86 48000.9 5192.76 3686.69 1374.2 825.438 -367.641 -8032.94 -1430.52 -945.004 -295.581 -170.366 ;
-35654.7 -2567.96 -30973 -2650.3 -43174.5 921.671 34513.6 3686.69 3180.97 1374.2 825.438 -236.251 -5369.23 -945.004 -793.27 -295.581 -170.366 ;
-15544 -1132.75 -12961.9 -974.561 -16051.1 343.55 14557.3 1374.2 1374.2 1181.28 825.438 -73.8953 -1852.87 -295.581 -295.581 -246.505 -170.366 ;
-9602.66 -699.482 -7940.02 -564.641 -9772.63 206.36 8923.11 825.438 825.438 825.438 618.952 -42.5916 -1088.54 -170.366 -170.366 -170.366 -127.741 ;
-1357.52 -88.2942 -1381.3 -503.951 4656.7 -105.787 -2875.06 -367.641 -236.251 -73.8953 -42.5916 143.305 3163 495.304 317.081 100.698 58.3653 ;
-53091.8 -3880.79 -41334.8 -21250.2 98719.4 -2369.19 -122136 -8032.94 -5369.23 -1852.87 -1088.54 3163 160243 10762.7 7175.01 2546.82 1511.39 ;
-4639.68 -303.529 -4741.27 -1668.63 17718.2 -367.641 -9835.26 -1430.52 -945.004 -295.581 -170.366 495.304 10762.7 1925.55 1268.33 402.791 233.461 ;
-2990.73 -195.346 -3136.05 -1090.83 10965.7 -236.251 -6473.58 -945.004 -793.27 -295.581 -170.366 317.081 7175.01 1268.33 1064.99 402.791 233.461 ;
-1101.84 -73.057 -1113.6 -367.756 3361.42 -73.8953 -2193.15 -295.581 -295.581 -246.505 -170.366 100.698 2546.82 402.791 402.791 337.5 233.461 ;
-664.649 -44.1846 -663.847 -213.051 1956.15 -42.5916 -1290.5 -170.366 -170.366 -170.366 -127.741 58.3653 1511.39 233.461 233.461 233.461 175.05 ;
]
+++++++++++++
Iter 3

Size = 17
Data size = 153
[ 951200 91825.2 672533 89741.3 498448 -10614 -747775 -40327.5 -29227 -12650.7 -7792.04 -742.413 -18178.8 -2554.07 -1809.99 -740.023 -450.278 ;
91825.2 9163.79 60288.6 8545.63 41985.6 -889.823 -71134.1 -3389.71 -2464.67 -1092 -674.493 -53.1974 -1425.75 -183.347 -129.859 -53.7311 -32.7103 ;
672533 60288.6 634472 61880.8 449733 -9675.53 -530676 -36798.9 -26795.4 -10898.1 -6610.25 -894.359 -17499.7 -3110.77 -2250.09 -884.555 -531.846 ;
89741.3 8545.63 61880.8 21809.1 39483.9 -851.851 -55589.2 -3117.62 -2195.4 -756.228 -424.732 -303.308 -7776.55 -1026.51 -730.846 -279.139 -165.259 ;
498448 41985.6 449733 39483.9 811294 -15016.7 -499188 -58085.3 -39621.1 -14918.1 -9077.06 4081.21 60925.4 15657.4 10622 3981.7 2426.52 ;
-10614 -889.823 -9675.53 -851.851 -15016.7 324.867 10746.9 1204.2 845.81 318.351 190.977 -92.4789 -1449.47 -327.519 -229.33 -86.6845 -52.3344 ;
-747775 -71134.1 -530676 -55589.2 -499188 10746.9 792893 40318 29311.6 12703.2 7827.06 -1950.61 -51701.8 -6793.48 -4870.14 -1965.93 -1208.79 ;
-40327.5 -3389.71 -36798.9 -3117.62 -58085.3 1204.2 40318 4725.05 3383.24 1273.4 763.91 -327.519 -5016.69 -1281.28 -917.32 -346.738 -209.338 ;
-29227 -2464.67 -26795.4 -2195.4 -39621.1 845.81 29311.6 3383.24 2928.63 1273.4 763.91 -229.33 -3621.72 -917.32 -795.818 -346.738 -209.338 ;
-12650.7 -1092 -10898.1 -756.228 -14918.1 318.351 12703.2 1273.4 1273.4 1094.37 763.91 -86.6845 -1469.76 -346.738 -346.738 -298.768 -209.338 ;
-7792.04 -674.493 -6610.25 -424.732 -9077.06 190.977 7827.06 763.91 763.91 763.91 572.806 -52.3344 -900.112 -209.338 -209.338 -209.338 -156.955 ;
-742.413 -53.1974 -894.359 -303.308 4081.21 -92.4789 -1950.61 -327.519 -229.33 -86.6845 -52.3344 120.545 1856.93 424.823 296.775 111.733 67.2387 ;
-18178.8 -1425.75 -17499.7 -7776.55 60925.4 -1449.47 -51701.8 -5016.69 -3621.72 -1469.76 -900.112 1856.93 54725.9 6427.9 4637.92 1892.49 1157.68 ;
-2554.07 -183.347 -3110.77 -1026.51 15657.4 -327.519 -6793.48 -1281.28 -917.32 -346.738 -209.338 424.823 6427.9 1661.34 1187.1 446.933 268.955 ;
-1809.99 -129.859 -2250.09 -730.846 10622 -229.33 -4870.14 -917.32 -795.818 -346.738 -209.338 296.775 4637.92 1187.1 1029.34 446.933 268.955 ;
-740.023 -53.7311 -884.555 -279.139 3981.7 -86.6845 -1965.93 -346.738 -346.738 -298.768 -209.338 111.733 1892.49 446.933 446.933 384.54 268.955 ;
-450.278 -32.7103 -531.846 -165.259 2426.52 -52.3344 -1208.79 -209.338 -209.338 -209.338 -156.955 67.2387 1157.68 268.955 268.955 268.955 201.651 ;
]
+++++++++++++
Iter 4

Size = 17
Data size = 153
[ 781466 65544.4 605363 79556.8 461375 -9906.95 -666236 -37429.9 -27087 -11617.8 -7153.89 -483.89 -8045.33 -1711.56 -1267.61 -467.853 -270.711 ;
65544.4 5597.08 46055.4 6424.44 32956 -704.397 -53662.4 -2670.18 -1941.61 -854.496 -528.382 -27.5498 -494.542 -97.2277 -72.0778 -26.8092 -15.4909 ;
605363 46055.4 621985 60245.3 449444 -9734.83 -520929 -36796.8 -26685.9 -10698.6 -6467.18 -727.314 -9580.77 -2609.52 -1959.62 -693.834 -394.81 ;
79556.8 6424.44 60245.3 20286.1 42125.8 -930.407 -60520.4 -3337.44 -2350.81 -812.267 -458.191 -209.389 -3392.32 -738.568 -543.182 -190.512 -108.572 ;
461375 32956 449444 42125.8 792243 -14666.1 -467519 -56804.7 -38977.7 -14438 -8714 3765.25 39267.3 14579.2 10313.2 3763.7 2237.2 ;
-9906.95 -704.397 -9734.83 -930.407 -14666.1 316.397 10058.8 1177.84 831.403 307.329 182.724 -83.115 -898.379 -304.197 -221.284 -80.7161 -47.3564 ;
-666236 -53662.4 -520929 -60520.4 -467519 10058.8 703154 37877.4 27689.3 11901.5 7325.06 -1319.92 -23178.7 -4774.01 -3561.27 -1377.31 -825.546 ;
-37429.9 -2670.18 -36796.8 -3337.44 -56804.7 1177.84 37877.4 4625.07 3325.61 1229.32 730.895 -304.197 -3242.35 -1195.9 -885.138 -322.864 -189.426 ;
-27087 -1941.61 -26685.9 -2350.81 -38977.7 831.403 27689.3 3325.61 2878.37 1229.32 730.895 -221.284 -2422.14 -885.138 -772.685 -322.864 -189.426 ;
-11617.8 -854.496 -10698.6 -812.267 -14438 307.329 11901.5 1229.32 1229.32 1050.36 730.895 -80.7161 -928.135 -322.864 -322.864 -273.078 -189.426 ;
-7153.89 -528.382 -6467.18 -458.191 -8714 182.724 7325.06 730.895 730.895 730.895 548.039 -47.3564 -551.619 -189.426 -189.426 -189.426 -142.009 ;
-483.89 -27.5498 -727.314 -209.389 3765.25 -83.115 -1319.92 -304.197 -221.284 -80.7161 -47.3564 109.175 1159.18 397.808 288.802 103.453 60.1 ;
-8045.33 -494.542 -9580.77 -3392.32 39267.3 -898.379 -23178.7 -3242.35 -2422.14 -928.135 -551.619 1159.18 21707.8 4170.63 3116.02 1183.58 698.402 ;
-1711.56 -97.2277 -2609.52 -738.568 14579.2 -304.197 -4774.01 -1195.9 -885.138 -322.864 -189.426 397.808 4170.63 1563.71 1155.21 413.811 240.4 ;
-1267.61 -72.0778 -1959.62 -543.182 10313.2 -221.284 -3561.27 -885.138 -772.685 -322.864 -189.426 288.802 3116.02 1155.21 1007.21 413.811 240.4 ;
-467.853 -26.8092 -693.834 -190.512 3763.7 -80.7161 -1377.31 -322.864 -322.864 -273.078 -189.426 103.453 1183.58 413.811 413.811 347.957 240.4 ;
-270.711 -15.4909 -394.81 -108.572 2237.2 -47.3564 -825.546 -189.426 -189.426 -189.426 -142.009 60.1 698.402 240.4 240.4 240.4 180.218 ;
]
+++++++++++++
Iter 5

Size = 17
Data size = 153
[ 649051 53956.9 544260 70223.1 426173 -9189.02 -602564 -34630.6 -25055.8 -10695.2 -6577.11 -317.552 -3962.82 -1151.88 -873.291 -301.58 -168.756 ;
53956.9 4601.08 41230.8 5654.47 30232.4 -648.999 -48375 -2455.14 -1785.76 -782.215 -483.125 -17.0621 -227.006 -61.6479 -46.8776 -16.31 -9.12151 ;
544260 41230.8 601875 57285.8 445448 -9680.62 -510463 -36479.8 -26442.8 -10584.7 -6394.88 -582.632 -5599.59 -2143.79 -1637.78 -538.387 -293.43 ;
70223.1 5654.47 57285.8 19027.4 42843.4 -953.611 -60714.2 -3398.21 -2396.09 -831.959 -470.277 -150.459 -1728 -547.115 -409.128 -133.002 -72.8139 ;
426173 30232.4 445448 42843.4 769265 -14229.8 -445870 -55146.2 -37903.4 -13938.2 -8379.37 3370.6 26281.1 13122.1 9450.36 3303.93 1912.68 ;
-9189.02 -648.999 -9680.62 -953.611 -14229.8 306.212 9578.43 1142.5 807.53 295.847 175.066 -72.9651 -584.048 -272.642 -201.653 -70.1012 -39.9186 ;
-602564 -48375 -510463 -60714.2 -445870 9578.43 667904 36132.8 26436.8 11308.2 6944.5 -902.651 -11807.8 -3346.5 -2550.69 -938.338 -546.099 ;
-34630.6 -2455.14 -36479.8 -3398.21 -55146.2 1142.5 36132.8 4487.66 3230.12 1183.39 700.265 -272.642 -2162.67 -1074.88 -806.611 -280.405 -159.674 ;
-25055.8 -1785.76 -26442.8 -2396.09 -37903.4 807.53 26436.8 3230.12 2794.93 1183.39 700.265 -201.653 -1646.37 -806.611 -704.82 -280.405 -159.674 ;
-10695.2 -782.215 -10584.7 -831.959 -13938.2 295.847 11308.2 1183.39 1183.39 1008.14 700.265 -70.1012 -593.52 -280.405 -280.405 -232.535 -159.674 ;
-6577.11 -483.125 -6394.88 -470.277 -8379.37 175.066 6944.5 700.265 700.265 700.265 525.065 -39.9186 -341.417 -159.674 -159.674 -159.674 -119.692 ;
-317.552 -17.0621 -582.632 -150.459 3370.6 -72.9651 -902.651 -272.642 -201.653 -70.1012 -39.9186 96.4842 757.99 359.271 265.174 89.9855 50.5287 ;
-3962.82 -227.006 -5599.59 -1728 26281.1 -584.048 -11807.8 -2162.67 -1646.37 -593.52 -341.417 757.99 10337.2 2798.14 2130.12 757.711 432.011 ;
-1151.88 -61.6479 -2143.79 -547.115 13122.1 -272.642 -3346.5 -1074.88 -806.611 -280.405 -159.674 359.271 2798.14 1416.33 1060.7 359.942 202.115 ;
-873.291 -46.8776 -1637.78 -409.128 9450.36 -201.653 -2550.69 -806.611 -704.82 -280.405 -159.674 265.174 2130.12 1060.7 925.453 359.942 202.115 ;
-301.58 -16.31 -538.387 -133.002 3303.93 -70.1012 -938.338 -280.405 -280.405 -232.535 -159.674 89.9855 757.711 359.942 359.942 295.976 202.115 ;
-168.756 -9.12151 -293.43 -72.8139 1912.68 -39.9186 -546.099 -159.674 -159.674 -159.674 -119.692 50.5287 432.011 202.115 202.115 202.115 151.498 ;
]
+++++++++++++
Iter 13

Size = 17
Data size = 153
[ 141005 15082.9 237545 26936.9 205637 -4446.24 -279256 -16672 -11912.5 -4998.86 -3058.2 -142.868 -1513.86 -522.847 -408.174 -107.644 -49.2794 ;
15082.9 2264.8 32605.5 3980.56 26325.2 -566.493 -41600 -2133.76 -1530.34 -657.098 -403.276 -13.6994 -151.387 -49.9466 -39.1701 -10.4125 -4.72741 ;
237545 32605.5 507217 42582.7 398989 -8701.1 -463973 -32649.2 -23521.6 -9546.73 -5782.37 -452.935 -3718.91 -1674.96 -1311.09 -337.485 -151.008 ;
26936.9 3980.56 42582.7 15447.3 35590 -787.482 -52353 -2756.61 -1886.81 -654.986 -366.572 -117.972 -1157.07 -434.524 -335.044 -84.0356 -37.7849 ;
205637 26325.2 398989 35590 719071 -13278.3 -417799 -51436.2 -35344 -12629.4 -7484.76 3076.89 20682.5 12051.8 8943.69 2459.89 1239.7 ;
-4446.24 -566.493 -8701.1 -787.482 -13278.3 285.699 8931 1064.96 752.386 267.202 155.499 -66.4894 -456.26 -251.561 -191.151 -52.4204 -25.7748 ;
-279256 -41600 -463973 -52353 -417799 8931 675161 33690.2 24408.8 10254 6233.46 -718.302 -8162.39 -2703.23 -2117.31 -592.592 -291.18 ;
-16672 -2133.76 -32649.2 -2756.61 -51436.2 1064.96 33690.2 4182.69 3009.55 1068.81 621.994 -251.561 -1715.36 -995.489 -764.606 -209.682 -103.099 ;
-11912.5 -1530.34 -23521.6 -1886.81 -35344 752.386 24408.8 3009.55 2600.83 1068.81 621.994 -191.151 -1342.2 -764.606 -665.144 -209.682 -103.099 ;
-4998.86 -657.098 -9546.73 -654.986 -12629.4 267.202 10254 1068.81 1068.81 901.091 621.994 -52.4204 -364.666 -209.682 -209.682 -157.659 -103.099 ;
-3058.2 -403.276 -5782.37 -366.572 -7484.76 155.499 6233.46 621.994 621.994 621.994 466.364 -25.7748 -175.065 -103.099 -103.099 -103.099 -77.2719 ;
-142.868 -13.6994 -452.935 -117.972 3076.89 -66.4894 -718.302 -251.561 -191.151 -52.4204 -25.7748 86.2193 582.477 324.666 246.324 66.0981 31.7604 ;
-1513.86 -151.387 -3718.91 -1157.07 20682.5 -456.26 -8162.39 -1715.36 -1342.2 -364.666 -175.065 582.477 6851.62 2179.92 1705.57 458.23 216.699 ;
-522.847 -49.9466 -1674.96 -434.524 12051.8 -251.561 -2703.23 -995.489 -764.606 -209.682 -103.099 324.666 2179.92 1284.55 985.297 264.392 127.042 ;
-408.174 -39.1701 -1311.09 -335.044 8943.69 -191.151 -2117.31 -764.606 -665.144 -209.682 -103.099 246.324 1705.57 985.297 856.619 264.392 127.042 ;
-107.644 -10.4125 -337.485 -84.0356 2459.89 -52.4204 -592.592 -209.682 -209.682 -157.659 -103.099 66.0981 458.23 264.392 264.392 196.25 127.042 ;
-49.2794 -4.72741 -151.008 -37.7849 1239.7 -25.7748 -291.18 -103.099 -103.099 -103.099 -77.2719 31.7604 216.699 127.042 127.042 127.042 95.2068 ;
]
+++++++++++++
Iter 14

Size = 17
Data size = 153
[ 158021 29266 277860 35500.9 230754 -5009.46 -301541 -18745.8 -13494.4 -5658.65 -3466.64 -135.066 -1336.98 -496.601 -395.592 -127.459 -66.7859 ;
29266 5545.67 48117.4 6553.9 37161 -804.584 -55945.1 -3023.49 -2189.59 -940.94 -578.682 -16.2654 -167.074 -59.5598 -47.6274 -15.4462 -8.0615 ;
277860 48117.4 609000 59195.8 460091 -10042.3 -527245 -37622.4 -27218.2 -10988.4 -6649.18 -443.903 -3388.74 -1649.35 -1313.8 -404.434 -205.458 ;
35500.9 6553.9 59195.8 20118.2 46749 -1050.5 -66100 -3701.54 -2597.76 -915.168 -521.033 -105.355 -931.626 -389.933 -305.445 -91.371 -46.3634 ;
230754 37161 460091 46749 757621 -14007.5 -444771 -54270.3 -37428.4 -13788.5 -8268.67 2741.77 16451.2 10749.6 8119.63 2628.57 1443.86 ;
-5009.46 -804.584 -10042.3 -1050.5 -14007.5 301.545 9579.63 1123.27 796.505 292.079 172.378 -58.9972 -360.09 -224.293 -173.309 -55.7065 -29.9736 ;
-301541 -55945.1 -527245 -66100 -444771 9579.63 697180 36065 26387.7 11255.7 6892.13 -575.519 -5931.38 -2180.04 -1741.19 -587.603 -320.408 ;
-18745.8 -3023.49 -37622.4 -3701.54 -54270.3 1123.27 36065 4412.2 3186.02 1168.31 689.51 -224.293 -1362.12 -888.07 -693.237 -222.826 -119.894 ;
-13494.4 -2189.59 -27218.2 -2597.76 -37428.4 796.505 26387.7 3186.02 2760.53 1168.31 689.51 -173.309 -1085.71 -693.237 -609.945 -222.826 -119.894 ;
-5658.65 -940.94 -10988.4 -915.168 -13788.5 292.079 11255.7 1168.31 1168.31 993.724 689.51 -55.7065 -355.829 -222.826 -222.826 -177.581 -119.894 ;
-3466.64 -578.682 -6649.18 -521.033 -8268.67 172.378 6892.13 689.51 689.51 689.51 516.998 -29.9736 -191.02 -119.894 -119.894 -119.894 -89.8704 ;
-135.066 -16.2654 -443.903 -105.355 2741.77 -58.9972 -575.519 -224.293 -173.309 -55.7065 -29.9736 78.2855 474.999 296.067 228.45 71.9509 38.0306 ;
-1336.98 -167.074 -3388.74 -931.626 16451.2 -360.09 -5931.38 -1362.12 -1085.71 -355.829 -191.02 474.999 5087.62 1786.92 1424.14 462.113 245.351 ;
-496.601 -59.5598 -1649.35 -389.933 10749.6 -224.293 -2180.04 -888.07 -693.237 -222.826 -119.894 296.067 1786.92 1172.03 913.802 287.804 152.122 ;
-395.592 -47.6274 -1313.8 -305.445 8119.63 -173.309 -1741.19 -693.237 -609.945 -222.826 -119.894 228.45 1424.14 913.802 803.496 287.804 152.122 ;
-127.459 -15.4462 -404.434 -91.371 2628.57 -55.7065 -587.603 -222.826 -222.826 -177.581 -119.894 71.9509 462.113 287.804 287.804 227.089 152.122 ;
-66.7859 -8.0615 -205.458 -46.3634 1443.86 -29.9736 -320.408 -119.894 -119.894 -119.894 -89.8704 38.0306 245.351 152.122 152.122 152.122 114.017 ;
]
+++++++++++++
Iter 16

Size = 17
Data size = 153
[ 94039.6 23680.1 206950 25410 177598 -3853.14 -228984 -14374.2 -10231.4 -4172.06 -2530.23 -120.988 -1284.01 -433.73 -335.764 -121.466 -69.9964 ;
23680.1 6543.58 53040.3 6947.65 42407.3 -916.896 -63207.1 -3435.4 -2459.01 -1031.57 -629.143 -22.12 -243.424 -78.9606 -61.3386 -22.3526 -12.8335 ;
206950 53040.3 558491 52239 429809 -9383.44 -500415 -35042.6 -25072.8 -9824.7 -5868.93 -427.477 -3649.13 -1547.82 -1199.72 -406.252 -225.327 ;
25410 6947.65 52239 18603.7 42195.7 -946.981 -60396.9 -3297.23 -2250.29 -724.919 -393.786 -112.603 -1116.91 -408.141 -313.271 -107.222 -60.6018 ;
177598 42407.3 429809 42195.7 741769 -13691.6 -435971 -52989.5 -36311.7 -13356.9 -8015.96 3009.14 19609.7 11764.4 8798.28 3275.3 1952.61 ;
-3853.14 -916.896 -9383.44 -946.981 -13691.6 294.827 9362.26 1095.46 772.262 282.54 166.756 -64.726 -430.596 -244.578 -187.295 -69.1147 -40.5233 ;
-228984 -63207.1 -500415 -60396.9 -435971 9362.26 700195 35180.3 25527 10848.7 6635.91 -681.936 -7661.35 -2560.87 -2028.79 -809.36 -488.404 ;
-14374.2 -3435.4 -35042.6 -3297.23 -52989.5 1095.46 35180.3 4300.42 3089.05 1130.16 667.022 -244.578 -1614.72 -966.808 -749.181 -276.459 -162.093 ;
-10231.4 -2459.01 -25072.8 -2250.29 -36311.7 772.262 25527 3089.05 2672.94 1130.16 667.022 -187.295 -1276.07 -749.181 -661.179 -276.459 -162.093 ;
-4172.06 -1031.57 -9824.7 -724.919 -13356.9 282.54 10848.7 1130.16 1130.16 961.468 667.022 -69.1147 -497.246 -276.459 -276.459 -232.969 -162.093 ;
-2530.23 -629.143 -5868.93 -393.786 -8015.96 166.756 6635.91 667.022 667.022 667.022 500.138 -40.5233 -297.385 -162.093 -162.093 -162.093 -121.526 ;
-120.988 -22.12 -427.477 -112.603 3009.14 -64.726 -681.936 -244.578 -187.295 -69.1147 -40.5233 82.9252 552.145 310.756 236.583 84.9474 49.1001 ;
-1284.01 -243.424 -3649.13 -1116.91 19609.7 -430.596 -7661.35 -1614.72 -1276.07 -497.246 -297.385 552.145 6484.87 2052.7 1615.8 617.614 365.584 ;
-433.73 -78.9606 -1547.82 -408.141 11764.4 -244.578 -2560.87 -966.808 -749.181 -276.459 -162.093 310.756 2052.7 1227.73 946.332 339.79 196.401 ;
-335.764 -61.3386 -1199.72 -313.271 8798.28 -187.295 -2028.79 -749.181 -661.179 -276.459 -162.093 236.583 1615.8 946.332 833.242 339.79 196.401 ;
-121.466 -22.3526 -406.252 -107.222 3275.3 -69.1147 -809.36 -276.459 -276.459 -232.969 -162.093 84.9474 617.614 339.79 339.79 283.894 196.401 ;
-69.9964 -12.8335 -225.327 -60.6018 1952.61 -40.5233 -488.404 -162.093 -162.093 -162.093 -121.526 49.1001 365.584 196.401 196.401 196.401 147.238 ;
]
+++++++++++++
Iter 17

Size = 17
Data size = 153
[ 90584.2 24095.3 205847 25899.4 176415 -3829.77 -220930 -14289.7 -10221.9 -4205.72 -2559.73 -110.703 -1109.02 -399.664 -308.914 -109.08 -62.2779 ;
24095.3 6643.8 52477.5 7033.89 41786.8 -905.061 -60435.9 -3391.31 -2441.6 -1033.1 -632.2 -20.0305 -206.45 -72.0135 -55.8611 -19.8563 -11.2811 ;
205847 52477.5 571004 55251 439219 -9575.76 -501222 -35784.1 -25724.3 -10196.5 -6117.27 -410.593 -3256.34 -1497.2 -1158.11 -383.099 -210.137 ;
25899.4 7033.89 55251 18757.2 44466.2 -999.22 -63195 -3498.7 -2426.12 -818.138 -455.203 -103.528 -946.576 -377.382 -288.163 -94.5978 -52.4768 ;
176415 41786.8 439219 44466.2 744602 -13734.5 -429875 -53157.1 -36436.6 -13419.2 -8057.91 2850.5 17200.8 11143.5 8266.82 2948.26 1730.79 ;
-3829.77 -905.061 -9575.76 -999.22 -13734.5 295.305 9255.7 1097.71 774.144 283.613 167.534 -61.0977 -375.474 -231.242 -175.849 -62.238 -35.8946 ;
-220930 -60435.9 -501222 -63195 -429875 9255.7 669314 34772.2 25337.4 10796.8 6616.11 -600.681 -6293.37 -2261.16 -1780.04 -678.218 -402.164 ;
-14289.7 -3391.31 -35784.1 -3498.7 -53157.1 1097.71 34772.2 4309.49 3096.58 1134.45 670.136 -231.242 -1411.1 -914.016 -703.398 -248.952 -143.578 ;
-10221.9 -2441.6 -25724.3 -2426.12 -36436.6 774.144 25337.4 3096.58 2679.63 1134.45 670.136 -175.849 -1107.57 -703.398 -618.339 -248.952 -143.578 ;
-4205.72 -1033.1 -10196.5 -818.138 -13419.2 283.613 10796.8 1134.45 1134.45 965.616 670.136 -62.238 -410.866 -248.952 -248.952 -207.378 -143.578 ;
-2559.73 -632.2 -6117.27 -455.203 -8057.91 167.534 6616.11 670.136 670.136 670.136 502.472 -35.8946 -241.221 -143.578 -143.578 -143.578 -107.643 ;
-110.703 -20.0305 -410.593 -103.528 2850.5 -61.0977 -600.681 -231.242 -175.849 -62.238 -35.8946 79.0551 486.832 296.969 224.646 77.5503 44.0861 ;
-1109.02 -206.45 -3256.34 -946.576 17200.8 -375.474 -6293.37 -1411.1 -1107.57 -410.866 -241.221 486.832 5319.55 1815.04 1419.93 518.462 301.48 ;
-399.664 -72.0135 -1497.2 -377.382 11143.5 -231.242 -2261.16 -914.016 -703.398 -248.952 -143.578 296.969 1815.04 1173.2 898.585 310.201 176.344 ;
-308.914 -55.8611 -1158.11 -288.163 8266.82 -175.849 -1780.04 -703.398 -618.339 -248.952 -143.578 224.646 1419.93 898.585 788.354 310.201 176.344 ;
-109.08 -19.8563 -383.099 -94.5978 2948.26 -62.238 -678.218 -248.952 -248.952 -207.378 -143.578 77.5503 518.462 310.201 310.201 256.217 176.344 ;
-62.2779 -11.2811 -210.137 -52.4768 1730.79 -35.8946 -402.164 -143.578 -143.578 -143.578 -107.643 44.0861 301.48 176.344 176.344 176.344 132.2 ;
]
+++++++++++++
Iter 20

Size = 17
Data size = 153
[ 41110.1 13307.5 136003 16251.7 121167 -2640.92 -145608 -9835.47 -7064.79 -2947.3 -1800.85 -84.8054 -845.219 -307.812 -247.385 -95.0969 -55.4603 ;
13307.5 4686.38 45311.4 5757.02 37645.3 -817.968 -52446.2 -3059.04 -2207.37 -945.44 -580.581 -20.8434 -207.673 -75.4002 -60.6716 -23.2749 -13.4193 ;
136003 45311.4 544324 50696.9 422702 -9277.12 -485438 -34648.4 -25202.9 -10347.2 -6262.86 -406.28 -3274.53 -1486.01 -1198.14 -438.827 -248.035 ;
16251.7 5757.02 50696.9 17535 41651.6 -941.925 -60832 -3281.74 -2308.76 -841.413 -479.943 -102.807 -943.751 -376.027 -296.243 -102.159 -57.2626 ;
121167 37645.3 422702 41651.6 727298 -13464.4 -423515 -52162.7 -36233.7 -13681.7 -8256.48 2879.93 17231.2 11283.3 8503.81 3008.69 1758.16 ;
-2640.92 -817.968 -9277.12 -941.925 -13464.4 290.971 9114.3 1081.77 771.827 289.632 172.067 -62.0124 -378.398 -235.423 -181.5 -63.7238 -36.5808 ;
-145608 -52446.2 -485438 -60832 -423515 9114.3 669249 34232.2 24959.1 10773.4 6625.49 -606.2 -6329.4 -2290.8 -1830.3 -694.54 -410.418 ;
-9835.47 -3059.04 -34648.4 -3281.74 -52162.7 1081.77 34232.2 4249.53 3087.31 1158.53 688.269 -235.423 -1427.76 -931.675 -725.998 -254.895 -146.323 ;
-7064.79 -2207.37 -25202.9 -2308.76 -36233.7 771.827 24959.1 3087.31 2683.5 1158.53 688.269 -181.5 -1137.69 -725.998 -639.766 -254.895 -146.323 ;
-2947.3 -945.44 -10347.2 -841.413 -13681.7 289.632 10773.4 1158.53 1158.53 989.844 688.269 -63.7238 -420.437 -254.895 -254.895 -211.396 -146.323 ;
-1800.85 -580.581 -6262.86 -479.943 -8256.48 172.067 6625.49 688.269 688.269 688.269 516.068 -36.5808 -245.98 -146.323 -146.323 -146.323 -109.707 ;
-84.8054 -20.8434 -406.28 -102.807 2879.93 -62.0124 -606.2 -235.423 -181.5 -63.7238 -36.5808 79.503 490.041 299.599 231.374 80.9951 46.1066 ;
-845.219 -207.673 -3274.53 -943.751 17231.2 -378.398 -6329.4 -1427.76 -1137.69 -420.437 -245.98 490.041 5345.76 1834.53 1465.08 543.43 316.431 ;
-307.812 -75.4002 -1486.01 -376.027 11283.3 -235.423 -2290.8 -931.675 -725.998 -254.895 -146.323 299.599 1834.53 1185.46 925.497 323.98 184.427 ;
-247.385 -60.6716 -1198.14 -296.243 8503.81 -181.5 -1830.3 -725.998 -639.766 -254.895 -146.323 231.374 1465.08 925.497 816.457 323.98 184.427 ;
-95.0969 -23.2749 -438.827 -102.159 3008.69 -63.7238 -694.54 -254.895 -254.895 -211.396 -146.323 80.9951 543.43 323.98 323.98 267.62 184.427 ;
-55.4603 -13.4193 -248.035 -57.2626 1758.16 -36.5808 -410.418 -146.323 -146.323 -146.323 -109.707 46.1066 316.431 184.427 184.427 184.427 138.264 ;
]
+++++++++++++
Iter 21

Size = 17
Data size = 153
[ 42259.4 14778.2 142537 17566.3 124945 -2723.89 -149677 -10135.7 -7267.2 -2992.88 -1822.35 -89.0577 -903.021 -321.714 -252.759 -84.6036 -46.6444 ;
14778.2 5379.62 48874.8 6388.59 39923.8 -868.455 -55291 -3244.68 -2339.18 -988.898 -605.129 -22.5209 -229.262 -81.0834 -63.8008 -21.3767 -11.6326 ;
142537 48874.8 580904 56293 443513 -9725.15 -510119 -36284.6 -26283.3 -10592.2 -6374.8 -426.673 -3526.76 -1553.51 -1226.31 -392.717 -208.847 ;
17566.3 6388.59 56293 19512.6 45056.4 -1021.28 -65083.5 -3556.45 -2495.29 -876.382 -493.569 -107.33 -1008.31 -391.057 -302.686 -93.5413 -49.9832 ;
124945 39923.8 443513 45056.4 747182 -13817.4 -436859 -53509 -36957.3 -13644.8 -8179.88 2890.85 17579.9 11316.5 8419.44 2786.98 1589.48 ;
-2723.89 -868.455 -9725.15 -1021.28 -13817.4 298.282 9425.47 1108.15 786.642 288.987 170.529 -62.1241 -385.261 -235.631 -179.565 -59.0859 -33.047 ;
-149677 -55291 -510119 -65083.5 -436859 9425.47 686966 35364.5 25792.3 10975.7 6722.49 -614.933 -6540.52 -2320.62 -1829.1 -640.346 -367.413 ;
-10135.7 -3244.68 -36284.6 -3556.45 -53509 1108.15 35364.5 4352.19 3146.57 1155.95 682.116 -235.631 -1451.8 -932.063 -718.262 -236.344 -132.188 ;
-7267.2 -2339.18 -26283.3 -2495.29 -36957.3 786.642 25792.3 3146.57 2728.12 1155.95 682.116 -179.565 -1141.38 -718.262 -629.025 -236.344 -132.188 ;
-2992.88 -988.898 -10592.2 -876.382 -13644.8 288.987 10975.7 1155.95 1155.95 983.072 682.116 -59.0859 -388.024 -236.344 -236.344 -192.543 -132.188 ;
-1822.35 -605.129 -6374.8 -493.569 -8179.88 170.529 6722.49 682.116 682.116 682.116 511.453 -33.047 -219.904 -132.188 -132.188 -132.188 -99.1075 ;
-89.0577 -22.5209 -426.673 -107.33 2890.85 -62.1241 -614.933 -235.631 -179.565 -59.0859 -33.047 80.2236 503.371 301.778 229.877 74.4495 41.0333 ;
-903.021 -229.262 -3526.76 -1008.31 17579.9 -385.261 -6540.52 -1451.8 -1141.38 -388.024 -219.904 503.371 5603.18 1879.98 1478.56 498.288 279.353 ;
-321.714 -81.0834 -1553.51 -391.057 11316.5 -235.631 -2320.62 -932.063 -718.262 -236.344 -132.188 301.778 1879.98 1193.37 919.507 297.798 164.133 ;
-252.759 -63.8008 -1226.31 -302.686 8419.44 -179.565 -1829.1 -718.262 -629.025 -236.344 -132.188 229.877 1478.56 919.507 805.244 297.798 164.133 ;
-84.6036 -21.3767 -392.717 -93.5413 2786.98 -59.0859 -640.346 -236.344 -236.344 -192.543 -132.188 74.4495 498.288 297.798 297.798 240.647 164.133 ;
-46.6444 -11.6326 -208.847 -49.9832 1589.48 -33.047 -367.413 -132.188 -132.188 -132.188 -99.1075 41.0333 279.353 164.133 164.133 164.133 123.048 ;
]
+++++++++++++
Iter 23

Size = 17
Data size = 153
[ 25365.8 11873.1 106372 12490.9 96815.4 -2105.32 -112842 -7809.6 -5548.34 -2261.02 -1370.39 -73.4775 -754.884 -261.513 -201.006 -68.0726 -38.4588 ;
11873.1 6055.65 52193.5 6488.07 44451.6 -963.286 -59943 -3587.95 -2559.72 -1072.33 -653.634 -27.3665 -278.724 -97.0691 -74.6169 -25.2062 -14.013 ;
106372 52193.5 535910 49390.1 418515 -9158.04 -482757 -34046.6 -24449.5 -9816.09 -5889.05 -391.273 -3403.01 -1397.8 -1080.05 -349.398 -190.56 ;
12490.9 6488.07 49390.1 17557.1 41122.3 -925.393 -59677.7 -3183.05 -2176.76 -746.234 -413.227 -106.011 -1037.81 -381.879 -290.766 -91.3691 -50.2633 ;
96815.4 44451.6 418515 41122.3 729621 -13457.1 -427115 -52060 -35755.4 -13165.7 -7887.62 3044.19 18690.3 11902.1 8752.27 2940.56 1707.61 ;
-2105.32 -963.286 -9158.04 -925.393 -13457.1 290.103 9144.79 1075.59 759.742 278.14 163.899 -65.1523 -408.239 -246.886 -186.209 -62.2292 -35.4704 ;
-112842 -59943 -482757 -59677.7 -427115 9144.79 682610 34260.3 24727.2 10538.7 6457.41 -650.202 -7059.33 -2450.31 -1913.35 -686.342 -403.66 ;
-7809.6 -3587.95 -34046.6 -3183.05 -52060 1075.59 34260.3 4222.05 3038.97 1112.56 655.594 -246.886 -1536.24 -975.81 -744.835 -248.917 -141.881 ;
-5548.34 -2559.72 -24449.5 -2176.76 -35755.4 759.742 24727.2 3038.97 2631.94 1112.56 655.594 -186.209 -1196.11 -744.835 -650.498 -248.917 -141.881 ;
-2261.02 -1072.33 -9816.09 -746.234 -13165.7 278.14 10538.7 1112.56 1112.56 945.64 655.594 -62.2292 -416.889 -248.917 -248.917 -205.2 -141.881 ;
-1370.39 -653.634 -5889.05 -413.227 -7887.62 163.899 6457.41 655.594 655.594 655.594 491.565 -35.4704 -242.627 -141.881 -141.881 -141.881 -106.382 ;
-73.4775 -27.3665 -391.273 -106.011 3044.19 -65.1523 -650.202 -246.886 -186.209 -62.2292 -35.4704 81.5759 522.41 305.905 230.05 75.7413 42.6923 ;
-754.884 -278.724 -3403.01 -1037.81 18690.3 -408.239 -7059.33 -1536.24 -1196.11 -416.889 -242.627 522.41 5961.91 1943.3 1509.95 520.95 300.286 ;
-261.513 -97.0691 -1397.8 -381.879 11902.1 -246.886 -2450.31 -975.81 -744.835 -248.917 -141.881 305.905 1943.3 1208.38 920.201 302.965 170.769 ;
-201.006 -74.6169 -1080.05 -290.766 8752.27 -186.209 -1913.35 -744.835 -650.498 -248.917 -141.881 230.05 1509.95 920.201 803.081 302.965 170.769 ;
-68.0726 -25.2062 -349.398 -91.3691 2940.56 -62.2292 -686.342 -248.917 -248.917 -205.2 -141.881 75.7413 520.95 302.965 302.965 248.243 170.769 ;
-38.4588 -14.013 -190.56 -50.2633 1707.61 -35.4704 -403.66 -141.881 -141.881 -141.881 -106.382 42.6923 300.286 170.769 170.769 170.769 128.033 ;
]
+++++++++++++
Iter 24

Size = 17
Data size = 153
[ 25925.1 12876.8 110572 13397.6 99081.6 -2155.86 -113763 -7998.26 -5696.82 -2321.84 -1408.54 -76.8627 -791.419 -274.449 -211.129 -71.8146 -40.6887 ;
12876.8 6629.36 54283.3 6958.42 45458 -986.669 -60230.2 -3674.98 -2630.96 -1102.36 -672.546 -28.6415 -292.724 -101.932 -78.4246 -26.6226 -14.8506 ;
110572 54283.3 566483 54517.3 435041 -9515.85 -496561 -35386.5 -25459.5 -10207.7 -6125.45 -412.507 -3607.89 -1478.36 -1143 -371.203 -203.01 ;
13397.6 6958.42 54517.3 18489.5 43953.5 -993.225 -63577.7 -3433.13 -2372.56 -822.21 -459.227 -108.511 -1061.61 -391.452 -297.958 -93.7107 -51.6106 ;
99081.6 45458 435041 43953.5 743415 -13713.3 -431264 -53056.5 -36460.7 -13435.4 -8054.86 3040.88 18626.9 11889.8 8738.91 2941.05 1710.12 ;
-2155.86 -986.669 -9515.85 -993.225 -13713.3 295.451 9268.64 1095.8 774.544 283.939 167.525 -64.9927 -406.023 -246.454 -185.82 -62.2234 -35.5161 ;
-113763 -60230.2 -496561 -63577.7 -431264 9268.64 673471 34710.7 25170.6 10715.1 6568.12 -647.103 -7011.77 -2441.31 -1905.86 -685.115 -403.555 ;
-7998.26 -3674.98 -35386.5 -3433.13 -53056.5 1095.8 34710.7 4301.66 3098.17 1135.76 670.102 -246.454 -1529.59 -974.112 -743.281 -248.894 -142.064 ;
-5696.82 -2630.96 -25459.5 -2372.56 -36460.7 774.544 25170.6 3098.17 2683.66 1135.76 670.102 -185.82 -1190.73 -743.281 -649.097 -248.894 -142.064 ;
-2321.84 -1102.36 -10207.7 -822.21 -13435.4 283.939 10715.1 1135.76 1135.76 965.942 670.102 -62.2234 -415.891 -248.894 -248.894 -205.363 -142.064 ;
-1408.54 -672.546 -6125.45 -459.227 -8054.86 167.525 6568.12 670.102 670.102 670.102 502.444 -35.5161 -242.439 -142.064 -142.064 -142.064 -106.519 ;
-76.8627 -28.6415 -412.507 -108.511 3040.88 -64.9927 -647.103 -246.454 -185.82 -62.2234 -35.5161 82.117 525.576 308.144 231.677 76.4259 43.1342 ;
-791.419 -292.724 -3607.89 -1061.61 18626.9 -406.023 -7011.77 -1529.59 -1190.73 -415.891 -242.439 525.576 5992.16 1957.1 1520.63 525.843 303.56 ;
-274.449 -101.932 -1478.36 -391.452 11889.8 -246.454 -2441.31 -974.112 -743.281 -248.894 -142.064 308.144 1957.1 1217.22 926.709 305.704 172.537 ;
-211.129 -78.4246 -1143 -297.958 8738.91 -185.82 -1905.86 -743.281 -649.097 -248.894 -142.064 231.677 1520.63 926.709 808.736 305.704 172.537 ;
-71.8146 -26.6226 -371.203 -93.7107 2941.05 -62.2234 -685.115 -248.894 -248.894 -205.363 -142.064 76.4259 525.843 305.704 305.704 250.706 172.537 ;
-40.6887 -14.8506 -203.01 -51.6106 1710.12 -35.5161 -403.555 -142.064 -142.064 -142.064 -106.519 43.1342 303.56 172.537 172.537 172.537 129.358 ;
]
+++++++++++++
Iter 26

Size = 17
Data size = 153
[ 13295.8 7350.43 78668.4 9266.11 72301.5 -1578.94 -79034.7 -5849.97 -4170.51 -1655.26 -994.107 -58.5339 -592.365 -211.404 -168.21 -57.8656 -32.289 ;
7350.43 4275.85 44535.2 5506.62 38439 -838.199 -48168.1 -3116.53 -2231.94 -910.37 -549.72 -27.2291 -256.062 -98.0621 -77.7069 -26.1917 -14.1016 ;
78668.4 44535.2 563564 53808 433268 -9514.12 -494316 -35388.7 -25590.9 -10031.7 -5948.33 -405.221 -3512.12 -1467.94 -1175.01 -383.845 -205.197 ;
9266.11 5506.62 53808 18542.7 43602 -990.302 -63379.7 -3420.05 -2385.6 -792.084 -429.318 -104.749 -1006.48 -380.992 -299.301 -97.0157 -53.179 ;
72301.5 38439 433268 43602 736593 -13617.5 -428034 -52726.9 -36546.6 -13394.2 -7986.8 2953.91 17699.3 11577.3 8728.24 3068.33 1801.72 ;
-1578.94 -838.199 -9514.12 -990.302 -13617.5 294.262 9231.42 1091.78 777.43 283.361 166.294 -63.3482 -386.66 -240.898 -185.824 -64.865 -37.407 ;
-79034.7 -48168.1 -494316 -63379.7 -428034 9231.42 665404 34566.3 25153.5 10579.1 6449.61 -619.628 -6596.85 -2348.05 -1877.31 -710.67 -423.836 ;
-5849.97 -3116.53 -35388.7 -3420.05 -52726.9 1091.78 34566.3 4288.06 3109.72 1133.44 665.175 -240.898 -1462.95 -953.51 -743.297 -259.46 -149.628 ;
-4170.51 -2231.94 -25590.9 -2385.6 -36546.6 777.43 25153.5 3109.72 2698.2 1133.44 665.175 -185.824 -1166.33 -743.297 -654.304 -259.46 -149.628 ;
-1655.26 -910.37 -10031.7 -792.084 -13394.2 283.361 10579.1 1133.44 1133.44 960.454 665.175 -64.865 -428.963 -259.46 -259.46 -215.465 -149.628 ;
-994.107 -549.72 -5948.33 -429.318 -7986.8 166.294 6449.61 665.175 665.175 665.175 498.745 -37.407 -253.29 -149.628 -149.628 -149.628 -112.194 ;
-58.5339 -27.2291 -405.221 -104.749 2953.91 -63.3482 -619.628 -240.898 -185.824 -64.865 -37.407 79.906 502.986 301.094 232.408 79.4821 45.0992 ;
-592.365 -256.062 -3512.12 -1006.48 17699.3 -386.66 -6596.85 -1462.95 -1166.33 -428.963 -253.29 502.986 5636.85 1883.48 1502.23 542.387 315.243 ;
-211.404 -98.0621 -1467.94 -380.992 11577.3 -240.898 -2348.05 -953.51 -743.297 -259.46 -149.628 301.094 1883.48 1191.47 929.632 317.928 180.397 ;
-168.21 -77.7069 -1175.01 -299.301 8728.24 -185.824 -1877.31 -743.297 -654.304 -259.46 -149.628 232.408 1502.23 929.632 818.357 317.928 180.397 ;
-57.8656 -26.1917 -383.845 -97.0157 3068.33 -64.865 -710.67 -259.46 -259.46 -215.465 -149.628 79.4821 542.387 317.928 317.928 261.617 180.397 ;
-32.289 -14.1016 -205.197 -53.179 1801.72 -37.407 -423.836 -149.628 -149.628 -149.628 -112.194 45.0992 315.243 180.397 180.397 180.397 135.253 ;
]
+++++++++++++
Iter 28

Size = 17
Data size = 153
[ 8388.84 5648.03 61584.8 7038.32 58117.5 -1267.46 -61704.4 -4689.42 -3333.79 -1332.16 -801.742 -50.6771 -511.536 -181.371 -141.714 -51.9472 -30.323 ;
5648.03 4240.2 44643.9 5319.06 39726.1 -865.217 -48176.5 -3211.45 -2292.1 -939.494 -568.077 -30.875 -288.366 -110.054 -85.4851 -30.5852 -17.2497 ;
61584.8 44643.9 550008 51074.3 427473 -9375.47 -490148 -34830.1 -25153.8 -10063.2 -6007.14 -391.404 -3566.18 -1401.45 -1105.53 -391.138 -222.132 ;
7038.32 5319.06 51074.3 18290.8 42427.4 -959.422 -61293.9 -3292.94 -2280.5 -784.736 -431.735 -105.297 -1052.34 -379.44 -293.438 -99.4538 -56.7261 ;
58117.5 39726.1 427473 42427.4 734524 -13558.8 -430587 -52469.3 -36296.3 -13509 -8107.62 3031.04 18384.3 11857.2 8792.58 3104.02 1844.63 ;
-1267.46 -865.217 -9375.47 -959.422 -13558.8 292.671 9251.88 1084.88 771.253 285.582 168.749 -64.7873 -400.852 -245.657 -186.751 -65.5716 -38.3076 ;
-61704.4 -48176.5 -490148 -61293.9 -430587 9251.88 678759 34625.8 25091.8 10665.8 6527.65 -640.578 -7006.17 -2419.86 -1909.08 -732.716 -444.905 ;
-4689.42 -3211.45 -34830.1 -3292.94 -52469.3 1084.88 34625.8 4259.5 3085.01 1142.33 674.996 -245.657 -1511.75 -971.248 -747.004 -262.286 -153.23 ;
-3333.79 -2292.1 -25153.8 -2280.5 -36296.3 771.253 25091.8 3085.01 2678.36 1142.33 674.996 -186.751 -1188.85 -747.004 -654.982 -262.286 -153.23 ;
-1332.16 -939.494 -10063.2 -784.736 -13509 285.582 10665.8 1142.33 1142.33 972.611 674.996 -65.5716 -443.679 -262.286 -262.286 -219.559 -153.23 ;
-801.742 -568.077 -6007.14 -431.735 -8107.62 168.749 6527.65 674.996 674.996 674.996 506.109 -38.3076 -267.158 -153.23 -153.23 -153.23 -114.902 ;
-50.6771 -30.875 -391.404 -105.297 3031.04 -64.7873 -640.578 -245.657 -186.751 -65.5716 -38.3076 80.3396 517.955 301.589 229.354 80.0578 46.4462 ;
-511.536 -288.366 -3566.18 -1052.34 18384.3 -400.852 -7006.17 -1511.75 -1188.85 -443.679 -267.158 517.955 5983.17 1930.57 1518.21 563.318 336.147 ;
-181.371 -110.054 -1401.45 -379.44 11857.2 -245.657 -2419.86 -971.248 -747.004 -262.286 -153.23 301.589 1930.57 1191.9 917.415 320.231 185.785 ;
-141.714 -85.4851 -1105.53 -293.438 8792.58 -186.751 -1909.08 -747.004 -654.982 -262.286 -153.23 229.354 1518.21 917.415 804.752 320.231 185.785 ;
-51.9472 -30.5852 -391.138 -99.4538 3104.02 -65.5716 -732.716 -262.286 -262.286 -219.559 -153.23 80.0578 563.318 320.231 320.231 267.258 185.785 ;
-30.323 -17.2497 -222.132 -56.7261 1844.63 -38.3076 -444.905 -153.23 -153.23 -153.23 -114.902 46.4462 336.147 185.785 185.785 185.785 139.302 ;
]
+++++++++++++
Iter 29

Size = 17
Data size = 153
[ 8515.75 5955 63116.1 7341.74 59015.1 -1286.85 -62124.6 -4762.41 -3388.66 -1353.33 -814.924 -52.1733 -526.976 -187.127 -146.162 -53.4525 -31.1998 ;
5955 4507.95 45751.1 5552.28 40321.2 -878.384 -48414 -3260.88 -2330.08 -954.481 -577.44 -31.7858 -297.224 -113.543 -88.1616 -31.4891 -17.7612 ;
63116.1 45751.1 569605 54200.4 438207 -9605.92 -498643 -35696 -25795.9 -10302.7 -6150.43 -405.513 -3701.95 -1455.28 -1147.46 -404.841 -229.806 ;
7341.74 5552.28 54200.4 18834 44188.7 -1000.77 -63615.2 -3446.47 -2399.39 -828.943 -458.053 -106.904 -1066.9 -385.653 -297.978 -100.592 -57.312 ;
59015.1 40321.2 438207 44188.7 743602 -13726.1 -433413 -53120.3 -36740.9 -13661.2 -8200.04 3030.57 18327.2 11855.3 8781.03 3091.59 1836.35 ;
-1286.85 -878.384 -9605.92 -1000.77 -13726.1 296.119 9329.7 1097.98 780.552 288.869 170.766 -64.7087 -399.014 -245.469 -186.429 -65.3019 -38.1298 ;
-62124.6 -48414 -498643 -63615.2 -433413 9329.7 673396 34913.2 25353.7 10753.1 6579.41 -637.882 -6961.93 -2411.39 -1900.76 -727.489 -441.54 ;
-4762.41 -3260.88 -35696 -3446.47 -53120.3 1097.98 34913.2 4311.13 3122.21 1155.48 683.065 -245.469 -1505.89 -970.482 -745.717 -261.208 -152.519 ;
-3388.66 -2330.08 -25795.9 -2399.39 -36740.9 780.552 25353.7 3122.21 2710.35 1155.48 683.065 -186.429 -1183.27 -745.717 -653.581 -261.208 -152.519 ;
-1353.33 -954.481 -10302.7 -828.943 -13661.2 288.869 10753.1 1155.48 1155.48 983.93 683.065 -65.3019 -440.29 -261.208 -261.208 -218.564 -152.519 ;
-814.924 -577.44 -6150.43 -458.053 -8200.04 170.766 6579.41 683.065 683.065 683.065 512.16 -38.1298 -264.998 -152.519 -152.519 -152.519 -114.368 ;
-52.1733 -31.7858 -405.513 -106.904 3030.57 -64.7087 -637.882 -245.469 -186.429 -65.3019 -38.1298 80.7138 519.632 303.135 230.332 80.1989 46.4991 ;
-526.976 -297.224 -3701.95 -1066.9 18327.2 -399.014 -6961.93 -1505.89 -1183.27 -440.29 -264.998 519.632 5994.27 1938.16 1523.09 563.475 336.027 ;
-187.127 -113.543 -1455.28 -385.653 11855.3 -245.469 -2411.39 -970.482 -745.717 -261.208 -152.519 303.135 1938.16 1197.98 921.327 320.796 185.996 ;
-146.162 -88.1616 -1147.46 -297.978 8781.03 -186.429 -1900.76 -745.717 -653.581 -261.208 -152.519 230.332 1523.09 921.327 807.868 320.796 185.996 ;
-53.4525 -31.4891 -404.841 -100.592 3091.59 -65.3019 -727.489 -261.208 -261.208 -218.564 -152.519 80.1989 563.475 320.796 320.796 267.61 185.996 ;
-31.1998 -17.7612 -229.806 -57.312 1836.35 -38.1298 -441.54 -152.519 -152.519 -152.519 -114.368 46.4991 336.027 185.996 185.996 185.996 139.461 ;
]
+++++++++++++
Iter 30

Size = 17
Data size = 153
[ 6717.9 5173.21 55806.7 6411.99 52802.8 -1151.24 -54616.8 -4259.38 -3026.29 -1202.58 -722.281 -47.4369 -458.575 -171.728 -133.827 -45.4962 -25.6131 ;
5173.21 4662.45 45642.1 5459.29 40639.9 -885.604 -48013.3 -3286.76 -2346.7 -957.029 -577.789 -31.7949 -291.348 -114.645 -89.0416 -29.8725 -16.3092 ;
55806.7 45642.1 565939 53453.1 435730 -9552.35 -497460 -35516.7 -25671.6 -10238 -6098.01 -388.954 -3503.35 -1409.7 -1112.02 -368.281 -202.521 ;
6411.99 5459.29 53453.1 18663.2 43769.2 -990.183 -63208.5 -3412.21 -2372.82 -815.819 -447.72 -103.819 -1010.23 -377.499 -291.818 -92.8803 -51.5211 ;
52802.8 40639.9 435730 43769.2 739818 -13662.3 -432661 -52887.2 -36609.6 -13503.6 -8073.89 3073.69 17926.9 12031.9 8895.06 2991.28 1747.81 ;
-1151.24 -885.604 -9552.35 -990.183 -13662.3 294.865 9305.21 1093.84 778.028 285.54 168.106 -65.5883 -389.725 -249.18 -188.89 -63.2302 -36.2725 ;
-54616.8 -48013.3 -497460 -63208.5 -432661 9305.21 674708 34840.2 25280.8 10674.7 6519.11 -625.286 -6618.81 -2370.09 -1865.92 -678.653 -404.924 ;
-4259.38 -3286.76 -35516.7 -3412.21 -52887.2 1093.84 34840.2 4295.44 3112.11 1142.16 672.424 -249.18 -1474.74 -985.522 -755.558 -252.921 -145.09 ;
-3026.29 -2346.7 -25671.6 -2372.82 -36609.6 778.028 25280.8 3112.11 2700.79 1142.16 672.424 -188.89 -1157.21 -755.558 -660.088 -252.921 -145.09 ;
-1202.58 -957.029 -10238 -815.819 -13503.6 285.54 10674.7 1142.16 1142.16 969.903 672.424 -63.2302 -407.823 -252.921 -252.921 -208.926 -145.09 ;
-722.281 -577.789 -6098.01 -447.72 -8073.89 168.106 6519.11 672.424 672.424 672.424 504.179 -36.2725 -241.007 -145.09 -145.09 -145.09 -108.799 ;
-47.4369 -31.7949 -388.954 -103.819 3073.69 -65.5883 -625.286 -249.18 -188.89 -63.2302 -36.2725 80.851 504.922 304.64 231.197 76.7857 43.6781 ;
-458.575 -291.348 -3503.35 -1010.23 17926.9 -389.725 -6618.81 -1474.74 -1157.21 -407.823 -241.007 504.922 5658.4 1891.6 1484.81 518.633 302.849 ;
-171.728 -114.645 -1409.7 -377.499 12031.9 -249.18 -2370.09 -985.522 -755.558 -252.921 -145.09 304.64 1891.6 1204.53 924.789 307.143 174.712 ;
-133.827 -89.0416 -1112.02 -291.818 8895.06 -188.89 -1865.92 -755.558 -660.088 -252.921 -145.09 231.197 1484.81 924.789 808.333 307.143 174.712 ;
-45.4962 -29.8725 -368.281 -92.8803 2991.28 -63.2302 -678.653 -252.921 -252.921 -208.926 -145.09 76.7857 518.633 307.143 307.143 252.74 174.712 ;
-25.6131 -16.3092 -202.521 -51.5211 1747.81 -36.2725 -404.924 -145.09 -145.09 -145.09 -108.799 43.6781 302.849 174.712 174.712 174.712 131.001 ;
]
+++++++++++++
Iter 31

Size = 17
Data size = 153
[ 6746.9 5243.15 56172 6481.86 53023 -1155.99 -54736.9 -4277.22 -3039.65 -1207.78 -725.539 -47.7531 -461.732 -172.94 -134.768 -45.821 -25.8046 ;
5243.15 4731.09 45939.7 5519.9 40804.6 -889.226 -48097.3 -3300.34 -2357.07 -961.154 -580.376 -32.0074 -293.384 -115.457 -89.6692 -30.0892 -16.4336 ;
56172 45939.7 571059 54256.2 438521 -9612.34 -499741 -35742 -25839 -10300.8 -6135.76 -392.169 -3533.97 -1421.96 -1121.64 -371.445 -204.303 ;
6481.86 5519.9 54256.2 18806.5 44223.8 -1000.84 -63804 -3451.73 -2403.36 -827.154 -454.475 -104.14 -1013.04 -378.734 -292.725 -93.1304 -51.6589 ;
53023 40804.6 438521 44223.8 742044 -13703.4 -433429 -53047 -36719.2 -13543.3 -8098.55 3071.37 17898 12022.8 8886.19 2987.71 1745.82 ;
-1155.99 -889.226 -9612.34 -1000.84 -13703.4 295.716 9325.85 1097.06 780.325 286.398 168.644 -65.5247 -388.978 -248.956 -188.684 -63.1527 -36.2298 ;
-54736.9 -48097.3 -499741 -63804 -433429 9325.85 673599 34916.3 25349.4 10698.4 6533.38 -624.152 -6603.15 -2366.08 -1862.47 -677.295 -404.153 ;
-4277.22 -3300.34 -35742 -3451.73 -53047 1097.06 34916.3 4308.13 3121.3 1145.59 674.578 -248.956 -1472.09 -984.63 -754.738 -252.611 -144.919 ;
-3039.65 -2357.07 -25839 -2403.36 -36719.2 780.325 25349.4 3121.3 2708.73 1145.59 674.578 -188.684 -1154.95 -754.738 -659.329 -252.611 -144.919 ;
-1207.78 -961.154 -10300.8 -827.154 -13543.3 286.398 10698.4 1145.59 1145.59 972.9 674.578 -63.1527 -406.95 -252.611 -252.611 -208.674 -144.919 ;
-725.539 -580.376 -6135.76 -454.475 -8098.55 168.644 6533.38 674.578 674.578 674.578 505.794 -36.2298 -240.516 -144.919 -144.919 -144.919 -108.671 ;
-47.7531 -32.0074 -392.169 -104.14 3071.37 -65.5247 -624.152 -248.956 -188.684 -63.1527 -36.2298 80.8867 504.944 304.796 231.279 76.8016 43.6888 ;
-461.732 -293.384 -3533.97 -1013.04 17898 -388.978 -6603.15 -1472.09 -1154.95 -406.95 -240.516 504.944 5656.85 1891.89 1484.86 518.557 302.824 ;
-172.94 -115.457 -1421.96 -378.734 12022.8 -248.956 -2366.08 -984.63 -754.738 -252.611 -144.919 304.796 1891.89 1205.14 925.118 307.207 174.755 ;
-134.768 -89.6692 -1121.64 -292.725 8886.19 -188.684 -1862.47 -754.738 -659.329 -252.611 -144.919 231.279 1484.86 925.118 808.575 307.207 174.755 ;
-45.821 -30.0892 -371.445 -93.1304 2987.71 -63.1527 -677.295 -252.611 -252.611 -208.674 -144.919 76.8016 518.557 307.207 307.207 252.797 174.755 ;
-25.8046 -16.4336 -204.303 -51.6589 1745.82 -36.2298 -404.153 -144.919 -144.919 -144.919 -108.671 43.6888 302.824 174.755 174.755 174.755 131.034 ;
]
+++++++++++++
Iter 32

Size = 17
Data size = 153
[ 7472.94 5851.32 59352.5 6888.16 55794.5 -1214.42 -58102.4 -4502.6 -3199.89 -1274.05 -765.797 -48.6728 -473.126 -176.116 -137.607 -46.7999 -26.3061 ;
5851.32 5108.87 48381.2 5855.79 42770 -930.265 -50889.6 -3460.08 -2471.11 -1009.72 -610.159 -32.3509 -298.536 -116.749 -90.9074 -30.5143 -16.6405 ;
59352.5 48381.2 574013 54739.4 440827 -9639.81 -502913 -35939.8 -25965.1 -10356.2 -6168.72 -386.68 -3477.69 -1404 -1109.37 -366.766 -200.906 ;
6888.16 5855.79 54739.4 18989 44735.6 -1006.99 -64266.1 -3496.07 -2432.26 -837.859 -460.541 -103.294 -1002.03 -374.939 -290.414 -92.2754 -51.0702 ;
55794.5 42770 440827 44735.6 742544 -13716 -435441 -53106 -36760.5 -13562.2 -8107.71 3055.75 17734.7 11955.7 8862.7 2977.89 1739.51 ;
-1214.42 -930.265 -9639.81 -1006.99 -13716 295.835 9358.06 1098.4 781.258 286.809 168.864 -65.4512 -387.509 -247.757 -188.26 -62.9549 -36.0982 ;
-58102.4 -50889.6 -502913 -64266.1 -435441 9358.06 678258 35081.4 25467.4 10758 6573.3 -621.862 -6548.52 -2345.08 -1850.18 -671.722 -400.507 ;
-4502.6 -3460.08 -35939.8 -3496.07 -53106 1098.4 35081.4 4313.71 3125.03 1147.24 675.457 -247.757 -1458.69 -979.853 -753.038 -251.82 -144.393 ;
-3199.89 -2471.11 -25965.1 -2432.26 -36760.5 781.258 25467.4 3125.03 2711.98 1147.24 675.457 -188.26 -1147.12 -753.038 -658.309 -251.82 -144.393 ;
-1274.05 -1009.72 -10356.2 -837.859 -13562.2 286.809 10758 1147.24 1147.24 974.136 675.457 -62.9549 -403.528 -251.82 -251.82 -207.904 -144.393 ;
-765.797 -610.159 -6168.72 -460.541 -8107.71 168.864 6573.3 675.457 675.457 675.457 506.453 -36.0982 -238.302 -144.393 -144.393 -144.393 -108.278 ;
-48.6728 -32.3509 -386.68 -103.294 3055.75 -65.4512 -621.862 -247.757 -188.26 -62.9549 -36.0982 80.6482 501.778 303.036 230.497 76.4553 43.4392 ;
-473.126 -298.536 -3477.69 -1002.03 17734.7 -387.509 -6548.52 -1458.69 -1147.12 -403.528 -238.302 501.778 5597.48 1872.21 1472.69 513.439 299.435 ;
-176.116 -116.749 -1404 -374.939 11955.7 -247.757 -2345.08 -979.853 -753.038 -251.82 -144.393 303.036 1872.21 1198.19 921.989 305.821 173.757 ;
-137.607 -90.9074 -1109.37 -290.414 8862.7 -188.26 -1850.18 -753.038 -658.309 -251.82 -144.393 230.497 1472.69 921.989 806.397 305.821 173.757 ;
-46.7999 -30.5143 -366.766 -92.2754 2977.89 -62.9549 -671.722 -251.82 -251.82 -207.904 -144.393 76.4553 513.439 305.821 305.821 251.403 173.757 ;
-26.3061 -16.6405 -200.906 -51.0702 1739.51 -36.0982 -400.507 -144.393 -144.393 -144.393 -108.278 43.4392 299.435 173.757 173.757 173.757 130.286 ;
]
+++++++++++++
Iter 33

Size = 17
Data size = 153
[ 7470.91 5845.27 59322.6 6881.82 55779 -1214.06 -58096 -4501.3 -3198.88 -1273.66 -765.554 -48.6494 -472.856 -176.029 -137.539 -46.7758 -26.2921 ;
5845.27 5102.68 48356.3 5850.21 42758.2 -929.989 -50885.8 -3459.06 -2470.31 -1009.4 -609.959 -32.3356 -298.355 -116.693 -90.8625 -30.4983 -16.6312 ;
59322.6 48356.3 573576 54666.1 440608 -9634.93 -502724 -35921.7 -25951.4 -10351.1 -6165.65 -386.447 -3475.09 -1403.14 -1108.68 -366.532 -200.774 ;
6881.82 5850.21 54666.1 18975.6 44697.8 -1006.06 -64212 -3492.66 -2429.56 -836.857 -459.946 -103.268 -1001.71 -374.842 -290.34 -92.2525 -51.0573 ;
55779 42758.2 440608 44697.8 742390 -13713.1 -435397 -53094.5 -36752.3 -13559.1 -8105.83 3055.94 17735.8 11956.4 8863.27 2978.07 1739.6 ;
-1214.06 -929.989 -9634.93 -1006.06 -13713.1 295.771 9356.53 1098.16 781.08 286.742 168.822 -65.4554 -387.536 -247.772 -188.272 -62.9586 -36.1 ;
-58096 -50885.8 -502724 -64212 -435397 9356.53 678413 35076 25461.9 10756.3 6572.27 -621.903 -6548.84 -2345.22 -1850.3 -671.76 -400.524 ;
-4501.3 -3459.06 -35921.7 -3492.66 -53094.5 1098.16 35076 4312.77 3124.32 1146.97 675.288 -247.772 -1458.78 -979.912 -753.086 -251.834 -144.4 ;
-3198.88 -2470.31 -25951.4 -2429.56 -36752.3 781.08 25461.9 3124.32 2711.37 1146.97 675.288 -188.272 -1147.19 -753.086 -658.351 -251.834 -144.4 ;
-1273.66 -1009.4 -10351.1 -836.857 -13559.1 286.742 10756.3 1146.97 1146.97 973.902 675.288 -62.9586 -403.553 -251.834 -251.834 -207.916 -144.4 ;
-765.554 -609.959 -6165.65 -459.946 -8105.83 168.822 6572.27 675.288 675.288 675.288 506.327 -36.1 -238.313 -144.4 -144.4 -144.4 -108.283 ;
-48.6494 -32.3356 -386.447 -103.268 3055.94 -65.4554 -621.903 -247.772 -188.272 -62.9586 -36.1 80.646 501.743 303.027 230.491 76.4527 43.4374 ;
-472.856 -298.355 -3475.09 -1001.71 17735.8 -387.536 -6548.84 -1458.78 -1147.19 -403.553 -238.313 501.743 5596.85 1872.07 1472.58 513.399 299.408 ;
-176.029 -116.693 -1403.14 -374.842 11956.4 -247.772 -2345.22 -979.912 -753.086 -251.834 -144.4 303.027 1872.07 1198.16 921.963 305.811 173.75 ;
-137.539 -90.8625 -1108.68 -290.34 8863.27 -188.272 -1850.3 -753.086 -658.351 -251.834 -144.4 230.491 1472.58 921.963 806.374 305.811 173.75 ;
-46.7758 -30.4983 -366.532 -92.2525 2978.07 -62.9586 -671.76 -251.834 -251.834 -207.916 -144.4 76.4527 513.399 305.811 305.811 251.393 173.75 ;
-26.2921 -16.6312 -200.774 -51.0573 1739.6 -36.1 -400.524 -144.4 -144.4 -144.4 -108.283 43.4374 299.408 173.75 173.75 173.75 130.28 ;
]
+++++++++++++
Iter 34

Size = 17
Data size = 153
[ 7586.66 5911.48 59788.2 6939.47 56180.7 -1222.75 -58590.2 -4533.78 -3222.26 -1283.38 -771.463 -48.8451 -475.368 -176.774 -138.141 -46.996 -26.4293 ;
5911.48 5117.31 48485.2 5870.07 42845.5 -931.806 -51056.4 -3466.06 -2475.44 -1011.8 -611.459 -32.3224 -298.297 -116.672 -90.8522 -30.496 -16.6339 ;
59788.2 48485.2 573571 54675 440613 -9634.15 -502740 -35920.6 -25950.9 -10351.6 -6166.15 -386.383 -3472.76 -1403.25 -1108.77 -366.513 -200.784 ;
6939.47 5870.07 54675 18973.1 44705.3 -1006.04 -64221.3 -3493.12 -2429.99 -837.112 -460.127 -103.252 -1001.4 -374.863 -290.359 -92.249 -51.064 ;
56180.7 42845.5 440613 44705.3 742423 -13713.4 -435408 -53096 -36752.8 -13559.5 -8106.2 3055.6 17740.7 11955.2 8862.77 2978.03 1739.86 ;
-1222.75 -931.806 -9634.15 -1006.04 -13713.4 295.759 9356.14 1098.15 781.066 286.739 168.823 -65.445 -387.61 -247.739 -188.254 -62.9557 -36.1043 ;
-58590.2 -51056.4 -502740 -64221.3 -435408 9356.14 678467 35075.8 25461.9 10757.4 6573.23 -621.994 -6549.81 -2345.61 -1850.6 -671.81 -400.592 ;
-4533.78 -3466.06 -35920.6 -3493.12 -53096 1098.15 35075.8 4312.73 3124.27 1146.96 675.294 -247.739 -1459.1 -979.787 -753.017 -251.823 -144.417 ;
-3222.26 -2475.44 -25950.9 -2429.99 -36752.8 781.066 25461.9 3124.27 2711.3 1146.96 675.294 -188.254 -1147.44 -753.017 -658.281 -251.823 -144.417 ;
-1283.38 -1011.8 -10351.6 -837.112 -13559.5 286.739 10757.4 1146.96 1146.96 973.908 675.294 -62.9557 -403.614 -251.823 -251.823 -207.93 -144.417 ;
-771.463 -611.459 -6166.15 -460.127 -8106.2 168.823 6573.23 675.294 675.294 675.294 506.331 -36.1043 -238.374 -144.417 -144.417 -144.417 -108.296 ;
-48.8451 -32.3224 -386.383 -103.252 3055.6 -65.445 -621.994 -247.739 -188.254 -62.9557 -36.1043 80.6455 501.762 303.042 230.509 76.4565 43.4448 ;
-475.368 -298.297 -3472.76 -1001.4 17740.7 -387.61 -6549.81 -1459.1 -1147.44 -403.614 -238.374 501.762 5596.74 1872.29 1472.76 513.429 299.465 ;
-176.774 -116.672 -1403.25 -374.863 11955.2 -247.739 -2345.61 -979.787 -753.017 -251.823 -144.417 303.042 1872.29 1198.23 922.034 305.826 173.779 ;
-138.141 -90.8522 -1108.77 -290.359 8862.77 -188.254 -1850.6 -753.017 -658.281 -251.823 -144.417 230.509 1472.76 922.034 806.422 305.826 173.779 ;
-46.996 -30.496 -366.513 -92.249 2978.03 -62.9557 -671.81 -251.823 -251.823 -207.93 -144.417 76.4565 513.429 305.826 305.826 251.424 173.779 ;
-26.4293 -16.6339 -200.784 -51.064 1739.86 -36.1043 -400.592 -144.417 -144.417 -144.417 -108.296 43.4448 299.465 173.779 173.779 173.779 130.303 ;
]
+++++++++++++
Iter 35

Size = 17
Data size = 153
[ 7587.62 5908.4 59790.5 6939.85 56183.2 -1222.83 -58592.9 -4534.1 -3222.45 -1283.44 -771.52 -48.8469 -475.399 -176.804 -138.162 -46.9935 -26.4322 ;
5908.4 5111.19 48455.8 5866.59 42820.7 -931.285 -51026 -3464.14 -2474.03 -1011.21 -611.112 -32.3108 -298.128 -116.646 -90.8271 -30.4798 -16.6268 ;
59790.5 48455.8 573550 54673.4 440606 -9634.31 -502721 -35921.4 -25950.9 -10351.4 -6166.27 -386.453 -3472.96 -1403.69 -1109.08 -366.539 -200.834 ;
6939.85 5866.59 54673.4 18972.8 44704.7 -1006.08 -64220.4 -3493.32 -2430.01 -837.094 -460.165 -103.256 -1001.38 -374.922 -290.406 -92.2496 -51.0687 ;
56183.2 42820.7 440606 44704.7 742417 -13713.6 -435395 -53096.9 -36753.1 -13559.2 -8106.24 3055.17 17738.9 11953.8 8862.21 2977.76 1739.68 ;
-1222.83 -931.285 -9634.31 -1006.08 -13713.6 295.769 9356.06 1098.2 781.092 286.741 168.828 -65.4378 -387.578 -247.722 -188.249 -62.9518 -36.1016 ;
-58592.9 -51026 -502721 -64220.4 -435395 9356.06 678440 35075.8 25461.8 10757.2 6573.17 -621.944 -6549.43 -2345.55 -1850.62 -671.783 -400.569 ;
-4534.1 -3464.14 -35921.4 -3493.32 -53096.9 1098.2 35075.8 4312.93 3124.37 1146.96 675.313 -247.722 -1459.06 -979.729 -752.997 -251.807 -144.406 ;
-3222.45 -2474.03 -25950.9 -2430.01 -36753.1 781.092 25461.8 3124.37 2711.35 1146.96 675.313 -188.249 -1147.46 -752.997 -658.265 -251.807 -144.406 ;
-1283.44 -1011.21 -10351.4 -837.094 -13559.2 286.741 10757.2 1146.96 1146.96 973.931 675.313 -62.9518 -403.597 -251.807 -251.807 -207.915 -144.406 ;
-771.52 -611.112 -6166.27 -460.165 -8106.24 168.828 6573.17 675.313 675.313 675.313 506.346 -36.1016 -238.359 -144.406 -144.406 -144.406 -108.288 ;
-48.8469 -32.3108 -386.453 -103.256 3055.17 -65.4378 -621.944 -247.722 -188.249 -62.9518 -36.1016 80.642 501.741 303.046 230.518 76.454 43.4439 ;
-475.399 -298.128 -3472.96 -1001.38 17738.9 -387.578 -6549.43 -1459.06 -1147.46 -403.597 -238.359 501.741 5596.51 1872.35 1472.84 513.409 299.457 ;
-176.804 -116.646 -1403.69 -374.922 11953.8 -247.722 -2345.55 -979.729 -752.997 -251.807 -144.406 303.046 1872.35 1198.25 922.073 305.816 173.776 ;
-138.162 -90.8271 -1109.08 -290.406 8862.21 -188.249 -1850.62 -752.997 -658.265 -251.807 -144.406 230.518 1472.84 922.073 806.448 305.816 173.776 ;
-46.9935 -30.4798 -366.539 -92.2496 2977.76 -62.9518 -671.783 -251.807 -251.807 -207.915 -144.406 76.454 513.409 305.816 305.816 251.417 173.776 ;
-26.4322 -16.6268 -200.834 -51.0687 1739.68 -36.1016 -400.569 -144.406 -144.406 -144.406 -108.288 43.4439 299.457 173.776 173.776 173.776 130.3 ;
]
+++++++++++++
Iter 36

Size = 17
Data size = 153
[ 7587.49 5907.25 59789.5 6939.74 56182 -1222.82 -58591.9 -4534 -3222.43 -1283.41 -771.502 -48.8494 -475.433 -176.816 -138.174 -46.9973 -26.4326 ;
5907.25 5109.36 48447.2 5865.53 42812.9 -931.127 -51016.9 -3463.51 -2473.61 -1011.02 -610.999 -32.3093 -298.104 -116.642 -90.8253 -30.4786 -16.6248 ;
59789.5 48447.2 573545 54672.8 440599 -9634.29 -502714 -35920.8 -25951 -10351.2 -6166.16 -386.493 -3473.31 -1403.84 -1109.22 -366.576 -200.841 ;
6939.74 5865.53 54672.8 18972.5 44703.3 -1006.08 -64220.7 -3493.18 -2430.01 -837.052 -460.146 -103.259 -1001.42 -374.943 -290.423 -92.2567 -51.0689 ;
56182 42812.9 440599 44703.3 742416 -13713.5 -435389 -53096.8 -36753.5 -13559.2 -8106.19 3055.17 17739.4 11953.8 8862.04 2977.81 1739.63 ;
-1222.82 -931.127 -9634.29 -1006.08 -13713.5 295.769 9355.99 1098.2 781.097 286.74 168.827 -65.4357 -387.573 -247.72 -188.245 -62.9527 -36.1004 ;
-58591.9 -51016.9 -502714 -64220.7 -435389 9355.99 678430 35075.3 25461.6 10757 6572.99 -621.933 -6549.48 -2345.59 -1850.63 -671.816 -400.565 ;
-4534 -3463.51 -35920.8 -3493.18 -53096.8 1098.2 35075.3 4312.91 3124.39 1146.96 675.306 -247.72 -1459.09 -979.718 -752.979 -251.811 -144.401 ;
-3222.43 -2473.61 -25951 -2430.01 -36753.5 781.097 25461.6 3124.39 2711.37 1146.96 675.306 -188.245 -1147.47 -752.979 -658.253 -251.811 -144.401 ;
-1283.41 -1011.02 -10351.2 -837.052 -13559.2 286.74 10757 1146.96 1146.96 973.924 675.306 -62.9527 -403.62 -251.811 -251.811 -207.913 -144.401 ;
-771.502 -610.999 -6166.16 -460.146 -8106.19 168.827 6572.99 675.306 675.306 675.306 506.34 -36.1004 -238.357 -144.401 -144.401 -144.401 -108.284 ;
-48.8494 -32.3093 -386.493 -103.259 3055.17 -65.4357 -621.933 -247.72 -188.245 -62.9527 -36.1004 80.6414 501.745 303.049 230.519 76.4564 43.4431 ;
-475.433 -298.104 -3473.31 -1001.42 17739.4 -387.573 -6549.48 -1459.09 -1147.47 -403.62 -238.357 501.745 5596.69 1872.42 1472.89 513.445 299.458 ;
-176.816 -116.642 -1403.84 -374.943 11953.8 -247.72 -2345.59 -979.718 -752.979 -251.811 -144.401 303.049 1872.42 1198.26 922.076 305.826 173.772 ;
-138.174 -90.8253 -1109.22 -290.423 8862.04 -188.245 -1850.63 -752.979 -658.253 -251.811 -144.401 230.519 1472.89 922.076 806.457 305.826 173.772 ;
-46.9973 -30.4786 -366.576 -92.2567 2977.81 -62.9527 -671.816 -251.811 -251.811 -207.913 -144.401 76.4564 513.445 305.826 305.826 251.419 173.772 ;
-26.4326 -16.6248 -200.841 -51.0689 1739.63 -36.1004 -400.565 -144.401 -144.401 -144.401 -108.284 43.4431 299.458 173.772 173.772 173.772 130.297 ;
]
+++++++++++++
